[2013-01-16 15:10:17] /home/davert/Downloads/code/Codeception/tests/cli/BuildCept.php.INFO: run shell commmand "php codecept build" [] []
[2013-01-16 15:10:18] /home/davert/Downloads/code/Codeception/tests/cli/BuildCept.php.INFO: see in shell output "generated sucessfully" [] []
[2013-01-16 15:10:18] /home/davert/Downloads/code/Codeception/tests/cli/BuildCept.php.INFO: see file found "CodeGuy.php","tests/unit" [] []
[2013-01-16 15:10:18] /home/davert/Downloads/code/Codeception/tests/cli/BuildCept.php.INFO: see file found "CliGuy.php","tests/cli" [] []
[2013-01-16 15:10:18] /home/davert/Downloads/code/Codeception/tests/cli/BuildCept.php.INFO: see in this file "seeFileFound(" [] []
[2013-01-16 15:10:18] /home/davert/Downloads/code/Codeception/tests/cli/BuildCept.php.INFO: PASSED [] []
[2013-01-16 15:10:18] /home/davert/Downloads/code/Codeception/tests/cli/GenerateCeptCept.php.INFO: am in path "tests/data/sandbox" [] []
[2013-01-16 15:10:18] /home/davert/Downloads/code/Codeception/tests/cli/GenerateCeptCept.php.INFO: execute command "generate:cept dummy DummyCept" [] []
[2013-01-16 15:10:18] /home/davert/Downloads/code/Codeception/tests/cli/GenerateCeptCept.php.ALERT: Result code was 1.

Could not open input file: ./codecept [] []
[2013-01-16 15:10:18] /home/davert/Downloads/code/Codeception/tests/cli/GenerateCeptCept.php.INFO: # FAILED # [] []
[2013-01-16 15:10:18] /home/davert/Downloads/code/Codeception/tests/cli/GenerateCeptCept.php.INFO: PASSED [] []
[2013-01-16 15:10:18] /home/davert/Downloads/code/Codeception/tests/cli/GenerateCestCept.php.INFO: am in path "tests/data/sandbox" [] []
[2013-01-16 15:10:18] /home/davert/Downloads/code/Codeception/tests/cli/GenerateCestCept.php.INFO: execute command "generate:cest dummy DummyClass" [] []
[2013-01-16 15:10:18] /home/davert/Downloads/code/Codeception/tests/cli/GenerateCestCept.php.ALERT: Result code was 1.

Could not open input file: ./codecept [] []
[2013-01-16 15:10:18] /home/davert/Downloads/code/Codeception/tests/cli/GenerateCestCept.php.INFO: # FAILED # [] []
[2013-01-16 15:10:18] /home/davert/Downloads/code/Codeception/tests/cli/GenerateCestCept.php.INFO: PASSED [] []
[2013-01-16 15:10:18] /home/davert/Downloads/code/Codeception/tests/cli/GenerateScenariosCept.php.INFO: am in path "tests/data/sandbox" [] []
[2013-01-16 15:10:19] /home/davert/Downloads/code/Codeception/tests/cli/GenerateScenariosCept.php.INFO: execute command "generate:scenarios dummy" [] []
[2013-01-16 15:10:19] /home/davert/Downloads/code/Codeception/tests/cli/GenerateScenariosCept.php.ALERT: Result code was 1.

Could not open input file: ./codecept [] []
[2013-01-16 15:10:19] /home/davert/Downloads/code/Codeception/tests/cli/GenerateScenariosCept.php.INFO: # FAILED # [] []
[2013-01-16 15:10:19] /home/davert/Downloads/code/Codeception/tests/cli/GenerateScenariosCept.php.INFO: PASSED [] []
[2013-01-16 15:10:19] /home/davert/Downloads/code/Codeception/tests/cli/GenerateSuiteCept.php.INFO: am in path "tests/data/sandbox" [] []
[2013-01-16 15:10:19] /home/davert/Downloads/code/Codeception/tests/cli/GenerateSuiteCept.php.INFO: execute command "generate:suite house HouseGuy" [] []
[2013-01-16 15:10:19] /home/davert/Downloads/code/Codeception/tests/cli/GenerateSuiteCept.php.ALERT: Result code was 1.

Could not open input file: ./codecept [] []
[2013-01-16 15:10:19] /home/davert/Downloads/code/Codeception/tests/cli/GenerateSuiteCept.php.INFO: # FAILED # [] []
[2013-01-16 15:10:19] /home/davert/Downloads/code/Codeception/tests/cli/GenerateSuiteCept.php.INFO: PASSED [] []
[2013-01-16 15:10:19] /home/davert/Downloads/code/Codeception/tests/cli/GenerateTestCept.php.INFO: am in path "tests/data/sandbox" [] []
[2013-01-16 15:10:19] /home/davert/Downloads/code/Codeception/tests/cli/GenerateTestCept.php.INFO: execute command "generate:test dummy Dummy" [] []
[2013-01-16 15:10:19] /home/davert/Downloads/code/Codeception/tests/cli/GenerateTestCept.php.ALERT: Result code was 1.

Could not open input file: ./codecept [] []
[2013-01-16 15:10:19] /home/davert/Downloads/code/Codeception/tests/cli/GenerateTestCept.php.INFO: # FAILED # [] []
[2013-01-16 15:10:19] /home/davert/Downloads/code/Codeception/tests/cli/GenerateTestCept.php.INFO: PASSED [] []
[2013-01-16 15:10:19] /home/davert/Downloads/code/Codeception/tests/cli/RunWithHtmlCept.php.INFO: am in path "tests/data/sandbox" [] []
[2013-01-16 15:10:19] /home/davert/Downloads/code/Codeception/tests/cli/RunWithHtmlCept.php.INFO: execute command "run --html" [] []
[2013-01-16 15:10:19] /home/davert/Downloads/code/Codeception/tests/cli/RunWithHtmlCept.php.ALERT: Result code was 1.

Could not open input file: ./codecept [] []
[2013-01-16 15:10:19] /home/davert/Downloads/code/Codeception/tests/cli/RunWithHtmlCept.php.INFO: # FAILED # [] []
[2013-01-16 15:10:19] /home/davert/Downloads/code/Codeception/tests/cli/RunWithHtmlCept.php.INFO: PASSED [] []
[2013-01-16 15:10:19] /home/davert/Downloads/code/Codeception/tests/cli/RunWithJsonCept.php.INFO: am in path "tests/data/sandbox" [] []
[2013-01-16 15:10:19] /home/davert/Downloads/code/Codeception/tests/cli/RunWithJsonCept.php.INFO: execute command "run --json" [] []
[2013-01-16 15:10:19] /home/davert/Downloads/code/Codeception/tests/cli/RunWithJsonCept.php.ALERT: Result code was 1.

Could not open input file: ./codecept [] []
[2013-01-16 15:10:19] /home/davert/Downloads/code/Codeception/tests/cli/RunWithJsonCept.php.INFO: # FAILED # [] []
[2013-01-16 15:10:19] /home/davert/Downloads/code/Codeception/tests/cli/RunWithJsonCept.php.INFO: PASSED [] []
[2013-01-16 15:10:19] /home/davert/Downloads/code/Codeception/tests/cli/RunWithTapCept.php.INFO: am in path "tests/data/sandbox" [] []
[2013-01-16 15:10:19] /home/davert/Downloads/code/Codeception/tests/cli/RunWithTapCept.php.INFO: execute command "run --tap" [] []
[2013-01-16 15:10:19] /home/davert/Downloads/code/Codeception/tests/cli/RunWithTapCept.php.ALERT: Result code was 1.

Could not open input file: ./codecept [] []
[2013-01-16 15:10:19] /home/davert/Downloads/code/Codeception/tests/cli/RunWithTapCept.php.INFO: # FAILED # [] []
[2013-01-16 15:10:19] /home/davert/Downloads/code/Codeception/tests/cli/RunWithTapCept.php.INFO: PASSED [] []
[2013-01-16 15:10:19] /home/davert/Downloads/code/Codeception/tests/cli/RunWithXmlCept.php.INFO: am in path "tests/data/sandbox" [] []
[2013-01-16 15:10:19] /home/davert/Downloads/code/Codeception/tests/cli/RunWithXmlCept.php.INFO: execute command "run --xml" [] []
[2013-01-16 15:10:19] /home/davert/Downloads/code/Codeception/tests/cli/RunWithXmlCept.php.ALERT: Result code was 1.

Could not open input file: ./codecept [] []
[2013-01-16 15:10:19] /home/davert/Downloads/code/Codeception/tests/cli/RunWithXmlCept.php.INFO: # FAILED # [] []
[2013-01-16 15:10:19] /home/davert/Downloads/code/Codeception/tests/cli/RunWithXmlCept.php.INFO: PASSED [] []
