[2013-06-20 01:27:23] BuildCept.php.INFO: run shell commmand "php codecept build" [] []
[2013-06-20 01:27:24] BuildCept.php.INFO: see in shell output "generated successfully" [] []
[2013-06-20 01:27:24] BuildCept.php.INFO: see file found "CodeGuy.php","tests/unit" [] []
[2013-06-20 01:27:24] BuildCept.php.INFO: see file found "CliGuy.php","tests/cli" [] []
[2013-06-20 01:27:24] BuildCept.php.INFO: see in this file "seeFileFound(" [] []
[2013-06-20 01:27:24] BuildCept.php.INFO: PASSED [] []
[2013-06-20 01:27:24] GenerateCeptCept.php.INFO: am in path "tests/data/sandbox" [] []
[2013-06-20 01:27:24] GenerateCeptCept.php.INFO: execute command "generate:cept dummy DummyCept" [] []
[2013-06-20 01:27:25] GenerateCeptCept.php.INFO: see file found "DummyCept.php","tests/dummy" [] []
[2013-06-20 01:27:25] GenerateCeptCept.php.INFO: see in this file "$I = new DumbGuy($scenario);" [] []
[2013-06-20 01:27:25] GenerateCeptCept.php.INFO: delete this file  [] []
[2013-06-20 01:27:25] GenerateCeptCept.php.INFO: i am going to create scenario in folder  [] []
[2013-06-20 01:27:25] GenerateCeptCept.php.INFO: execute command "generate:cept dummy path/DummyCept" [] []
[2013-06-20 01:27:25] GenerateCeptCept.php.INFO: see file found "DummyCept.php","tests/dummy/path" [] []
[2013-06-20 01:27:25] GenerateCeptCept.php.ALERT: Directory does not exist: /home/davert/Codeception//tests/data/sandbox/tests/dummy/path [] []
[2013-06-20 01:27:25] GenerateCeptCept.php.INFO: # FAILED # [] []
[2013-06-20 01:27:25] GenerateCeptCept.php.INFO: PASSED [] []
[2013-06-20 01:27:25] GenerateCestCept.php.INFO: am in path "tests/data/sandbox" [] []
[2013-06-20 01:27:25] GenerateCestCept.php.INFO: execute command "generate:cest dummy DummyClass" [] []
[2013-06-20 01:27:26] GenerateCestCept.php.INFO: see file found "DummyClassCest.php" [] []
[2013-06-20 01:27:26] GenerateCestCept.php.INFO: see in this file "class DummyClassCest" [] []
[2013-06-20 01:27:26] GenerateCestCept.php.INFO: PASSED [] []
[2013-06-20 01:27:26] GeneratePhpUnitCept.php.INFO: am in path "tests/data/sandbox" [] []
[2013-06-20 01:27:26] GeneratePhpUnitCept.php.INFO: execute command "generate:phpunit dummy Dummy" [] []
[2013-06-20 01:27:27] GeneratePhpUnitCept.php.INFO: see file found "DummyTest.php" [] []
[2013-06-20 01:27:27] GeneratePhpUnitCept.php.ALERT: DummyTest.php in /home/davert/Codeception//tests/data/sandbox/ [] []
[2013-06-20 01:27:27] GeneratePhpUnitCept.php.INFO: # FAILED # [] []
[2013-06-20 01:27:27] GeneratePhpUnitCept.php.INFO: PASSED [] []
[2013-06-20 01:27:27] GeneratePhpUnitWithHierarchyPathsCept.php.INFO: am in path "tests/data/sandbox" [] []
[2013-06-20 01:27:27] GeneratePhpUnitWithHierarchyPathsCept.php.INFO: execute command "generate:phpunit dummy Dummy/Foo/Bar" [] []
[2013-06-20 01:27:27] GeneratePhpUnitWithHierarchyPathsCept.php.INFO: see file found "Dummy/Foo/BarTest.php" [] []
[2013-06-20 01:27:27] GeneratePhpUnitWithHierarchyPathsCept.php.ALERT: Dummy/Foo/BarTest.php in /home/davert/Codeception//tests/data/sandbox/ [] []
[2013-06-20 01:27:27] GeneratePhpUnitWithHierarchyPathsCept.php.INFO: # FAILED # [] []
[2013-06-20 01:27:27] GeneratePhpUnitWithHierarchyPathsCept.php.INFO: PASSED [] []
[2013-06-20 01:27:27] GenerateScenariosCept.php.INFO: am in path "tests/data/sandbox" [] []
[2013-06-20 01:27:27] GenerateScenariosCept.php.INFO: execute command "generate:scenarios dummy" [] []
[2013-06-20 01:27:28] GenerateScenariosCept.php.INFO: see file found "File_Exists.txt","tests/_data/scenarios" [] []
[2013-06-20 01:27:28] GenerateScenariosCept.php.INFO: see file contents equal "I WANT TO CHECK CONFIG EXISTS

I see file found "codeception.yml"" [] []
[2013-06-20 01:27:28] GenerateScenariosCept.php.INFO: PASSED [] []
[2013-06-20 01:27:28] GenerateSuiteCept.php.INFO: as a developer who likes testing  [] []
[2013-06-20 01:27:28] GenerateSuiteCept.php.INFO: so that i have a better tests categorization  [] []
[2013-06-20 01:27:28] GenerateSuiteCept.php.INFO: am in path "tests/data/sandbox" [] []
[2013-06-20 01:27:28] GenerateSuiteCept.php.INFO: execute command "generate:suite house HouseGuy" [] []
[2013-06-20 01:27:29] GenerateSuiteCept.php.INFO: see file found "house.suite.yml","tests" [] []
[2013-06-20 01:27:29] GenerateSuiteCept.php.INFO: i expect guy class is generated  [] []
[2013-06-20 01:27:29] GenerateSuiteCept.php.INFO: see in this file "class_name: HouseGuy" [] []
[2013-06-20 01:27:29] GenerateSuiteCept.php.INFO: see file found "HouseHelper.php","tests/_helpers" [] []
[2013-06-20 01:27:29] GenerateSuiteCept.php.INFO: see file found "_bootstrap.php","tests/house" [] []
[2013-06-20 01:27:29] GenerateSuiteCept.php.INFO: PASSED [] []
[2013-06-20 01:27:29] GenerateTestCept.php.INFO: am in path "tests/data/sandbox" [] []
[2013-06-20 01:27:29] GenerateTestCept.php.INFO: execute command "generate:test dummy Dummy" [] []
[2013-06-20 01:27:30] GenerateTestCept.php.INFO: see file found "DummyTest.php" [] []
[2013-06-20 01:27:30] GenerateTestCept.php.INFO: see in this file "class DummyTest extends \Codeception\TestCase\Test" [] []
[2013-06-20 01:27:30] GenerateTestCept.php.INFO: see in this file "protected $dumbGuy" [] []
[2013-06-20 01:27:30] GenerateTestCept.php.INFO: see in this file "function _before(" [] []
[2013-06-20 01:27:30] GenerateTestCept.php.INFO: PASSED [] []
[2013-06-20 01:27:30] RunIncompleteCept.php.INFO: am in path "tests/data/sandbox" [] []
[2013-06-20 01:27:30] RunIncompleteCept.php.INFO: execute command "run skipped IncompleteMeCept.php" [] []
[2013-06-20 01:27:30] RunIncompleteCept.php.INFO: see in shell output "(IncompleteMeCept.php)  INCOMPLETE" [] []
[2013-06-20 01:27:30] RunIncompleteCept.php.INFO: see in shell output "OK, but incomplete or skipped tests!" [] []
[2013-06-20 01:27:30] RunIncompleteCept.php.INFO: PASSED [] []
[2013-06-20 01:27:30] RunSkippedCept.php.INFO: am in path "tests/data/sandbox" [] []
[2013-06-20 01:27:30] RunSkippedCept.php.INFO: execute command "run skipped SkipMeCept.php" [] []
[2013-06-20 01:27:30] RunSkippedCept.php.INFO: see in shell output "(SkipMeCept.php)  SKIPPED" [] []
[2013-06-20 01:27:30] RunSkippedCept.php.INFO: see in shell output "OK, but incomplete or skipped tests!" [] []
[2013-06-20 01:27:30] RunSkippedCept.php.INFO: PASSED [] []
[2013-06-20 01:27:30] BootstrapCest.bootstrapProject.INFO: am in path "tests/data/sandbox/tests/_data/" [] []
[2013-06-20 01:27:30] BootstrapCest.bootstrapProject.INFO: execute command "bootstrap" [] []
[2013-06-20 01:27:31] BootstrapCest.bootstrapProject.INFO: see file found "codeception.yml" [] []
[2013-06-20 01:27:31] BootstrapCest.bootstrapProject.INFO: see file found "functional.suite.yml","tests" [] []
[2013-06-20 01:27:31] BootstrapCest.bootstrapProject.INFO: see file found "acceptance.suite.yml","tests" [] []
[2013-06-20 01:27:31] BootstrapCest.bootstrapProject.INFO: see file found "unit.suite.yml","tests" [] []
[2013-06-20 01:27:31] BootstrapCest.bootstrapProject.INFO: see file found "_bootstrap.php","tests/acceptance" [] []
[2013-06-20 01:27:31] BootstrapCest.bootstrapProject.INFO: see file found "_bootstrap.php","tests/functional" [] []
[2013-06-20 01:27:31] BootstrapCest.bootstrapProject.INFO: see file found "_bootstrap.php","tests/unit" [] []
[2013-06-20 01:27:31] BootstrapCest.bootstrapProject.INFO: see file found "WebGuy.php","tests/acceptance" [] []
[2013-06-20 01:27:31] BootstrapCest.bootstrapProject.INFO: see file found "TestGuy.php","tests/functional" [] []
[2013-06-20 01:27:31] BootstrapCest.bootstrapProject.INFO: see file found "CodeGuy.php","tests/unit" [] []
[2013-06-20 01:27:31] BootstrapCest.bootstrapProject.INFO: see file found "WebHelper.php","tests/_helpers" [] []
[2013-06-20 01:27:31] BootstrapCest.bootstrapProject.INFO: see file found "TestHelper.php","tests/_helpers" [] []
[2013-06-20 01:27:31] BootstrapCest.bootstrapProject.INFO: see file found "CodeHelper.php","tests/_helpers" [] []
[2013-06-20 01:27:31] BootstrapCest.bootstrapProject.INFO: see in shell output "Building Guy classes for suites" [] []
[2013-06-20 01:27:31] BootstrapCest.bootstrapProject.INFO: PASSED [] []
[2013-06-20 01:27:31] BootstrapCest.bootstrapWithNamespace.INFO: am in path "tests/data/sandbox/tests/_data/" [] []
[2013-06-20 01:27:31] BootstrapCest.bootstrapWithNamespace.INFO: execute command "bootstrap --namespace Generated" [] []
[2013-06-20 01:27:32] BootstrapCest.bootstrapWithNamespace.INFO: see in shell output "Building Guy classes for suites" [] []
[2013-06-20 01:27:32] BootstrapCest.bootstrapWithNamespace.INFO: see file found "codeception.yml" [] []
[2013-06-20 01:27:32] BootstrapCest.bootstrapWithNamespace.INFO: see in this file "namespace: Generated" [] []
[2013-06-20 01:27:32] BootstrapCest.bootstrapWithNamespace.INFO: don't see in this file "namespace Generated\" [] []
[2013-06-20 01:27:32] BootstrapCest.bootstrapWithNamespace.INFO: see file found "functional.suite.yml","tests" [] []
[2013-06-20 01:27:32] BootstrapCest.bootstrapWithNamespace.INFO: see file found "acceptance.suite.yml","tests" [] []
[2013-06-20 01:27:32] BootstrapCest.bootstrapWithNamespace.INFO: see file found "unit.suite.yml","tests" [] []
[2013-06-20 01:27:32] BootstrapCest.bootstrapWithNamespace.INFO: see file found "_bootstrap.php","tests/acceptance" [] []
[2013-06-20 01:27:32] BootstrapCest.bootstrapWithNamespace.INFO: see file found "_bootstrap.php","tests/functional" [] []
[2013-06-20 01:27:32] BootstrapCest.bootstrapWithNamespace.INFO: see file found "_bootstrap.php","tests/unit" [] []
[2013-06-20 01:27:32] BootstrapCest.bootstrapWithNamespace.INFO: see file found "WebGuy.php","tests/acceptance" [] []
[2013-06-20 01:27:32] BootstrapCest.bootstrapWithNamespace.INFO: see file found "TestGuy.php","tests/functional" [] []
[2013-06-20 01:27:32] BootstrapCest.bootstrapWithNamespace.INFO: see file found "CodeGuy.php","tests/unit" [] []
[2013-06-20 01:27:32] BootstrapCest.bootstrapWithNamespace.INFO: see file found "WebHelper.php","tests/_helpers" [] []
[2013-06-20 01:27:32] BootstrapCest.bootstrapWithNamespace.INFO: see file found "TestHelper.php","tests/_helpers" [] []
[2013-06-20 01:27:32] BootstrapCest.bootstrapWithNamespace.INFO: see file found "CodeHelper.php","tests/_helpers" [] []
[2013-06-20 01:27:32] BootstrapCest.bootstrapWithNamespace.INFO: see file found "WebHelper.php" [] []
[2013-06-20 01:27:32] BootstrapCest.bootstrapWithNamespace.INFO: see in this file "namespace Generated\Codeception\Module;" [] []
[2013-06-20 01:27:32] BootstrapCest.bootstrapWithNamespace.INFO: see file found "WebGuy.php" [] []
[2013-06-20 01:27:32] BootstrapCest.bootstrapWithNamespace.INFO: see in this file "namespace Generated\Codeception;" [] []
[2013-06-20 01:27:32] BootstrapCest.bootstrapWithNamespace.INFO: PASSED [] []
[2013-06-20 01:27:32] IncludedCest.runSuitesFromIncludedConfigs.INFO: am in path "tests/data/included" [] []
[2013-06-20 01:27:32] IncludedCest.runSuitesFromIncludedConfigs.INFO: execute command "run" [] []
[2013-06-20 01:27:32] IncludedCest.runSuitesFromIncludedConfigs.INFO: see in shell output "[Jazz]" [] []
[2013-06-20 01:27:32] IncludedCest.runSuitesFromIncludedConfigs.INFO: see in shell output "Suite Jazz.functional started" [] []
[2013-06-20 01:27:32] IncludedCest.runSuitesFromIncludedConfigs.INFO: see in shell output "[Shire]" [] []
[2013-06-20 01:27:32] IncludedCest.runSuitesFromIncludedConfigs.INFO: see in shell output "Suite Shire.functional started" [] []
[2013-06-20 01:27:32] IncludedCest.runSuitesFromIncludedConfigs.INFO: PASSED [] []
[2013-06-20 01:27:32] IncludedCest.runIncludedWithXmlOutput.INFO: am in path "tests/data/included" [] []
[2013-06-20 01:27:32] IncludedCest.runIncludedWithXmlOutput.INFO: execute command "run --xml" [] []
[2013-06-20 01:27:33] IncludedCest.runIncludedWithXmlOutput.INFO: am in path "_log" [] []
[2013-06-20 01:27:33] IncludedCest.runIncludedWithXmlOutput.INFO: see file found "report.xml" [] []
[2013-06-20 01:27:33] IncludedCest.runIncludedWithXmlOutput.INFO: see in this file "<testsuite name="Jazz.functional" tests="1" assertions="1"" [] []
[2013-06-20 01:27:33] IncludedCest.runIncludedWithXmlOutput.INFO: see in this file "<testsuite name="Shire.functional" tests="1" assertions="1"" [] []
[2013-06-20 01:27:33] IncludedCest.runIncludedWithXmlOutput.INFO: see in this file "<testcase file="HobbitCept.php"" [] []
[2013-06-20 01:27:33] IncludedCest.runIncludedWithXmlOutput.INFO: see in this file "<testcase file="DemoCept.php"" [] []
[2013-06-20 01:27:33] IncludedCest.runIncludedWithXmlOutput.INFO: PASSED [] []
[2013-06-20 01:27:33] IncludedCest.runIncludedWithHtmlOutput.INFO: am in path "tests/data/included" [] []
[2013-06-20 01:27:33] IncludedCest.runIncludedWithHtmlOutput.INFO: execute command "run --html" [] []
[2013-06-20 01:27:33] IncludedCest.runIncludedWithHtmlOutput.INFO: am in path "_log" [] []
[2013-06-20 01:27:33] IncludedCest.runIncludedWithHtmlOutput.INFO: see file found "report.html" [] []
[2013-06-20 01:27:33] IncludedCest.runIncludedWithHtmlOutput.INFO: see in this file "Codeception Results" [] []
[2013-06-20 01:27:33] IncludedCest.runIncludedWithHtmlOutput.INFO: see in this file "Jazz.functional Tests" [] []
[2013-06-20 01:27:33] IncludedCest.runIncludedWithHtmlOutput.INFO: see in this file "check that jazz musicians can add numbers" [] []
[2013-06-20 01:27:33] IncludedCest.runIncludedWithHtmlOutput.INFO: see in this file "Shire.functional Tests" [] []
[2013-06-20 01:27:33] IncludedCest.runIncludedWithHtmlOutput.INFO: PASSED [] []
[2013-06-20 01:27:33] OrderCest.checkOneFile.INFO: am in path "tests/data/sandbox" [] []
[2013-06-20 01:27:33] OrderCest.checkOneFile.INFO: execute command "run order LoadingOrderCept.php" [] []
[2013-06-20 01:27:33] OrderCest.checkOneFile.INFO: i expect initialization, bootstrap(b), before suite, before, bootstrap(b), test(t), after, after suite  [] []
[2013-06-20 01:27:33] OrderCest.checkOneFile.INFO: see file found "order.txt","tests/_log" [] []
[2013-06-20 01:27:33] OrderCest.checkOneFile.INFO: see in this file "IBS([BST])" [] []
[2013-06-20 01:27:33] OrderCest.checkOneFile.INFO: PASSED [] []
[2013-06-20 01:27:33] OrderCest.checkForFails.INFO: am in path "tests/data/sandbox" [] []
[2013-06-20 01:27:33] OrderCest.checkForFails.INFO: execute command "run order FailedCept.php --no-exit" [] []
[2013-06-20 01:27:33] OrderCest.checkForFails.INFO: see file found "order.txt","tests/_log" [] []
[2013-06-20 01:27:33] OrderCest.checkForFails.INFO: i expect initialization, bootstrap, before suite, before, bootstrap, test, fail, after, after suite  [] []
[2013-06-20 01:27:33] OrderCest.checkForFails.INFO: see in this file "IBS([BSTF])" [] []
[2013-06-20 01:27:33] OrderCest.checkForFails.INFO: PASSED [] []
[2013-06-20 01:27:33] OrderCest.checkTwoFiles.INFO: am in path "tests/data/sandbox" [] []
[2013-06-20 01:27:33] OrderCest.checkTwoFiles.INFO: execute command "run order --no-exit" [] []
[2013-06-20 01:27:33] OrderCest.checkTwoFiles.INFO: see file found "order.txt","tests/_log" [] []
[2013-06-20 01:27:33] OrderCest.checkTwoFiles.INFO: see in this file "IBSBSBS([BST][BSTF][BST])" [] []
[2013-06-20 01:27:33] OrderCest.checkTwoFiles.INFO: PASSED [] []
[2013-06-20 01:27:33] RunCest.runOneFile.INFO: am in path "tests/data/sandbox" [] []
[2013-06-20 01:27:33] RunCest.runOneFile.INFO: execute command "run tests/dummy/FileExistsCept.php" [] []
[2013-06-20 01:27:34] RunCest.runOneFile.INFO: see file found "report.html","tests/_log" [] []
[2013-06-20 01:27:34] RunCest.runOneFile.INFO: see in shell output "OK (" [] []
[2013-06-20 01:27:34] RunCest.runOneFile.INFO: PASSED [] []
[2013-06-20 01:27:34] RunCest.runHtml.INFO: am in path "tests/data/sandbox" [] []
[2013-06-20 01:27:34] RunCest.runHtml.INFO: execute command "run dummy --html" [] []
[2013-06-20 01:27:34] RunCest.runHtml.INFO: see file found "report.html","tests/_log" [] []
[2013-06-20 01:27:34] RunCest.runHtml.INFO: PASSED [] []
[2013-06-20 01:27:34] RunCest.runJsonReport.INFO: am in path "tests/data/sandbox" [] []
[2013-06-20 01:27:34] RunCest.runJsonReport.INFO: execute command "run dummy --json" [] []
[2013-06-20 01:27:34] RunCest.runJsonReport.INFO: see file found "report.json","tests/_log" [] []
[2013-06-20 01:27:34] RunCest.runJsonReport.INFO: see in this file ""suite":" [] []
[2013-06-20 01:27:34] RunCest.runJsonReport.INFO: see in this file ""dummy"" [] []
[2013-06-20 01:27:34] RunCest.runJsonReport.INFO: PASSED [] []
[2013-06-20 01:27:34] RunCest.runTapReport.INFO: am in path "tests/data/sandbox" [] []
[2013-06-20 01:27:34] RunCest.runTapReport.INFO: execute command "run dummy --tap" [] []
[2013-06-20 01:27:34] RunCest.runTapReport.INFO: see file found "report.tap.log","tests/_log" [] []
[2013-06-20 01:27:34] RunCest.runTapReport.INFO: PASSED [] []
[2013-06-20 01:27:34] RunCest.runXmlReport.INFO: am in path "tests/data/sandbox" [] []
[2013-06-20 01:27:34] RunCest.runXmlReport.INFO: execute command "run dummy --xml" [] []
[2013-06-20 01:27:34] RunCest.runXmlReport.INFO: see file found "report.xml","tests/_log" [] []
[2013-06-20 01:27:34] RunCest.runXmlReport.INFO: see in this file "<?xml" [] []
[2013-06-20 01:27:34] RunCest.runXmlReport.INFO: see in this file "<testsuite name="dummy"" [] []
[2013-06-20 01:27:34] RunCest.runXmlReport.INFO: see in this file "<testcase file="FileExistsCept.php"" [] []
[2013-06-20 01:27:34] RunCest.runXmlReport.INFO: PASSED [] []
[2013-06-20 01:27:34] RunCest.runReportMode.INFO: am in path "tests/data/sandbox" [] []
[2013-06-20 01:27:34] RunCest.runReportMode.INFO: execute command "run dummy --report" [] []
[2013-06-20 01:27:34] RunCest.runReportMode.INFO: see in shell output "FileExistsCept.php" [] []
[2013-06-20 01:27:34] RunCest.runReportMode.INFO: see in shell output "........Ok" [] []
[2013-06-20 01:27:34] RunCest.runReportMode.INFO: PASSED [] []
[2013-06-20 01:27:34] RunCest.runOneGroup.INFO: am in path "tests/data/sandbox" [] []
[2013-06-20 01:27:34] RunCest.runOneGroup.INFO: execute command "run skipped -g notorun" [] []
[2013-06-20 01:27:34] RunCest.runOneGroup.INFO: see in shell output "Incomplete" [] []
[2013-06-20 01:27:34] RunCest.runOneGroup.INFO: don't see in shell output "Skipped" [] []
[2013-06-20 01:27:34] RunCest.runOneGroup.INFO: PASSED [] []
[2013-06-20 01:27:35] RunCest.runTwoSuites.INFO: am in path "tests/data/sandbox" [] []
[2013-06-20 01:27:35] RunCest.runTwoSuites.INFO: execute command "run skipped,dummy --no-exit" [] []
[2013-06-20 01:27:35] RunCest.runTwoSuites.INFO: see in shell output "Suite skipped started" [] []
[2013-06-20 01:27:35] RunCest.runTwoSuites.INFO: see in shell output "Suite dummy started" [] []
[2013-06-20 01:27:35] RunCest.runTwoSuites.INFO: don't see in shell output "Suite remote started" [] []
[2013-06-20 01:27:35] RunCest.runTwoSuites.INFO: PASSED [] []
[2013-06-20 01:27:35] RunCest.skipSuites.INFO: am in path "tests/data/sandbox" [] []
[2013-06-20 01:27:35] RunCest.skipSuites.INFO: execute command "run --skip skipped --skip remote --skip remote_server --skip order" [] []
[2013-06-20 01:27:35] RunCest.skipSuites.INFO: see in shell output "Suite dummy started" [] []
[2013-06-20 01:27:35] RunCest.skipSuites.INFO: don't see in shell output "Suite remote started" [] []
[2013-06-20 01:27:35] RunCest.skipSuites.INFO: don't see in shell output "Suite remote_server started" [] []
[2013-06-20 01:27:35] RunCest.skipSuites.INFO: don't see in shell output "Suite order started" [] []
[2013-06-20 01:27:35] RunCest.skipSuites.INFO: PASSED [] []
[2013-06-20 01:28:14] GenerateCeptCept.php.INFO: am in path "tests/data/sandbox" [] []
[2013-06-20 01:28:14] GenerateCeptCept.php.INFO: execute command "generate:cept dummy DummyCept" [] []
[2013-06-20 01:28:15] GenerateCeptCept.php.INFO: see file found "DummyCept.php","tests/dummy" [] []
[2013-06-20 01:28:15] GenerateCeptCept.php.INFO: see in this file "$I = new DumbGuy($scenario);" [] []
[2013-06-20 01:28:15] GenerateCeptCept.php.INFO: delete this file  [] []
[2013-06-20 01:28:15] GenerateCeptCept.php.INFO: i am going to create scenario in folder  [] []
[2013-06-20 01:28:15] GenerateCeptCept.php.INFO: execute command "generate:cept dummy path/DummyCept" [] []
[2013-06-20 01:28:15] GenerateCeptCept.php.INFO: see file found "DummyCept.php","tests/dummy/path" [] []
[2013-06-20 01:28:15] GenerateCeptCept.php.ALERT: Directory does not exist: /home/davert/Codeception//tests/data/sandbox/tests/dummy/path [] []
[2013-06-20 01:28:15] GenerateCeptCept.php.INFO: # FAILED # [] []
[2013-06-20 01:28:15] GenerateCeptCept.php.INFO: PASSED [] []
[2013-06-20 01:46:02] BuildCept.php.INFO: run shell commmand "php codecept build" [] []
[2013-06-20 01:46:03] BuildCept.php.INFO: see in shell output "generated successfully" [] []
[2013-06-20 01:46:03] BuildCept.php.INFO: see file found "CodeGuy.php","tests/unit" [] []
[2013-06-20 01:46:03] BuildCept.php.INFO: see file found "CliGuy.php","tests/cli" [] []
[2013-06-20 01:46:03] BuildCept.php.INFO: see in this file "seeFileFound(" [] []
[2013-06-20 01:46:03] BuildCept.php.INFO: PASSED [] []
[2013-06-20 01:46:03] GenerateCeptCept.php.INFO: am in path "tests/data/sandbox" [] []
[2013-06-20 01:46:03] GenerateCeptCept.php.INFO: execute command "generate:cept dummy DummyCept" [] []
[2013-06-20 01:46:03] GenerateCeptCept.php.INFO: see file found "DummyCept.php","tests/dummy" [] []
[2013-06-20 01:46:03] GenerateCeptCept.php.INFO: see in this file "$I = new DumbGuy($scenario);" [] []
[2013-06-20 01:46:03] GenerateCeptCept.php.INFO: delete this file  [] []
[2013-06-20 01:46:03] GenerateCeptCept.php.INFO: i am going to create scenario in folder  [] []
[2013-06-20 01:46:03] GenerateCeptCept.php.INFO: execute command "generate:cept dummy path/DummyCept" [] []
[2013-06-20 01:46:04] GenerateCeptCept.php.INFO: see file found "DummyCept.php","tests/dummy/path" [] []
[2013-06-20 01:46:04] GenerateCeptCept.php.ALERT: Directory does not exist: /home/davert/Codeception//tests/data/sandbox/tests/dummy/path [] []
[2013-06-20 01:46:04] GenerateCeptCept.php.INFO: # FAILED # [] []
[2013-06-20 01:46:04] GenerateCeptCept.php.INFO: PASSED [] []
[2013-06-20 01:46:04] GenerateCestCept.php.INFO: am in path "tests/data/sandbox" [] []
[2013-06-20 01:46:04] GenerateCestCept.php.INFO: execute command "generate:cest dummy DummyClass" [] []
[2013-06-20 01:46:05] GenerateCestCept.php.INFO: see file found "DummyClassCest.php" [] []
[2013-06-20 01:46:05] GenerateCestCept.php.INFO: see in this file "class DummyClassCest" [] []
[2013-06-20 01:46:05] GenerateCestCept.php.INFO: PASSED [] []
[2013-06-20 01:46:05] GeneratePhpUnitCept.php.INFO: am in path "tests/data/sandbox" [] []
[2013-06-20 01:46:05] GeneratePhpUnitCept.php.INFO: execute command "generate:phpunit dummy Dummy" [] []
[2013-06-20 01:46:05] GeneratePhpUnitCept.php.INFO: see file found "DummyTest.php" [] []
[2013-06-20 01:46:05] GeneratePhpUnitCept.php.ALERT: DummyTest.php in /home/davert/Codeception//tests/data/sandbox/ [] []
[2013-06-20 01:46:05] GeneratePhpUnitCept.php.INFO: # FAILED # [] []
[2013-06-20 01:46:05] GeneratePhpUnitCept.php.INFO: PASSED [] []
[2013-06-20 01:46:05] GeneratePhpUnitWithHierarchyPathsCept.php.INFO: am in path "tests/data/sandbox" [] []
[2013-06-20 01:46:05] GeneratePhpUnitWithHierarchyPathsCept.php.INFO: execute command "generate:phpunit dummy Dummy/Foo/Bar" [] []
[2013-06-20 01:46:06] GeneratePhpUnitWithHierarchyPathsCept.php.INFO: see file found "Dummy/Foo/BarTest.php" [] []
[2013-06-20 01:46:06] GeneratePhpUnitWithHierarchyPathsCept.php.ALERT: Dummy/Foo/BarTest.php in /home/davert/Codeception//tests/data/sandbox/ [] []
[2013-06-20 01:46:06] GeneratePhpUnitWithHierarchyPathsCept.php.INFO: # FAILED # [] []
[2013-06-20 01:46:06] GeneratePhpUnitWithHierarchyPathsCept.php.INFO: PASSED [] []
[2013-06-20 01:46:06] GenerateScenariosCept.php.INFO: am in path "tests/data/sandbox" [] []
[2013-06-20 01:46:06] GenerateScenariosCept.php.INFO: execute command "generate:scenarios dummy" [] []
[2013-06-20 01:46:07] GenerateScenariosCept.php.INFO: see file found "File_Exists.txt","tests/_data/scenarios" [] []
[2013-06-20 01:46:07] GenerateScenariosCept.php.INFO: see file contents equal "I WANT TO CHECK CONFIG EXISTS

I see file found "codeception.yml"" [] []
[2013-06-20 01:46:07] GenerateScenariosCept.php.INFO: PASSED [] []
[2013-06-20 01:46:07] GenerateSuiteCept.php.INFO: as a developer who likes testing  [] []
[2013-06-20 01:46:07] GenerateSuiteCept.php.INFO: so that i have a better tests categorization  [] []
[2013-06-20 01:46:07] GenerateSuiteCept.php.INFO: am in path "tests/data/sandbox" [] []
[2013-06-20 01:46:07] GenerateSuiteCept.php.INFO: execute command "generate:suite house HouseGuy" [] []
[2013-06-20 01:46:07] GenerateSuiteCept.php.INFO: see file found "house.suite.yml","tests" [] []
[2013-06-20 01:46:07] GenerateSuiteCept.php.INFO: i expect guy class is generated  [] []
[2013-06-20 01:46:07] GenerateSuiteCept.php.INFO: see in this file "class_name: HouseGuy" [] []
[2013-06-20 01:46:07] GenerateSuiteCept.php.INFO: see file found "HouseHelper.php","tests/_helpers" [] []
[2013-06-20 01:46:07] GenerateSuiteCept.php.INFO: see file found "_bootstrap.php","tests/house" [] []
[2013-06-20 01:46:07] GenerateSuiteCept.php.INFO: PASSED [] []
[2013-06-20 01:46:07] GenerateTestCept.php.INFO: am in path "tests/data/sandbox" [] []
[2013-06-20 01:46:07] GenerateTestCept.php.INFO: execute command "generate:test dummy Dummy" [] []
[2013-06-20 01:46:08] GenerateTestCept.php.INFO: see file found "DummyTest.php" [] []
[2013-06-20 01:46:08] GenerateTestCept.php.INFO: see in this file "class DummyTest extends \Codeception\TestCase\Test" [] []
[2013-06-20 01:46:08] GenerateTestCept.php.INFO: see in this file "protected $dumbGuy" [] []
[2013-06-20 01:46:08] GenerateTestCept.php.INFO: see in this file "function _before(" [] []
[2013-06-20 01:46:08] GenerateTestCept.php.INFO: PASSED [] []
[2013-06-20 01:46:08] RunIncompleteCept.php.INFO: am in path "tests/data/sandbox" [] []
[2013-06-20 01:46:08] RunIncompleteCept.php.INFO: execute command "run skipped IncompleteMeCept.php" [] []
[2013-06-20 01:46:08] RunIncompleteCept.php.INFO: see in shell output "(IncompleteMeCept.php)  INCOMPLETE" [] []
[2013-06-20 01:46:08] RunIncompleteCept.php.INFO: see in shell output "OK, but incomplete or skipped tests!" [] []
[2013-06-20 01:46:08] RunIncompleteCept.php.INFO: PASSED [] []
[2013-06-20 01:46:08] RunSkippedCept.php.INFO: am in path "tests/data/sandbox" [] []
[2013-06-20 01:46:08] RunSkippedCept.php.INFO: execute command "run skipped SkipMeCept.php" [] []
[2013-06-20 01:46:09] RunSkippedCept.php.INFO: see in shell output "(SkipMeCept.php)  SKIPPED" [] []
[2013-06-20 01:46:09] RunSkippedCept.php.INFO: see in shell output "OK, but incomplete or skipped tests!" [] []
[2013-06-20 01:46:09] RunSkippedCept.php.INFO: PASSED [] []
[2013-06-20 01:46:09] BootstrapCest.bootstrapProject.INFO: am in path "tests/data/sandbox/tests/_data/" [] []
[2013-06-20 01:46:09] BootstrapCest.bootstrapProject.INFO: execute command "bootstrap" [] []
[2013-06-20 01:46:09] BootstrapCest.bootstrapProject.INFO: see file found "codeception.yml" [] []
[2013-06-20 01:46:09] BootstrapCest.bootstrapProject.INFO: see file found "functional.suite.yml","tests" [] []
[2013-06-20 01:46:09] BootstrapCest.bootstrapProject.INFO: see file found "acceptance.suite.yml","tests" [] []
[2013-06-20 01:46:09] BootstrapCest.bootstrapProject.INFO: see file found "unit.suite.yml","tests" [] []
[2013-06-20 01:46:09] BootstrapCest.bootstrapProject.INFO: see file found "_bootstrap.php","tests/acceptance" [] []
[2013-06-20 01:46:09] BootstrapCest.bootstrapProject.INFO: see file found "_bootstrap.php","tests/functional" [] []
[2013-06-20 01:46:09] BootstrapCest.bootstrapProject.INFO: see file found "_bootstrap.php","tests/unit" [] []
[2013-06-20 01:46:09] BootstrapCest.bootstrapProject.INFO: see file found "WebGuy.php","tests/acceptance" [] []
[2013-06-20 01:46:09] BootstrapCest.bootstrapProject.INFO: see file found "TestGuy.php","tests/functional" [] []
[2013-06-20 01:46:09] BootstrapCest.bootstrapProject.INFO: see file found "CodeGuy.php","tests/unit" [] []
[2013-06-20 01:46:10] BootstrapCest.bootstrapProject.INFO: see file found "WebHelper.php","tests/_helpers" [] []
[2013-06-20 01:46:10] BootstrapCest.bootstrapProject.INFO: see file found "TestHelper.php","tests/_helpers" [] []
[2013-06-20 01:46:10] BootstrapCest.bootstrapProject.INFO: see file found "CodeHelper.php","tests/_helpers" [] []
[2013-06-20 01:46:10] BootstrapCest.bootstrapProject.INFO: see in shell output "Building Guy classes for suites" [] []
[2013-06-20 01:46:10] BootstrapCest.bootstrapProject.INFO: PASSED [] []
[2013-06-20 01:46:10] BootstrapCest.bootstrapWithNamespace.INFO: am in path "tests/data/sandbox/tests/_data/" [] []
[2013-06-20 01:46:10] BootstrapCest.bootstrapWithNamespace.INFO: execute command "bootstrap --namespace Generated" [] []
[2013-06-20 01:46:10] BootstrapCest.bootstrapWithNamespace.INFO: see in shell output "Building Guy classes for suites" [] []
[2013-06-20 01:46:10] BootstrapCest.bootstrapWithNamespace.INFO: see file found "codeception.yml" [] []
[2013-06-20 01:46:10] BootstrapCest.bootstrapWithNamespace.INFO: see in this file "namespace: Generated" [] []
[2013-06-20 01:46:10] BootstrapCest.bootstrapWithNamespace.INFO: don't see in this file "namespace Generated\" [] []
[2013-06-20 01:46:10] BootstrapCest.bootstrapWithNamespace.INFO: see file found "functional.suite.yml","tests" [] []
[2013-06-20 01:46:10] BootstrapCest.bootstrapWithNamespace.INFO: see file found "acceptance.suite.yml","tests" [] []
[2013-06-20 01:46:10] BootstrapCest.bootstrapWithNamespace.INFO: see file found "unit.suite.yml","tests" [] []
[2013-06-20 01:46:10] BootstrapCest.bootstrapWithNamespace.INFO: see file found "_bootstrap.php","tests/acceptance" [] []
[2013-06-20 01:46:10] BootstrapCest.bootstrapWithNamespace.INFO: see file found "_bootstrap.php","tests/functional" [] []
[2013-06-20 01:46:10] BootstrapCest.bootstrapWithNamespace.INFO: see file found "_bootstrap.php","tests/unit" [] []
[2013-06-20 01:46:10] BootstrapCest.bootstrapWithNamespace.INFO: see file found "WebGuy.php","tests/acceptance" [] []
[2013-06-20 01:46:10] BootstrapCest.bootstrapWithNamespace.INFO: see file found "TestGuy.php","tests/functional" [] []
[2013-06-20 01:46:10] BootstrapCest.bootstrapWithNamespace.INFO: see file found "CodeGuy.php","tests/unit" [] []
[2013-06-20 01:46:10] BootstrapCest.bootstrapWithNamespace.INFO: see file found "WebHelper.php","tests/_helpers" [] []
[2013-06-20 01:46:10] BootstrapCest.bootstrapWithNamespace.INFO: see file found "TestHelper.php","tests/_helpers" [] []
[2013-06-20 01:46:10] BootstrapCest.bootstrapWithNamespace.INFO: see file found "CodeHelper.php","tests/_helpers" [] []
[2013-06-20 01:46:10] BootstrapCest.bootstrapWithNamespace.INFO: see file found "WebHelper.php" [] []
[2013-06-20 01:46:10] BootstrapCest.bootstrapWithNamespace.INFO: see in this file "namespace Generated\Codeception\Module;" [] []
[2013-06-20 01:46:10] BootstrapCest.bootstrapWithNamespace.INFO: see file found "WebGuy.php" [] []
[2013-06-20 01:46:10] BootstrapCest.bootstrapWithNamespace.INFO: see in this file "namespace Generated\Codeception;" [] []
[2013-06-20 01:46:10] BootstrapCest.bootstrapWithNamespace.INFO: PASSED [] []
[2013-06-20 01:46:10] IncludedCest.runSuitesFromIncludedConfigs.INFO: am in path "tests/data/included" [] []
[2013-06-20 01:46:10] IncludedCest.runSuitesFromIncludedConfigs.INFO: execute command "run" [] []
[2013-06-20 01:46:11] IncludedCest.runSuitesFromIncludedConfigs.INFO: see in shell output "[Jazz]" [] []
[2013-06-20 01:46:11] IncludedCest.runSuitesFromIncludedConfigs.INFO: see in shell output "Suite Jazz.functional started" [] []
[2013-06-20 01:46:11] IncludedCest.runSuitesFromIncludedConfigs.INFO: see in shell output "[Shire]" [] []
[2013-06-20 01:46:11] IncludedCest.runSuitesFromIncludedConfigs.INFO: see in shell output "Suite Shire.functional started" [] []
[2013-06-20 01:46:11] IncludedCest.runSuitesFromIncludedConfigs.INFO: PASSED [] []
[2013-06-20 01:46:11] IncludedCest.runIncludedWithXmlOutput.INFO: am in path "tests/data/included" [] []
[2013-06-20 01:46:11] IncludedCest.runIncludedWithXmlOutput.INFO: execute command "run --xml" [] []
[2013-06-20 01:46:11] IncludedCest.runIncludedWithXmlOutput.INFO: am in path "_log" [] []
[2013-06-20 01:46:11] IncludedCest.runIncludedWithXmlOutput.INFO: see file found "report.xml" [] []
[2013-06-20 01:46:11] IncludedCest.runIncludedWithXmlOutput.INFO: see in this file "<testsuite name="Jazz.functional" tests="1" assertions="1"" [] []
[2013-06-20 01:46:11] IncludedCest.runIncludedWithXmlOutput.INFO: see in this file "<testsuite name="Shire.functional" tests="1" assertions="1"" [] []
[2013-06-20 01:46:11] IncludedCest.runIncludedWithXmlOutput.INFO: see in this file "<testcase file="HobbitCept.php"" [] []
[2013-06-20 01:46:11] IncludedCest.runIncludedWithXmlOutput.INFO: see in this file "<testcase file="DemoCept.php"" [] []
[2013-06-20 01:46:11] IncludedCest.runIncludedWithXmlOutput.INFO: PASSED [] []
[2013-06-20 01:46:11] IncludedCest.runIncludedWithHtmlOutput.INFO: am in path "tests/data/included" [] []
[2013-06-20 01:46:11] IncludedCest.runIncludedWithHtmlOutput.INFO: execute command "run --html" [] []
[2013-06-20 01:46:11] IncludedCest.runIncludedWithHtmlOutput.INFO: am in path "_log" [] []
[2013-06-20 01:46:11] IncludedCest.runIncludedWithHtmlOutput.INFO: see file found "report.html" [] []
[2013-06-20 01:46:11] IncludedCest.runIncludedWithHtmlOutput.INFO: see in this file "Codeception Results" [] []
[2013-06-20 01:46:11] IncludedCest.runIncludedWithHtmlOutput.INFO: see in this file "Jazz.functional Tests" [] []
[2013-06-20 01:46:11] IncludedCest.runIncludedWithHtmlOutput.INFO: see in this file "check that jazz musicians can add numbers" [] []
[2013-06-20 01:46:11] IncludedCest.runIncludedWithHtmlOutput.INFO: see in this file "Shire.functional Tests" [] []
[2013-06-20 01:46:11] IncludedCest.runIncludedWithHtmlOutput.INFO: PASSED [] []
[2013-06-20 01:46:11] OrderCest.checkOneFile.INFO: am in path "tests/data/sandbox" [] []
[2013-06-20 01:46:11] OrderCest.checkOneFile.INFO: execute command "run order LoadingOrderCept.php" [] []
[2013-06-20 01:46:12] OrderCest.checkOneFile.INFO: i expect initialization, bootstrap(b), before suite, before, bootstrap(b), test(t), after, after suite  [] []
[2013-06-20 01:46:12] OrderCest.checkOneFile.INFO: see file found "order.txt","tests/_log" [] []
[2013-06-20 01:46:12] OrderCest.checkOneFile.INFO: see in this file "IBS([BST])" [] []
[2013-06-20 01:46:12] OrderCest.checkOneFile.INFO: PASSED [] []
[2013-06-20 01:46:12] OrderCest.checkForFails.INFO: am in path "tests/data/sandbox" [] []
[2013-06-20 01:46:12] OrderCest.checkForFails.INFO: execute command "run order FailedCept.php --no-exit" [] []
[2013-06-20 01:46:12] OrderCest.checkForFails.INFO: see file found "order.txt","tests/_log" [] []
[2013-06-20 01:46:12] OrderCest.checkForFails.INFO: i expect initialization, bootstrap, before suite, before, bootstrap, test, fail, after, after suite  [] []
[2013-06-20 01:46:12] OrderCest.checkForFails.INFO: see in this file "IBS([BSTF])" [] []
[2013-06-20 01:46:12] OrderCest.checkForFails.INFO: PASSED [] []
[2013-06-20 01:46:12] OrderCest.checkTwoFiles.INFO: am in path "tests/data/sandbox" [] []
[2013-06-20 01:46:12] OrderCest.checkTwoFiles.INFO: execute command "run order --no-exit" [] []
[2013-06-20 01:46:12] OrderCest.checkTwoFiles.INFO: see file found "order.txt","tests/_log" [] []
[2013-06-20 01:46:12] OrderCest.checkTwoFiles.INFO: see in this file "IBSBSBS([BST][BSTF][BST])" [] []
[2013-06-20 01:46:12] OrderCest.checkTwoFiles.INFO: PASSED [] []
[2013-06-20 01:46:12] RunCest.runOneFile.INFO: am in path "tests/data/sandbox" [] []
[2013-06-20 01:46:12] RunCest.runOneFile.INFO: execute command "run tests/dummy/FileExistsCept.php" [] []
[2013-06-20 01:46:12] RunCest.runOneFile.INFO: see file found "report.html","tests/_log" [] []
[2013-06-20 01:46:12] RunCest.runOneFile.INFO: see in shell output "OK (" [] []
[2013-06-20 01:46:12] RunCest.runOneFile.INFO: PASSED [] []
[2013-06-20 01:46:12] RunCest.runHtml.INFO: am in path "tests/data/sandbox" [] []
[2013-06-20 01:46:12] RunCest.runHtml.INFO: execute command "run dummy --html" [] []
[2013-06-20 01:46:13] RunCest.runHtml.INFO: see file found "report.html","tests/_log" [] []
[2013-06-20 01:46:13] RunCest.runHtml.INFO: PASSED [] []
[2013-06-20 01:46:13] RunCest.runJsonReport.INFO: am in path "tests/data/sandbox" [] []
[2013-06-20 01:46:13] RunCest.runJsonReport.INFO: execute command "run dummy --json" [] []
[2013-06-20 01:46:13] RunCest.runJsonReport.INFO: see file found "report.json","tests/_log" [] []
[2013-06-20 01:46:13] RunCest.runJsonReport.INFO: see in this file ""suite":" [] []
[2013-06-20 01:46:13] RunCest.runJsonReport.INFO: see in this file ""dummy"" [] []
[2013-06-20 01:46:13] RunCest.runJsonReport.INFO: PASSED [] []
[2013-06-20 01:46:13] RunCest.runTapReport.INFO: am in path "tests/data/sandbox" [] []
[2013-06-20 01:46:13] RunCest.runTapReport.INFO: execute command "run dummy --tap" [] []
[2013-06-20 01:46:13] RunCest.runTapReport.INFO: see file found "report.tap.log","tests/_log" [] []
[2013-06-20 01:46:13] RunCest.runTapReport.INFO: PASSED [] []
[2013-06-20 01:46:13] RunCest.runXmlReport.INFO: am in path "tests/data/sandbox" [] []
[2013-06-20 01:46:13] RunCest.runXmlReport.INFO: execute command "run dummy --xml" [] []
[2013-06-20 01:46:13] RunCest.runXmlReport.INFO: see file found "report.xml","tests/_log" [] []
[2013-06-20 01:46:13] RunCest.runXmlReport.INFO: see in this file "<?xml" [] []
[2013-06-20 01:46:13] RunCest.runXmlReport.INFO: see in this file "<testsuite name="dummy"" [] []
[2013-06-20 01:46:13] RunCest.runXmlReport.INFO: see in this file "<testcase file="FileExistsCept.php"" [] []
[2013-06-20 01:46:13] RunCest.runXmlReport.INFO: PASSED [] []
[2013-06-20 01:46:13] RunCest.runReportMode.INFO: am in path "tests/data/sandbox" [] []
[2013-06-20 01:46:13] RunCest.runReportMode.INFO: execute command "run dummy --report" [] []
[2013-06-20 01:46:13] RunCest.runReportMode.INFO: see in shell output "FileExistsCept.php" [] []
[2013-06-20 01:46:13] RunCest.runReportMode.INFO: see in shell output "........Ok" [] []
[2013-06-20 01:46:13] RunCest.runReportMode.INFO: PASSED [] []
[2013-06-20 01:46:13] RunCest.runOneGroup.INFO: am in path "tests/data/sandbox" [] []
[2013-06-20 01:46:13] RunCest.runOneGroup.INFO: execute command "run skipped -g notorun" [] []
[2013-06-20 01:46:14] RunCest.runOneGroup.INFO: see in shell output "Incomplete" [] []
[2013-06-20 01:46:14] RunCest.runOneGroup.INFO: don't see in shell output "Skipped" [] []
[2013-06-20 01:46:14] RunCest.runOneGroup.INFO: PASSED [] []
[2013-06-20 01:46:14] RunCest.runTwoSuites.INFO: am in path "tests/data/sandbox" [] []
[2013-06-20 01:46:14] RunCest.runTwoSuites.INFO: execute command "run skipped,dummy --no-exit" [] []
[2013-06-20 01:46:14] RunCest.runTwoSuites.INFO: see in shell output "Suite skipped started" [] []
[2013-06-20 01:46:14] RunCest.runTwoSuites.INFO: see in shell output "Suite dummy started" [] []
[2013-06-20 01:46:14] RunCest.runTwoSuites.INFO: don't see in shell output "Suite remote started" [] []
[2013-06-20 01:46:14] RunCest.runTwoSuites.INFO: PASSED [] []
[2013-06-20 01:46:14] RunCest.skipSuites.INFO: am in path "tests/data/sandbox" [] []
[2013-06-20 01:46:14] RunCest.skipSuites.INFO: execute command "run --skip skipped --skip remote --skip remote_server --skip order" [] []
[2013-06-20 01:46:14] RunCest.skipSuites.INFO: see in shell output "Suite dummy started" [] []
[2013-06-20 01:46:14] RunCest.skipSuites.INFO: don't see in shell output "Suite remote started" [] []
[2013-06-20 01:46:14] RunCest.skipSuites.INFO: don't see in shell output "Suite remote_server started" [] []
[2013-06-20 01:46:14] RunCest.skipSuites.INFO: don't see in shell output "Suite order started" [] []
[2013-06-20 01:46:14] RunCest.skipSuites.INFO: PASSED [] []
[2013-06-20 01:46:16] BuildCept.php.INFO: run shell commmand "php codecept build" [] []
[2013-06-20 01:46:17] BuildCept.php.INFO: see in shell output "generated successfully" [] []
[2013-06-20 01:46:17] BuildCept.php.INFO: see file found "CodeGuy.php","tests/unit" [] []
[2013-06-20 01:46:17] BuildCept.php.INFO: see file found "CliGuy.php","tests/cli" [] []
[2013-06-20 01:46:17] BuildCept.php.INFO: see in this file "seeFileFound(" [] []
[2013-06-20 01:46:17] BuildCept.php.INFO: PASSED [] []
[2013-06-20 01:46:17] GenerateCeptCept.php.INFO: am in path "tests/data/sandbox" [] []
[2013-06-20 01:46:17] GenerateCeptCept.php.INFO: execute command "generate:cept dummy DummyCept" [] []
[2013-06-20 01:46:17] GenerateCeptCept.php.INFO: see file found "DummyCept.php","tests/dummy" [] []
[2013-06-20 01:46:17] GenerateCeptCept.php.INFO: see in this file "$I = new DumbGuy($scenario);" [] []
[2013-06-20 01:46:17] GenerateCeptCept.php.INFO: delete this file  [] []
[2013-06-20 01:46:17] GenerateCeptCept.php.INFO: i am going to create scenario in folder  [] []
[2013-06-20 01:46:17] GenerateCeptCept.php.INFO: execute command "generate:cept dummy path/DummyCept" [] []
[2013-06-20 01:46:18] GenerateCeptCept.php.INFO: see file found "DummyCept.php","tests/dummy/path" [] []
[2013-06-20 01:46:18] GenerateCeptCept.php.ALERT: Directory does not exist: /home/davert/Codeception//tests/data/sandbox/tests/dummy/path [] []
[2013-06-20 01:46:18] GenerateCeptCept.php.INFO: # FAILED # [] []
[2013-06-20 01:46:18] GenerateCeptCept.php.INFO: PASSED [] []
[2013-06-20 01:46:18] GenerateCestCept.php.INFO: am in path "tests/data/sandbox" [] []
[2013-06-20 01:46:18] GenerateCestCept.php.INFO: execute command "generate:cest dummy DummyClass" [] []
[2013-06-20 01:46:19] GenerateCestCept.php.INFO: see file found "DummyClassCest.php" [] []
[2013-06-20 01:46:19] GenerateCestCept.php.INFO: see in this file "class DummyClassCest" [] []
[2013-06-20 01:46:19] GenerateCestCept.php.INFO: PASSED [] []
[2013-06-20 01:46:19] GeneratePhpUnitCept.php.INFO: am in path "tests/data/sandbox" [] []
[2013-06-20 01:46:19] GeneratePhpUnitCept.php.INFO: execute command "generate:phpunit dummy Dummy" [] []
[2013-06-20 01:46:19] GeneratePhpUnitCept.php.INFO: see file found "DummyTest.php" [] []
[2013-06-20 01:46:19] GeneratePhpUnitCept.php.ALERT: DummyTest.php in /home/davert/Codeception//tests/data/sandbox/ [] []
[2013-06-20 01:46:19] GeneratePhpUnitCept.php.INFO: # FAILED # [] []
[2013-06-20 01:46:19] GeneratePhpUnitCept.php.INFO: PASSED [] []
[2013-06-20 01:46:19] GeneratePhpUnitWithHierarchyPathsCept.php.INFO: am in path "tests/data/sandbox" [] []
[2013-06-20 01:46:19] GeneratePhpUnitWithHierarchyPathsCept.php.INFO: execute command "generate:phpunit dummy Dummy/Foo/Bar" [] []
[2013-06-20 01:46:20] GeneratePhpUnitWithHierarchyPathsCept.php.INFO: see file found "Dummy/Foo/BarTest.php" [] []
[2013-06-20 01:46:20] GeneratePhpUnitWithHierarchyPathsCept.php.ALERT: Dummy/Foo/BarTest.php in /home/davert/Codeception//tests/data/sandbox/ [] []
[2013-06-20 01:46:20] GeneratePhpUnitWithHierarchyPathsCept.php.INFO: # FAILED # [] []
[2013-06-20 01:46:20] GeneratePhpUnitWithHierarchyPathsCept.php.INFO: PASSED [] []
[2013-06-20 01:46:20] GenerateScenariosCept.php.INFO: am in path "tests/data/sandbox" [] []
[2013-06-20 01:46:20] GenerateScenariosCept.php.INFO: execute command "generate:scenarios dummy" [] []
[2013-06-20 01:46:20] GenerateScenariosCept.php.INFO: see file found "File_Exists.txt","tests/_data/scenarios" [] []
[2013-06-20 01:46:20] GenerateScenariosCept.php.INFO: see file contents equal "I WANT TO CHECK CONFIG EXISTS

I see file found "codeception.yml"" [] []
[2013-06-20 01:46:20] GenerateScenariosCept.php.INFO: PASSED [] []
[2013-06-20 01:46:20] GenerateSuiteCept.php.INFO: as a developer who likes testing  [] []
[2013-06-20 01:46:20] GenerateSuiteCept.php.INFO: so that i have a better tests categorization  [] []
[2013-06-20 01:46:20] GenerateSuiteCept.php.INFO: am in path "tests/data/sandbox" [] []
[2013-06-20 01:46:20] GenerateSuiteCept.php.INFO: execute command "generate:suite house HouseGuy" [] []
[2013-06-20 01:46:21] GenerateSuiteCept.php.INFO: see file found "house.suite.yml","tests" [] []
[2013-06-20 01:46:21] GenerateSuiteCept.php.INFO: i expect guy class is generated  [] []
[2013-06-20 01:46:21] GenerateSuiteCept.php.INFO: see in this file "class_name: HouseGuy" [] []
[2013-06-20 01:46:21] GenerateSuiteCept.php.INFO: see file found "HouseHelper.php","tests/_helpers" [] []
[2013-06-20 01:46:21] GenerateSuiteCept.php.INFO: see file found "_bootstrap.php","tests/house" [] []
[2013-06-20 01:46:21] GenerateSuiteCept.php.INFO: PASSED [] []
[2013-06-20 01:46:21] GenerateTestCept.php.INFO: am in path "tests/data/sandbox" [] []
[2013-06-20 01:46:21] GenerateTestCept.php.INFO: execute command "generate:test dummy Dummy" [] []
[2013-06-20 01:46:22] GenerateTestCept.php.INFO: see file found "DummyTest.php" [] []
[2013-06-20 01:46:22] GenerateTestCept.php.INFO: see in this file "class DummyTest extends \Codeception\TestCase\Test" [] []
[2013-06-20 01:46:22] GenerateTestCept.php.INFO: see in this file "protected $dumbGuy" [] []
[2013-06-20 01:46:22] GenerateTestCept.php.INFO: see in this file "function _before(" [] []
[2013-06-20 01:46:22] GenerateTestCept.php.INFO: PASSED [] []
[2013-06-20 01:46:22] RunIncompleteCept.php.INFO: am in path "tests/data/sandbox" [] []
[2013-06-20 01:46:22] RunIncompleteCept.php.INFO: execute command "run skipped IncompleteMeCept.php" [] []
[2013-06-20 01:46:22] RunIncompleteCept.php.INFO: see in shell output "(IncompleteMeCept.php)  INCOMPLETE" [] []
[2013-06-20 01:46:22] RunIncompleteCept.php.INFO: see in shell output "OK, but incomplete or skipped tests!" [] []
[2013-06-20 01:46:22] RunIncompleteCept.php.INFO: PASSED [] []
[2013-06-20 01:46:22] RunSkippedCept.php.INFO: am in path "tests/data/sandbox" [] []
[2013-06-20 01:46:22] RunSkippedCept.php.INFO: execute command "run skipped SkipMeCept.php" [] []
[2013-06-20 01:46:22] RunSkippedCept.php.INFO: see in shell output "(SkipMeCept.php)  SKIPPED" [] []
[2013-06-20 01:46:22] RunSkippedCept.php.INFO: see in shell output "OK, but incomplete or skipped tests!" [] []
[2013-06-20 01:46:22] RunSkippedCept.php.INFO: PASSED [] []
[2013-06-20 01:46:22] BootstrapCest.bootstrapProject.INFO: am in path "tests/data/sandbox/tests/_data/" [] []
[2013-06-20 01:46:22] BootstrapCest.bootstrapProject.INFO: execute command "bootstrap" [] []
[2013-06-20 01:46:23] BootstrapCest.bootstrapProject.INFO: see file found "codeception.yml" [] []
[2013-06-20 01:46:23] BootstrapCest.bootstrapProject.INFO: see file found "functional.suite.yml","tests" [] []
[2013-06-20 01:46:23] BootstrapCest.bootstrapProject.INFO: see file found "acceptance.suite.yml","tests" [] []
[2013-06-20 01:46:23] BootstrapCest.bootstrapProject.INFO: see file found "unit.suite.yml","tests" [] []
[2013-06-20 01:46:23] BootstrapCest.bootstrapProject.INFO: see file found "_bootstrap.php","tests/acceptance" [] []
[2013-06-20 01:46:23] BootstrapCest.bootstrapProject.INFO: see file found "_bootstrap.php","tests/functional" [] []
[2013-06-20 01:46:23] BootstrapCest.bootstrapProject.INFO: see file found "_bootstrap.php","tests/unit" [] []
[2013-06-20 01:46:23] BootstrapCest.bootstrapProject.INFO: see file found "WebGuy.php","tests/acceptance" [] []
[2013-06-20 01:46:23] BootstrapCest.bootstrapProject.INFO: see file found "TestGuy.php","tests/functional" [] []
[2013-06-20 01:46:23] BootstrapCest.bootstrapProject.INFO: see file found "CodeGuy.php","tests/unit" [] []
[2013-06-20 01:46:23] BootstrapCest.bootstrapProject.INFO: see file found "WebHelper.php","tests/_helpers" [] []
[2013-06-20 01:46:23] BootstrapCest.bootstrapProject.INFO: see file found "TestHelper.php","tests/_helpers" [] []
[2013-06-20 01:46:23] BootstrapCest.bootstrapProject.INFO: see file found "CodeHelper.php","tests/_helpers" [] []
[2013-06-20 01:46:23] BootstrapCest.bootstrapProject.INFO: see in shell output "Building Guy classes for suites" [] []
[2013-06-20 01:46:23] BootstrapCest.bootstrapProject.INFO: PASSED [] []
[2013-06-20 01:46:23] BootstrapCest.bootstrapWithNamespace.INFO: am in path "tests/data/sandbox/tests/_data/" [] []
[2013-06-20 01:46:23] BootstrapCest.bootstrapWithNamespace.INFO: execute command "bootstrap --namespace Generated" [] []
[2013-06-20 01:46:23] BootstrapCest.bootstrapWithNamespace.INFO: see in shell output "Building Guy classes for suites" [] []
[2013-06-20 01:46:23] BootstrapCest.bootstrapWithNamespace.INFO: see file found "codeception.yml" [] []
[2013-06-20 01:46:23] BootstrapCest.bootstrapWithNamespace.INFO: see in this file "namespace: Generated" [] []
[2013-06-20 01:46:23] BootstrapCest.bootstrapWithNamespace.INFO: don't see in this file "namespace Generated\" [] []
[2013-06-20 01:46:23] BootstrapCest.bootstrapWithNamespace.INFO: see file found "functional.suite.yml","tests" [] []
[2013-06-20 01:46:23] BootstrapCest.bootstrapWithNamespace.INFO: see file found "acceptance.suite.yml","tests" [] []
[2013-06-20 01:46:23] BootstrapCest.bootstrapWithNamespace.INFO: see file found "unit.suite.yml","tests" [] []
[2013-06-20 01:46:23] BootstrapCest.bootstrapWithNamespace.INFO: see file found "_bootstrap.php","tests/acceptance" [] []
[2013-06-20 01:46:23] BootstrapCest.bootstrapWithNamespace.INFO: see file found "_bootstrap.php","tests/functional" [] []
[2013-06-20 01:46:23] BootstrapCest.bootstrapWithNamespace.INFO: see file found "_bootstrap.php","tests/unit" [] []
[2013-06-20 01:46:23] BootstrapCest.bootstrapWithNamespace.INFO: see file found "WebGuy.php","tests/acceptance" [] []
[2013-06-20 01:46:23] BootstrapCest.bootstrapWithNamespace.INFO: see file found "TestGuy.php","tests/functional" [] []
[2013-06-20 01:46:23] BootstrapCest.bootstrapWithNamespace.INFO: see file found "CodeGuy.php","tests/unit" [] []
[2013-06-20 01:46:23] BootstrapCest.bootstrapWithNamespace.INFO: see file found "WebHelper.php","tests/_helpers" [] []
[2013-06-20 01:46:23] BootstrapCest.bootstrapWithNamespace.INFO: see file found "TestHelper.php","tests/_helpers" [] []
[2013-06-20 01:46:23] BootstrapCest.bootstrapWithNamespace.INFO: see file found "CodeHelper.php","tests/_helpers" [] []
[2013-06-20 01:46:23] BootstrapCest.bootstrapWithNamespace.INFO: see file found "WebHelper.php" [] []
[2013-06-20 01:46:23] BootstrapCest.bootstrapWithNamespace.INFO: see in this file "namespace Generated\Codeception\Module;" [] []
[2013-06-20 01:46:23] BootstrapCest.bootstrapWithNamespace.INFO: see file found "WebGuy.php" [] []
[2013-06-20 01:46:23] BootstrapCest.bootstrapWithNamespace.INFO: see in this file "namespace Generated\Codeception;" [] []
[2013-06-20 01:46:23] BootstrapCest.bootstrapWithNamespace.INFO: PASSED [] []
[2013-06-20 01:46:23] IncludedCest.runSuitesFromIncludedConfigs.INFO: am in path "tests/data/included" [] []
[2013-06-20 01:46:23] IncludedCest.runSuitesFromIncludedConfigs.INFO: execute command "run" [] []
[2013-06-20 01:46:24] IncludedCest.runSuitesFromIncludedConfigs.INFO: see in shell output "[Jazz]" [] []
[2013-06-20 01:46:24] IncludedCest.runSuitesFromIncludedConfigs.INFO: see in shell output "Suite Jazz.functional started" [] []
[2013-06-20 01:46:24] IncludedCest.runSuitesFromIncludedConfigs.INFO: see in shell output "[Shire]" [] []
[2013-06-20 01:46:24] IncludedCest.runSuitesFromIncludedConfigs.INFO: see in shell output "Suite Shire.functional started" [] []
[2013-06-20 01:46:24] IncludedCest.runSuitesFromIncludedConfigs.INFO: PASSED [] []
[2013-06-20 01:46:24] IncludedCest.runIncludedWithXmlOutput.INFO: am in path "tests/data/included" [] []
[2013-06-20 01:46:24] IncludedCest.runIncludedWithXmlOutput.INFO: execute command "run --xml" [] []
[2013-06-20 01:46:24] IncludedCest.runIncludedWithXmlOutput.INFO: am in path "_log" [] []
[2013-06-20 01:46:24] IncludedCest.runIncludedWithXmlOutput.INFO: see file found "report.xml" [] []
[2013-06-20 01:46:24] IncludedCest.runIncludedWithXmlOutput.INFO: see in this file "<testsuite name="Jazz.functional" tests="1" assertions="1"" [] []
[2013-06-20 01:46:24] IncludedCest.runIncludedWithXmlOutput.INFO: see in this file "<testsuite name="Shire.functional" tests="1" assertions="1"" [] []
[2013-06-20 01:46:24] IncludedCest.runIncludedWithXmlOutput.INFO: see in this file "<testcase file="HobbitCept.php"" [] []
[2013-06-20 01:46:24] IncludedCest.runIncludedWithXmlOutput.INFO: see in this file "<testcase file="DemoCept.php"" [] []
[2013-06-20 01:46:24] IncludedCest.runIncludedWithXmlOutput.INFO: PASSED [] []
[2013-06-20 01:46:24] IncludedCest.runIncludedWithHtmlOutput.INFO: am in path "tests/data/included" [] []
[2013-06-20 01:46:24] IncludedCest.runIncludedWithHtmlOutput.INFO: execute command "run --html" [] []
[2013-06-20 01:46:24] IncludedCest.runIncludedWithHtmlOutput.INFO: am in path "_log" [] []
[2013-06-20 01:46:24] IncludedCest.runIncludedWithHtmlOutput.INFO: see file found "report.html" [] []
[2013-06-20 01:46:24] IncludedCest.runIncludedWithHtmlOutput.INFO: see in this file "Codeception Results" [] []
[2013-06-20 01:46:24] IncludedCest.runIncludedWithHtmlOutput.INFO: see in this file "Jazz.functional Tests" [] []
[2013-06-20 01:46:24] IncludedCest.runIncludedWithHtmlOutput.INFO: see in this file "check that jazz musicians can add numbers" [] []
[2013-06-20 01:46:24] IncludedCest.runIncludedWithHtmlOutput.INFO: see in this file "Shire.functional Tests" [] []
[2013-06-20 01:46:24] IncludedCest.runIncludedWithHtmlOutput.INFO: PASSED [] []
[2013-06-20 01:46:24] OrderCest.checkOneFile.INFO: am in path "tests/data/sandbox" [] []
[2013-06-20 01:46:24] OrderCest.checkOneFile.INFO: execute command "run order LoadingOrderCept.php" [] []
[2013-06-20 01:46:24] OrderCest.checkOneFile.INFO: i expect initialization, bootstrap(b), before suite, before, bootstrap(b), test(t), after, after suite  [] []
[2013-06-20 01:46:24] OrderCest.checkOneFile.INFO: see file found "order.txt","tests/_log" [] []
[2013-06-20 01:46:24] OrderCest.checkOneFile.INFO: see in this file "IBS([BST])" [] []
[2013-06-20 01:46:24] OrderCest.checkOneFile.INFO: PASSED [] []
[2013-06-20 01:46:24] OrderCest.checkForFails.INFO: am in path "tests/data/sandbox" [] []
[2013-06-20 01:46:24] OrderCest.checkForFails.INFO: execute command "run order FailedCept.php --no-exit" [] []
[2013-06-20 01:46:24] OrderCest.checkForFails.INFO: see file found "order.txt","tests/_log" [] []
[2013-06-20 01:46:24] OrderCest.checkForFails.INFO: i expect initialization, bootstrap, before suite, before, bootstrap, test, fail, after, after suite  [] []
[2013-06-20 01:46:24] OrderCest.checkForFails.INFO: see in this file "IBS([BSTF])" [] []
[2013-06-20 01:46:24] OrderCest.checkForFails.INFO: PASSED [] []
[2013-06-20 01:46:24] OrderCest.checkTwoFiles.INFO: am in path "tests/data/sandbox" [] []
[2013-06-20 01:46:24] OrderCest.checkTwoFiles.INFO: execute command "run order --no-exit" [] []
[2013-06-20 01:46:24] OrderCest.checkTwoFiles.INFO: see file found "order.txt","tests/_log" [] []
[2013-06-20 01:46:24] OrderCest.checkTwoFiles.INFO: see in this file "IBSBSBS([BST][BSTF][BST])" [] []
[2013-06-20 01:46:24] OrderCest.checkTwoFiles.INFO: PASSED [] []
[2013-06-20 01:46:24] RunCest.runOneFile.INFO: am in path "tests/data/sandbox" [] []
[2013-06-20 01:46:24] RunCest.runOneFile.INFO: execute command "run tests/dummy/FileExistsCept.php" [] []
[2013-06-20 01:46:24] RunCest.runOneFile.INFO: see file found "report.html","tests/_log" [] []
[2013-06-20 01:46:24] RunCest.runOneFile.INFO: see in shell output "OK (" [] []
[2013-06-20 01:46:24] RunCest.runOneFile.INFO: PASSED [] []
[2013-06-20 01:46:24] RunCest.runHtml.INFO: am in path "tests/data/sandbox" [] []
[2013-06-20 01:46:24] RunCest.runHtml.INFO: execute command "run dummy --html" [] []
[2013-06-20 01:46:25] RunCest.runHtml.INFO: see file found "report.html","tests/_log" [] []
[2013-06-20 01:46:25] RunCest.runHtml.INFO: PASSED [] []
[2013-06-20 01:46:25] RunCest.runJsonReport.INFO: am in path "tests/data/sandbox" [] []
[2013-06-20 01:46:25] RunCest.runJsonReport.INFO: execute command "run dummy --json" [] []
[2013-06-20 01:46:25] RunCest.runJsonReport.INFO: see file found "report.json","tests/_log" [] []
[2013-06-20 01:46:25] RunCest.runJsonReport.INFO: see in this file ""suite":" [] []
[2013-06-20 01:46:25] RunCest.runJsonReport.INFO: see in this file ""dummy"" [] []
[2013-06-20 01:46:25] RunCest.runJsonReport.INFO: PASSED [] []
[2013-06-20 01:46:25] RunCest.runTapReport.INFO: am in path "tests/data/sandbox" [] []
[2013-06-20 01:46:25] RunCest.runTapReport.INFO: execute command "run dummy --tap" [] []
[2013-06-20 01:46:25] RunCest.runTapReport.INFO: see file found "report.tap.log","tests/_log" [] []
[2013-06-20 01:46:25] RunCest.runTapReport.INFO: PASSED [] []
[2013-06-20 01:46:25] RunCest.runXmlReport.INFO: am in path "tests/data/sandbox" [] []
[2013-06-20 01:46:25] RunCest.runXmlReport.INFO: execute command "run dummy --xml" [] []
[2013-06-20 01:46:25] RunCest.runXmlReport.INFO: see file found "report.xml","tests/_log" [] []
[2013-06-20 01:46:25] RunCest.runXmlReport.INFO: see in this file "<?xml" [] []
[2013-06-20 01:46:25] RunCest.runXmlReport.INFO: see in this file "<testsuite name="dummy"" [] []
[2013-06-20 01:46:25] RunCest.runXmlReport.INFO: see in this file "<testcase file="FileExistsCept.php"" [] []
[2013-06-20 01:46:25] RunCest.runXmlReport.INFO: PASSED [] []
[2013-06-20 01:46:25] RunCest.runReportMode.INFO: am in path "tests/data/sandbox" [] []
[2013-06-20 01:46:25] RunCest.runReportMode.INFO: execute command "run dummy --report" [] []
[2013-06-20 01:46:25] RunCest.runReportMode.INFO: see in shell output "FileExistsCept.php" [] []
[2013-06-20 01:46:25] RunCest.runReportMode.INFO: see in shell output "........Ok" [] []
[2013-06-20 01:46:25] RunCest.runReportMode.INFO: PASSED [] []
[2013-06-20 01:46:25] RunCest.runOneGroup.INFO: am in path "tests/data/sandbox" [] []
[2013-06-20 01:46:25] RunCest.runOneGroup.INFO: execute command "run skipped -g notorun" [] []
[2013-06-20 01:46:25] RunCest.runOneGroup.INFO: see in shell output "Incomplete" [] []
[2013-06-20 01:46:25] RunCest.runOneGroup.INFO: don't see in shell output "Skipped" [] []
[2013-06-20 01:46:25] RunCest.runOneGroup.INFO: PASSED [] []
[2013-06-20 01:46:25] RunCest.runTwoSuites.INFO: am in path "tests/data/sandbox" [] []
[2013-06-20 01:46:25] RunCest.runTwoSuites.INFO: execute command "run skipped,dummy --no-exit" [] []
[2013-06-20 01:46:26] RunCest.runTwoSuites.INFO: see in shell output "Suite skipped started" [] []
[2013-06-20 01:46:26] RunCest.runTwoSuites.INFO: see in shell output "Suite dummy started" [] []
[2013-06-20 01:46:26] RunCest.runTwoSuites.INFO: don't see in shell output "Suite remote started" [] []
[2013-06-20 01:46:26] RunCest.runTwoSuites.INFO: PASSED [] []
[2013-06-20 01:46:26] RunCest.skipSuites.INFO: am in path "tests/data/sandbox" [] []
[2013-06-20 01:46:26] RunCest.skipSuites.INFO: execute command "run --skip skipped --skip remote --skip remote_server --skip order" [] []
[2013-06-20 01:46:26] RunCest.skipSuites.INFO: see in shell output "Suite dummy started" [] []
[2013-06-20 01:46:26] RunCest.skipSuites.INFO: don't see in shell output "Suite remote started" [] []
[2013-06-20 01:46:26] RunCest.skipSuites.INFO: don't see in shell output "Suite remote_server started" [] []
[2013-06-20 01:46:26] RunCest.skipSuites.INFO: don't see in shell output "Suite order started" [] []
[2013-06-20 01:46:26] RunCest.skipSuites.INFO: PASSED [] []
[2013-06-20 02:01:57] BuildCept.php.INFO: run shell commmand "php codecept build" [] []
[2013-06-20 02:01:58] BuildCept.php.INFO: see in shell output "generated successfully" [] []
[2013-06-20 02:01:58] BuildCept.php.INFO: see file found "CodeGuy.php","tests/unit" [] []
[2013-06-20 02:01:58] BuildCept.php.INFO: see file found "CliGuy.php","tests/cli" [] []
[2013-06-20 02:01:58] BuildCept.php.INFO: see in this file "seeFileFound(" [] []
[2013-06-20 02:01:58] BuildCept.php.INFO: PASSED [] []
[2013-06-20 02:01:58] GenerateCeptCept.php.INFO: am in path "tests/data/sandbox" [] []
[2013-06-20 02:01:58] GenerateCeptCept.php.INFO: execute command "generate:cept dummy DummyCept" [] []
[2013-06-20 02:01:59] GenerateCeptCept.php.INFO: see file found "DummyCept.php","tests/dummy" [] []
[2013-06-20 02:01:59] GenerateCeptCept.php.INFO: see in this file "$I = new DumbGuy($scenario);" [] []
[2013-06-20 02:01:59] GenerateCeptCept.php.INFO: delete this file  [] []
[2013-06-20 02:01:59] GenerateCeptCept.php.INFO: i am going to create scenario in folder  [] []
[2013-06-20 02:01:59] GenerateCeptCept.php.INFO: execute command "generate:cept dummy path/DummyCept" [] []
[2013-06-20 02:01:59] GenerateCeptCept.php.INFO: see file found "DummyCept.php","tests/dummy/path" [] []
[2013-06-20 02:01:59] GenerateCeptCept.php.INFO: delete this file  [] []
[2013-06-20 02:01:59] GenerateCeptCept.php.INFO: i am going to create file with cept.php suffix  [] []
[2013-06-20 02:01:59] GenerateCeptCept.php.INFO: execute command "generate:cept dummy DummyCept.php" [] []
[2013-06-20 02:02:00] GenerateCeptCept.php.INFO: see file found "DummyCept.php" [] []
[2013-06-20 02:02:00] GenerateCeptCept.php.INFO: delete this file  [] []
[2013-06-20 02:02:00] GenerateCeptCept.php.INFO: i am going to create file without any suffix  [] []
[2013-06-20 02:02:00] GenerateCeptCept.php.INFO: execute command "generate:cept dummy Dummy" [] []
[2013-06-20 02:02:01] GenerateCeptCept.php.INFO: see file found "DummyCept.php" [] []
[2013-06-20 02:02:01] GenerateCeptCept.php.INFO: PASSED [] []
[2013-06-20 02:02:01] GenerateCestCept.php.INFO: am in path "tests/data/sandbox" [] []
[2013-06-20 02:02:01] GenerateCestCept.php.INFO: execute command "generate:cest dummy DummyClass" [] []
[2013-06-20 02:02:01] GenerateCestCept.php.INFO: see file found "DummyClassCest.php" [] []
[2013-06-20 02:02:01] GenerateCestCept.php.INFO: see in this file "class DummyClassCest" [] []
[2013-06-20 02:02:01] GenerateCestCept.php.INFO: PASSED [] []
[2013-06-20 02:02:01] GeneratePhpUnitCept.php.INFO: am in path "tests/data/sandbox" [] []
[2013-06-20 02:02:01] GeneratePhpUnitCept.php.INFO: execute command "generate:phpunit dummy Dummy" [] []
[2013-06-20 02:02:02] GeneratePhpUnitCept.php.INFO: see file found "DummyTest.php" [] []
[2013-06-20 02:02:02] GeneratePhpUnitCept.php.ALERT: DummyTest.php in /home/davert/Codeception//tests/data/sandbox/ [] []
[2013-06-20 02:02:02] GeneratePhpUnitCept.php.INFO: # FAILED # [] []
[2013-06-20 02:02:02] GeneratePhpUnitCept.php.INFO: PASSED [] []
[2013-06-20 02:02:02] GeneratePhpUnitWithHierarchyPathsCept.php.INFO: am in path "tests/data/sandbox" [] []
[2013-06-20 02:02:02] GeneratePhpUnitWithHierarchyPathsCept.php.INFO: execute command "generate:phpunit dummy Dummy/Foo/Bar" [] []
[2013-06-20 02:02:03] GeneratePhpUnitWithHierarchyPathsCept.php.INFO: see file found "Dummy/Foo/BarTest.php" [] []
[2013-06-20 02:02:03] GeneratePhpUnitWithHierarchyPathsCept.php.ALERT: Dummy/Foo/BarTest.php in /home/davert/Codeception//tests/data/sandbox/ [] []
[2013-06-20 02:02:03] GeneratePhpUnitWithHierarchyPathsCept.php.INFO: # FAILED # [] []
[2013-06-20 02:02:03] GeneratePhpUnitWithHierarchyPathsCept.php.INFO: PASSED [] []
[2013-06-20 02:02:03] GenerateScenariosCept.php.INFO: am in path "tests/data/sandbox" [] []
[2013-06-20 02:02:03] GenerateScenariosCept.php.INFO: execute command "generate:scenarios dummy" [] []
[2013-06-20 02:02:03] GenerateScenariosCept.php.INFO: see file found "File_Exists.txt","tests/_data/scenarios" [] []
[2013-06-20 02:02:03] GenerateScenariosCept.php.INFO: see file contents equal "I WANT TO CHECK CONFIG EXISTS

I see file found "codeception.yml"" [] []
[2013-06-20 02:02:03] GenerateScenariosCept.php.INFO: PASSED [] []
[2013-06-20 02:02:03] GenerateSuiteCept.php.INFO: as a developer who likes testing  [] []
[2013-06-20 02:02:03] GenerateSuiteCept.php.INFO: so that i have a better tests categorization  [] []
[2013-06-20 02:02:03] GenerateSuiteCept.php.INFO: am in path "tests/data/sandbox" [] []
[2013-06-20 02:02:03] GenerateSuiteCept.php.INFO: execute command "generate:suite house HouseGuy" [] []
[2013-06-20 02:02:04] GenerateSuiteCept.php.INFO: see file found "house.suite.yml","tests" [] []
[2013-06-20 02:02:04] GenerateSuiteCept.php.INFO: i expect guy class is generated  [] []
[2013-06-20 02:02:04] GenerateSuiteCept.php.INFO: see in this file "class_name: HouseGuy" [] []
[2013-06-20 02:02:04] GenerateSuiteCept.php.INFO: see file found "HouseHelper.php","tests/_helpers" [] []
[2013-06-20 02:02:04] GenerateSuiteCept.php.INFO: see file found "_bootstrap.php","tests/house" [] []
[2013-06-20 02:02:04] GenerateSuiteCept.php.INFO: PASSED [] []
[2013-06-20 02:02:04] GenerateTestCept.php.INFO: am in path "tests/data/sandbox" [] []
[2013-06-20 02:02:04] GenerateTestCept.php.INFO: execute command "generate:test dummy Dummy" [] []
[2013-06-20 02:02:05] GenerateTestCept.php.INFO: see file found "DummyTest.php" [] []
[2013-06-20 02:02:05] GenerateTestCept.php.INFO: see in this file "class DummyTest extends \Codeception\TestCase\Test" [] []
[2013-06-20 02:02:05] GenerateTestCept.php.INFO: see in this file "protected $dumbGuy" [] []
[2013-06-20 02:02:05] GenerateTestCept.php.INFO: see in this file "function _before(" [] []
[2013-06-20 02:02:05] GenerateTestCept.php.INFO: PASSED [] []
[2013-06-20 02:02:05] RunIncompleteCept.php.INFO: am in path "tests/data/sandbox" [] []
[2013-06-20 02:02:05] RunIncompleteCept.php.INFO: execute command "run skipped IncompleteMeCept.php" [] []
[2013-06-20 02:02:05] RunIncompleteCept.php.INFO: see in shell output "(IncompleteMeCept.php)  INCOMPLETE" [] []
[2013-06-20 02:02:05] RunIncompleteCept.php.INFO: see in shell output "OK, but incomplete or skipped tests!" [] []
[2013-06-20 02:02:05] RunIncompleteCept.php.INFO: PASSED [] []
[2013-06-20 02:02:05] RunSkippedCept.php.INFO: am in path "tests/data/sandbox" [] []
[2013-06-20 02:02:05] RunSkippedCept.php.INFO: execute command "run skipped SkipMeCept.php" [] []
[2013-06-20 02:02:05] RunSkippedCept.php.INFO: see in shell output "(SkipMeCept.php)  SKIPPED" [] []
[2013-06-20 02:02:05] RunSkippedCept.php.INFO: see in shell output "OK, but incomplete or skipped tests!" [] []
[2013-06-20 02:02:05] RunSkippedCept.php.INFO: PASSED [] []
[2013-06-20 02:02:05] ns\NotWorkingCept.php.INFO: PASSED [] []
[2013-06-20 02:02:05] BootstrapCest.bootstrapProject.INFO: am in path "tests/data/sandbox/tests/_data/" [] []
[2013-06-20 02:02:05] BootstrapCest.bootstrapProject.INFO: execute command "bootstrap" [] []
[2013-06-20 02:02:06] BootstrapCest.bootstrapProject.INFO: see file found "codeception.yml" [] []
[2013-06-20 02:02:06] BootstrapCest.bootstrapProject.INFO: see file found "functional.suite.yml","tests" [] []
[2013-06-20 02:02:06] BootstrapCest.bootstrapProject.INFO: see file found "acceptance.suite.yml","tests" [] []
[2013-06-20 02:02:06] BootstrapCest.bootstrapProject.INFO: see file found "unit.suite.yml","tests" [] []
[2013-06-20 02:02:06] BootstrapCest.bootstrapProject.INFO: see file found "_bootstrap.php","tests/acceptance" [] []
[2013-06-20 02:02:06] BootstrapCest.bootstrapProject.INFO: see file found "_bootstrap.php","tests/functional" [] []
[2013-06-20 02:02:06] BootstrapCest.bootstrapProject.INFO: see file found "_bootstrap.php","tests/unit" [] []
[2013-06-20 02:02:06] BootstrapCest.bootstrapProject.INFO: see file found "WebGuy.php","tests/acceptance" [] []
[2013-06-20 02:02:06] BootstrapCest.bootstrapProject.INFO: see file found "TestGuy.php","tests/functional" [] []
[2013-06-20 02:02:06] BootstrapCest.bootstrapProject.INFO: see file found "CodeGuy.php","tests/unit" [] []
[2013-06-20 02:02:06] BootstrapCest.bootstrapProject.INFO: see file found "WebHelper.php","tests/_helpers" [] []
[2013-06-20 02:02:06] BootstrapCest.bootstrapProject.INFO: see file found "TestHelper.php","tests/_helpers" [] []
[2013-06-20 02:02:06] BootstrapCest.bootstrapProject.INFO: see file found "CodeHelper.php","tests/_helpers" [] []
[2013-06-20 02:02:06] BootstrapCest.bootstrapProject.INFO: see in shell output "Building Guy classes for suites" [] []
[2013-06-20 02:02:06] BootstrapCest.bootstrapProject.INFO: PASSED [] []
[2013-06-20 02:02:06] BootstrapCest.bootstrapWithNamespace.INFO: am in path "tests/data/sandbox/tests/_data/" [] []
[2013-06-20 02:02:06] BootstrapCest.bootstrapWithNamespace.INFO: execute command "bootstrap --namespace Generated" [] []
[2013-06-20 02:02:06] BootstrapCest.bootstrapWithNamespace.INFO: see in shell output "Building Guy classes for suites" [] []
[2013-06-20 02:02:06] BootstrapCest.bootstrapWithNamespace.INFO: see file found "codeception.yml" [] []
[2013-06-20 02:02:06] BootstrapCest.bootstrapWithNamespace.INFO: see in this file "namespace: Generated" [] []
[2013-06-20 02:02:06] BootstrapCest.bootstrapWithNamespace.INFO: don't see in this file "namespace Generated\" [] []
[2013-06-20 02:02:06] BootstrapCest.bootstrapWithNamespace.INFO: see file found "functional.suite.yml","tests" [] []
[2013-06-20 02:02:06] BootstrapCest.bootstrapWithNamespace.INFO: see file found "acceptance.suite.yml","tests" [] []
[2013-06-20 02:02:06] BootstrapCest.bootstrapWithNamespace.INFO: see file found "unit.suite.yml","tests" [] []
[2013-06-20 02:02:06] BootstrapCest.bootstrapWithNamespace.INFO: see file found "_bootstrap.php","tests/acceptance" [] []
[2013-06-20 02:02:06] BootstrapCest.bootstrapWithNamespace.INFO: see file found "_bootstrap.php","tests/functional" [] []
[2013-06-20 02:02:06] BootstrapCest.bootstrapWithNamespace.INFO: see file found "_bootstrap.php","tests/unit" [] []
[2013-06-20 02:02:06] BootstrapCest.bootstrapWithNamespace.INFO: see file found "WebGuy.php","tests/acceptance" [] []
[2013-06-20 02:02:06] BootstrapCest.bootstrapWithNamespace.INFO: see file found "TestGuy.php","tests/functional" [] []
[2013-06-20 02:02:06] BootstrapCest.bootstrapWithNamespace.INFO: see file found "CodeGuy.php","tests/unit" [] []
[2013-06-20 02:02:06] BootstrapCest.bootstrapWithNamespace.INFO: see file found "WebHelper.php","tests/_helpers" [] []
[2013-06-20 02:02:06] BootstrapCest.bootstrapWithNamespace.INFO: see file found "TestHelper.php","tests/_helpers" [] []
[2013-06-20 02:02:06] BootstrapCest.bootstrapWithNamespace.INFO: see file found "CodeHelper.php","tests/_helpers" [] []
[2013-06-20 02:02:06] BootstrapCest.bootstrapWithNamespace.INFO: see file found "WebHelper.php" [] []
[2013-06-20 02:02:06] BootstrapCest.bootstrapWithNamespace.INFO: see in this file "namespace Generated\Codeception\Module;" [] []
[2013-06-20 02:02:06] BootstrapCest.bootstrapWithNamespace.INFO: see file found "WebGuy.php" [] []
[2013-06-20 02:02:06] BootstrapCest.bootstrapWithNamespace.INFO: see in this file "namespace Generated\Codeception;" [] []
[2013-06-20 02:02:06] BootstrapCest.bootstrapWithNamespace.INFO: PASSED [] []
[2013-06-20 02:02:07] IncludedCest.runSuitesFromIncludedConfigs.INFO: am in path "tests/data/included" [] []
[2013-06-20 02:02:07] IncludedCest.runSuitesFromIncludedConfigs.INFO: execute command "run" [] []
[2013-06-20 02:02:07] IncludedCest.runSuitesFromIncludedConfigs.INFO: see in shell output "[Jazz]" [] []
[2013-06-20 02:02:07] IncludedCest.runSuitesFromIncludedConfigs.INFO: see in shell output "Suite Jazz.functional started" [] []
[2013-06-20 02:02:07] IncludedCest.runSuitesFromIncludedConfigs.INFO: see in shell output "[Shire]" [] []
[2013-06-20 02:02:07] IncludedCest.runSuitesFromIncludedConfigs.INFO: see in shell output "Suite Shire.functional started" [] []
[2013-06-20 02:02:07] IncludedCest.runSuitesFromIncludedConfigs.INFO: PASSED [] []
[2013-06-20 02:02:07] IncludedCest.runIncludedWithXmlOutput.INFO: am in path "tests/data/included" [] []
[2013-06-20 02:02:07] IncludedCest.runIncludedWithXmlOutput.INFO: execute command "run --xml" [] []
[2013-06-20 02:02:07] IncludedCest.runIncludedWithXmlOutput.INFO: am in path "_log" [] []
[2013-06-20 02:02:07] IncludedCest.runIncludedWithXmlOutput.INFO: see file found "report.xml" [] []
[2013-06-20 02:02:07] IncludedCest.runIncludedWithXmlOutput.INFO: see in this file "<testsuite name="Jazz.functional" tests="1" assertions="1"" [] []
[2013-06-20 02:02:07] IncludedCest.runIncludedWithXmlOutput.INFO: see in this file "<testsuite name="Shire.functional" tests="1" assertions="1"" [] []
[2013-06-20 02:02:07] IncludedCest.runIncludedWithXmlOutput.INFO: see in this file "<testcase file="HobbitCept.php"" [] []
[2013-06-20 02:02:07] IncludedCest.runIncludedWithXmlOutput.INFO: see in this file "<testcase file="DemoCept.php"" [] []
[2013-06-20 02:02:07] IncludedCest.runIncludedWithXmlOutput.INFO: PASSED [] []
[2013-06-20 02:02:07] IncludedCest.runIncludedWithHtmlOutput.INFO: am in path "tests/data/included" [] []
[2013-06-20 02:02:07] IncludedCest.runIncludedWithHtmlOutput.INFO: execute command "run --html" [] []
[2013-06-20 02:02:07] IncludedCest.runIncludedWithHtmlOutput.INFO: am in path "_log" [] []
[2013-06-20 02:02:07] IncludedCest.runIncludedWithHtmlOutput.INFO: see file found "report.html" [] []
[2013-06-20 02:02:07] IncludedCest.runIncludedWithHtmlOutput.INFO: see in this file "Codeception Results" [] []
[2013-06-20 02:02:07] IncludedCest.runIncludedWithHtmlOutput.INFO: see in this file "Jazz.functional Tests" [] []
[2013-06-20 02:02:07] IncludedCest.runIncludedWithHtmlOutput.INFO: see in this file "check that jazz musicians can add numbers" [] []
[2013-06-20 02:02:07] IncludedCest.runIncludedWithHtmlOutput.INFO: see in this file "Shire.functional Tests" [] []
[2013-06-20 02:02:07] IncludedCest.runIncludedWithHtmlOutput.INFO: PASSED [] []
[2013-06-20 02:02:08] OrderCest.checkOneFile.INFO: am in path "tests/data/sandbox" [] []
[2013-06-20 02:02:08] OrderCest.checkOneFile.INFO: execute command "run order LoadingOrderCept.php" [] []
[2013-06-20 02:02:08] OrderCest.checkOneFile.INFO: i expect initialization, bootstrap(b), before suite, before, bootstrap(b), test(t), after, after suite  [] []
[2013-06-20 02:02:08] OrderCest.checkOneFile.INFO: see file found "order.txt","tests/_log" [] []
[2013-06-20 02:02:08] OrderCest.checkOneFile.INFO: see in this file "IBS([BST])" [] []
[2013-06-20 02:02:08] OrderCest.checkOneFile.INFO: PASSED [] []
[2013-06-20 02:02:08] OrderCest.checkForFails.INFO: am in path "tests/data/sandbox" [] []
[2013-06-20 02:02:08] OrderCest.checkForFails.INFO: execute command "run order FailedCept.php --no-exit" [] []
[2013-06-20 02:02:08] OrderCest.checkForFails.INFO: see file found "order.txt","tests/_log" [] []
[2013-06-20 02:02:08] OrderCest.checkForFails.INFO: i expect initialization, bootstrap, before suite, before, bootstrap, test, fail, after, after suite  [] []
[2013-06-20 02:02:08] OrderCest.checkForFails.INFO: see in this file "IBS([BSTF])" [] []
[2013-06-20 02:02:08] OrderCest.checkForFails.INFO: PASSED [] []
[2013-06-20 02:02:08] OrderCest.checkTwoFiles.INFO: am in path "tests/data/sandbox" [] []
[2013-06-20 02:02:08] OrderCest.checkTwoFiles.INFO: execute command "run order --no-exit" [] []
[2013-06-20 02:02:08] OrderCest.checkTwoFiles.INFO: see file found "order.txt","tests/_log" [] []
[2013-06-20 02:02:08] OrderCest.checkTwoFiles.INFO: see in this file "IBSBSBS([BST][BSTF][BST])" [] []
[2013-06-20 02:02:08] OrderCest.checkTwoFiles.INFO: PASSED [] []
[2013-06-20 02:02:08] RunCest.runOneFile.INFO: am in path "tests/data/sandbox" [] []
[2013-06-20 02:02:08] RunCest.runOneFile.INFO: execute command "run tests/dummy/FileExistsCept.php" [] []
[2013-06-20 02:02:08] RunCest.runOneFile.INFO: see file found "report.html","tests/_log" [] []
[2013-06-20 02:02:08] RunCest.runOneFile.INFO: see in shell output "OK (" [] []
[2013-06-20 02:02:08] RunCest.runOneFile.INFO: PASSED [] []
[2013-06-20 02:02:08] RunCest.runHtml.INFO: am in path "tests/data/sandbox" [] []
[2013-06-20 02:02:08] RunCest.runHtml.INFO: execute command "run dummy --html" [] []
[2013-06-20 02:02:08] RunCest.runHtml.INFO: see file found "report.html","tests/_log" [] []
[2013-06-20 02:02:08] RunCest.runHtml.INFO: PASSED [] []
[2013-06-20 02:02:08] RunCest.runJsonReport.INFO: am in path "tests/data/sandbox" [] []
[2013-06-20 02:02:08] RunCest.runJsonReport.INFO: execute command "run dummy --json" [] []
[2013-06-20 02:02:08] RunCest.runJsonReport.INFO: see file found "report.json","tests/_log" [] []
[2013-06-20 02:02:08] RunCest.runJsonReport.INFO: see in this file ""suite":" [] []
[2013-06-20 02:02:08] RunCest.runJsonReport.INFO: see in this file ""dummy"" [] []
[2013-06-20 02:02:08] RunCest.runJsonReport.INFO: PASSED [] []
[2013-06-20 02:02:08] RunCest.runTapReport.INFO: am in path "tests/data/sandbox" [] []
[2013-06-20 02:02:08] RunCest.runTapReport.INFO: execute command "run dummy --tap" [] []
[2013-06-20 02:02:09] RunCest.runTapReport.INFO: see file found "report.tap.log","tests/_log" [] []
[2013-06-20 02:02:09] RunCest.runTapReport.INFO: PASSED [] []
[2013-06-20 02:02:09] RunCest.runXmlReport.INFO: am in path "tests/data/sandbox" [] []
[2013-06-20 02:02:09] RunCest.runXmlReport.INFO: execute command "run dummy --xml" [] []
[2013-06-20 02:02:09] RunCest.runXmlReport.INFO: see file found "report.xml","tests/_log" [] []
[2013-06-20 02:02:09] RunCest.runXmlReport.INFO: see in this file "<?xml" [] []
[2013-06-20 02:02:09] RunCest.runXmlReport.INFO: see in this file "<testsuite name="dummy"" [] []
[2013-06-20 02:02:09] RunCest.runXmlReport.INFO: see in this file "<testcase file="FileExistsCept.php"" [] []
[2013-06-20 02:02:09] RunCest.runXmlReport.INFO: PASSED [] []
[2013-06-20 02:02:09] RunCest.runReportMode.INFO: am in path "tests/data/sandbox" [] []
[2013-06-20 02:02:09] RunCest.runReportMode.INFO: execute command "run dummy --report" [] []
[2013-06-20 02:02:09] RunCest.runReportMode.INFO: see in shell output "FileExistsCept.php" [] []
[2013-06-20 02:02:09] RunCest.runReportMode.INFO: see in shell output "........Ok" [] []
[2013-06-20 02:02:09] RunCest.runReportMode.INFO: PASSED [] []
[2013-06-20 02:02:09] RunCest.runOneGroup.INFO: am in path "tests/data/sandbox" [] []
[2013-06-20 02:02:09] RunCest.runOneGroup.INFO: execute command "run skipped -g notorun" [] []
[2013-06-20 02:02:09] RunCest.runOneGroup.INFO: see in shell output "Incomplete" [] []
[2013-06-20 02:02:09] RunCest.runOneGroup.INFO: don't see in shell output "Skipped" [] []
[2013-06-20 02:02:09] RunCest.runOneGroup.INFO: PASSED [] []
[2013-06-20 02:02:09] RunCest.runTwoSuites.INFO: am in path "tests/data/sandbox" [] []
[2013-06-20 02:02:09] RunCest.runTwoSuites.INFO: execute command "run skipped,dummy --no-exit" [] []
[2013-06-20 02:02:09] RunCest.runTwoSuites.INFO: see in shell output "Suite skipped started" [] []
[2013-06-20 02:02:09] RunCest.runTwoSuites.INFO: see in shell output "Suite dummy started" [] []
[2013-06-20 02:02:09] RunCest.runTwoSuites.INFO: don't see in shell output "Suite remote started" [] []
[2013-06-20 02:02:09] RunCest.runTwoSuites.INFO: PASSED [] []
[2013-06-20 02:02:09] RunCest.skipSuites.INFO: am in path "tests/data/sandbox" [] []
[2013-06-20 02:02:09] RunCest.skipSuites.INFO: execute command "run --skip skipped --skip remote --skip remote_server --skip order" [] []
[2013-06-20 02:02:09] RunCest.skipSuites.INFO: see in shell output "Suite dummy started" [] []
[2013-06-20 02:02:09] RunCest.skipSuites.INFO: don't see in shell output "Suite remote started" [] []
[2013-06-20 02:02:09] RunCest.skipSuites.INFO: don't see in shell output "Suite remote_server started" [] []
[2013-06-20 02:02:09] RunCest.skipSuites.INFO: don't see in shell output "Suite order started" [] []
[2013-06-20 02:02:09] RunCest.skipSuites.INFO: PASSED [] []
[2013-06-20 02:05:49] BuildCept.php.INFO: run shell commmand "php codecept build" [] []
[2013-06-20 02:05:50] BuildCept.php.INFO: see in shell output "generated successfully" [] []
[2013-06-20 02:05:50] BuildCept.php.INFO: see file found "CodeGuy.php","tests/unit" [] []
[2013-06-20 02:05:50] BuildCept.php.INFO: see file found "CliGuy.php","tests/cli" [] []
[2013-06-20 02:05:50] BuildCept.php.INFO: see in this file "seeFileFound(" [] []
[2013-06-20 02:05:50] BuildCept.php.INFO: PASSED [] []
[2013-06-20 02:05:50] GenerateCeptCept.php.INFO: am in path "tests/data/sandbox" [] []
[2013-06-20 02:05:50] GenerateCeptCept.php.INFO: execute command "generate:cept dummy DummyCept" [] []
[2013-06-20 02:05:50] GenerateCeptCept.php.INFO: see file found "DummyCept.php","tests/dummy" [] []
[2013-06-20 02:05:50] GenerateCeptCept.php.INFO: see in this file "$I = new DumbGuy($scenario);" [] []
[2013-06-20 02:05:50] GenerateCeptCept.php.INFO: delete this file  [] []
[2013-06-20 02:05:50] GenerateCeptCept.php.INFO: i am going to create scenario in folder  [] []
[2013-06-20 02:05:50] GenerateCeptCept.php.INFO: execute command "generate:cept dummy path/DummyCept" [] []
[2013-06-20 02:05:51] GenerateCeptCept.php.INFO: see file found "DummyCept.php","tests/dummy/path" [] []
[2013-06-20 02:05:51] GenerateCeptCept.php.INFO: delete this file  [] []
[2013-06-20 02:05:51] GenerateCeptCept.php.INFO: i am going to create file with cept.php suffix  [] []
[2013-06-20 02:05:51] GenerateCeptCept.php.INFO: execute command "generate:cept dummy DummyCept.php" [] []
[2013-06-20 02:05:52] GenerateCeptCept.php.INFO: see file found "DummyCept.php" [] []
[2013-06-20 02:05:52] GenerateCeptCept.php.INFO: delete this file  [] []
[2013-06-20 02:05:52] GenerateCeptCept.php.INFO: i am going to create file without any suffix  [] []
[2013-06-20 02:05:52] GenerateCeptCept.php.INFO: execute command "generate:cept dummy Dummy" [] []
[2013-06-20 02:05:52] GenerateCeptCept.php.INFO: see file found "DummyCept.php" [] []
[2013-06-20 02:05:52] GenerateCeptCept.php.INFO: PASSED [] []
[2013-06-20 02:05:52] GenerateCestCept.php.INFO: am in path "tests/data/sandbox" [] []
[2013-06-20 02:05:52] GenerateCestCept.php.INFO: execute command "generate:cest dummy DummyClass" [] []
[2013-06-20 02:05:53] GenerateCestCept.php.INFO: see file found "DummyClassCest.php" [] []
[2013-06-20 02:05:53] GenerateCestCept.php.INFO: see in this file "class DummyClassCest" [] []
[2013-06-20 02:05:53] GenerateCestCept.php.INFO: PASSED [] []
[2013-06-20 02:05:53] GeneratePhpUnitCept.php.INFO: am in path "tests/data/sandbox" [] []
[2013-06-20 02:05:53] GeneratePhpUnitCept.php.INFO: execute command "generate:phpunit dummy Dummy" [] []
[2013-06-20 02:05:53] GeneratePhpUnitCept.php.INFO: see file found "DummyTest.php" [] []
[2013-06-20 02:05:53] GeneratePhpUnitCept.php.INFO: see in this file "class DummyTest extends \PHPUnit_Framework_TestCase" [] []
[2013-06-20 02:05:53] GeneratePhpUnitCept.php.INFO: see in this file "function setUp()" [] []
[2013-06-20 02:05:53] GeneratePhpUnitCept.php.INFO: PASSED [] []
[2013-06-20 02:05:53] GeneratePhpUnitWithHierarchyPathsCept.php.INFO: am in path "tests/data/sandbox" [] []
[2013-06-20 02:05:53] GeneratePhpUnitWithHierarchyPathsCept.php.INFO: execute command "generate:phpunit dummy Dummy/Foo/Bar" [] []
[2013-06-20 02:05:54] GeneratePhpUnitWithHierarchyPathsCept.php.INFO: see file found "Dummy/Foo/BarTest.php" [] []
[2013-06-20 02:05:54] GeneratePhpUnitWithHierarchyPathsCept.php.ALERT: Dummy/Foo/BarTest.php in /home/davert/Codeception//tests/data/sandbox/ [] []
[2013-06-20 02:05:54] GeneratePhpUnitWithHierarchyPathsCept.php.INFO: # FAILED # [] []
[2013-06-20 02:05:54] GeneratePhpUnitWithHierarchyPathsCept.php.INFO: PASSED [] []
[2013-06-20 02:05:54] GenerateScenariosCept.php.INFO: am in path "tests/data/sandbox" [] []
[2013-06-20 02:05:54] GenerateScenariosCept.php.INFO: execute command "generate:scenarios dummy" [] []
[2013-06-20 02:05:55] GenerateScenariosCept.php.INFO: see file found "File_Exists.txt","tests/_data/scenarios" [] []
[2013-06-20 02:05:55] GenerateScenariosCept.php.INFO: see file contents equal "I WANT TO CHECK CONFIG EXISTS

I see file found "codeception.yml"" [] []
[2013-06-20 02:05:55] GenerateScenariosCept.php.INFO: PASSED [] []
[2013-06-20 02:05:55] GenerateSuiteCept.php.INFO: as a developer who likes testing  [] []
[2013-06-20 02:05:55] GenerateSuiteCept.php.INFO: so that i have a better tests categorization  [] []
[2013-06-20 02:05:55] GenerateSuiteCept.php.INFO: am in path "tests/data/sandbox" [] []
[2013-06-20 02:05:55] GenerateSuiteCept.php.INFO: execute command "generate:suite house HouseGuy" [] []
[2013-06-20 02:05:55] GenerateSuiteCept.php.INFO: see file found "house.suite.yml","tests" [] []
[2013-06-20 02:05:55] GenerateSuiteCept.php.INFO: i expect guy class is generated  [] []
[2013-06-20 02:05:55] GenerateSuiteCept.php.INFO: see in this file "class_name: HouseGuy" [] []
[2013-06-20 02:05:55] GenerateSuiteCept.php.INFO: see file found "HouseHelper.php","tests/_helpers" [] []
[2013-06-20 02:05:55] GenerateSuiteCept.php.INFO: see file found "_bootstrap.php","tests/house" [] []
[2013-06-20 02:05:55] GenerateSuiteCept.php.INFO: PASSED [] []
[2013-06-20 02:05:55] GenerateTestCept.php.INFO: am in path "tests/data/sandbox" [] []
[2013-06-20 02:05:55] GenerateTestCept.php.INFO: execute command "generate:test dummy Dummy" [] []
[2013-06-20 02:05:56] GenerateTestCept.php.INFO: see file found "DummyTest.php" [] []
[2013-06-20 02:05:56] GenerateTestCept.php.INFO: see in this file "class DummyTest extends \Codeception\TestCase\Test" [] []
[2013-06-20 02:05:56] GenerateTestCept.php.INFO: see in this file "protected $dumbGuy" [] []
[2013-06-20 02:05:56] GenerateTestCept.php.INFO: see in this file "function _before(" [] []
[2013-06-20 02:05:56] GenerateTestCept.php.INFO: PASSED [] []
[2013-06-20 02:05:56] RunIncompleteCept.php.INFO: am in path "tests/data/sandbox" [] []
[2013-06-20 02:05:56] RunIncompleteCept.php.INFO: execute command "run skipped IncompleteMeCept.php" [] []
[2013-06-20 02:05:56] RunIncompleteCept.php.INFO: see in shell output "(IncompleteMeCept.php)  INCOMPLETE" [] []
[2013-06-20 02:05:56] RunIncompleteCept.php.INFO: see in shell output "OK, but incomplete or skipped tests!" [] []
[2013-06-20 02:05:56] RunIncompleteCept.php.INFO: PASSED [] []
[2013-06-20 02:05:56] RunSkippedCept.php.INFO: am in path "tests/data/sandbox" [] []
[2013-06-20 02:05:56] RunSkippedCept.php.INFO: execute command "run skipped SkipMeCept.php" [] []
[2013-06-20 02:05:56] RunSkippedCept.php.INFO: see in shell output "(SkipMeCept.php)  SKIPPED" [] []
[2013-06-20 02:05:56] RunSkippedCept.php.INFO: see in shell output "OK, but incomplete or skipped tests!" [] []
[2013-06-20 02:05:56] RunSkippedCept.php.INFO: PASSED [] []
[2013-06-20 02:05:56] ns\NotWorkingCept.php.INFO: PASSED [] []
[2013-06-20 02:05:56] BootstrapCest.bootstrapProject.INFO: am in path "tests/data/sandbox/tests/_data/" [] []
[2013-06-20 02:05:56] BootstrapCest.bootstrapProject.INFO: execute command "bootstrap" [] []
[2013-06-20 02:05:57] BootstrapCest.bootstrapProject.INFO: see file found "codeception.yml" [] []
[2013-06-20 02:05:57] BootstrapCest.bootstrapProject.INFO: see file found "functional.suite.yml","tests" [] []
[2013-06-20 02:05:57] BootstrapCest.bootstrapProject.INFO: see file found "acceptance.suite.yml","tests" [] []
[2013-06-20 02:05:57] BootstrapCest.bootstrapProject.INFO: see file found "unit.suite.yml","tests" [] []
[2013-06-20 02:05:57] BootstrapCest.bootstrapProject.INFO: see file found "_bootstrap.php","tests/acceptance" [] []
[2013-06-20 02:05:57] BootstrapCest.bootstrapProject.INFO: see file found "_bootstrap.php","tests/functional" [] []
[2013-06-20 02:05:57] BootstrapCest.bootstrapProject.INFO: see file found "_bootstrap.php","tests/unit" [] []
[2013-06-20 02:05:57] BootstrapCest.bootstrapProject.INFO: see file found "WebGuy.php","tests/acceptance" [] []
[2013-06-20 02:05:57] BootstrapCest.bootstrapProject.INFO: see file found "TestGuy.php","tests/functional" [] []
[2013-06-20 02:05:57] BootstrapCest.bootstrapProject.INFO: see file found "CodeGuy.php","tests/unit" [] []
[2013-06-20 02:05:57] BootstrapCest.bootstrapProject.INFO: see file found "WebHelper.php","tests/_helpers" [] []
[2013-06-20 02:05:57] BootstrapCest.bootstrapProject.INFO: see file found "TestHelper.php","tests/_helpers" [] []
[2013-06-20 02:05:57] BootstrapCest.bootstrapProject.INFO: see file found "CodeHelper.php","tests/_helpers" [] []
[2013-06-20 02:05:57] BootstrapCest.bootstrapProject.INFO: see in shell output "Building Guy classes for suites" [] []
[2013-06-20 02:05:57] BootstrapCest.bootstrapProject.INFO: PASSED [] []
[2013-06-20 02:05:57] BootstrapCest.bootstrapWithNamespace.INFO: am in path "tests/data/sandbox/tests/_data/" [] []
[2013-06-20 02:05:57] BootstrapCest.bootstrapWithNamespace.INFO: execute command "bootstrap --namespace Generated" [] []
[2013-06-20 02:05:58] BootstrapCest.bootstrapWithNamespace.INFO: see in shell output "Building Guy classes for suites" [] []
[2013-06-20 02:05:58] BootstrapCest.bootstrapWithNamespace.INFO: see file found "codeception.yml" [] []
[2013-06-20 02:05:58] BootstrapCest.bootstrapWithNamespace.INFO: see in this file "namespace: Generated" [] []
[2013-06-20 02:05:58] BootstrapCest.bootstrapWithNamespace.INFO: don't see in this file "namespace Generated\" [] []
[2013-06-20 02:05:58] BootstrapCest.bootstrapWithNamespace.INFO: see file found "functional.suite.yml","tests" [] []
[2013-06-20 02:05:58] BootstrapCest.bootstrapWithNamespace.INFO: see file found "acceptance.suite.yml","tests" [] []
[2013-06-20 02:05:58] BootstrapCest.bootstrapWithNamespace.INFO: see file found "unit.suite.yml","tests" [] []
[2013-06-20 02:05:58] BootstrapCest.bootstrapWithNamespace.INFO: see file found "_bootstrap.php","tests/acceptance" [] []
[2013-06-20 02:05:58] BootstrapCest.bootstrapWithNamespace.INFO: see file found "_bootstrap.php","tests/functional" [] []
[2013-06-20 02:05:58] BootstrapCest.bootstrapWithNamespace.INFO: see file found "_bootstrap.php","tests/unit" [] []
[2013-06-20 02:05:58] BootstrapCest.bootstrapWithNamespace.INFO: see file found "WebGuy.php","tests/acceptance" [] []
[2013-06-20 02:05:58] BootstrapCest.bootstrapWithNamespace.INFO: see file found "TestGuy.php","tests/functional" [] []
[2013-06-20 02:05:58] BootstrapCest.bootstrapWithNamespace.INFO: see file found "CodeGuy.php","tests/unit" [] []
[2013-06-20 02:05:58] BootstrapCest.bootstrapWithNamespace.INFO: see file found "WebHelper.php","tests/_helpers" [] []
[2013-06-20 02:05:58] BootstrapCest.bootstrapWithNamespace.INFO: see file found "TestHelper.php","tests/_helpers" [] []
[2013-06-20 02:05:58] BootstrapCest.bootstrapWithNamespace.INFO: see file found "CodeHelper.php","tests/_helpers" [] []
[2013-06-20 02:05:58] BootstrapCest.bootstrapWithNamespace.INFO: see file found "WebHelper.php" [] []
[2013-06-20 02:05:58] BootstrapCest.bootstrapWithNamespace.INFO: see in this file "namespace Generated\Codeception\Module;" [] []
[2013-06-20 02:05:58] BootstrapCest.bootstrapWithNamespace.INFO: see file found "WebGuy.php" [] []
[2013-06-20 02:05:58] BootstrapCest.bootstrapWithNamespace.INFO: see in this file "namespace Generated\Codeception;" [] []
[2013-06-20 02:05:58] BootstrapCest.bootstrapWithNamespace.INFO: PASSED [] []
[2013-06-20 02:05:58] IncludedCest.runSuitesFromIncludedConfigs.INFO: am in path "tests/data/included" [] []
[2013-06-20 02:05:58] IncludedCest.runSuitesFromIncludedConfigs.INFO: execute command "run" [] []
[2013-06-20 02:05:58] IncludedCest.runSuitesFromIncludedConfigs.INFO: see in shell output "[Jazz]" [] []
[2013-06-20 02:05:58] IncludedCest.runSuitesFromIncludedConfigs.INFO: see in shell output "Suite Jazz.functional started" [] []
[2013-06-20 02:05:58] IncludedCest.runSuitesFromIncludedConfigs.INFO: see in shell output "[Shire]" [] []
[2013-06-20 02:05:58] IncludedCest.runSuitesFromIncludedConfigs.INFO: see in shell output "Suite Shire.functional started" [] []
[2013-06-20 02:05:58] IncludedCest.runSuitesFromIncludedConfigs.INFO: PASSED [] []
[2013-06-20 02:05:58] IncludedCest.runIncludedWithXmlOutput.INFO: am in path "tests/data/included" [] []
[2013-06-20 02:05:58] IncludedCest.runIncludedWithXmlOutput.INFO: execute command "run --xml" [] []
[2013-06-20 02:05:58] IncludedCest.runIncludedWithXmlOutput.INFO: am in path "_log" [] []
[2013-06-20 02:05:58] IncludedCest.runIncludedWithXmlOutput.INFO: see file found "report.xml" [] []
[2013-06-20 02:05:58] IncludedCest.runIncludedWithXmlOutput.INFO: see in this file "<testsuite name="Jazz.functional" tests="1" assertions="1"" [] []
[2013-06-20 02:05:58] IncludedCest.runIncludedWithXmlOutput.INFO: see in this file "<testsuite name="Shire.functional" tests="1" assertions="1"" [] []
[2013-06-20 02:05:58] IncludedCest.runIncludedWithXmlOutput.INFO: see in this file "<testcase file="HobbitCept.php"" [] []
[2013-06-20 02:05:58] IncludedCest.runIncludedWithXmlOutput.INFO: see in this file "<testcase file="DemoCept.php"" [] []
[2013-06-20 02:05:58] IncludedCest.runIncludedWithXmlOutput.INFO: PASSED [] []
[2013-06-20 02:05:58] IncludedCest.runIncludedWithHtmlOutput.INFO: am in path "tests/data/included" [] []
[2013-06-20 02:05:58] IncludedCest.runIncludedWithHtmlOutput.INFO: execute command "run --html" [] []
[2013-06-20 02:05:58] IncludedCest.runIncludedWithHtmlOutput.INFO: am in path "_log" [] []
[2013-06-20 02:05:58] IncludedCest.runIncludedWithHtmlOutput.INFO: see file found "report.html" [] []
[2013-06-20 02:05:58] IncludedCest.runIncludedWithHtmlOutput.INFO: see in this file "Codeception Results" [] []
[2013-06-20 02:05:58] IncludedCest.runIncludedWithHtmlOutput.INFO: see in this file "Jazz.functional Tests" [] []
[2013-06-20 02:05:58] IncludedCest.runIncludedWithHtmlOutput.INFO: see in this file "check that jazz musicians can add numbers" [] []
[2013-06-20 02:05:58] IncludedCest.runIncludedWithHtmlOutput.INFO: see in this file "Shire.functional Tests" [] []
[2013-06-20 02:05:58] IncludedCest.runIncludedWithHtmlOutput.INFO: PASSED [] []
[2013-06-20 02:05:58] OrderCest.checkOneFile.INFO: am in path "tests/data/sandbox" [] []
[2013-06-20 02:05:58] OrderCest.checkOneFile.INFO: execute command "run order LoadingOrderCept.php" [] []
[2013-06-20 02:05:58] OrderCest.checkOneFile.INFO: i expect initialization, bootstrap(b), before suite, before, bootstrap(b), test(t), after, after suite  [] []
[2013-06-20 02:05:58] OrderCest.checkOneFile.INFO: see file found "order.txt","tests/_log" [] []
[2013-06-20 02:05:58] OrderCest.checkOneFile.INFO: see in this file "IBS([BST])" [] []
[2013-06-20 02:05:58] OrderCest.checkOneFile.INFO: PASSED [] []
[2013-06-20 02:05:58] OrderCest.checkForFails.INFO: am in path "tests/data/sandbox" [] []
[2013-06-20 02:05:58] OrderCest.checkForFails.INFO: execute command "run order FailedCept.php --no-exit" [] []
[2013-06-20 02:05:58] OrderCest.checkForFails.INFO: see file found "order.txt","tests/_log" [] []
[2013-06-20 02:05:58] OrderCest.checkForFails.INFO: i expect initialization, bootstrap, before suite, before, bootstrap, test, fail, after, after suite  [] []
[2013-06-20 02:05:58] OrderCest.checkForFails.INFO: see in this file "IBS([BSTF])" [] []
[2013-06-20 02:05:58] OrderCest.checkForFails.INFO: PASSED [] []
[2013-06-20 02:05:58] OrderCest.checkTwoFiles.INFO: am in path "tests/data/sandbox" [] []
[2013-06-20 02:05:58] OrderCest.checkTwoFiles.INFO: execute command "run order --no-exit" [] []
[2013-06-20 02:05:59] OrderCest.checkTwoFiles.INFO: see file found "order.txt","tests/_log" [] []
[2013-06-20 02:05:59] OrderCest.checkTwoFiles.INFO: see in this file "IBSBSBS([BST][BSTF][BST])" [] []
[2013-06-20 02:05:59] OrderCest.checkTwoFiles.INFO: PASSED [] []
[2013-06-20 02:05:59] RunCest.runOneFile.INFO: am in path "tests/data/sandbox" [] []
[2013-06-20 02:05:59] RunCest.runOneFile.INFO: execute command "run tests/dummy/FileExistsCept.php" [] []
[2013-06-20 02:05:59] RunCest.runOneFile.INFO: see file found "report.html","tests/_log" [] []
[2013-06-20 02:05:59] RunCest.runOneFile.INFO: see in shell output "OK (" [] []
[2013-06-20 02:05:59] RunCest.runOneFile.INFO: PASSED [] []
[2013-06-20 02:05:59] RunCest.runHtml.INFO: am in path "tests/data/sandbox" [] []
[2013-06-20 02:05:59] RunCest.runHtml.INFO: execute command "run dummy --html" [] []
[2013-06-20 02:05:59] RunCest.runHtml.INFO: see file found "report.html","tests/_log" [] []
[2013-06-20 02:05:59] RunCest.runHtml.INFO: PASSED [] []
[2013-06-20 02:05:59] RunCest.runJsonReport.INFO: am in path "tests/data/sandbox" [] []
[2013-06-20 02:05:59] RunCest.runJsonReport.INFO: execute command "run dummy --json" [] []
[2013-06-20 02:05:59] RunCest.runJsonReport.INFO: see file found "report.json","tests/_log" [] []
[2013-06-20 02:05:59] RunCest.runJsonReport.INFO: see in this file ""suite":" [] []
[2013-06-20 02:05:59] RunCest.runJsonReport.INFO: see in this file ""dummy"" [] []
[2013-06-20 02:05:59] RunCest.runJsonReport.INFO: PASSED [] []
[2013-06-20 02:05:59] RunCest.runTapReport.INFO: am in path "tests/data/sandbox" [] []
[2013-06-20 02:05:59] RunCest.runTapReport.INFO: execute command "run dummy --tap" [] []
[2013-06-20 02:05:59] RunCest.runTapReport.INFO: see file found "report.tap.log","tests/_log" [] []
[2013-06-20 02:05:59] RunCest.runTapReport.INFO: PASSED [] []
[2013-06-20 02:05:59] RunCest.runXmlReport.INFO: am in path "tests/data/sandbox" [] []
[2013-06-20 02:05:59] RunCest.runXmlReport.INFO: execute command "run dummy --xml" [] []
[2013-06-20 02:05:59] RunCest.runXmlReport.INFO: see file found "report.xml","tests/_log" [] []
[2013-06-20 02:05:59] RunCest.runXmlReport.INFO: see in this file "<?xml" [] []
[2013-06-20 02:05:59] RunCest.runXmlReport.INFO: see in this file "<testsuite name="dummy"" [] []
[2013-06-20 02:05:59] RunCest.runXmlReport.INFO: see in this file "<testcase file="FileExistsCept.php"" [] []
[2013-06-20 02:05:59] RunCest.runXmlReport.INFO: PASSED [] []
[2013-06-20 02:05:59] RunCest.runReportMode.INFO: am in path "tests/data/sandbox" [] []
[2013-06-20 02:05:59] RunCest.runReportMode.INFO: execute command "run dummy --report" [] []
[2013-06-20 02:05:59] RunCest.runReportMode.INFO: see in shell output "FileExistsCept.php" [] []
[2013-06-20 02:05:59] RunCest.runReportMode.INFO: see in shell output "........Ok" [] []
[2013-06-20 02:05:59] RunCest.runReportMode.INFO: PASSED [] []
[2013-06-20 02:05:59] RunCest.runOneGroup.INFO: am in path "tests/data/sandbox" [] []
[2013-06-20 02:05:59] RunCest.runOneGroup.INFO: execute command "run skipped -g notorun" [] []
[2013-06-20 02:06:00] RunCest.runOneGroup.INFO: see in shell output "Incomplete" [] []
[2013-06-20 02:06:00] RunCest.runOneGroup.INFO: don't see in shell output "Skipped" [] []
[2013-06-20 02:06:00] RunCest.runOneGroup.INFO: PASSED [] []
[2013-06-20 02:06:00] RunCest.runTwoSuites.INFO: am in path "tests/data/sandbox" [] []
[2013-06-20 02:06:00] RunCest.runTwoSuites.INFO: execute command "run skipped,dummy --no-exit" [] []
[2013-06-20 02:06:00] RunCest.runTwoSuites.INFO: see in shell output "Suite skipped started" [] []
[2013-06-20 02:06:00] RunCest.runTwoSuites.INFO: see in shell output "Suite dummy started" [] []
[2013-06-20 02:06:00] RunCest.runTwoSuites.INFO: don't see in shell output "Suite remote started" [] []
[2013-06-20 02:06:00] RunCest.runTwoSuites.INFO: PASSED [] []
[2013-06-20 02:06:00] RunCest.skipSuites.INFO: am in path "tests/data/sandbox" [] []
[2013-06-20 02:06:00] RunCest.skipSuites.INFO: execute command "run --skip skipped --skip remote --skip remote_server --skip order" [] []
[2013-06-20 02:06:00] RunCest.skipSuites.INFO: see in shell output "Suite dummy started" [] []
[2013-06-20 02:06:00] RunCest.skipSuites.INFO: don't see in shell output "Suite remote started" [] []
[2013-06-20 02:06:00] RunCest.skipSuites.INFO: don't see in shell output "Suite remote_server started" [] []
[2013-06-20 02:06:00] RunCest.skipSuites.INFO: don't see in shell output "Suite order started" [] []
[2013-06-20 02:06:00] RunCest.skipSuites.INFO: PASSED [] []
[2013-06-20 02:06:27] BuildCept.php.INFO: run shell commmand "php codecept build" [] []
[2013-06-20 02:06:27] BuildCept.php.INFO: see in shell output "generated successfully" [] []
[2013-06-20 02:06:27] BuildCept.php.INFO: see file found "CodeGuy.php","tests/unit" [] []
[2013-06-20 02:06:27] BuildCept.php.INFO: see file found "CliGuy.php","tests/cli" [] []
[2013-06-20 02:06:27] BuildCept.php.INFO: see in this file "seeFileFound(" [] []
[2013-06-20 02:06:27] BuildCept.php.INFO: PASSED [] []
[2013-06-20 02:06:27] GenerateCeptCept.php.INFO: am in path "tests/data/sandbox" [] []
[2013-06-20 02:06:27] GenerateCeptCept.php.INFO: execute command "generate:cept dummy DummyCept" [] []
[2013-06-20 02:06:28] GenerateCeptCept.php.INFO: see file found "DummyCept.php","tests/dummy" [] []
[2013-06-20 02:06:28] GenerateCeptCept.php.INFO: see in this file "$I = new DumbGuy($scenario);" [] []
[2013-06-20 02:06:28] GenerateCeptCept.php.INFO: delete this file  [] []
[2013-06-20 02:06:28] GenerateCeptCept.php.INFO: i am going to create scenario in folder  [] []
[2013-06-20 02:06:28] GenerateCeptCept.php.INFO: execute command "generate:cept dummy path/DummyCept" [] []
[2013-06-20 02:06:29] GenerateCeptCept.php.INFO: see file found "DummyCept.php","tests/dummy/path" [] []
[2013-06-20 02:06:29] GenerateCeptCept.php.INFO: delete this file  [] []
[2013-06-20 02:06:29] GenerateCeptCept.php.INFO: i am going to create file with cept.php suffix  [] []
[2013-06-20 02:06:29] GenerateCeptCept.php.INFO: execute command "generate:cept dummy DummyCept.php" [] []
[2013-06-20 02:06:29] GenerateCeptCept.php.INFO: see file found "DummyCept.php" [] []
[2013-06-20 02:06:29] GenerateCeptCept.php.INFO: delete this file  [] []
[2013-06-20 02:06:29] GenerateCeptCept.php.INFO: i am going to create file without any suffix  [] []
[2013-06-20 02:06:29] GenerateCeptCept.php.INFO: execute command "generate:cept dummy Dummy" [] []
[2013-06-20 02:06:30] GenerateCeptCept.php.INFO: see file found "DummyCept.php" [] []
[2013-06-20 02:06:30] GenerateCeptCept.php.INFO: PASSED [] []
[2013-06-20 02:06:30] GenerateCestCept.php.INFO: am in path "tests/data/sandbox" [] []
[2013-06-20 02:06:30] GenerateCestCept.php.INFO: execute command "generate:cest dummy DummyClass" [] []
[2013-06-20 02:06:31] GenerateCestCept.php.INFO: see file found "DummyClassCest.php" [] []
[2013-06-20 02:06:31] GenerateCestCept.php.INFO: see in this file "class DummyClassCest" [] []
[2013-06-20 02:06:31] GenerateCestCept.php.INFO: PASSED [] []
[2013-06-20 02:06:31] GeneratePhpUnitCept.php.INFO: am in path "tests/data/sandbox" [] []
[2013-06-20 02:06:31] GeneratePhpUnitCept.php.INFO: execute command "generate:phpunit dummy Dummy" [] []
[2013-06-20 02:06:31] GeneratePhpUnitCept.php.INFO: see file found "DummyTest.php" [] []
[2013-06-20 02:06:31] GeneratePhpUnitCept.php.INFO: see in this file "class DummyTest extends \PHPUnit_Framework_TestCase" [] []
[2013-06-20 02:06:31] GeneratePhpUnitCept.php.INFO: see in this file "function setUp()" [] []
[2013-06-20 02:06:31] GeneratePhpUnitCept.php.INFO: PASSED [] []
[2013-06-20 02:06:31] GeneratePhpUnitWithHierarchyPathsCept.php.INFO: am in path "tests/data/sandbox" [] []
[2013-06-20 02:06:31] GeneratePhpUnitWithHierarchyPathsCept.php.INFO: execute command "generate:phpunit dummy Dummy/Foo/Bar" [] []
[2013-06-20 02:06:32] GeneratePhpUnitWithHierarchyPathsCept.php.INFO: see file found "dummy/Dummy/Foo/BarTest.php" [] []
[2013-06-20 02:06:32] GeneratePhpUnitWithHierarchyPathsCept.php.ALERT: dummy/Dummy/Foo/BarTest.php in /home/davert/Codeception//tests/data/sandbox/ [] []
[2013-06-20 02:06:32] GeneratePhpUnitWithHierarchyPathsCept.php.INFO: # FAILED # [] []
[2013-06-20 02:06:32] GeneratePhpUnitWithHierarchyPathsCept.php.INFO: PASSED [] []
[2013-06-20 02:06:32] GenerateScenariosCept.php.INFO: am in path "tests/data/sandbox" [] []
[2013-06-20 02:06:32] GenerateScenariosCept.php.INFO: execute command "generate:scenarios dummy" [] []
[2013-06-20 02:06:33] GenerateScenariosCept.php.INFO: see file found "File_Exists.txt","tests/_data/scenarios" [] []
[2013-06-20 02:06:33] GenerateScenariosCept.php.INFO: see file contents equal "I WANT TO CHECK CONFIG EXISTS

I see file found "codeception.yml"" [] []
[2013-06-20 02:06:33] GenerateScenariosCept.php.INFO: PASSED [] []
[2013-06-20 02:06:33] GenerateSuiteCept.php.INFO: as a developer who likes testing  [] []
[2013-06-20 02:06:33] GenerateSuiteCept.php.INFO: so that i have a better tests categorization  [] []
[2013-06-20 02:06:33] GenerateSuiteCept.php.INFO: am in path "tests/data/sandbox" [] []
[2013-06-20 02:06:33] GenerateSuiteCept.php.INFO: execute command "generate:suite house HouseGuy" [] []
[2013-06-20 02:06:33] GenerateSuiteCept.php.INFO: see file found "house.suite.yml","tests" [] []
[2013-06-20 02:06:33] GenerateSuiteCept.php.INFO: i expect guy class is generated  [] []
[2013-06-20 02:06:33] GenerateSuiteCept.php.INFO: see in this file "class_name: HouseGuy" [] []
[2013-06-20 02:06:33] GenerateSuiteCept.php.INFO: see file found "HouseHelper.php","tests/_helpers" [] []
[2013-06-20 02:06:33] GenerateSuiteCept.php.INFO: see file found "_bootstrap.php","tests/house" [] []
[2013-06-20 02:06:33] GenerateSuiteCept.php.INFO: PASSED [] []
[2013-06-20 02:06:33] GenerateTestCept.php.INFO: am in path "tests/data/sandbox" [] []
[2013-06-20 02:06:33] GenerateTestCept.php.INFO: execute command "generate:test dummy Dummy" [] []
[2013-06-20 02:06:34] GenerateTestCept.php.INFO: see file found "DummyTest.php" [] []
[2013-06-20 02:06:34] GenerateTestCept.php.INFO: see in this file "class DummyTest extends \Codeception\TestCase\Test" [] []
[2013-06-20 02:06:34] GenerateTestCept.php.INFO: see in this file "protected $dumbGuy" [] []
[2013-06-20 02:06:34] GenerateTestCept.php.INFO: see in this file "function _before(" [] []
[2013-06-20 02:06:34] GenerateTestCept.php.INFO: PASSED [] []
[2013-06-20 02:06:34] RunIncompleteCept.php.INFO: am in path "tests/data/sandbox" [] []
[2013-06-20 02:06:34] RunIncompleteCept.php.INFO: execute command "run skipped IncompleteMeCept.php" [] []
[2013-06-20 02:06:34] RunIncompleteCept.php.INFO: see in shell output "(IncompleteMeCept.php)  INCOMPLETE" [] []
[2013-06-20 02:06:34] RunIncompleteCept.php.INFO: see in shell output "OK, but incomplete or skipped tests!" [] []
[2013-06-20 02:06:34] RunIncompleteCept.php.INFO: PASSED [] []
[2013-06-20 02:06:34] RunSkippedCept.php.INFO: am in path "tests/data/sandbox" [] []
[2013-06-20 02:06:34] RunSkippedCept.php.INFO: execute command "run skipped SkipMeCept.php" [] []
[2013-06-20 02:06:34] RunSkippedCept.php.INFO: see in shell output "(SkipMeCept.php)  SKIPPED" [] []
[2013-06-20 02:06:34] RunSkippedCept.php.INFO: see in shell output "OK, but incomplete or skipped tests!" [] []
[2013-06-20 02:06:34] RunSkippedCept.php.INFO: PASSED [] []
[2013-06-20 02:06:34] ns\NotWorkingCept.php.INFO: PASSED [] []
[2013-06-20 02:06:34] BootstrapCest.bootstrapProject.INFO: am in path "tests/data/sandbox/tests/_data/" [] []
[2013-06-20 02:06:34] BootstrapCest.bootstrapProject.INFO: execute command "bootstrap" [] []
[2013-06-20 02:06:35] BootstrapCest.bootstrapProject.INFO: see file found "codeception.yml" [] []
[2013-06-20 02:06:35] BootstrapCest.bootstrapProject.INFO: see file found "functional.suite.yml","tests" [] []
[2013-06-20 02:06:35] BootstrapCest.bootstrapProject.INFO: see file found "acceptance.suite.yml","tests" [] []
[2013-06-20 02:06:35] BootstrapCest.bootstrapProject.INFO: see file found "unit.suite.yml","tests" [] []
[2013-06-20 02:06:35] BootstrapCest.bootstrapProject.INFO: see file found "_bootstrap.php","tests/acceptance" [] []
[2013-06-20 02:06:35] BootstrapCest.bootstrapProject.INFO: see file found "_bootstrap.php","tests/functional" [] []
[2013-06-20 02:06:35] BootstrapCest.bootstrapProject.INFO: see file found "_bootstrap.php","tests/unit" [] []
[2013-06-20 02:06:35] BootstrapCest.bootstrapProject.INFO: see file found "WebGuy.php","tests/acceptance" [] []
[2013-06-20 02:06:35] BootstrapCest.bootstrapProject.INFO: see file found "TestGuy.php","tests/functional" [] []
[2013-06-20 02:06:35] BootstrapCest.bootstrapProject.INFO: see file found "CodeGuy.php","tests/unit" [] []
[2013-06-20 02:06:35] BootstrapCest.bootstrapProject.INFO: see file found "WebHelper.php","tests/_helpers" [] []
[2013-06-20 02:06:35] BootstrapCest.bootstrapProject.INFO: see file found "TestHelper.php","tests/_helpers" [] []
[2013-06-20 02:06:35] BootstrapCest.bootstrapProject.INFO: see file found "CodeHelper.php","tests/_helpers" [] []
[2013-06-20 02:06:35] BootstrapCest.bootstrapProject.INFO: see in shell output "Building Guy classes for suites" [] []
[2013-06-20 02:06:35] BootstrapCest.bootstrapProject.INFO: PASSED [] []
[2013-06-20 02:06:35] BootstrapCest.bootstrapWithNamespace.INFO: am in path "tests/data/sandbox/tests/_data/" [] []
[2013-06-20 02:06:35] BootstrapCest.bootstrapWithNamespace.INFO: execute command "bootstrap --namespace Generated" [] []
[2013-06-20 02:06:36] BootstrapCest.bootstrapWithNamespace.INFO: see in shell output "Building Guy classes for suites" [] []
[2013-06-20 02:06:36] BootstrapCest.bootstrapWithNamespace.INFO: see file found "codeception.yml" [] []
[2013-06-20 02:06:36] BootstrapCest.bootstrapWithNamespace.INFO: see in this file "namespace: Generated" [] []
[2013-06-20 02:06:36] BootstrapCest.bootstrapWithNamespace.INFO: don't see in this file "namespace Generated\" [] []
[2013-06-20 02:06:36] BootstrapCest.bootstrapWithNamespace.INFO: see file found "functional.suite.yml","tests" [] []
[2013-06-20 02:06:36] BootstrapCest.bootstrapWithNamespace.INFO: see file found "acceptance.suite.yml","tests" [] []
[2013-06-20 02:06:36] BootstrapCest.bootstrapWithNamespace.INFO: see file found "unit.suite.yml","tests" [] []
[2013-06-20 02:06:36] BootstrapCest.bootstrapWithNamespace.INFO: see file found "_bootstrap.php","tests/acceptance" [] []
[2013-06-20 02:06:36] BootstrapCest.bootstrapWithNamespace.INFO: see file found "_bootstrap.php","tests/functional" [] []
[2013-06-20 02:06:36] BootstrapCest.bootstrapWithNamespace.INFO: see file found "_bootstrap.php","tests/unit" [] []
[2013-06-20 02:06:36] BootstrapCest.bootstrapWithNamespace.INFO: see file found "WebGuy.php","tests/acceptance" [] []
[2013-06-20 02:06:36] BootstrapCest.bootstrapWithNamespace.INFO: see file found "TestGuy.php","tests/functional" [] []
[2013-06-20 02:06:36] BootstrapCest.bootstrapWithNamespace.INFO: see file found "CodeGuy.php","tests/unit" [] []
[2013-06-20 02:06:36] BootstrapCest.bootstrapWithNamespace.INFO: see file found "WebHelper.php","tests/_helpers" [] []
[2013-06-20 02:06:36] BootstrapCest.bootstrapWithNamespace.INFO: see file found "TestHelper.php","tests/_helpers" [] []
[2013-06-20 02:06:36] BootstrapCest.bootstrapWithNamespace.INFO: see file found "CodeHelper.php","tests/_helpers" [] []
[2013-06-20 02:06:36] BootstrapCest.bootstrapWithNamespace.INFO: see file found "WebHelper.php" [] []
[2013-06-20 02:06:36] BootstrapCest.bootstrapWithNamespace.INFO: see in this file "namespace Generated\Codeception\Module;" [] []
[2013-06-20 02:06:36] BootstrapCest.bootstrapWithNamespace.INFO: see file found "WebGuy.php" [] []
[2013-06-20 02:06:36] BootstrapCest.bootstrapWithNamespace.INFO: see in this file "namespace Generated\Codeception;" [] []
[2013-06-20 02:06:36] BootstrapCest.bootstrapWithNamespace.INFO: PASSED [] []
[2013-06-20 02:06:36] IncludedCest.runSuitesFromIncludedConfigs.INFO: am in path "tests/data/included" [] []
[2013-06-20 02:06:36] IncludedCest.runSuitesFromIncludedConfigs.INFO: execute command "run" [] []
[2013-06-20 02:06:36] IncludedCest.runSuitesFromIncludedConfigs.INFO: see in shell output "[Jazz]" [] []
[2013-06-20 02:06:36] IncludedCest.runSuitesFromIncludedConfigs.INFO: see in shell output "Suite Jazz.functional started" [] []
[2013-06-20 02:06:36] IncludedCest.runSuitesFromIncludedConfigs.INFO: see in shell output "[Shire]" [] []
[2013-06-20 02:06:36] IncludedCest.runSuitesFromIncludedConfigs.INFO: see in shell output "Suite Shire.functional started" [] []
[2013-06-20 02:06:36] IncludedCest.runSuitesFromIncludedConfigs.INFO: PASSED [] []
[2013-06-20 02:06:36] IncludedCest.runIncludedWithXmlOutput.INFO: am in path "tests/data/included" [] []
[2013-06-20 02:06:36] IncludedCest.runIncludedWithXmlOutput.INFO: execute command "run --xml" [] []
[2013-06-20 02:06:36] IncludedCest.runIncludedWithXmlOutput.INFO: am in path "_log" [] []
[2013-06-20 02:06:36] IncludedCest.runIncludedWithXmlOutput.INFO: see file found "report.xml" [] []
[2013-06-20 02:06:36] IncludedCest.runIncludedWithXmlOutput.INFO: see in this file "<testsuite name="Jazz.functional" tests="1" assertions="1"" [] []
[2013-06-20 02:06:36] IncludedCest.runIncludedWithXmlOutput.INFO: see in this file "<testsuite name="Shire.functional" tests="1" assertions="1"" [] []
[2013-06-20 02:06:36] IncludedCest.runIncludedWithXmlOutput.INFO: see in this file "<testcase file="HobbitCept.php"" [] []
[2013-06-20 02:06:36] IncludedCest.runIncludedWithXmlOutput.INFO: see in this file "<testcase file="DemoCept.php"" [] []
[2013-06-20 02:06:36] IncludedCest.runIncludedWithXmlOutput.INFO: PASSED [] []
[2013-06-20 02:06:36] IncludedCest.runIncludedWithHtmlOutput.INFO: am in path "tests/data/included" [] []
[2013-06-20 02:06:36] IncludedCest.runIncludedWithHtmlOutput.INFO: execute command "run --html" [] []
[2013-06-20 02:06:36] IncludedCest.runIncludedWithHtmlOutput.INFO: am in path "_log" [] []
[2013-06-20 02:06:36] IncludedCest.runIncludedWithHtmlOutput.INFO: see file found "report.html" [] []
[2013-06-20 02:06:36] IncludedCest.runIncludedWithHtmlOutput.INFO: see in this file "Codeception Results" [] []
[2013-06-20 02:06:36] IncludedCest.runIncludedWithHtmlOutput.INFO: see in this file "Jazz.functional Tests" [] []
[2013-06-20 02:06:36] IncludedCest.runIncludedWithHtmlOutput.INFO: see in this file "check that jazz musicians can add numbers" [] []
[2013-06-20 02:06:36] IncludedCest.runIncludedWithHtmlOutput.INFO: see in this file "Shire.functional Tests" [] []
[2013-06-20 02:06:36] IncludedCest.runIncludedWithHtmlOutput.INFO: PASSED [] []
[2013-06-20 02:06:36] OrderCest.checkOneFile.INFO: am in path "tests/data/sandbox" [] []
[2013-06-20 02:06:36] OrderCest.checkOneFile.INFO: execute command "run order LoadingOrderCept.php" [] []
[2013-06-20 02:06:37] OrderCest.checkOneFile.INFO: i expect initialization, bootstrap(b), before suite, before, bootstrap(b), test(t), after, after suite  [] []
[2013-06-20 02:06:37] OrderCest.checkOneFile.INFO: see file found "order.txt","tests/_log" [] []
[2013-06-20 02:06:37] OrderCest.checkOneFile.INFO: see in this file "IBS([BST])" [] []
[2013-06-20 02:06:37] OrderCest.checkOneFile.INFO: PASSED [] []
[2013-06-20 02:06:37] OrderCest.checkForFails.INFO: am in path "tests/data/sandbox" [] []
[2013-06-20 02:06:37] OrderCest.checkForFails.INFO: execute command "run order FailedCept.php --no-exit" [] []
[2013-06-20 02:06:37] OrderCest.checkForFails.INFO: see file found "order.txt","tests/_log" [] []
[2013-06-20 02:06:37] OrderCest.checkForFails.INFO: i expect initialization, bootstrap, before suite, before, bootstrap, test, fail, after, after suite  [] []
[2013-06-20 02:06:37] OrderCest.checkForFails.INFO: see in this file "IBS([BSTF])" [] []
[2013-06-20 02:06:37] OrderCest.checkForFails.INFO: PASSED [] []
[2013-06-20 02:06:37] OrderCest.checkTwoFiles.INFO: am in path "tests/data/sandbox" [] []
[2013-06-20 02:06:37] OrderCest.checkTwoFiles.INFO: execute command "run order --no-exit" [] []
[2013-06-20 02:06:37] OrderCest.checkTwoFiles.INFO: see file found "order.txt","tests/_log" [] []
[2013-06-20 02:06:37] OrderCest.checkTwoFiles.INFO: see in this file "IBSBSBS([BST][BSTF][BST])" [] []
[2013-06-20 02:06:37] OrderCest.checkTwoFiles.INFO: PASSED [] []
[2013-06-20 02:06:37] RunCest.runOneFile.INFO: am in path "tests/data/sandbox" [] []
[2013-06-20 02:06:37] RunCest.runOneFile.INFO: execute command "run tests/dummy/FileExistsCept.php" [] []
[2013-06-20 02:06:37] RunCest.runOneFile.INFO: see file found "report.html","tests/_log" [] []
[2013-06-20 02:06:37] RunCest.runOneFile.INFO: see in shell output "OK (" [] []
[2013-06-20 02:06:37] RunCest.runOneFile.INFO: PASSED [] []
[2013-06-20 02:06:37] RunCest.runHtml.INFO: am in path "tests/data/sandbox" [] []
[2013-06-20 02:06:37] RunCest.runHtml.INFO: execute command "run dummy --html" [] []
[2013-06-20 02:06:37] RunCest.runHtml.INFO: see file found "report.html","tests/_log" [] []
[2013-06-20 02:06:37] RunCest.runHtml.INFO: PASSED [] []
[2013-06-20 02:06:37] RunCest.runJsonReport.INFO: am in path "tests/data/sandbox" [] []
[2013-06-20 02:06:37] RunCest.runJsonReport.INFO: execute command "run dummy --json" [] []
[2013-06-20 02:06:37] RunCest.runJsonReport.INFO: see file found "report.json","tests/_log" [] []
[2013-06-20 02:06:37] RunCest.runJsonReport.INFO: see in this file ""suite":" [] []
[2013-06-20 02:06:37] RunCest.runJsonReport.INFO: see in this file ""dummy"" [] []
[2013-06-20 02:06:37] RunCest.runJsonReport.INFO: PASSED [] []
[2013-06-20 02:06:37] RunCest.runTapReport.INFO: am in path "tests/data/sandbox" [] []
[2013-06-20 02:06:37] RunCest.runTapReport.INFO: execute command "run dummy --tap" [] []
[2013-06-20 02:06:37] RunCest.runTapReport.INFO: see file found "report.tap.log","tests/_log" [] []
[2013-06-20 02:06:37] RunCest.runTapReport.INFO: PASSED [] []
[2013-06-20 02:06:37] RunCest.runXmlReport.INFO: am in path "tests/data/sandbox" [] []
[2013-06-20 02:06:37] RunCest.runXmlReport.INFO: execute command "run dummy --xml" [] []
[2013-06-20 02:06:38] RunCest.runXmlReport.INFO: see file found "report.xml","tests/_log" [] []
[2013-06-20 02:06:38] RunCest.runXmlReport.INFO: see in this file "<?xml" [] []
[2013-06-20 02:06:38] RunCest.runXmlReport.INFO: see in this file "<testsuite name="dummy"" [] []
[2013-06-20 02:06:38] RunCest.runXmlReport.INFO: see in this file "<testcase file="FileExistsCept.php"" [] []
[2013-06-20 02:06:38] RunCest.runXmlReport.INFO: PASSED [] []
[2013-06-20 02:06:38] RunCest.runReportMode.INFO: am in path "tests/data/sandbox" [] []
[2013-06-20 02:06:38] RunCest.runReportMode.INFO: execute command "run dummy --report" [] []
[2013-06-20 02:06:39] RunCest.runReportMode.INFO: see in shell output "FileExistsCept.php" [] []
[2013-06-20 02:06:39] RunCest.runReportMode.INFO: see in shell output "........Ok" [] []
[2013-06-20 02:06:39] RunCest.runReportMode.INFO: PASSED [] []
[2013-06-20 02:06:39] RunCest.runOneGroup.INFO: am in path "tests/data/sandbox" [] []
[2013-06-20 02:06:39] RunCest.runOneGroup.INFO: execute command "run skipped -g notorun" [] []
[2013-06-20 02:06:39] RunCest.runOneGroup.INFO: see in shell output "Incomplete" [] []
[2013-06-20 02:06:39] RunCest.runOneGroup.INFO: don't see in shell output "Skipped" [] []
[2013-06-20 02:06:39] RunCest.runOneGroup.INFO: PASSED [] []
[2013-06-20 02:06:39] RunCest.runTwoSuites.INFO: am in path "tests/data/sandbox" [] []
[2013-06-20 02:06:39] RunCest.runTwoSuites.INFO: execute command "run skipped,dummy --no-exit" [] []
[2013-06-20 02:06:39] RunCest.runTwoSuites.INFO: see in shell output "Suite skipped started" [] []
[2013-06-20 02:06:39] RunCest.runTwoSuites.INFO: see in shell output "Suite dummy started" [] []
[2013-06-20 02:06:39] RunCest.runTwoSuites.INFO: don't see in shell output "Suite remote started" [] []
[2013-06-20 02:06:39] RunCest.runTwoSuites.INFO: PASSED [] []
[2013-06-20 02:06:39] RunCest.skipSuites.INFO: am in path "tests/data/sandbox" [] []
[2013-06-20 02:06:39] RunCest.skipSuites.INFO: execute command "run --skip skipped --skip remote --skip remote_server --skip order" [] []
[2013-06-20 02:06:39] RunCest.skipSuites.INFO: see in shell output "Suite dummy started" [] []
[2013-06-20 02:06:39] RunCest.skipSuites.INFO: don't see in shell output "Suite remote started" [] []
[2013-06-20 02:06:39] RunCest.skipSuites.INFO: don't see in shell output "Suite remote_server started" [] []
[2013-06-20 02:06:39] RunCest.skipSuites.INFO: don't see in shell output "Suite order started" [] []
[2013-06-20 02:06:39] RunCest.skipSuites.INFO: PASSED [] []
[2013-06-20 02:09:12] BuildCept.php.INFO: run shell commmand "php codecept build" [] []
[2013-06-20 02:09:13] BuildCept.php.INFO: see in shell output "generated successfully" [] []
[2013-06-20 02:09:13] BuildCept.php.INFO: see file found "CodeGuy.php","tests/unit" [] []
[2013-06-20 02:09:13] BuildCept.php.INFO: see file found "CliGuy.php","tests/cli" [] []
[2013-06-20 02:09:13] BuildCept.php.INFO: see in this file "seeFileFound(" [] []
[2013-06-20 02:09:13] BuildCept.php.INFO: PASSED [] []
[2013-06-20 02:09:13] GenerateCeptCept.php.INFO: am in path "tests/data/sandbox" [] []
[2013-06-20 02:09:13] GenerateCeptCept.php.INFO: execute command "generate:cept dummy DummyCept" [] []
[2013-06-20 02:09:13] GenerateCeptCept.php.INFO: see file found "DummyCept.php","tests/dummy" [] []
[2013-06-20 02:09:13] GenerateCeptCept.php.INFO: see in this file "$I = new DumbGuy($scenario);" [] []
[2013-06-20 02:09:13] GenerateCeptCept.php.INFO: delete this file  [] []
[2013-06-20 02:09:13] GenerateCeptCept.php.INFO: i am going to create scenario in folder  [] []
[2013-06-20 02:09:13] GenerateCeptCept.php.INFO: execute command "generate:cept dummy path/DummyCept" [] []
[2013-06-20 02:09:14] GenerateCeptCept.php.INFO: see file found "DummyCept.php","tests/dummy/path" [] []
[2013-06-20 02:09:14] GenerateCeptCept.php.INFO: delete this file  [] []
[2013-06-20 02:09:14] GenerateCeptCept.php.INFO: i am going to create file with cept.php suffix  [] []
[2013-06-20 02:09:14] GenerateCeptCept.php.INFO: execute command "generate:cept dummy DummyCept.php" [] []
[2013-06-20 02:09:15] GenerateCeptCept.php.INFO: see file found "DummyCept.php" [] []
[2013-06-20 02:09:15] GenerateCeptCept.php.INFO: delete this file  [] []
[2013-06-20 02:09:15] GenerateCeptCept.php.INFO: i am going to create file without any suffix  [] []
[2013-06-20 02:09:15] GenerateCeptCept.php.INFO: execute command "generate:cept dummy Dummy" [] []
[2013-06-20 02:09:15] GenerateCeptCept.php.INFO: see file found "DummyCept.php" [] []
[2013-06-20 02:09:15] GenerateCeptCept.php.INFO: PASSED [] []
[2013-06-20 02:09:15] GenerateCestCept.php.INFO: am in path "tests/data/sandbox" [] []
[2013-06-20 02:09:15] GenerateCestCept.php.INFO: execute command "generate:cest dummy DummyClass" [] []
[2013-06-20 02:09:16] GenerateCestCept.php.INFO: see file found "DummyClassCest.php" [] []
[2013-06-20 02:09:16] GenerateCestCept.php.INFO: see in this file "class DummyClassCest" [] []
[2013-06-20 02:09:16] GenerateCestCept.php.INFO: PASSED [] []
[2013-06-20 02:09:16] GeneratePhpUnitCept.php.INFO: am in path "tests/data/sandbox" [] []
[2013-06-20 02:09:16] GeneratePhpUnitCept.php.INFO: execute command "generate:phpunit dummy Dummy" [] []
[2013-06-20 02:09:16] GeneratePhpUnitCept.php.INFO: see file found "DummyTest.php" [] []
[2013-06-20 02:09:16] GeneratePhpUnitCept.php.INFO: see in this file "class DummyTest extends \PHPUnit_Framework_TestCase" [] []
[2013-06-20 02:09:16] GeneratePhpUnitCept.php.INFO: see in this file "function setUp()" [] []
[2013-06-20 02:09:16] GeneratePhpUnitCept.php.INFO: PASSED [] []
[2013-06-20 02:09:16] GeneratePhpUnitWithHierarchyPathsCept.php.INFO: am in path "tests/data/sandbox" [] []
[2013-06-20 02:09:16] GeneratePhpUnitWithHierarchyPathsCept.php.INFO: execute command "generate:phpunit dummy Dummy/Foo/Bar" [] []
[2013-06-20 02:09:17] GeneratePhpUnitWithHierarchyPathsCept.php.INFO: see file found "dummy/Dummy/Foo/BarTest.php" [] []
[2013-06-20 02:09:17] GeneratePhpUnitWithHierarchyPathsCept.php.ALERT: dummy/Dummy/Foo/BarTest.php in /home/davert/Codeception//tests/data/sandbox/ [] []
[2013-06-20 02:09:17] GeneratePhpUnitWithHierarchyPathsCept.php.INFO: # FAILED # [] []
[2013-06-20 02:09:17] GeneratePhpUnitWithHierarchyPathsCept.php.INFO: PASSED [] []
[2013-06-20 02:09:17] GenerateScenariosCept.php.INFO: am in path "tests/data/sandbox" [] []
[2013-06-20 02:09:17] GenerateScenariosCept.php.INFO: execute command "generate:scenarios dummy" [] []
[2013-06-20 02:09:18] GenerateScenariosCept.php.INFO: see file found "File_Exists.txt","tests/_data/scenarios" [] []
[2013-06-20 02:09:18] GenerateScenariosCept.php.INFO: see file contents equal "I WANT TO CHECK CONFIG EXISTS

I see file found "codeception.yml"" [] []
[2013-06-20 02:09:18] GenerateScenariosCept.php.INFO: PASSED [] []
[2013-06-20 02:09:18] GenerateSuiteCept.php.INFO: as a developer who likes testing  [] []
[2013-06-20 02:09:18] GenerateSuiteCept.php.INFO: so that i have a better tests categorization  [] []
[2013-06-20 02:09:18] GenerateSuiteCept.php.INFO: am in path "tests/data/sandbox" [] []
[2013-06-20 02:09:18] GenerateSuiteCept.php.INFO: execute command "generate:suite house HouseGuy" [] []
[2013-06-20 02:09:18] GenerateSuiteCept.php.INFO: see file found "house.suite.yml","tests" [] []
[2013-06-20 02:09:18] GenerateSuiteCept.php.INFO: i expect guy class is generated  [] []
[2013-06-20 02:09:18] GenerateSuiteCept.php.INFO: see in this file "class_name: HouseGuy" [] []
[2013-06-20 02:09:18] GenerateSuiteCept.php.INFO: see file found "HouseHelper.php","tests/_helpers" [] []
[2013-06-20 02:09:18] GenerateSuiteCept.php.INFO: see file found "_bootstrap.php","tests/house" [] []
[2013-06-20 02:09:18] GenerateSuiteCept.php.INFO: PASSED [] []
[2013-06-20 02:09:18] GenerateTestCept.php.INFO: am in path "tests/data/sandbox" [] []
[2013-06-20 02:09:18] GenerateTestCept.php.INFO: execute command "generate:test dummy Dummy" [] []
[2013-06-20 02:09:19] GenerateTestCept.php.INFO: see file found "DummyTest.php" [] []
[2013-06-20 02:09:19] GenerateTestCept.php.INFO: see in this file "class DummyTest extends \Codeception\TestCase\Test" [] []
[2013-06-20 02:09:19] GenerateTestCept.php.INFO: see in this file "protected $dumbGuy" [] []
[2013-06-20 02:09:19] GenerateTestCept.php.INFO: see in this file "function _before(" [] []
[2013-06-20 02:09:19] GenerateTestCept.php.INFO: PASSED [] []
[2013-06-20 02:09:19] RunIncompleteCept.php.INFO: am in path "tests/data/sandbox" [] []
[2013-06-20 02:09:19] RunIncompleteCept.php.INFO: execute command "run skipped IncompleteMeCept.php" [] []
[2013-06-20 02:09:19] RunIncompleteCept.php.INFO: see in shell output "(IncompleteMeCept.php)  INCOMPLETE" [] []
[2013-06-20 02:09:19] RunIncompleteCept.php.INFO: see in shell output "OK, but incomplete or skipped tests!" [] []
[2013-06-20 02:09:19] RunIncompleteCept.php.INFO: PASSED [] []
[2013-06-20 02:09:19] RunSkippedCept.php.INFO: am in path "tests/data/sandbox" [] []
[2013-06-20 02:09:19] RunSkippedCept.php.INFO: execute command "run skipped SkipMeCept.php" [] []
[2013-06-20 02:09:19] RunSkippedCept.php.INFO: see in shell output "(SkipMeCept.php)  SKIPPED" [] []
[2013-06-20 02:09:19] RunSkippedCept.php.INFO: see in shell output "OK, but incomplete or skipped tests!" [] []
[2013-06-20 02:09:19] RunSkippedCept.php.INFO: PASSED [] []
[2013-06-20 02:09:19] ns\NotWorkingCept.php.INFO: PASSED [] []
[2013-06-20 02:09:19] BootstrapCest.bootstrapProject.INFO: am in path "tests/data/sandbox/tests/_data/" [] []
[2013-06-20 02:09:19] BootstrapCest.bootstrapProject.INFO: execute command "bootstrap" [] []
[2013-06-20 02:09:20] BootstrapCest.bootstrapProject.INFO: see file found "codeception.yml" [] []
[2013-06-20 02:09:20] BootstrapCest.bootstrapProject.INFO: see file found "functional.suite.yml","tests" [] []
[2013-06-20 02:09:20] BootstrapCest.bootstrapProject.INFO: see file found "acceptance.suite.yml","tests" [] []
[2013-06-20 02:09:20] BootstrapCest.bootstrapProject.INFO: see file found "unit.suite.yml","tests" [] []
[2013-06-20 02:09:20] BootstrapCest.bootstrapProject.INFO: see file found "_bootstrap.php","tests/acceptance" [] []
[2013-06-20 02:09:20] BootstrapCest.bootstrapProject.INFO: see file found "_bootstrap.php","tests/functional" [] []
[2013-06-20 02:09:20] BootstrapCest.bootstrapProject.INFO: see file found "_bootstrap.php","tests/unit" [] []
[2013-06-20 02:09:20] BootstrapCest.bootstrapProject.INFO: see file found "WebGuy.php","tests/acceptance" [] []
[2013-06-20 02:09:20] BootstrapCest.bootstrapProject.INFO: see file found "TestGuy.php","tests/functional" [] []
[2013-06-20 02:09:20] BootstrapCest.bootstrapProject.INFO: see file found "CodeGuy.php","tests/unit" [] []
[2013-06-20 02:09:20] BootstrapCest.bootstrapProject.INFO: see file found "WebHelper.php","tests/_helpers" [] []
[2013-06-20 02:09:20] BootstrapCest.bootstrapProject.INFO: see file found "TestHelper.php","tests/_helpers" [] []
[2013-06-20 02:09:20] BootstrapCest.bootstrapProject.INFO: see file found "CodeHelper.php","tests/_helpers" [] []
[2013-06-20 02:09:20] BootstrapCest.bootstrapProject.INFO: see in shell output "Building Guy classes for suites" [] []
[2013-06-20 02:09:20] BootstrapCest.bootstrapProject.INFO: PASSED [] []
[2013-06-20 02:09:20] BootstrapCest.bootstrapWithNamespace.INFO: am in path "tests/data/sandbox/tests/_data/" [] []
[2013-06-20 02:09:20] BootstrapCest.bootstrapWithNamespace.INFO: execute command "bootstrap --namespace Generated" [] []
[2013-06-20 02:09:21] BootstrapCest.bootstrapWithNamespace.INFO: see in shell output "Building Guy classes for suites" [] []
[2013-06-20 02:09:21] BootstrapCest.bootstrapWithNamespace.INFO: see file found "codeception.yml" [] []
[2013-06-20 02:09:21] BootstrapCest.bootstrapWithNamespace.INFO: see in this file "namespace: Generated" [] []
[2013-06-20 02:09:21] BootstrapCest.bootstrapWithNamespace.INFO: don't see in this file "namespace Generated\" [] []
[2013-06-20 02:09:21] BootstrapCest.bootstrapWithNamespace.INFO: see file found "functional.suite.yml","tests" [] []
[2013-06-20 02:09:21] BootstrapCest.bootstrapWithNamespace.INFO: see file found "acceptance.suite.yml","tests" [] []
[2013-06-20 02:09:21] BootstrapCest.bootstrapWithNamespace.INFO: see file found "unit.suite.yml","tests" [] []
[2013-06-20 02:09:21] BootstrapCest.bootstrapWithNamespace.INFO: see file found "_bootstrap.php","tests/acceptance" [] []
[2013-06-20 02:09:21] BootstrapCest.bootstrapWithNamespace.INFO: see file found "_bootstrap.php","tests/functional" [] []
[2013-06-20 02:09:21] BootstrapCest.bootstrapWithNamespace.INFO: see file found "_bootstrap.php","tests/unit" [] []
[2013-06-20 02:09:21] BootstrapCest.bootstrapWithNamespace.INFO: see file found "WebGuy.php","tests/acceptance" [] []
[2013-06-20 02:09:21] BootstrapCest.bootstrapWithNamespace.INFO: see file found "TestGuy.php","tests/functional" [] []
[2013-06-20 02:09:21] BootstrapCest.bootstrapWithNamespace.INFO: see file found "CodeGuy.php","tests/unit" [] []
[2013-06-20 02:09:21] BootstrapCest.bootstrapWithNamespace.INFO: see file found "WebHelper.php","tests/_helpers" [] []
[2013-06-20 02:09:21] BootstrapCest.bootstrapWithNamespace.INFO: see file found "TestHelper.php","tests/_helpers" [] []
[2013-06-20 02:09:21] BootstrapCest.bootstrapWithNamespace.INFO: see file found "CodeHelper.php","tests/_helpers" [] []
[2013-06-20 02:09:21] BootstrapCest.bootstrapWithNamespace.INFO: see file found "WebHelper.php" [] []
[2013-06-20 02:09:21] BootstrapCest.bootstrapWithNamespace.INFO: see in this file "namespace Generated\Codeception\Module;" [] []
[2013-06-20 02:09:21] BootstrapCest.bootstrapWithNamespace.INFO: see file found "WebGuy.php" [] []
[2013-06-20 02:09:21] BootstrapCest.bootstrapWithNamespace.INFO: see in this file "namespace Generated\Codeception;" [] []
[2013-06-20 02:09:21] BootstrapCest.bootstrapWithNamespace.INFO: PASSED [] []
[2013-06-20 02:09:21] IncludedCest.runSuitesFromIncludedConfigs.INFO: am in path "tests/data/included" [] []
[2013-06-20 02:09:21] IncludedCest.runSuitesFromIncludedConfigs.INFO: execute command "run" [] []
[2013-06-20 02:09:21] IncludedCest.runSuitesFromIncludedConfigs.INFO: see in shell output "[Jazz]" [] []
[2013-06-20 02:09:21] IncludedCest.runSuitesFromIncludedConfigs.INFO: see in shell output "Suite Jazz.functional started" [] []
[2013-06-20 02:09:21] IncludedCest.runSuitesFromIncludedConfigs.INFO: see in shell output "[Shire]" [] []
[2013-06-20 02:09:21] IncludedCest.runSuitesFromIncludedConfigs.INFO: see in shell output "Suite Shire.functional started" [] []
[2013-06-20 02:09:21] IncludedCest.runSuitesFromIncludedConfigs.INFO: PASSED [] []
[2013-06-20 02:09:21] IncludedCest.runIncludedWithXmlOutput.INFO: am in path "tests/data/included" [] []
[2013-06-20 02:09:21] IncludedCest.runIncludedWithXmlOutput.INFO: execute command "run --xml" [] []
[2013-06-20 02:09:21] IncludedCest.runIncludedWithXmlOutput.INFO: am in path "_log" [] []
[2013-06-20 02:09:21] IncludedCest.runIncludedWithXmlOutput.INFO: see file found "report.xml" [] []
[2013-06-20 02:09:21] IncludedCest.runIncludedWithXmlOutput.INFO: see in this file "<testsuite name="Jazz.functional" tests="1" assertions="1"" [] []
[2013-06-20 02:09:21] IncludedCest.runIncludedWithXmlOutput.INFO: see in this file "<testsuite name="Shire.functional" tests="1" assertions="1"" [] []
[2013-06-20 02:09:21] IncludedCest.runIncludedWithXmlOutput.INFO: see in this file "<testcase file="HobbitCept.php"" [] []
[2013-06-20 02:09:21] IncludedCest.runIncludedWithXmlOutput.INFO: see in this file "<testcase file="DemoCept.php"" [] []
[2013-06-20 02:09:21] IncludedCest.runIncludedWithXmlOutput.INFO: PASSED [] []
[2013-06-20 02:09:21] IncludedCest.runIncludedWithHtmlOutput.INFO: am in path "tests/data/included" [] []
[2013-06-20 02:09:21] IncludedCest.runIncludedWithHtmlOutput.INFO: execute command "run --html" [] []
[2013-06-20 02:09:21] IncludedCest.runIncludedWithHtmlOutput.INFO: am in path "_log" [] []
[2013-06-20 02:09:21] IncludedCest.runIncludedWithHtmlOutput.INFO: see file found "report.html" [] []
[2013-06-20 02:09:21] IncludedCest.runIncludedWithHtmlOutput.INFO: see in this file "Codeception Results" [] []
[2013-06-20 02:09:21] IncludedCest.runIncludedWithHtmlOutput.INFO: see in this file "Jazz.functional Tests" [] []
[2013-06-20 02:09:21] IncludedCest.runIncludedWithHtmlOutput.INFO: see in this file "check that jazz musicians can add numbers" [] []
[2013-06-20 02:09:21] IncludedCest.runIncludedWithHtmlOutput.INFO: see in this file "Shire.functional Tests" [] []
[2013-06-20 02:09:21] IncludedCest.runIncludedWithHtmlOutput.INFO: PASSED [] []
[2013-06-20 02:09:21] OrderCest.checkOneFile.INFO: am in path "tests/data/sandbox" [] []
[2013-06-20 02:09:21] OrderCest.checkOneFile.INFO: execute command "run order LoadingOrderCept.php" [] []
[2013-06-20 02:09:21] OrderCest.checkOneFile.INFO: i expect initialization, bootstrap(b), before suite, before, bootstrap(b), test(t), after, after suite  [] []
[2013-06-20 02:09:21] OrderCest.checkOneFile.INFO: see file found "order.txt","tests/_log" [] []
[2013-06-20 02:09:22] OrderCest.checkOneFile.INFO: see in this file "IBS([BST])" [] []
[2013-06-20 02:09:22] OrderCest.checkOneFile.INFO: PASSED [] []
[2013-06-20 02:09:22] OrderCest.checkForFails.INFO: am in path "tests/data/sandbox" [] []
[2013-06-20 02:09:22] OrderCest.checkForFails.INFO: execute command "run order FailedCept.php --no-exit" [] []
[2013-06-20 02:09:22] OrderCest.checkForFails.INFO: see file found "order.txt","tests/_log" [] []
[2013-06-20 02:09:22] OrderCest.checkForFails.INFO: i expect initialization, bootstrap, before suite, before, bootstrap, test, fail, after, after suite  [] []
[2013-06-20 02:09:22] OrderCest.checkForFails.INFO: see in this file "IBS([BSTF])" [] []
[2013-06-20 02:09:22] OrderCest.checkForFails.INFO: PASSED [] []
[2013-06-20 02:09:22] OrderCest.checkTwoFiles.INFO: am in path "tests/data/sandbox" [] []
[2013-06-20 02:09:22] OrderCest.checkTwoFiles.INFO: execute command "run order --no-exit" [] []
[2013-06-20 02:09:22] OrderCest.checkTwoFiles.INFO: see file found "order.txt","tests/_log" [] []
[2013-06-20 02:09:22] OrderCest.checkTwoFiles.INFO: see in this file "IBSBSBS([BST][BSTF][BST])" [] []
[2013-06-20 02:09:22] OrderCest.checkTwoFiles.INFO: PASSED [] []
[2013-06-20 02:09:22] RunCest.runOneFile.INFO: am in path "tests/data/sandbox" [] []
[2013-06-20 02:09:22] RunCest.runOneFile.INFO: execute command "run tests/dummy/FileExistsCept.php" [] []
[2013-06-20 02:09:22] RunCest.runOneFile.INFO: see file found "report.html","tests/_log" [] []
[2013-06-20 02:09:22] RunCest.runOneFile.INFO: see in shell output "OK (" [] []
[2013-06-20 02:09:22] RunCest.runOneFile.INFO: PASSED [] []
[2013-06-20 02:09:22] RunCest.runHtml.INFO: am in path "tests/data/sandbox" [] []
[2013-06-20 02:09:22] RunCest.runHtml.INFO: execute command "run dummy --html" [] []
[2013-06-20 02:09:22] RunCest.runHtml.INFO: see file found "report.html","tests/_log" [] []
[2013-06-20 02:09:22] RunCest.runHtml.INFO: PASSED [] []
[2013-06-20 02:09:22] RunCest.runJsonReport.INFO: am in path "tests/data/sandbox" [] []
[2013-06-20 02:09:22] RunCest.runJsonReport.INFO: execute command "run dummy --json" [] []
[2013-06-20 02:09:22] RunCest.runJsonReport.INFO: see file found "report.json","tests/_log" [] []
[2013-06-20 02:09:22] RunCest.runJsonReport.INFO: see in this file ""suite":" [] []
[2013-06-20 02:09:22] RunCest.runJsonReport.INFO: see in this file ""dummy"" [] []
[2013-06-20 02:09:22] RunCest.runJsonReport.INFO: PASSED [] []
[2013-06-20 02:09:22] RunCest.runTapReport.INFO: am in path "tests/data/sandbox" [] []
[2013-06-20 02:09:22] RunCest.runTapReport.INFO: execute command "run dummy --tap" [] []
[2013-06-20 02:09:22] RunCest.runTapReport.INFO: see file found "report.tap.log","tests/_log" [] []
[2013-06-20 02:09:22] RunCest.runTapReport.INFO: PASSED [] []
[2013-06-20 02:09:22] RunCest.runXmlReport.INFO: am in path "tests/data/sandbox" [] []
[2013-06-20 02:09:22] RunCest.runXmlReport.INFO: execute command "run dummy --xml" [] []
[2013-06-20 02:09:23] RunCest.runXmlReport.INFO: see file found "report.xml","tests/_log" [] []
[2013-06-20 02:09:23] RunCest.runXmlReport.INFO: see in this file "<?xml" [] []
[2013-06-20 02:09:23] RunCest.runXmlReport.INFO: see in this file "<testsuite name="dummy"" [] []
[2013-06-20 02:09:23] RunCest.runXmlReport.INFO: see in this file "<testcase file="FileExistsCept.php"" [] []
[2013-06-20 02:09:23] RunCest.runXmlReport.INFO: PASSED [] []
[2013-06-20 02:09:23] RunCest.runReportMode.INFO: am in path "tests/data/sandbox" [] []
[2013-06-20 02:09:23] RunCest.runReportMode.INFO: execute command "run dummy --report" [] []
[2013-06-20 02:09:23] RunCest.runReportMode.INFO: see in shell output "FileExistsCept.php" [] []
[2013-06-20 02:09:23] RunCest.runReportMode.INFO: see in shell output "........Ok" [] []
[2013-06-20 02:09:23] RunCest.runReportMode.INFO: PASSED [] []
[2013-06-20 02:09:23] RunCest.runOneGroup.INFO: am in path "tests/data/sandbox" [] []
[2013-06-20 02:09:23] RunCest.runOneGroup.INFO: execute command "run skipped -g notorun" [] []
[2013-06-20 02:09:23] RunCest.runOneGroup.INFO: see in shell output "Incomplete" [] []
[2013-06-20 02:09:23] RunCest.runOneGroup.INFO: don't see in shell output "Skipped" [] []
[2013-06-20 02:09:23] RunCest.runOneGroup.INFO: PASSED [] []
[2013-06-20 02:09:23] RunCest.runTwoSuites.INFO: am in path "tests/data/sandbox" [] []
[2013-06-20 02:09:23] RunCest.runTwoSuites.INFO: execute command "run skipped,dummy --no-exit" [] []
[2013-06-20 02:09:23] RunCest.runTwoSuites.INFO: see in shell output "Suite skipped started" [] []
[2013-06-20 02:09:23] RunCest.runTwoSuites.INFO: see in shell output "Suite dummy started" [] []
[2013-06-20 02:09:23] RunCest.runTwoSuites.INFO: don't see in shell output "Suite remote started" [] []
[2013-06-20 02:09:23] RunCest.runTwoSuites.INFO: PASSED [] []
[2013-06-20 02:09:23] RunCest.skipSuites.INFO: am in path "tests/data/sandbox" [] []
[2013-06-20 02:09:23] RunCest.skipSuites.INFO: execute command "run --skip skipped --skip remote --skip remote_server --skip order" [] []
[2013-06-20 02:09:23] RunCest.skipSuites.INFO: see in shell output "Suite dummy started" [] []
[2013-06-20 02:09:23] RunCest.skipSuites.INFO: don't see in shell output "Suite remote started" [] []
[2013-06-20 02:09:23] RunCest.skipSuites.INFO: don't see in shell output "Suite remote_server started" [] []
[2013-06-20 02:09:23] RunCest.skipSuites.INFO: don't see in shell output "Suite order started" [] []
[2013-06-20 02:09:23] RunCest.skipSuites.INFO: PASSED [] []
[2013-06-20 02:09:45] BuildCept.php.INFO: run shell commmand "php codecept build" [] []
[2013-06-20 02:09:46] BuildCept.php.INFO: see in shell output "generated successfully" [] []
[2013-06-20 02:09:46] BuildCept.php.INFO: see file found "CodeGuy.php","tests/unit" [] []
[2013-06-20 02:09:46] BuildCept.php.INFO: see file found "CliGuy.php","tests/cli" [] []
[2013-06-20 02:09:46] BuildCept.php.INFO: see in this file "seeFileFound(" [] []
[2013-06-20 02:09:46] BuildCept.php.INFO: PASSED [] []
[2013-06-20 02:09:46] GenerateCeptCept.php.INFO: am in path "tests/data/sandbox" [] []
[2013-06-20 02:09:46] GenerateCeptCept.php.INFO: execute command "generate:cept dummy DummyCept" [] []
[2013-06-20 02:09:49] GenerateCeptCept.php.INFO: see file found "DummyCept.php","tests/dummy" [] []
[2013-06-20 02:09:49] GenerateCeptCept.php.INFO: see in this file "$I = new DumbGuy($scenario);" [] []
[2013-06-20 02:09:49] GenerateCeptCept.php.INFO: delete this file  [] []
[2013-06-20 02:09:49] GenerateCeptCept.php.INFO: i am going to create scenario in folder  [] []
[2013-06-20 02:09:49] GenerateCeptCept.php.INFO: execute command "generate:cept dummy path/DummyCept" [] []
[2013-06-20 02:09:49] GenerateCeptCept.php.INFO: see file found "DummyCept.php","tests/dummy/path" [] []
[2013-06-20 02:09:49] GenerateCeptCept.php.INFO: delete this file  [] []
[2013-06-20 02:09:49] GenerateCeptCept.php.INFO: i am going to create file with cept.php suffix  [] []
[2013-06-20 02:09:49] GenerateCeptCept.php.INFO: execute command "generate:cept dummy DummyCept.php" [] []
[2013-06-20 02:09:50] GenerateCeptCept.php.INFO: see file found "DummyCept.php" [] []
[2013-06-20 02:09:50] GenerateCeptCept.php.INFO: delete this file  [] []
[2013-06-20 02:09:50] GenerateCeptCept.php.INFO: i am going to create file without any suffix  [] []
[2013-06-20 02:09:50] GenerateCeptCept.php.INFO: execute command "generate:cept dummy Dummy" [] []
[2013-06-20 02:09:50] GenerateCeptCept.php.INFO: see file found "DummyCept.php" [] []
[2013-06-20 02:09:51] GenerateCeptCept.php.INFO: PASSED [] []
[2013-06-20 02:09:51] GenerateCestCept.php.INFO: am in path "tests/data/sandbox" [] []
[2013-06-20 02:09:51] GenerateCestCept.php.INFO: execute command "generate:cest dummy DummyClass" [] []
[2013-06-20 02:09:51] GenerateCestCept.php.INFO: see file found "DummyClassCest.php" [] []
[2013-06-20 02:09:51] GenerateCestCept.php.INFO: see in this file "class DummyClassCest" [] []
[2013-06-20 02:09:51] GenerateCestCept.php.INFO: PASSED [] []
[2013-06-20 02:09:51] GeneratePhpUnitCept.php.INFO: am in path "tests/data/sandbox" [] []
[2013-06-20 02:09:51] GeneratePhpUnitCept.php.INFO: execute command "generate:phpunit dummy Dummy" [] []
[2013-06-20 02:09:52] GeneratePhpUnitCept.php.INFO: see file found "DummyTest.php" [] []
[2013-06-20 02:09:52] GeneratePhpUnitCept.php.INFO: see in this file "class DummyTest extends \PHPUnit_Framework_TestCase" [] []
[2013-06-20 02:09:52] GeneratePhpUnitCept.php.INFO: see in this file "function setUp()" [] []
[2013-06-20 02:09:52] GeneratePhpUnitCept.php.INFO: PASSED [] []
[2013-06-20 02:09:52] GeneratePhpUnitWithHierarchyPathsCept.php.INFO: am in path "tests/data/sandbox" [] []
[2013-06-20 02:09:52] GeneratePhpUnitWithHierarchyPathsCept.php.INFO: execute command "generate:phpunit dummy Dummy/Foo/Bar" [] []
[2013-06-20 02:09:52] GeneratePhpUnitWithHierarchyPathsCept.php.INFO: see file found "Dummy/Foo/BarTest.php" [] []
[2013-06-20 02:09:52] GeneratePhpUnitWithHierarchyPathsCept.php.ALERT: Dummy/Foo/BarTest.php in /home/davert/Codeception//tests/data/sandbox/ [] []
[2013-06-20 02:09:52] GeneratePhpUnitWithHierarchyPathsCept.php.INFO: # FAILED # [] []
[2013-06-20 02:09:52] GeneratePhpUnitWithHierarchyPathsCept.php.INFO: PASSED [] []
[2013-06-20 02:09:52] GenerateScenariosCept.php.INFO: am in path "tests/data/sandbox" [] []
[2013-06-20 02:09:52] GenerateScenariosCept.php.INFO: execute command "generate:scenarios dummy" [] []
[2013-06-20 02:09:53] GenerateScenariosCept.php.INFO: see file found "File_Exists.txt","tests/_data/scenarios" [] []
[2013-06-20 02:09:53] GenerateScenariosCept.php.INFO: see file contents equal "I WANT TO CHECK CONFIG EXISTS

I see file found "codeception.yml"" [] []
[2013-06-20 02:09:53] GenerateScenariosCept.php.INFO: PASSED [] []
[2013-06-20 02:09:53] GenerateSuiteCept.php.INFO: as a developer who likes testing  [] []
[2013-06-20 02:09:53] GenerateSuiteCept.php.INFO: so that i have a better tests categorization  [] []
[2013-06-20 02:09:53] GenerateSuiteCept.php.INFO: am in path "tests/data/sandbox" [] []
[2013-06-20 02:09:53] GenerateSuiteCept.php.INFO: execute command "generate:suite house HouseGuy" [] []
[2013-06-20 02:09:54] GenerateSuiteCept.php.INFO: see file found "house.suite.yml","tests" [] []
[2013-06-20 02:09:54] GenerateSuiteCept.php.INFO: i expect guy class is generated  [] []
[2013-06-20 02:09:54] GenerateSuiteCept.php.INFO: see in this file "class_name: HouseGuy" [] []
[2013-06-20 02:09:54] GenerateSuiteCept.php.INFO: see file found "HouseHelper.php","tests/_helpers" [] []
[2013-06-20 02:09:54] GenerateSuiteCept.php.INFO: see file found "_bootstrap.php","tests/house" [] []
[2013-06-20 02:09:54] GenerateSuiteCept.php.INFO: PASSED [] []
[2013-06-20 02:09:54] GenerateTestCept.php.INFO: am in path "tests/data/sandbox" [] []
[2013-06-20 02:09:54] GenerateTestCept.php.INFO: execute command "generate:test dummy Dummy" [] []
[2013-06-20 02:09:54] GenerateTestCept.php.INFO: see file found "DummyTest.php" [] []
[2013-06-20 02:09:54] GenerateTestCept.php.INFO: see in this file "class DummyTest extends \Codeception\TestCase\Test" [] []
[2013-06-20 02:09:54] GenerateTestCept.php.INFO: see in this file "protected $dumbGuy" [] []
[2013-06-20 02:09:54] GenerateTestCept.php.INFO: see in this file "function _before(" [] []
[2013-06-20 02:09:54] GenerateTestCept.php.INFO: PASSED [] []
[2013-06-20 02:09:54] RunIncompleteCept.php.INFO: am in path "tests/data/sandbox" [] []
[2013-06-20 02:09:54] RunIncompleteCept.php.INFO: execute command "run skipped IncompleteMeCept.php" [] []
[2013-06-20 02:09:54] RunIncompleteCept.php.INFO: see in shell output "(IncompleteMeCept.php)  INCOMPLETE" [] []
[2013-06-20 02:09:54] RunIncompleteCept.php.INFO: see in shell output "OK, but incomplete or skipped tests!" [] []
[2013-06-20 02:09:54] RunIncompleteCept.php.INFO: PASSED [] []
[2013-06-20 02:09:54] RunSkippedCept.php.INFO: am in path "tests/data/sandbox" [] []
[2013-06-20 02:09:54] RunSkippedCept.php.INFO: execute command "run skipped SkipMeCept.php" [] []
[2013-06-20 02:09:55] RunSkippedCept.php.INFO: see in shell output "(SkipMeCept.php)  SKIPPED" [] []
[2013-06-20 02:09:55] RunSkippedCept.php.INFO: see in shell output "OK, but incomplete or skipped tests!" [] []
[2013-06-20 02:09:55] RunSkippedCept.php.INFO: PASSED [] []
[2013-06-20 02:09:55] ns\NotWorkingCept.php.INFO: PASSED [] []
[2013-06-20 02:09:55] BootstrapCest.bootstrapProject.INFO: am in path "tests/data/sandbox/tests/_data/" [] []
[2013-06-20 02:09:55] BootstrapCest.bootstrapProject.INFO: execute command "bootstrap" [] []
[2013-06-20 02:09:55] BootstrapCest.bootstrapProject.INFO: see file found "codeception.yml" [] []
[2013-06-20 02:09:55] BootstrapCest.bootstrapProject.INFO: see file found "functional.suite.yml","tests" [] []
[2013-06-20 02:09:55] BootstrapCest.bootstrapProject.INFO: see file found "acceptance.suite.yml","tests" [] []
[2013-06-20 02:09:55] BootstrapCest.bootstrapProject.INFO: see file found "unit.suite.yml","tests" [] []
[2013-06-20 02:09:55] BootstrapCest.bootstrapProject.INFO: see file found "_bootstrap.php","tests/acceptance" [] []
[2013-06-20 02:09:55] BootstrapCest.bootstrapProject.INFO: see file found "_bootstrap.php","tests/functional" [] []
[2013-06-20 02:09:55] BootstrapCest.bootstrapProject.INFO: see file found "_bootstrap.php","tests/unit" [] []
[2013-06-20 02:09:55] BootstrapCest.bootstrapProject.INFO: see file found "WebGuy.php","tests/acceptance" [] []
[2013-06-20 02:09:55] BootstrapCest.bootstrapProject.INFO: see file found "TestGuy.php","tests/functional" [] []
[2013-06-20 02:09:55] BootstrapCest.bootstrapProject.INFO: see file found "CodeGuy.php","tests/unit" [] []
[2013-06-20 02:09:55] BootstrapCest.bootstrapProject.INFO: see file found "WebHelper.php","tests/_helpers" [] []
[2013-06-20 02:09:55] BootstrapCest.bootstrapProject.INFO: see file found "TestHelper.php","tests/_helpers" [] []
[2013-06-20 02:09:55] BootstrapCest.bootstrapProject.INFO: see file found "CodeHelper.php","tests/_helpers" [] []
[2013-06-20 02:09:55] BootstrapCest.bootstrapProject.INFO: see in shell output "Building Guy classes for suites" [] []
[2013-06-20 02:09:55] BootstrapCest.bootstrapProject.INFO: PASSED [] []
[2013-06-20 02:09:55] BootstrapCest.bootstrapWithNamespace.INFO: am in path "tests/data/sandbox/tests/_data/" [] []
[2013-06-20 02:09:55] BootstrapCest.bootstrapWithNamespace.INFO: execute command "bootstrap --namespace Generated" [] []
[2013-06-20 02:09:56] BootstrapCest.bootstrapWithNamespace.INFO: see in shell output "Building Guy classes for suites" [] []
[2013-06-20 02:09:56] BootstrapCest.bootstrapWithNamespace.INFO: see file found "codeception.yml" [] []
[2013-06-20 02:09:56] BootstrapCest.bootstrapWithNamespace.INFO: see in this file "namespace: Generated" [] []
[2013-06-20 02:09:56] BootstrapCest.bootstrapWithNamespace.INFO: don't see in this file "namespace Generated\" [] []
[2013-06-20 02:09:56] BootstrapCest.bootstrapWithNamespace.INFO: see file found "functional.suite.yml","tests" [] []
[2013-06-20 02:09:56] BootstrapCest.bootstrapWithNamespace.INFO: see file found "acceptance.suite.yml","tests" [] []
[2013-06-20 02:09:56] BootstrapCest.bootstrapWithNamespace.INFO: see file found "unit.suite.yml","tests" [] []
[2013-06-20 02:09:56] BootstrapCest.bootstrapWithNamespace.INFO: see file found "_bootstrap.php","tests/acceptance" [] []
[2013-06-20 02:09:56] BootstrapCest.bootstrapWithNamespace.INFO: see file found "_bootstrap.php","tests/functional" [] []
[2013-06-20 02:09:56] BootstrapCest.bootstrapWithNamespace.INFO: see file found "_bootstrap.php","tests/unit" [] []
[2013-06-20 02:09:56] BootstrapCest.bootstrapWithNamespace.INFO: see file found "WebGuy.php","tests/acceptance" [] []
[2013-06-20 02:09:56] BootstrapCest.bootstrapWithNamespace.INFO: see file found "TestGuy.php","tests/functional" [] []
[2013-06-20 02:09:56] BootstrapCest.bootstrapWithNamespace.INFO: see file found "CodeGuy.php","tests/unit" [] []
[2013-06-20 02:09:56] BootstrapCest.bootstrapWithNamespace.INFO: see file found "WebHelper.php","tests/_helpers" [] []
[2013-06-20 02:09:56] BootstrapCest.bootstrapWithNamespace.INFO: see file found "TestHelper.php","tests/_helpers" [] []
[2013-06-20 02:09:56] BootstrapCest.bootstrapWithNamespace.INFO: see file found "CodeHelper.php","tests/_helpers" [] []
[2013-06-20 02:09:56] BootstrapCest.bootstrapWithNamespace.INFO: see file found "WebHelper.php" [] []
[2013-06-20 02:09:56] BootstrapCest.bootstrapWithNamespace.INFO: see in this file "namespace Generated\Codeception\Module;" [] []
[2013-06-20 02:09:56] BootstrapCest.bootstrapWithNamespace.INFO: see file found "WebGuy.php" [] []
[2013-06-20 02:09:56] BootstrapCest.bootstrapWithNamespace.INFO: see in this file "namespace Generated\Codeception;" [] []
[2013-06-20 02:09:56] BootstrapCest.bootstrapWithNamespace.INFO: PASSED [] []
[2013-06-20 02:09:56] IncludedCest.runSuitesFromIncludedConfigs.INFO: am in path "tests/data/included" [] []
[2013-06-20 02:09:56] IncludedCest.runSuitesFromIncludedConfigs.INFO: execute command "run" [] []
[2013-06-20 02:09:56] IncludedCest.runSuitesFromIncludedConfigs.INFO: see in shell output "[Jazz]" [] []
[2013-06-20 02:09:56] IncludedCest.runSuitesFromIncludedConfigs.INFO: see in shell output "Suite Jazz.functional started" [] []
[2013-06-20 02:09:56] IncludedCest.runSuitesFromIncludedConfigs.INFO: see in shell output "[Shire]" [] []
[2013-06-20 02:09:56] IncludedCest.runSuitesFromIncludedConfigs.INFO: see in shell output "Suite Shire.functional started" [] []
[2013-06-20 02:09:56] IncludedCest.runSuitesFromIncludedConfigs.INFO: PASSED [] []
[2013-06-20 02:09:56] IncludedCest.runIncludedWithXmlOutput.INFO: am in path "tests/data/included" [] []
[2013-06-20 02:09:56] IncludedCest.runIncludedWithXmlOutput.INFO: execute command "run --xml" [] []
[2013-06-20 02:09:57] IncludedCest.runIncludedWithXmlOutput.INFO: am in path "_log" [] []
[2013-06-20 02:09:57] IncludedCest.runIncludedWithXmlOutput.INFO: see file found "report.xml" [] []
[2013-06-20 02:09:57] IncludedCest.runIncludedWithXmlOutput.INFO: see in this file "<testsuite name="Jazz.functional" tests="1" assertions="1"" [] []
[2013-06-20 02:09:57] IncludedCest.runIncludedWithXmlOutput.INFO: see in this file "<testsuite name="Shire.functional" tests="1" assertions="1"" [] []
[2013-06-20 02:09:57] IncludedCest.runIncludedWithXmlOutput.INFO: see in this file "<testcase file="HobbitCept.php"" [] []
[2013-06-20 02:09:57] IncludedCest.runIncludedWithXmlOutput.INFO: see in this file "<testcase file="DemoCept.php"" [] []
[2013-06-20 02:09:57] IncludedCest.runIncludedWithXmlOutput.INFO: PASSED [] []
[2013-06-20 02:09:57] IncludedCest.runIncludedWithHtmlOutput.INFO: am in path "tests/data/included" [] []
[2013-06-20 02:09:57] IncludedCest.runIncludedWithHtmlOutput.INFO: execute command "run --html" [] []
[2013-06-20 02:09:57] IncludedCest.runIncludedWithHtmlOutput.INFO: am in path "_log" [] []
[2013-06-20 02:09:57] IncludedCest.runIncludedWithHtmlOutput.INFO: see file found "report.html" [] []
[2013-06-20 02:09:57] IncludedCest.runIncludedWithHtmlOutput.INFO: see in this file "Codeception Results" [] []
[2013-06-20 02:09:57] IncludedCest.runIncludedWithHtmlOutput.INFO: see in this file "Jazz.functional Tests" [] []
[2013-06-20 02:09:57] IncludedCest.runIncludedWithHtmlOutput.INFO: see in this file "check that jazz musicians can add numbers" [] []
[2013-06-20 02:09:57] IncludedCest.runIncludedWithHtmlOutput.INFO: see in this file "Shire.functional Tests" [] []
[2013-06-20 02:09:57] IncludedCest.runIncludedWithHtmlOutput.INFO: PASSED [] []
[2013-06-20 02:09:57] OrderCest.checkOneFile.INFO: am in path "tests/data/sandbox" [] []
[2013-06-20 02:09:57] OrderCest.checkOneFile.INFO: execute command "run order LoadingOrderCept.php" [] []
[2013-06-20 02:09:57] OrderCest.checkOneFile.INFO: i expect initialization, bootstrap(b), before suite, before, bootstrap(b), test(t), after, after suite  [] []
[2013-06-20 02:09:57] OrderCest.checkOneFile.INFO: see file found "order.txt","tests/_log" [] []
[2013-06-20 02:09:57] OrderCest.checkOneFile.INFO: see in this file "IBS([BST])" [] []
[2013-06-20 02:09:57] OrderCest.checkOneFile.INFO: PASSED [] []
[2013-06-20 02:09:57] OrderCest.checkForFails.INFO: am in path "tests/data/sandbox" [] []
[2013-06-20 02:09:57] OrderCest.checkForFails.INFO: execute command "run order FailedCept.php --no-exit" [] []
[2013-06-20 02:09:57] OrderCest.checkForFails.INFO: see file found "order.txt","tests/_log" [] []
[2013-06-20 02:09:57] OrderCest.checkForFails.INFO: i expect initialization, bootstrap, before suite, before, bootstrap, test, fail, after, after suite  [] []
[2013-06-20 02:09:57] OrderCest.checkForFails.INFO: see in this file "IBS([BSTF])" [] []
[2013-06-20 02:09:57] OrderCest.checkForFails.INFO: PASSED [] []
[2013-06-20 02:09:57] OrderCest.checkTwoFiles.INFO: am in path "tests/data/sandbox" [] []
[2013-06-20 02:09:57] OrderCest.checkTwoFiles.INFO: execute command "run order --no-exit" [] []
[2013-06-20 02:09:57] OrderCest.checkTwoFiles.INFO: see file found "order.txt","tests/_log" [] []
[2013-06-20 02:09:57] OrderCest.checkTwoFiles.INFO: see in this file "IBSBSBS([BST][BSTF][BST])" [] []
[2013-06-20 02:09:57] OrderCest.checkTwoFiles.INFO: PASSED [] []
[2013-06-20 02:09:57] RunCest.runOneFile.INFO: am in path "tests/data/sandbox" [] []
[2013-06-20 02:09:57] RunCest.runOneFile.INFO: execute command "run tests/dummy/FileExistsCept.php" [] []
[2013-06-20 02:09:57] RunCest.runOneFile.INFO: see file found "report.html","tests/_log" [] []
[2013-06-20 02:09:57] RunCest.runOneFile.INFO: see in shell output "OK (" [] []
[2013-06-20 02:09:57] RunCest.runOneFile.INFO: PASSED [] []
[2013-06-20 02:09:57] RunCest.runHtml.INFO: am in path "tests/data/sandbox" [] []
[2013-06-20 02:09:57] RunCest.runHtml.INFO: execute command "run dummy --html" [] []
[2013-06-20 02:09:58] RunCest.runHtml.INFO: see file found "report.html","tests/_log" [] []
[2013-06-20 02:09:58] RunCest.runHtml.INFO: PASSED [] []
[2013-06-20 02:09:58] RunCest.runJsonReport.INFO: am in path "tests/data/sandbox" [] []
[2013-06-20 02:09:58] RunCest.runJsonReport.INFO: execute command "run dummy --json" [] []
[2013-06-20 02:09:58] RunCest.runJsonReport.INFO: see file found "report.json","tests/_log" [] []
[2013-06-20 02:09:58] RunCest.runJsonReport.INFO: see in this file ""suite":" [] []
[2013-06-20 02:09:58] RunCest.runJsonReport.INFO: see in this file ""dummy"" [] []
[2013-06-20 02:09:58] RunCest.runJsonReport.INFO: PASSED [] []
[2013-06-20 02:09:58] RunCest.runTapReport.INFO: am in path "tests/data/sandbox" [] []
[2013-06-20 02:09:58] RunCest.runTapReport.INFO: execute command "run dummy --tap" [] []
[2013-06-20 02:09:58] RunCest.runTapReport.INFO: see file found "report.tap.log","tests/_log" [] []
[2013-06-20 02:09:58] RunCest.runTapReport.INFO: PASSED [] []
[2013-06-20 02:09:58] RunCest.runXmlReport.INFO: am in path "tests/data/sandbox" [] []
[2013-06-20 02:09:58] RunCest.runXmlReport.INFO: execute command "run dummy --xml" [] []
[2013-06-20 02:09:58] RunCest.runXmlReport.INFO: see file found "report.xml","tests/_log" [] []
[2013-06-20 02:09:58] RunCest.runXmlReport.INFO: see in this file "<?xml" [] []
[2013-06-20 02:09:58] RunCest.runXmlReport.INFO: see in this file "<testsuite name="dummy"" [] []
[2013-06-20 02:09:58] RunCest.runXmlReport.INFO: see in this file "<testcase file="FileExistsCept.php"" [] []
[2013-06-20 02:09:58] RunCest.runXmlReport.INFO: PASSED [] []
[2013-06-20 02:09:58] RunCest.runReportMode.INFO: am in path "tests/data/sandbox" [] []
[2013-06-20 02:09:58] RunCest.runReportMode.INFO: execute command "run dummy --report" [] []
[2013-06-20 02:09:58] RunCest.runReportMode.INFO: see in shell output "FileExistsCept.php" [] []
[2013-06-20 02:09:58] RunCest.runReportMode.INFO: see in shell output "........Ok" [] []
[2013-06-20 02:09:58] RunCest.runReportMode.INFO: PASSED [] []
[2013-06-20 02:09:58] RunCest.runOneGroup.INFO: am in path "tests/data/sandbox" [] []
[2013-06-20 02:09:58] RunCest.runOneGroup.INFO: execute command "run skipped -g notorun" [] []
[2013-06-20 02:09:58] RunCest.runOneGroup.INFO: see in shell output "Incomplete" [] []
[2013-06-20 02:09:58] RunCest.runOneGroup.INFO: don't see in shell output "Skipped" [] []
[2013-06-20 02:09:58] RunCest.runOneGroup.INFO: PASSED [] []
[2013-06-20 02:09:58] RunCest.runTwoSuites.INFO: am in path "tests/data/sandbox" [] []
[2013-06-20 02:09:58] RunCest.runTwoSuites.INFO: execute command "run skipped,dummy --no-exit" [] []
[2013-06-20 02:09:59] RunCest.runTwoSuites.INFO: see in shell output "Suite skipped started" [] []
[2013-06-20 02:09:59] RunCest.runTwoSuites.INFO: see in shell output "Suite dummy started" [] []
[2013-06-20 02:09:59] RunCest.runTwoSuites.INFO: don't see in shell output "Suite remote started" [] []
[2013-06-20 02:09:59] RunCest.runTwoSuites.INFO: PASSED [] []
[2013-06-20 02:09:59] RunCest.skipSuites.INFO: am in path "tests/data/sandbox" [] []
[2013-06-20 02:09:59] RunCest.skipSuites.INFO: execute command "run --skip skipped --skip remote --skip remote_server --skip order" [] []
[2013-06-20 02:09:59] RunCest.skipSuites.INFO: see in shell output "Suite dummy started" [] []
[2013-06-20 02:09:59] RunCest.skipSuites.INFO: don't see in shell output "Suite remote started" [] []
[2013-06-20 02:09:59] RunCest.skipSuites.INFO: don't see in shell output "Suite remote_server started" [] []
[2013-06-20 02:09:59] RunCest.skipSuites.INFO: don't see in shell output "Suite order started" [] []
[2013-06-20 02:09:59] RunCest.skipSuites.INFO: PASSED [] []
[2013-06-20 02:12:10] BuildCept.php.INFO: run shell commmand "php codecept build" [] []
[2013-06-20 02:12:11] BuildCept.php.INFO: see in shell output "generated successfully" [] []
[2013-06-20 02:12:11] BuildCept.php.INFO: see file found "CodeGuy.php","tests/unit" [] []
[2013-06-20 02:12:11] BuildCept.php.INFO: see file found "CliGuy.php","tests/cli" [] []
[2013-06-20 02:12:11] BuildCept.php.INFO: see in this file "seeFileFound(" [] []
[2013-06-20 02:12:12] BuildCept.php.INFO: PASSED [] []
[2013-06-20 02:12:12] GenerateCeptCept.php.INFO: am in path "tests/data/sandbox" [] []
[2013-06-20 02:12:12] GenerateCeptCept.php.INFO: execute command "generate:cept dummy DummyCept" [] []
[2013-06-20 02:12:12] GenerateCeptCept.php.INFO: see file found "DummyCept.php","tests/dummy" [] []
[2013-06-20 02:12:12] GenerateCeptCept.php.INFO: see in this file "$I = new DumbGuy($scenario);" [] []
[2013-06-20 02:12:12] GenerateCeptCept.php.INFO: delete this file  [] []
[2013-06-20 02:12:12] GenerateCeptCept.php.INFO: i am going to create scenario in folder  [] []
[2013-06-20 02:12:12] GenerateCeptCept.php.INFO: execute command "generate:cept dummy path/DummyCept" [] []
[2013-06-20 02:12:13] GenerateCeptCept.php.INFO: see file found "DummyCept.php","tests/dummy/path" [] []
[2013-06-20 02:12:13] GenerateCeptCept.php.INFO: delete this file  [] []
[2013-06-20 02:12:13] GenerateCeptCept.php.INFO: i am going to create file with cept.php suffix  [] []
[2013-06-20 02:12:13] GenerateCeptCept.php.INFO: execute command "generate:cept dummy DummyCept.php" [] []
[2013-06-20 02:12:14] GenerateCeptCept.php.INFO: see file found "DummyCept.php" [] []
[2013-06-20 02:12:14] GenerateCeptCept.php.INFO: delete this file  [] []
[2013-06-20 02:12:14] GenerateCeptCept.php.INFO: i am going to create file without any suffix  [] []
[2013-06-20 02:12:14] GenerateCeptCept.php.INFO: execute command "generate:cept dummy Dummy" [] []
[2013-06-20 02:12:14] GenerateCeptCept.php.INFO: see file found "DummyCept.php" [] []
[2013-06-20 02:12:14] GenerateCeptCept.php.INFO: PASSED [] []
[2013-06-20 02:12:14] GenerateCestCept.php.INFO: am in path "tests/data/sandbox" [] []
[2013-06-20 02:12:14] GenerateCestCept.php.INFO: execute command "generate:cest dummy DummyClass" [] []
[2013-06-20 02:12:15] GenerateCestCept.php.INFO: see file found "DummyClassCest.php" [] []
[2013-06-20 02:12:15] GenerateCestCept.php.INFO: see in this file "class DummyClassCest" [] []
[2013-06-20 02:12:15] GenerateCestCept.php.INFO: PASSED [] []
[2013-06-20 02:12:15] GeneratePhpUnitCept.php.INFO: am in path "tests/data/sandbox" [] []
[2013-06-20 02:12:15] GeneratePhpUnitCept.php.INFO: execute command "generate:phpunit dummy Dummy" [] []
[2013-06-20 02:12:16] GeneratePhpUnitCept.php.INFO: see file found "DummyTest.php" [] []
[2013-06-20 02:12:16] GeneratePhpUnitCept.php.INFO: see in this file "class DummyTest extends \PHPUnit_Framework_TestCase" [] []
[2013-06-20 02:12:16] GeneratePhpUnitCept.php.INFO: see in this file "function setUp()" [] []
[2013-06-20 02:12:16] GeneratePhpUnitCept.php.INFO: PASSED [] []
[2013-06-20 02:12:16] GeneratePhpUnitWithHierarchyPathsCept.php.INFO: am in path "tests/data/sandbox" [] []
[2013-06-20 02:12:16] GeneratePhpUnitWithHierarchyPathsCept.php.INFO: execute command "generate:phpunit dummy "Dummy\Foo\Bar"" [] []
[2013-06-20 02:12:17] GeneratePhpUnitWithHierarchyPathsCept.php.INFO: see file found "Dummy/Foo/BarTest.php" [] []
[2013-06-20 02:12:17] GeneratePhpUnitWithHierarchyPathsCept.php.ALERT: Dummy/Foo/BarTest.php in /home/davert/Codeception//tests/data/sandbox/ [] []
[2013-06-20 02:12:17] GeneratePhpUnitWithHierarchyPathsCept.php.INFO: # FAILED # [] []
[2013-06-20 02:12:17] GeneratePhpUnitWithHierarchyPathsCept.php.INFO: PASSED [] []
[2013-06-20 02:12:17] GenerateScenariosCept.php.INFO: am in path "tests/data/sandbox" [] []
[2013-06-20 02:12:17] GenerateScenariosCept.php.INFO: execute command "generate:scenarios dummy" [] []
[2013-06-20 02:12:17] GenerateScenariosCept.php.INFO: see file found "File_Exists.txt","tests/_data/scenarios" [] []
[2013-06-20 02:12:17] GenerateScenariosCept.php.INFO: see file contents equal "I WANT TO CHECK CONFIG EXISTS

I see file found "codeception.yml"" [] []
[2013-06-20 02:12:17] GenerateScenariosCept.php.INFO: PASSED [] []
[2013-06-20 02:12:17] GenerateSuiteCept.php.INFO: as a developer who likes testing  [] []
[2013-06-20 02:12:17] GenerateSuiteCept.php.INFO: so that i have a better tests categorization  [] []
[2013-06-20 02:12:17] GenerateSuiteCept.php.INFO: am in path "tests/data/sandbox" [] []
[2013-06-20 02:12:17] GenerateSuiteCept.php.INFO: execute command "generate:suite house HouseGuy" [] []
[2013-06-20 02:12:18] GenerateSuiteCept.php.INFO: see file found "house.suite.yml","tests" [] []
[2013-06-20 02:12:18] GenerateSuiteCept.php.INFO: i expect guy class is generated  [] []
[2013-06-20 02:12:18] GenerateSuiteCept.php.INFO: see in this file "class_name: HouseGuy" [] []
[2013-06-20 02:12:18] GenerateSuiteCept.php.INFO: see file found "HouseHelper.php","tests/_helpers" [] []
[2013-06-20 02:12:18] GenerateSuiteCept.php.INFO: see file found "_bootstrap.php","tests/house" [] []
[2013-06-20 02:12:18] GenerateSuiteCept.php.INFO: PASSED [] []
[2013-06-20 02:12:18] GenerateTestCept.php.INFO: am in path "tests/data/sandbox" [] []
[2013-06-20 02:12:18] GenerateTestCept.php.INFO: execute command "generate:test dummy Dummy" [] []
[2013-06-20 02:12:19] GenerateTestCept.php.INFO: see file found "DummyTest.php" [] []
[2013-06-20 02:12:19] GenerateTestCept.php.INFO: see in this file "class DummyTest extends \Codeception\TestCase\Test" [] []
[2013-06-20 02:12:19] GenerateTestCept.php.INFO: see in this file "protected $dumbGuy" [] []
[2013-06-20 02:12:19] GenerateTestCept.php.INFO: see in this file "function _before(" [] []
[2013-06-20 02:12:19] GenerateTestCept.php.INFO: PASSED [] []
[2013-06-20 02:12:19] RunIncompleteCept.php.INFO: am in path "tests/data/sandbox" [] []
[2013-06-20 02:12:19] RunIncompleteCept.php.INFO: execute command "run skipped IncompleteMeCept.php" [] []
[2013-06-20 02:12:19] RunIncompleteCept.php.INFO: see in shell output "(IncompleteMeCept.php)  INCOMPLETE" [] []
[2013-06-20 02:12:19] RunIncompleteCept.php.INFO: see in shell output "OK, but incomplete or skipped tests!" [] []
[2013-06-20 02:12:19] RunIncompleteCept.php.INFO: PASSED [] []
[2013-06-20 02:12:19] RunSkippedCept.php.INFO: am in path "tests/data/sandbox" [] []
[2013-06-20 02:12:19] RunSkippedCept.php.INFO: execute command "run skipped SkipMeCept.php" [] []
[2013-06-20 02:12:19] RunSkippedCept.php.INFO: see in shell output "(SkipMeCept.php)  SKIPPED" [] []
[2013-06-20 02:12:19] RunSkippedCept.php.INFO: see in shell output "OK, but incomplete or skipped tests!" [] []
[2013-06-20 02:12:19] RunSkippedCept.php.INFO: PASSED [] []
[2013-06-20 02:12:19] ns\NotWorkingCept.php.INFO: PASSED [] []
[2013-06-20 02:12:19] BootstrapCest.bootstrapProject.INFO: am in path "tests/data/sandbox/tests/_data/" [] []
[2013-06-20 02:12:19] BootstrapCest.bootstrapProject.INFO: execute command "bootstrap" [] []
[2013-06-20 02:12:20] BootstrapCest.bootstrapProject.INFO: see file found "codeception.yml" [] []
[2013-06-20 02:12:20] BootstrapCest.bootstrapProject.INFO: see file found "functional.suite.yml","tests" [] []
[2013-06-20 02:12:20] BootstrapCest.bootstrapProject.INFO: see file found "acceptance.suite.yml","tests" [] []
[2013-06-20 02:12:20] BootstrapCest.bootstrapProject.INFO: see file found "unit.suite.yml","tests" [] []
[2013-06-20 02:12:20] BootstrapCest.bootstrapProject.INFO: see file found "_bootstrap.php","tests/acceptance" [] []
[2013-06-20 02:12:20] BootstrapCest.bootstrapProject.INFO: see file found "_bootstrap.php","tests/functional" [] []
[2013-06-20 02:12:20] BootstrapCest.bootstrapProject.INFO: see file found "_bootstrap.php","tests/unit" [] []
[2013-06-20 02:12:20] BootstrapCest.bootstrapProject.INFO: see file found "WebGuy.php","tests/acceptance" [] []
[2013-06-20 02:12:20] BootstrapCest.bootstrapProject.INFO: see file found "TestGuy.php","tests/functional" [] []
[2013-06-20 02:12:20] BootstrapCest.bootstrapProject.INFO: see file found "CodeGuy.php","tests/unit" [] []
[2013-06-20 02:12:20] BootstrapCest.bootstrapProject.INFO: see file found "WebHelper.php","tests/_helpers" [] []
[2013-06-20 02:12:20] BootstrapCest.bootstrapProject.INFO: see file found "TestHelper.php","tests/_helpers" [] []
[2013-06-20 02:12:20] BootstrapCest.bootstrapProject.INFO: see file found "CodeHelper.php","tests/_helpers" [] []
[2013-06-20 02:12:20] BootstrapCest.bootstrapProject.INFO: see in shell output "Building Guy classes for suites" [] []
[2013-06-20 02:12:20] BootstrapCest.bootstrapProject.INFO: PASSED [] []
[2013-06-20 02:12:20] BootstrapCest.bootstrapWithNamespace.INFO: am in path "tests/data/sandbox/tests/_data/" [] []
[2013-06-20 02:12:20] BootstrapCest.bootstrapWithNamespace.INFO: execute command "bootstrap --namespace Generated" [] []
[2013-06-20 02:12:21] BootstrapCest.bootstrapWithNamespace.INFO: see in shell output "Building Guy classes for suites" [] []
[2013-06-20 02:12:21] BootstrapCest.bootstrapWithNamespace.INFO: see file found "codeception.yml" [] []
[2013-06-20 02:12:21] BootstrapCest.bootstrapWithNamespace.INFO: see in this file "namespace: Generated" [] []
[2013-06-20 02:12:21] BootstrapCest.bootstrapWithNamespace.INFO: don't see in this file "namespace Generated\" [] []
[2013-06-20 02:12:21] BootstrapCest.bootstrapWithNamespace.INFO: see file found "functional.suite.yml","tests" [] []
[2013-06-20 02:12:21] BootstrapCest.bootstrapWithNamespace.INFO: see file found "acceptance.suite.yml","tests" [] []
[2013-06-20 02:12:21] BootstrapCest.bootstrapWithNamespace.INFO: see file found "unit.suite.yml","tests" [] []
[2013-06-20 02:12:21] BootstrapCest.bootstrapWithNamespace.INFO: see file found "_bootstrap.php","tests/acceptance" [] []
[2013-06-20 02:12:21] BootstrapCest.bootstrapWithNamespace.INFO: see file found "_bootstrap.php","tests/functional" [] []
[2013-06-20 02:12:21] BootstrapCest.bootstrapWithNamespace.INFO: see file found "_bootstrap.php","tests/unit" [] []
[2013-06-20 02:12:21] BootstrapCest.bootstrapWithNamespace.INFO: see file found "WebGuy.php","tests/acceptance" [] []
[2013-06-20 02:12:21] BootstrapCest.bootstrapWithNamespace.INFO: see file found "TestGuy.php","tests/functional" [] []
[2013-06-20 02:12:21] BootstrapCest.bootstrapWithNamespace.INFO: see file found "CodeGuy.php","tests/unit" [] []
[2013-06-20 02:12:21] BootstrapCest.bootstrapWithNamespace.INFO: see file found "WebHelper.php","tests/_helpers" [] []
[2013-06-20 02:12:21] BootstrapCest.bootstrapWithNamespace.INFO: see file found "TestHelper.php","tests/_helpers" [] []
[2013-06-20 02:12:21] BootstrapCest.bootstrapWithNamespace.INFO: see file found "CodeHelper.php","tests/_helpers" [] []
[2013-06-20 02:12:21] BootstrapCest.bootstrapWithNamespace.INFO: see file found "WebHelper.php" [] []
[2013-06-20 02:12:21] BootstrapCest.bootstrapWithNamespace.INFO: see in this file "namespace Generated\Codeception\Module;" [] []
[2013-06-20 02:12:21] BootstrapCest.bootstrapWithNamespace.INFO: see file found "WebGuy.php" [] []
[2013-06-20 02:12:21] BootstrapCest.bootstrapWithNamespace.INFO: see in this file "namespace Generated\Codeception;" [] []
[2013-06-20 02:12:21] BootstrapCest.bootstrapWithNamespace.INFO: PASSED [] []
[2013-06-20 02:12:21] IncludedCest.runSuitesFromIncludedConfigs.INFO: am in path "tests/data/included" [] []
[2013-06-20 02:12:21] IncludedCest.runSuitesFromIncludedConfigs.INFO: execute command "run" [] []
[2013-06-20 02:12:21] IncludedCest.runSuitesFromIncludedConfigs.INFO: see in shell output "[Jazz]" [] []
[2013-06-20 02:12:21] IncludedCest.runSuitesFromIncludedConfigs.INFO: see in shell output "Suite Jazz.functional started" [] []
[2013-06-20 02:12:21] IncludedCest.runSuitesFromIncludedConfigs.INFO: see in shell output "[Shire]" [] []
[2013-06-20 02:12:21] IncludedCest.runSuitesFromIncludedConfigs.INFO: see in shell output "Suite Shire.functional started" [] []
[2013-06-20 02:12:21] IncludedCest.runSuitesFromIncludedConfigs.INFO: PASSED [] []
[2013-06-20 02:12:21] IncludedCest.runIncludedWithXmlOutput.INFO: am in path "tests/data/included" [] []
[2013-06-20 02:12:21] IncludedCest.runIncludedWithXmlOutput.INFO: execute command "run --xml" [] []
[2013-06-20 02:12:21] IncludedCest.runIncludedWithXmlOutput.INFO: am in path "_log" [] []
[2013-06-20 02:12:21] IncludedCest.runIncludedWithXmlOutput.INFO: see file found "report.xml" [] []
[2013-06-20 02:12:21] IncludedCest.runIncludedWithXmlOutput.INFO: see in this file "<testsuite name="Jazz.functional" tests="1" assertions="1"" [] []
[2013-06-20 02:12:21] IncludedCest.runIncludedWithXmlOutput.INFO: see in this file "<testsuite name="Shire.functional" tests="1" assertions="1"" [] []
[2013-06-20 02:12:21] IncludedCest.runIncludedWithXmlOutput.INFO: see in this file "<testcase file="HobbitCept.php"" [] []
[2013-06-20 02:12:21] IncludedCest.runIncludedWithXmlOutput.INFO: see in this file "<testcase file="DemoCept.php"" [] []
[2013-06-20 02:12:21] IncludedCest.runIncludedWithXmlOutput.INFO: PASSED [] []
[2013-06-20 02:12:21] IncludedCest.runIncludedWithHtmlOutput.INFO: am in path "tests/data/included" [] []
[2013-06-20 02:12:21] IncludedCest.runIncludedWithHtmlOutput.INFO: execute command "run --html" [] []
[2013-06-20 02:12:21] IncludedCest.runIncludedWithHtmlOutput.INFO: am in path "_log" [] []
[2013-06-20 02:12:21] IncludedCest.runIncludedWithHtmlOutput.INFO: see file found "report.html" [] []
[2013-06-20 02:12:21] IncludedCest.runIncludedWithHtmlOutput.INFO: see in this file "Codeception Results" [] []
[2013-06-20 02:12:21] IncludedCest.runIncludedWithHtmlOutput.INFO: see in this file "Jazz.functional Tests" [] []
[2013-06-20 02:12:21] IncludedCest.runIncludedWithHtmlOutput.INFO: see in this file "check that jazz musicians can add numbers" [] []
[2013-06-20 02:12:21] IncludedCest.runIncludedWithHtmlOutput.INFO: see in this file "Shire.functional Tests" [] []
[2013-06-20 02:12:21] IncludedCest.runIncludedWithHtmlOutput.INFO: PASSED [] []
[2013-06-20 02:12:21] OrderCest.checkOneFile.INFO: am in path "tests/data/sandbox" [] []
[2013-06-20 02:12:21] OrderCest.checkOneFile.INFO: execute command "run order LoadingOrderCept.php" [] []
[2013-06-20 02:12:21] OrderCest.checkOneFile.INFO: i expect initialization, bootstrap(b), before suite, before, bootstrap(b), test(t), after, after suite  [] []
[2013-06-20 02:12:21] OrderCest.checkOneFile.INFO: see file found "order.txt","tests/_log" [] []
[2013-06-20 02:12:21] OrderCest.checkOneFile.INFO: see in this file "IBS([BST])" [] []
[2013-06-20 02:12:21] OrderCest.checkOneFile.INFO: PASSED [] []
[2013-06-20 02:12:21] OrderCest.checkForFails.INFO: am in path "tests/data/sandbox" [] []
[2013-06-20 02:12:21] OrderCest.checkForFails.INFO: execute command "run order FailedCept.php --no-exit" [] []
[2013-06-20 02:12:22] OrderCest.checkForFails.INFO: see file found "order.txt","tests/_log" [] []
[2013-06-20 02:12:22] OrderCest.checkForFails.INFO: i expect initialization, bootstrap, before suite, before, bootstrap, test, fail, after, after suite  [] []
[2013-06-20 02:12:22] OrderCest.checkForFails.INFO: see in this file "IBS([BSTF])" [] []
[2013-06-20 02:12:22] OrderCest.checkForFails.INFO: PASSED [] []
[2013-06-20 02:12:22] OrderCest.checkTwoFiles.INFO: am in path "tests/data/sandbox" [] []
[2013-06-20 02:12:22] OrderCest.checkTwoFiles.INFO: execute command "run order --no-exit" [] []
[2013-06-20 02:12:22] OrderCest.checkTwoFiles.INFO: see file found "order.txt","tests/_log" [] []
[2013-06-20 02:12:22] OrderCest.checkTwoFiles.INFO: see in this file "IBSBSBS([BST][BSTF][BST])" [] []
[2013-06-20 02:12:22] OrderCest.checkTwoFiles.INFO: PASSED [] []
[2013-06-20 02:12:22] RunCest.runOneFile.INFO: am in path "tests/data/sandbox" [] []
[2013-06-20 02:12:22] RunCest.runOneFile.INFO: execute command "run tests/dummy/FileExistsCept.php" [] []
[2013-06-20 02:12:22] RunCest.runOneFile.INFO: see file found "report.html","tests/_log" [] []
[2013-06-20 02:12:22] RunCest.runOneFile.INFO: see in shell output "OK (" [] []
[2013-06-20 02:12:22] RunCest.runOneFile.INFO: PASSED [] []
[2013-06-20 02:12:22] RunCest.runHtml.INFO: am in path "tests/data/sandbox" [] []
[2013-06-20 02:12:22] RunCest.runHtml.INFO: execute command "run dummy --html" [] []
[2013-06-20 02:12:22] RunCest.runHtml.INFO: see file found "report.html","tests/_log" [] []
[2013-06-20 02:12:22] RunCest.runHtml.INFO: PASSED [] []
[2013-06-20 02:12:22] RunCest.runJsonReport.INFO: am in path "tests/data/sandbox" [] []
[2013-06-20 02:12:22] RunCest.runJsonReport.INFO: execute command "run dummy --json" [] []
[2013-06-20 02:12:22] RunCest.runJsonReport.INFO: see file found "report.json","tests/_log" [] []
[2013-06-20 02:12:22] RunCest.runJsonReport.INFO: see in this file ""suite":" [] []
[2013-06-20 02:12:22] RunCest.runJsonReport.INFO: see in this file ""dummy"" [] []
[2013-06-20 02:12:22] RunCest.runJsonReport.INFO: PASSED [] []
[2013-06-20 02:12:22] RunCest.runTapReport.INFO: am in path "tests/data/sandbox" [] []
[2013-06-20 02:12:22] RunCest.runTapReport.INFO: execute command "run dummy --tap" [] []
[2013-06-20 02:12:22] RunCest.runTapReport.INFO: see file found "report.tap.log","tests/_log" [] []
[2013-06-20 02:12:22] RunCest.runTapReport.INFO: PASSED [] []
[2013-06-20 02:12:22] RunCest.runXmlReport.INFO: am in path "tests/data/sandbox" [] []
[2013-06-20 02:12:22] RunCest.runXmlReport.INFO: execute command "run dummy --xml" [] []
[2013-06-20 02:12:22] RunCest.runXmlReport.INFO: see file found "report.xml","tests/_log" [] []
[2013-06-20 02:12:23] RunCest.runXmlReport.INFO: see in this file "<?xml" [] []
[2013-06-20 02:12:23] RunCest.runXmlReport.INFO: see in this file "<testsuite name="dummy"" [] []
[2013-06-20 02:12:23] RunCest.runXmlReport.INFO: see in this file "<testcase file="FileExistsCept.php"" [] []
[2013-06-20 02:12:23] RunCest.runXmlReport.INFO: PASSED [] []
[2013-06-20 02:12:23] RunCest.runReportMode.INFO: am in path "tests/data/sandbox" [] []
[2013-06-20 02:12:23] RunCest.runReportMode.INFO: execute command "run dummy --report" [] []
[2013-06-20 02:12:23] RunCest.runReportMode.INFO: see in shell output "FileExistsCept.php" [] []
[2013-06-20 02:12:23] RunCest.runReportMode.INFO: see in shell output "........Ok" [] []
[2013-06-20 02:12:23] RunCest.runReportMode.INFO: PASSED [] []
[2013-06-20 02:12:23] RunCest.runOneGroup.INFO: am in path "tests/data/sandbox" [] []
[2013-06-20 02:12:23] RunCest.runOneGroup.INFO: execute command "run skipped -g notorun" [] []
[2013-06-20 02:12:23] RunCest.runOneGroup.INFO: see in shell output "Incomplete" [] []
[2013-06-20 02:12:23] RunCest.runOneGroup.INFO: don't see in shell output "Skipped" [] []
[2013-06-20 02:12:23] RunCest.runOneGroup.INFO: PASSED [] []
[2013-06-20 02:12:23] RunCest.runTwoSuites.INFO: am in path "tests/data/sandbox" [] []
[2013-06-20 02:12:23] RunCest.runTwoSuites.INFO: execute command "run skipped,dummy --no-exit" [] []
[2013-06-20 02:12:23] RunCest.runTwoSuites.INFO: see in shell output "Suite skipped started" [] []
[2013-06-20 02:12:23] RunCest.runTwoSuites.INFO: see in shell output "Suite dummy started" [] []
[2013-06-20 02:12:23] RunCest.runTwoSuites.INFO: don't see in shell output "Suite remote started" [] []
[2013-06-20 02:12:23] RunCest.runTwoSuites.INFO: PASSED [] []
[2013-06-20 02:12:23] RunCest.skipSuites.INFO: am in path "tests/data/sandbox" [] []
[2013-06-20 02:12:23] RunCest.skipSuites.INFO: execute command "run --skip skipped --skip remote --skip remote_server --skip order" [] []
[2013-06-20 02:12:23] RunCest.skipSuites.INFO: see in shell output "Suite dummy started" [] []
[2013-06-20 02:12:23] RunCest.skipSuites.INFO: don't see in shell output "Suite remote started" [] []
[2013-06-20 02:12:23] RunCest.skipSuites.INFO: don't see in shell output "Suite remote_server started" [] []
[2013-06-20 02:12:23] RunCest.skipSuites.INFO: don't see in shell output "Suite order started" [] []
[2013-06-20 02:12:23] RunCest.skipSuites.INFO: PASSED [] []
[2013-06-20 02:13:19] BuildCept.php.INFO: run shell commmand "php codecept build" [] []
[2013-06-20 02:13:20] BuildCept.php.INFO: see in shell output "generated successfully" [] []
[2013-06-20 02:13:20] BuildCept.php.INFO: see file found "CodeGuy.php","tests/unit" [] []
[2013-06-20 02:13:20] BuildCept.php.INFO: see file found "CliGuy.php","tests/cli" [] []
[2013-06-20 02:13:20] BuildCept.php.INFO: see in this file "seeFileFound(" [] []
[2013-06-20 02:13:20] BuildCept.php.INFO: PASSED [] []
[2013-06-20 02:13:20] GenerateCeptCept.php.INFO: am in path "tests/data/sandbox" [] []
[2013-06-20 02:13:20] GenerateCeptCept.php.INFO: execute command "generate:cept dummy DummyCept" [] []
[2013-06-20 02:13:20] GenerateCeptCept.php.INFO: see file found "DummyCept.php","tests/dummy" [] []
[2013-06-20 02:13:20] GenerateCeptCept.php.INFO: see in this file "$I = new DumbGuy($scenario);" [] []
[2013-06-20 02:13:20] GenerateCeptCept.php.INFO: delete this file  [] []
[2013-06-20 02:13:20] GenerateCeptCept.php.INFO: i am going to create scenario in folder  [] []
[2013-06-20 02:13:20] GenerateCeptCept.php.INFO: execute command "generate:cept dummy path/DummyCept" [] []
[2013-06-20 02:13:21] GenerateCeptCept.php.INFO: see file found "DummyCept.php","tests/dummy/path" [] []
[2013-06-20 02:13:22] GenerateCeptCept.php.INFO: delete this file  [] []
[2013-06-20 02:13:22] GenerateCeptCept.php.INFO: i am going to create file with cept.php suffix  [] []
[2013-06-20 02:13:22] GenerateCeptCept.php.INFO: execute command "generate:cept dummy DummyCept.php" [] []
[2013-06-20 02:13:22] GenerateCeptCept.php.INFO: see file found "DummyCept.php" [] []
[2013-06-20 02:13:22] GenerateCeptCept.php.INFO: delete this file  [] []
[2013-06-20 02:13:22] GenerateCeptCept.php.INFO: i am going to create file without any suffix  [] []
[2013-06-20 02:13:22] GenerateCeptCept.php.INFO: execute command "generate:cept dummy Dummy" [] []
[2013-06-20 02:13:23] GenerateCeptCept.php.INFO: see file found "DummyCept.php" [] []
[2013-06-20 02:13:23] GenerateCeptCept.php.INFO: PASSED [] []
[2013-06-20 02:13:23] GenerateCestCept.php.INFO: am in path "tests/data/sandbox" [] []
[2013-06-20 02:13:23] GenerateCestCept.php.INFO: execute command "generate:cest dummy DummyClass" [] []
[2013-06-20 02:13:23] GenerateCestCept.php.INFO: see file found "DummyClassCest.php" [] []
[2013-06-20 02:13:24] GenerateCestCept.php.INFO: see in this file "class DummyClassCest" [] []
[2013-06-20 02:13:24] GenerateCestCept.php.INFO: PASSED [] []
[2013-06-20 02:13:24] GeneratePhpUnitCept.php.INFO: am in path "tests/data/sandbox" [] []
[2013-06-20 02:13:24] GeneratePhpUnitCept.php.INFO: execute command "generate:phpunit dummy Dummy" [] []
[2013-06-20 02:13:24] GeneratePhpUnitCept.php.INFO: see file found "DummyTest.php" [] []
[2013-06-20 02:13:24] GeneratePhpUnitCept.php.INFO: see in this file "class DummyTest extends \PHPUnit_Framework_TestCase" [] []
[2013-06-20 02:13:24] GeneratePhpUnitCept.php.INFO: see in this file "function setUp()" [] []
[2013-06-20 02:13:24] GeneratePhpUnitCept.php.INFO: PASSED [] []
[2013-06-20 02:13:24] GeneratePhpUnitWithHierarchyPathsCept.php.INFO: am in path "tests/data/sandbox" [] []
[2013-06-20 02:13:24] GeneratePhpUnitWithHierarchyPathsCept.php.INFO: execute command "generate:phpunit dummy Dummy\Foo\Bar" [] []
[2013-06-20 02:13:25] GeneratePhpUnitWithHierarchyPathsCept.php.INFO: see file found "Dummy/Foo/BarTest.php" [] []
[2013-06-20 02:13:25] GeneratePhpUnitWithHierarchyPathsCept.php.ALERT: Dummy/Foo/BarTest.php in /home/davert/Codeception//tests/data/sandbox/ [] []
[2013-06-20 02:13:25] GeneratePhpUnitWithHierarchyPathsCept.php.INFO: # FAILED # [] []
[2013-06-20 02:13:25] GeneratePhpUnitWithHierarchyPathsCept.php.INFO: PASSED [] []
[2013-06-20 02:13:25] GenerateScenariosCept.php.INFO: am in path "tests/data/sandbox" [] []
[2013-06-20 02:13:25] GenerateScenariosCept.php.INFO: execute command "generate:scenarios dummy" [] []
[2013-06-20 02:13:26] GenerateScenariosCept.php.INFO: see file found "File_Exists.txt","tests/_data/scenarios" [] []
[2013-06-20 02:13:26] GenerateScenariosCept.php.INFO: see file contents equal "I WANT TO CHECK CONFIG EXISTS

I see file found "codeception.yml"" [] []
[2013-06-20 02:13:26] GenerateScenariosCept.php.INFO: PASSED [] []
[2013-06-20 02:13:26] GenerateSuiteCept.php.INFO: as a developer who likes testing  [] []
[2013-06-20 02:13:26] GenerateSuiteCept.php.INFO: so that i have a better tests categorization  [] []
[2013-06-20 02:13:26] GenerateSuiteCept.php.INFO: am in path "tests/data/sandbox" [] []
[2013-06-20 02:13:26] GenerateSuiteCept.php.INFO: execute command "generate:suite house HouseGuy" [] []
[2013-06-20 02:13:30] GenerateSuiteCept.php.INFO: see file found "house.suite.yml","tests" [] []
[2013-06-20 02:13:30] GenerateSuiteCept.php.INFO: i expect guy class is generated  [] []
[2013-06-20 02:13:30] GenerateSuiteCept.php.INFO: see in this file "class_name: HouseGuy" [] []
[2013-06-20 02:13:30] GenerateSuiteCept.php.INFO: see file found "HouseHelper.php","tests/_helpers" [] []
[2013-06-20 02:13:30] GenerateSuiteCept.php.INFO: see file found "_bootstrap.php","tests/house" [] []
[2013-06-20 02:13:30] GenerateSuiteCept.php.INFO: PASSED [] []
[2013-06-20 02:13:30] GenerateTestCept.php.INFO: am in path "tests/data/sandbox" [] []
[2013-06-20 02:13:30] GenerateTestCept.php.INFO: execute command "generate:test dummy Dummy" [] []
[2013-06-20 02:13:30] GenerateTestCept.php.INFO: see file found "DummyTest.php" [] []
[2013-06-20 02:13:30] GenerateTestCept.php.INFO: see in this file "class DummyTest extends \Codeception\TestCase\Test" [] []
[2013-06-20 02:13:30] GenerateTestCept.php.INFO: see in this file "protected $dumbGuy" [] []
[2013-06-20 02:13:30] GenerateTestCept.php.INFO: see in this file "function _before(" [] []
[2013-06-20 02:13:30] GenerateTestCept.php.INFO: PASSED [] []
[2013-06-20 02:13:30] RunIncompleteCept.php.INFO: am in path "tests/data/sandbox" [] []
[2013-06-20 02:13:30] RunIncompleteCept.php.INFO: execute command "run skipped IncompleteMeCept.php" [] []
[2013-06-20 02:13:31] RunIncompleteCept.php.INFO: see in shell output "(IncompleteMeCept.php)  INCOMPLETE" [] []
[2013-06-20 02:13:31] RunIncompleteCept.php.INFO: see in shell output "OK, but incomplete or skipped tests!" [] []
[2013-06-20 02:13:31] RunIncompleteCept.php.INFO: PASSED [] []
[2013-06-20 02:13:31] RunSkippedCept.php.INFO: am in path "tests/data/sandbox" [] []
[2013-06-20 02:13:31] RunSkippedCept.php.INFO: execute command "run skipped SkipMeCept.php" [] []
[2013-06-20 02:13:32] RunSkippedCept.php.INFO: see in shell output "(SkipMeCept.php)  SKIPPED" [] []
[2013-06-20 02:13:32] RunSkippedCept.php.INFO: see in shell output "OK, but incomplete or skipped tests!" [] []
[2013-06-20 02:13:32] RunSkippedCept.php.INFO: PASSED [] []
[2013-06-20 02:13:32] ns\NotWorkingCept.php.INFO: PASSED [] []
[2013-06-20 02:13:32] BootstrapCest.bootstrapProject.INFO: am in path "tests/data/sandbox/tests/_data/" [] []
[2013-06-20 02:13:32] BootstrapCest.bootstrapProject.INFO: execute command "bootstrap" [] []
[2013-06-20 02:13:33] BootstrapCest.bootstrapProject.INFO: see file found "codeception.yml" [] []
[2013-06-20 02:13:33] BootstrapCest.bootstrapProject.INFO: see file found "functional.suite.yml","tests" [] []
[2013-06-20 02:13:33] BootstrapCest.bootstrapProject.INFO: see file found "acceptance.suite.yml","tests" [] []
[2013-06-20 02:13:33] BootstrapCest.bootstrapProject.INFO: see file found "unit.suite.yml","tests" [] []
[2013-06-20 02:13:33] BootstrapCest.bootstrapProject.INFO: see file found "_bootstrap.php","tests/acceptance" [] []
[2013-06-20 02:13:33] BootstrapCest.bootstrapProject.INFO: see file found "_bootstrap.php","tests/functional" [] []
[2013-06-20 02:13:33] BootstrapCest.bootstrapProject.INFO: see file found "_bootstrap.php","tests/unit" [] []
[2013-06-20 02:13:33] BootstrapCest.bootstrapProject.INFO: see file found "WebGuy.php","tests/acceptance" [] []
[2013-06-20 02:13:33] BootstrapCest.bootstrapProject.INFO: see file found "TestGuy.php","tests/functional" [] []
[2013-06-20 02:13:33] BootstrapCest.bootstrapProject.INFO: see file found "CodeGuy.php","tests/unit" [] []
[2013-06-20 02:13:33] BootstrapCest.bootstrapProject.INFO: see file found "WebHelper.php","tests/_helpers" [] []
[2013-06-20 02:13:33] BootstrapCest.bootstrapProject.INFO: see file found "TestHelper.php","tests/_helpers" [] []
[2013-06-20 02:13:33] BootstrapCest.bootstrapProject.INFO: see file found "CodeHelper.php","tests/_helpers" [] []
[2013-06-20 02:13:33] BootstrapCest.bootstrapProject.INFO: see in shell output "Building Guy classes for suites" [] []
[2013-06-20 02:13:33] BootstrapCest.bootstrapProject.INFO: PASSED [] []
[2013-06-20 02:13:33] BootstrapCest.bootstrapWithNamespace.INFO: am in path "tests/data/sandbox/tests/_data/" [] []
[2013-06-20 02:13:33] BootstrapCest.bootstrapWithNamespace.INFO: execute command "bootstrap --namespace Generated" [] []
[2013-06-20 02:13:33] BootstrapCest.bootstrapWithNamespace.INFO: see in shell output "Building Guy classes for suites" [] []
[2013-06-20 02:13:33] BootstrapCest.bootstrapWithNamespace.INFO: see file found "codeception.yml" [] []
[2013-06-20 02:13:33] BootstrapCest.bootstrapWithNamespace.INFO: see in this file "namespace: Generated" [] []
[2013-06-20 02:13:33] BootstrapCest.bootstrapWithNamespace.INFO: don't see in this file "namespace Generated\" [] []
[2013-06-20 02:13:34] BootstrapCest.bootstrapWithNamespace.INFO: see file found "functional.suite.yml","tests" [] []
[2013-06-20 02:13:34] BootstrapCest.bootstrapWithNamespace.INFO: see file found "acceptance.suite.yml","tests" [] []
[2013-06-20 02:13:34] BootstrapCest.bootstrapWithNamespace.INFO: see file found "unit.suite.yml","tests" [] []
[2013-06-20 02:13:34] BootstrapCest.bootstrapWithNamespace.INFO: see file found "_bootstrap.php","tests/acceptance" [] []
[2013-06-20 02:13:34] BootstrapCest.bootstrapWithNamespace.INFO: see file found "_bootstrap.php","tests/functional" [] []
[2013-06-20 02:13:34] BootstrapCest.bootstrapWithNamespace.INFO: see file found "_bootstrap.php","tests/unit" [] []
[2013-06-20 02:13:34] BootstrapCest.bootstrapWithNamespace.INFO: see file found "WebGuy.php","tests/acceptance" [] []
[2013-06-20 02:13:34] BootstrapCest.bootstrapWithNamespace.INFO: see file found "TestGuy.php","tests/functional" [] []
[2013-06-20 02:13:34] BootstrapCest.bootstrapWithNamespace.INFO: see file found "CodeGuy.php","tests/unit" [] []
[2013-06-20 02:13:34] BootstrapCest.bootstrapWithNamespace.INFO: see file found "WebHelper.php","tests/_helpers" [] []
[2013-06-20 02:13:34] BootstrapCest.bootstrapWithNamespace.INFO: see file found "TestHelper.php","tests/_helpers" [] []
[2013-06-20 02:13:34] BootstrapCest.bootstrapWithNamespace.INFO: see file found "CodeHelper.php","tests/_helpers" [] []
[2013-06-20 02:13:34] BootstrapCest.bootstrapWithNamespace.INFO: see file found "WebHelper.php" [] []
[2013-06-20 02:13:34] BootstrapCest.bootstrapWithNamespace.INFO: see in this file "namespace Generated\Codeception\Module;" [] []
[2013-06-20 02:13:34] BootstrapCest.bootstrapWithNamespace.INFO: see file found "WebGuy.php" [] []
[2013-06-20 02:13:34] BootstrapCest.bootstrapWithNamespace.INFO: see in this file "namespace Generated\Codeception;" [] []
[2013-06-20 02:13:34] BootstrapCest.bootstrapWithNamespace.INFO: PASSED [] []
[2013-06-20 02:13:34] IncludedCest.runSuitesFromIncludedConfigs.INFO: am in path "tests/data/included" [] []
[2013-06-20 02:13:34] IncludedCest.runSuitesFromIncludedConfigs.INFO: execute command "run" [] []
[2013-06-20 02:13:34] IncludedCest.runSuitesFromIncludedConfigs.INFO: see in shell output "[Jazz]" [] []
[2013-06-20 02:13:34] IncludedCest.runSuitesFromIncludedConfigs.INFO: see in shell output "Suite Jazz.functional started" [] []
[2013-06-20 02:13:34] IncludedCest.runSuitesFromIncludedConfigs.INFO: see in shell output "[Shire]" [] []
[2013-06-20 02:13:34] IncludedCest.runSuitesFromIncludedConfigs.INFO: see in shell output "Suite Shire.functional started" [] []
[2013-06-20 02:13:34] IncludedCest.runSuitesFromIncludedConfigs.INFO: PASSED [] []
[2013-06-20 02:13:34] IncludedCest.runIncludedWithXmlOutput.INFO: am in path "tests/data/included" [] []
[2013-06-20 02:13:34] IncludedCest.runIncludedWithXmlOutput.INFO: execute command "run --xml" [] []
[2013-06-20 02:13:35] IncludedCest.runIncludedWithXmlOutput.INFO: am in path "_log" [] []
[2013-06-20 02:13:35] IncludedCest.runIncludedWithXmlOutput.INFO: see file found "report.xml" [] []
[2013-06-20 02:13:35] IncludedCest.runIncludedWithXmlOutput.INFO: see in this file "<testsuite name="Jazz.functional" tests="1" assertions="1"" [] []
[2013-06-20 02:13:35] IncludedCest.runIncludedWithXmlOutput.INFO: see in this file "<testsuite name="Shire.functional" tests="1" assertions="1"" [] []
[2013-06-20 02:13:35] IncludedCest.runIncludedWithXmlOutput.INFO: see in this file "<testcase file="HobbitCept.php"" [] []
[2013-06-20 02:13:35] IncludedCest.runIncludedWithXmlOutput.INFO: see in this file "<testcase file="DemoCept.php"" [] []
[2013-06-20 02:13:35] IncludedCest.runIncludedWithXmlOutput.INFO: PASSED [] []
[2013-06-20 02:13:35] IncludedCest.runIncludedWithHtmlOutput.INFO: am in path "tests/data/included" [] []
[2013-06-20 02:13:35] IncludedCest.runIncludedWithHtmlOutput.INFO: execute command "run --html" [] []
[2013-06-20 02:13:36] IncludedCest.runIncludedWithHtmlOutput.INFO: am in path "_log" [] []
[2013-06-20 02:13:36] IncludedCest.runIncludedWithHtmlOutput.INFO: see file found "report.html" [] []
[2013-06-20 02:13:36] IncludedCest.runIncludedWithHtmlOutput.INFO: see in this file "Codeception Results" [] []
[2013-06-20 02:13:36] IncludedCest.runIncludedWithHtmlOutput.INFO: see in this file "Jazz.functional Tests" [] []
[2013-06-20 02:13:36] IncludedCest.runIncludedWithHtmlOutput.INFO: see in this file "check that jazz musicians can add numbers" [] []
[2013-06-20 02:13:36] IncludedCest.runIncludedWithHtmlOutput.INFO: see in this file "Shire.functional Tests" [] []
[2013-06-20 02:13:36] IncludedCest.runIncludedWithHtmlOutput.INFO: PASSED [] []
[2013-06-20 02:13:36] OrderCest.checkOneFile.INFO: am in path "tests/data/sandbox" [] []
[2013-06-20 02:13:36] OrderCest.checkOneFile.INFO: execute command "run order LoadingOrderCept.php" [] []
[2013-06-20 02:13:36] OrderCest.checkOneFile.INFO: i expect initialization, bootstrap(b), before suite, before, bootstrap(b), test(t), after, after suite  [] []
[2013-06-20 02:13:36] OrderCest.checkOneFile.INFO: see file found "order.txt","tests/_log" [] []
[2013-06-20 02:13:36] OrderCest.checkOneFile.INFO: see in this file "IBS([BST])" [] []
[2013-06-20 02:13:36] OrderCest.checkOneFile.INFO: PASSED [] []
[2013-06-20 02:13:36] OrderCest.checkForFails.INFO: am in path "tests/data/sandbox" [] []
[2013-06-20 02:13:36] OrderCest.checkForFails.INFO: execute command "run order FailedCept.php --no-exit" [] []
[2013-06-20 02:13:36] OrderCest.checkForFails.INFO: see file found "order.txt","tests/_log" [] []
[2013-06-20 02:13:36] OrderCest.checkForFails.INFO: i expect initialization, bootstrap, before suite, before, bootstrap, test, fail, after, after suite  [] []
[2013-06-20 02:13:36] OrderCest.checkForFails.INFO: see in this file "IBS([BSTF])" [] []
[2013-06-20 02:13:36] OrderCest.checkForFails.INFO: PASSED [] []
[2013-06-20 02:13:36] OrderCest.checkTwoFiles.INFO: am in path "tests/data/sandbox" [] []
[2013-06-20 02:13:36] OrderCest.checkTwoFiles.INFO: execute command "run order --no-exit" [] []
[2013-06-20 02:13:36] OrderCest.checkTwoFiles.INFO: see file found "order.txt","tests/_log" [] []
[2013-06-20 02:13:36] OrderCest.checkTwoFiles.INFO: see in this file "IBSBSBS([BST][BSTF][BST])" [] []
[2013-06-20 02:13:37] OrderCest.checkTwoFiles.INFO: PASSED [] []
[2013-06-20 02:13:37] RunCest.runOneFile.INFO: am in path "tests/data/sandbox" [] []
[2013-06-20 02:13:37] RunCest.runOneFile.INFO: execute command "run tests/dummy/FileExistsCept.php" [] []
[2013-06-20 02:13:37] RunCest.runOneFile.INFO: see file found "report.html","tests/_log" [] []
[2013-06-20 02:13:37] RunCest.runOneFile.INFO: see in shell output "OK (" [] []
[2013-06-20 02:13:37] RunCest.runOneFile.INFO: PASSED [] []
[2013-06-20 02:13:37] RunCest.runHtml.INFO: am in path "tests/data/sandbox" [] []
[2013-06-20 02:13:37] RunCest.runHtml.INFO: execute command "run dummy --html" [] []
[2013-06-20 02:13:37] RunCest.runHtml.INFO: see file found "report.html","tests/_log" [] []
[2013-06-20 02:13:37] RunCest.runHtml.INFO: PASSED [] []
[2013-06-20 02:13:37] RunCest.runJsonReport.INFO: am in path "tests/data/sandbox" [] []
[2013-06-20 02:13:37] RunCest.runJsonReport.INFO: execute command "run dummy --json" [] []
[2013-06-20 02:13:38] RunCest.runJsonReport.INFO: see file found "report.json","tests/_log" [] []
[2013-06-20 02:13:38] RunCest.runJsonReport.INFO: see in this file ""suite":" [] []
[2013-06-20 02:13:38] RunCest.runJsonReport.INFO: see in this file ""dummy"" [] []
[2013-06-20 02:13:38] RunCest.runJsonReport.INFO: PASSED [] []
[2013-06-20 02:13:38] RunCest.runTapReport.INFO: am in path "tests/data/sandbox" [] []
[2013-06-20 02:13:38] RunCest.runTapReport.INFO: execute command "run dummy --tap" [] []
[2013-06-20 02:13:38] RunCest.runTapReport.INFO: see file found "report.tap.log","tests/_log" [] []
[2013-06-20 02:13:38] RunCest.runTapReport.INFO: PASSED [] []
[2013-06-20 02:13:38] RunCest.runXmlReport.INFO: am in path "tests/data/sandbox" [] []
[2013-06-20 02:13:38] RunCest.runXmlReport.INFO: execute command "run dummy --xml" [] []
[2013-06-20 02:13:38] RunCest.runXmlReport.INFO: see file found "report.xml","tests/_log" [] []
[2013-06-20 02:13:38] RunCest.runXmlReport.INFO: see in this file "<?xml" [] []
[2013-06-20 02:13:38] RunCest.runXmlReport.INFO: see in this file "<testsuite name="dummy"" [] []
[2013-06-20 02:13:38] RunCest.runXmlReport.INFO: see in this file "<testcase file="FileExistsCept.php"" [] []
[2013-06-20 02:13:38] RunCest.runXmlReport.INFO: PASSED [] []
[2013-06-20 02:13:38] RunCest.runReportMode.INFO: am in path "tests/data/sandbox" [] []
[2013-06-20 02:13:38] RunCest.runReportMode.INFO: execute command "run dummy --report" [] []
[2013-06-20 02:13:39] RunCest.runReportMode.INFO: see in shell output "FileExistsCept.php" [] []
[2013-06-20 02:13:39] RunCest.runReportMode.INFO: see in shell output "........Ok" [] []
[2013-06-20 02:13:39] RunCest.runReportMode.INFO: PASSED [] []
[2013-06-20 02:13:39] RunCest.runOneGroup.INFO: am in path "tests/data/sandbox" [] []
[2013-06-20 02:13:39] RunCest.runOneGroup.INFO: execute command "run skipped -g notorun" [] []
[2013-06-20 02:13:39] RunCest.runOneGroup.INFO: see in shell output "Incomplete" [] []
[2013-06-20 02:13:39] RunCest.runOneGroup.INFO: don't see in shell output "Skipped" [] []
[2013-06-20 02:13:39] RunCest.runOneGroup.INFO: PASSED [] []
[2013-06-20 02:13:39] RunCest.runTwoSuites.INFO: am in path "tests/data/sandbox" [] []
[2013-06-20 02:13:39] RunCest.runTwoSuites.INFO: execute command "run skipped,dummy --no-exit" [] []
[2013-06-20 02:13:39] RunCest.runTwoSuites.INFO: see in shell output "Suite skipped started" [] []
[2013-06-20 02:13:39] RunCest.runTwoSuites.INFO: see in shell output "Suite dummy started" [] []
[2013-06-20 02:13:39] RunCest.runTwoSuites.INFO: don't see in shell output "Suite remote started" [] []
[2013-06-20 02:13:39] RunCest.runTwoSuites.INFO: PASSED [] []
[2013-06-20 02:13:39] RunCest.skipSuites.INFO: am in path "tests/data/sandbox" [] []
[2013-06-20 02:13:39] RunCest.skipSuites.INFO: execute command "run --skip skipped --skip remote --skip remote_server --skip order" [] []
[2013-06-20 02:13:39] RunCest.skipSuites.INFO: see in shell output "Suite dummy started" [] []
[2013-06-20 02:13:39] RunCest.skipSuites.INFO: don't see in shell output "Suite remote started" [] []
[2013-06-20 02:13:39] RunCest.skipSuites.INFO: don't see in shell output "Suite remote_server started" [] []
[2013-06-20 02:13:39] RunCest.skipSuites.INFO: don't see in shell output "Suite order started" [] []
[2013-06-20 02:13:39] RunCest.skipSuites.INFO: PASSED [] []
[2013-06-20 02:15:30] BuildCept.php.INFO: run shell commmand "php codecept build" [] []
[2013-06-20 02:15:31] BuildCept.php.INFO: see in shell output "generated successfully" [] []
[2013-06-20 02:15:31] BuildCept.php.INFO: see file found "CodeGuy.php","tests/unit" [] []
[2013-06-20 02:15:31] BuildCept.php.INFO: see file found "CliGuy.php","tests/cli" [] []
[2013-06-20 02:15:31] BuildCept.php.INFO: see in this file "seeFileFound(" [] []
[2013-06-20 02:15:31] BuildCept.php.INFO: PASSED [] []
[2013-06-20 02:15:31] GenerateCeptCept.php.INFO: am in path "tests/data/sandbox" [] []
[2013-06-20 02:15:31] GenerateCeptCept.php.INFO: execute command "generate:cept dummy DummyCept" [] []
[2013-06-20 02:15:32] GenerateCeptCept.php.INFO: see file found "DummyCept.php","tests/dummy" [] []
[2013-06-20 02:15:32] GenerateCeptCept.php.INFO: see in this file "$I = new DumbGuy($scenario);" [] []
[2013-06-20 02:15:32] GenerateCeptCept.php.INFO: delete this file  [] []
[2013-06-20 02:15:32] GenerateCeptCept.php.INFO: i am going to create scenario in folder  [] []
[2013-06-20 02:15:32] GenerateCeptCept.php.INFO: execute command "generate:cept dummy path/DummyCept" [] []
[2013-06-20 02:15:32] GenerateCeptCept.php.INFO: see file found "DummyCept.php","tests/dummy/path" [] []
[2013-06-20 02:15:32] GenerateCeptCept.php.INFO: delete this file  [] []
[2013-06-20 02:15:32] GenerateCeptCept.php.INFO: i am going to create file with cept.php suffix  [] []
[2013-06-20 02:15:32] GenerateCeptCept.php.INFO: execute command "generate:cept dummy DummyCept.php" [] []
[2013-06-20 02:15:33] GenerateCeptCept.php.INFO: see file found "DummyCept.php" [] []
[2013-06-20 02:15:33] GenerateCeptCept.php.INFO: delete this file  [] []
[2013-06-20 02:15:33] GenerateCeptCept.php.INFO: i am going to create file without any suffix  [] []
[2013-06-20 02:15:33] GenerateCeptCept.php.INFO: execute command "generate:cept dummy Dummy" [] []
[2013-06-20 02:15:33] GenerateCeptCept.php.INFO: see file found "DummyCept.php" [] []
[2013-06-20 02:15:34] GenerateCeptCept.php.INFO: PASSED [] []
[2013-06-20 02:15:34] GenerateCestCept.php.INFO: am in path "tests/data/sandbox" [] []
[2013-06-20 02:15:34] GenerateCestCept.php.INFO: execute command "generate:cest dummy DummyClass" [] []
[2013-06-20 02:15:34] GenerateCestCept.php.INFO: see file found "DummyClassCest.php" [] []
[2013-06-20 02:15:34] GenerateCestCept.php.INFO: see in this file "class DummyClassCest" [] []
[2013-06-20 02:15:34] GenerateCestCept.php.INFO: PASSED [] []
[2013-06-20 02:15:34] GeneratePhpUnitCept.php.INFO: am in path "tests/data/sandbox" [] []
[2013-06-20 02:15:34] GeneratePhpUnitCept.php.INFO: execute command "generate:phpunit dummy Dummy" [] []
[2013-06-20 02:15:35] GeneratePhpUnitCept.php.INFO: see file found "DummyTest.php" [] []
[2013-06-20 02:15:35] GeneratePhpUnitCept.php.INFO: see in this file "class DummyTest extends \PHPUnit_Framework_TestCase" [] []
[2013-06-20 02:15:35] GeneratePhpUnitCept.php.INFO: see in this file "function setUp()" [] []
[2013-06-20 02:15:35] GeneratePhpUnitCept.php.INFO: PASSED [] []
[2013-06-20 02:15:35] GeneratePhpUnitWithHierarchyPathsCept.php.INFO: am in path "tests/data/sandbox" [] []
[2013-06-20 02:15:35] GeneratePhpUnitWithHierarchyPathsCept.php.INFO: execute command "generate:phpunit dummy Dummy\Foo\Bar" [] []
[2013-06-20 02:15:35] GeneratePhpUnitWithHierarchyPathsCept.php.INFO: am in path "Dummy/Foo" [] []
[2013-06-20 02:15:35] GeneratePhpUnitWithHierarchyPathsCept.php.ALERT: chdir(): No such file or directory (errno 2) [] []
[2013-06-20 02:15:35] GeneratePhpUnitWithHierarchyPathsCept.php.INFO: # ERROR # [] []
[2013-06-20 02:15:35] GeneratePhpUnitWithHierarchyPathsCept.php.INFO: PASSED [] []
[2013-06-20 02:15:35] GenerateScenariosCept.php.INFO: am in path "tests/data/sandbox" [] []
[2013-06-20 02:15:35] GenerateScenariosCept.php.INFO: execute command "generate:scenarios dummy" [] []
[2013-06-20 02:15:36] GenerateScenariosCept.php.INFO: see file found "File_Exists.txt","tests/_data/scenarios" [] []
[2013-06-20 02:15:36] GenerateScenariosCept.php.INFO: see file contents equal "I WANT TO CHECK CONFIG EXISTS

I see file found "codeception.yml"" [] []
[2013-06-20 02:15:36] GenerateScenariosCept.php.INFO: PASSED [] []
[2013-06-20 02:15:36] GenerateSuiteCept.php.INFO: as a developer who likes testing  [] []
[2013-06-20 02:15:36] GenerateSuiteCept.php.INFO: so that i have a better tests categorization  [] []
[2013-06-20 02:15:36] GenerateSuiteCept.php.INFO: am in path "tests/data/sandbox" [] []
[2013-06-20 02:15:36] GenerateSuiteCept.php.INFO: execute command "generate:suite house HouseGuy" [] []
[2013-06-20 02:15:37] GenerateSuiteCept.php.INFO: see file found "house.suite.yml","tests" [] []
[2013-06-20 02:15:37] GenerateSuiteCept.php.INFO: i expect guy class is generated  [] []
[2013-06-20 02:15:37] GenerateSuiteCept.php.INFO: see in this file "class_name: HouseGuy" [] []
[2013-06-20 02:15:37] GenerateSuiteCept.php.INFO: see file found "HouseHelper.php","tests/_helpers" [] []
[2013-06-20 02:15:37] GenerateSuiteCept.php.INFO: see file found "_bootstrap.php","tests/house" [] []
[2013-06-20 02:15:37] GenerateSuiteCept.php.INFO: PASSED [] []
[2013-06-20 02:15:37] GenerateTestCept.php.INFO: am in path "tests/data/sandbox" [] []
[2013-06-20 02:15:37] GenerateTestCept.php.INFO: execute command "generate:test dummy Dummy" [] []
[2013-06-20 02:15:37] GenerateTestCept.php.INFO: see file found "DummyTest.php" [] []
[2013-06-20 02:15:37] GenerateTestCept.php.INFO: see in this file "class DummyTest extends \Codeception\TestCase\Test" [] []
[2013-06-20 02:15:37] GenerateTestCept.php.INFO: see in this file "protected $dumbGuy" [] []
[2013-06-20 02:15:37] GenerateTestCept.php.INFO: see in this file "function _before(" [] []
[2013-06-20 02:15:37] GenerateTestCept.php.INFO: PASSED [] []
[2013-06-20 02:15:37] RunIncompleteCept.php.INFO: am in path "tests/data/sandbox" [] []
[2013-06-20 02:15:37] RunIncompleteCept.php.INFO: execute command "run skipped IncompleteMeCept.php" [] []
[2013-06-20 02:15:37] RunIncompleteCept.php.INFO: see in shell output "(IncompleteMeCept.php)  INCOMPLETE" [] []
[2013-06-20 02:15:37] RunIncompleteCept.php.INFO: see in shell output "OK, but incomplete or skipped tests!" [] []
[2013-06-20 02:15:37] RunIncompleteCept.php.INFO: PASSED [] []
[2013-06-20 02:15:37] RunSkippedCept.php.INFO: am in path "tests/data/sandbox" [] []
[2013-06-20 02:15:37] RunSkippedCept.php.INFO: execute command "run skipped SkipMeCept.php" [] []
[2013-06-20 02:15:38] RunSkippedCept.php.INFO: see in shell output "(SkipMeCept.php)  SKIPPED" [] []
[2013-06-20 02:15:38] RunSkippedCept.php.INFO: see in shell output "OK, but incomplete or skipped tests!" [] []
[2013-06-20 02:15:38] RunSkippedCept.php.INFO: PASSED [] []
[2013-06-20 02:15:38] ns\NotWorkingCept.php.INFO: PASSED [] []
[2013-06-20 02:15:38] BootstrapCest.bootstrapProject.INFO: am in path "tests/data/sandbox/tests/_data/" [] []
[2013-06-20 02:15:38] BootstrapCest.bootstrapProject.INFO: execute command "bootstrap" [] []
[2013-06-20 02:15:38] BootstrapCest.bootstrapProject.INFO: see file found "codeception.yml" [] []
[2013-06-20 02:15:38] BootstrapCest.bootstrapProject.INFO: see file found "functional.suite.yml","tests" [] []
[2013-06-20 02:15:38] BootstrapCest.bootstrapProject.INFO: see file found "acceptance.suite.yml","tests" [] []
[2013-06-20 02:15:38] BootstrapCest.bootstrapProject.INFO: see file found "unit.suite.yml","tests" [] []
[2013-06-20 02:15:38] BootstrapCest.bootstrapProject.INFO: see file found "_bootstrap.php","tests/acceptance" [] []
[2013-06-20 02:15:38] BootstrapCest.bootstrapProject.INFO: see file found "_bootstrap.php","tests/functional" [] []
[2013-06-20 02:15:38] BootstrapCest.bootstrapProject.INFO: see file found "_bootstrap.php","tests/unit" [] []
[2013-06-20 02:15:38] BootstrapCest.bootstrapProject.INFO: see file found "WebGuy.php","tests/acceptance" [] []
[2013-06-20 02:15:38] BootstrapCest.bootstrapProject.INFO: see file found "TestGuy.php","tests/functional" [] []
[2013-06-20 02:15:38] BootstrapCest.bootstrapProject.INFO: see file found "CodeGuy.php","tests/unit" [] []
[2013-06-20 02:15:38] BootstrapCest.bootstrapProject.INFO: see file found "WebHelper.php","tests/_helpers" [] []
[2013-06-20 02:15:38] BootstrapCest.bootstrapProject.INFO: see file found "TestHelper.php","tests/_helpers" [] []
[2013-06-20 02:15:38] BootstrapCest.bootstrapProject.INFO: see file found "CodeHelper.php","tests/_helpers" [] []
[2013-06-20 02:15:38] BootstrapCest.bootstrapProject.INFO: see in shell output "Building Guy classes for suites" [] []
[2013-06-20 02:15:38] BootstrapCest.bootstrapProject.INFO: PASSED [] []
[2013-06-20 02:15:38] BootstrapCest.bootstrapWithNamespace.INFO: am in path "tests/data/sandbox/tests/_data/" [] []
[2013-06-20 02:15:38] BootstrapCest.bootstrapWithNamespace.INFO: execute command "bootstrap --namespace Generated" [] []
[2013-06-20 02:15:39] BootstrapCest.bootstrapWithNamespace.INFO: see in shell output "Building Guy classes for suites" [] []
[2013-06-20 02:15:39] BootstrapCest.bootstrapWithNamespace.INFO: see file found "codeception.yml" [] []
[2013-06-20 02:15:39] BootstrapCest.bootstrapWithNamespace.INFO: see in this file "namespace: Generated" [] []
[2013-06-20 02:15:39] BootstrapCest.bootstrapWithNamespace.INFO: don't see in this file "namespace Generated\" [] []
[2013-06-20 02:15:39] BootstrapCest.bootstrapWithNamespace.INFO: see file found "functional.suite.yml","tests" [] []
[2013-06-20 02:15:39] BootstrapCest.bootstrapWithNamespace.INFO: see file found "acceptance.suite.yml","tests" [] []
[2013-06-20 02:15:39] BootstrapCest.bootstrapWithNamespace.INFO: see file found "unit.suite.yml","tests" [] []
[2013-06-20 02:15:39] BootstrapCest.bootstrapWithNamespace.INFO: see file found "_bootstrap.php","tests/acceptance" [] []
[2013-06-20 02:15:39] BootstrapCest.bootstrapWithNamespace.INFO: see file found "_bootstrap.php","tests/functional" [] []
[2013-06-20 02:15:39] BootstrapCest.bootstrapWithNamespace.INFO: see file found "_bootstrap.php","tests/unit" [] []
[2013-06-20 02:15:39] BootstrapCest.bootstrapWithNamespace.INFO: see file found "WebGuy.php","tests/acceptance" [] []
[2013-06-20 02:15:39] BootstrapCest.bootstrapWithNamespace.INFO: see file found "TestGuy.php","tests/functional" [] []
[2013-06-20 02:15:39] BootstrapCest.bootstrapWithNamespace.INFO: see file found "CodeGuy.php","tests/unit" [] []
[2013-06-20 02:15:39] BootstrapCest.bootstrapWithNamespace.INFO: see file found "WebHelper.php","tests/_helpers" [] []
[2013-06-20 02:15:39] BootstrapCest.bootstrapWithNamespace.INFO: see file found "TestHelper.php","tests/_helpers" [] []
[2013-06-20 02:15:39] BootstrapCest.bootstrapWithNamespace.INFO: see file found "CodeHelper.php","tests/_helpers" [] []
[2013-06-20 02:15:39] BootstrapCest.bootstrapWithNamespace.INFO: see file found "WebHelper.php" [] []
[2013-06-20 02:15:39] BootstrapCest.bootstrapWithNamespace.INFO: see in this file "namespace Generated\Codeception\Module;" [] []
[2013-06-20 02:15:39] BootstrapCest.bootstrapWithNamespace.INFO: see file found "WebGuy.php" [] []
[2013-06-20 02:15:39] BootstrapCest.bootstrapWithNamespace.INFO: see in this file "namespace Generated\Codeception;" [] []
[2013-06-20 02:15:39] BootstrapCest.bootstrapWithNamespace.INFO: PASSED [] []
[2013-06-20 02:15:39] IncludedCest.runSuitesFromIncludedConfigs.INFO: am in path "tests/data/included" [] []
[2013-06-20 02:15:39] IncludedCest.runSuitesFromIncludedConfigs.INFO: execute command "run" [] []
[2013-06-20 02:15:39] IncludedCest.runSuitesFromIncludedConfigs.INFO: see in shell output "[Jazz]" [] []
[2013-06-20 02:15:39] IncludedCest.runSuitesFromIncludedConfigs.INFO: see in shell output "Suite Jazz.functional started" [] []
[2013-06-20 02:15:39] IncludedCest.runSuitesFromIncludedConfigs.INFO: see in shell output "[Shire]" [] []
[2013-06-20 02:15:39] IncludedCest.runSuitesFromIncludedConfigs.INFO: see in shell output "Suite Shire.functional started" [] []
[2013-06-20 02:15:39] IncludedCest.runSuitesFromIncludedConfigs.INFO: PASSED [] []
[2013-06-20 02:15:39] IncludedCest.runIncludedWithXmlOutput.INFO: am in path "tests/data/included" [] []
[2013-06-20 02:15:39] IncludedCest.runIncludedWithXmlOutput.INFO: execute command "run --xml" [] []
[2013-06-20 02:15:39] IncludedCest.runIncludedWithXmlOutput.INFO: am in path "_log" [] []
[2013-06-20 02:15:39] IncludedCest.runIncludedWithXmlOutput.INFO: see file found "report.xml" [] []
[2013-06-20 02:15:39] IncludedCest.runIncludedWithXmlOutput.INFO: see in this file "<testsuite name="Jazz.functional" tests="1" assertions="1"" [] []
[2013-06-20 02:15:39] IncludedCest.runIncludedWithXmlOutput.INFO: see in this file "<testsuite name="Shire.functional" tests="1" assertions="1"" [] []
[2013-06-20 02:15:39] IncludedCest.runIncludedWithXmlOutput.INFO: see in this file "<testcase file="HobbitCept.php"" [] []
[2013-06-20 02:15:39] IncludedCest.runIncludedWithXmlOutput.INFO: see in this file "<testcase file="DemoCept.php"" [] []
[2013-06-20 02:15:39] IncludedCest.runIncludedWithXmlOutput.INFO: PASSED [] []
[2013-06-20 02:15:39] IncludedCest.runIncludedWithHtmlOutput.INFO: am in path "tests/data/included" [] []
[2013-06-20 02:15:39] IncludedCest.runIncludedWithHtmlOutput.INFO: execute command "run --html" [] []
[2013-06-20 02:15:40] IncludedCest.runIncludedWithHtmlOutput.INFO: am in path "_log" [] []
[2013-06-20 02:15:40] IncludedCest.runIncludedWithHtmlOutput.INFO: see file found "report.html" [] []
[2013-06-20 02:15:40] IncludedCest.runIncludedWithHtmlOutput.INFO: see in this file "Codeception Results" [] []
[2013-06-20 02:15:40] IncludedCest.runIncludedWithHtmlOutput.INFO: see in this file "Jazz.functional Tests" [] []
[2013-06-20 02:15:40] IncludedCest.runIncludedWithHtmlOutput.INFO: see in this file "check that jazz musicians can add numbers" [] []
[2013-06-20 02:15:40] IncludedCest.runIncludedWithHtmlOutput.INFO: see in this file "Shire.functional Tests" [] []
[2013-06-20 02:15:40] IncludedCest.runIncludedWithHtmlOutput.INFO: PASSED [] []
[2013-06-20 02:15:40] OrderCest.checkOneFile.INFO: am in path "tests/data/sandbox" [] []
[2013-06-20 02:15:40] OrderCest.checkOneFile.INFO: execute command "run order LoadingOrderCept.php" [] []
[2013-06-20 02:15:40] OrderCest.checkOneFile.INFO: i expect initialization, bootstrap(b), before suite, before, bootstrap(b), test(t), after, after suite  [] []
[2013-06-20 02:15:40] OrderCest.checkOneFile.INFO: see file found "order.txt","tests/_log" [] []
[2013-06-20 02:15:40] OrderCest.checkOneFile.INFO: see in this file "IBS([BST])" [] []
[2013-06-20 02:15:40] OrderCest.checkOneFile.INFO: PASSED [] []
[2013-06-20 02:15:40] OrderCest.checkForFails.INFO: am in path "tests/data/sandbox" [] []
[2013-06-20 02:15:40] OrderCest.checkForFails.INFO: execute command "run order FailedCept.php --no-exit" [] []
[2013-06-20 02:15:40] OrderCest.checkForFails.INFO: see file found "order.txt","tests/_log" [] []
[2013-06-20 02:15:40] OrderCest.checkForFails.INFO: i expect initialization, bootstrap, before suite, before, bootstrap, test, fail, after, after suite  [] []
[2013-06-20 02:15:40] OrderCest.checkForFails.INFO: see in this file "IBS([BSTF])" [] []
[2013-06-20 02:15:40] OrderCest.checkForFails.INFO: PASSED [] []
[2013-06-20 02:15:40] OrderCest.checkTwoFiles.INFO: am in path "tests/data/sandbox" [] []
[2013-06-20 02:15:40] OrderCest.checkTwoFiles.INFO: execute command "run order --no-exit" [] []
[2013-06-20 02:15:40] OrderCest.checkTwoFiles.INFO: see file found "order.txt","tests/_log" [] []
[2013-06-20 02:15:40] OrderCest.checkTwoFiles.INFO: see in this file "IBSBSBS([BST][BSTF][BST])" [] []
[2013-06-20 02:15:40] OrderCest.checkTwoFiles.INFO: PASSED [] []
[2013-06-20 02:15:40] RunCest.runOneFile.INFO: am in path "tests/data/sandbox" [] []
[2013-06-20 02:15:40] RunCest.runOneFile.INFO: execute command "run tests/dummy/FileExistsCept.php" [] []
[2013-06-20 02:15:40] RunCest.runOneFile.INFO: see file found "report.html","tests/_log" [] []
[2013-06-20 02:15:40] RunCest.runOneFile.INFO: see in shell output "OK (" [] []
[2013-06-20 02:15:40] RunCest.runOneFile.INFO: PASSED [] []
[2013-06-20 02:15:40] RunCest.runHtml.INFO: am in path "tests/data/sandbox" [] []
[2013-06-20 02:15:40] RunCest.runHtml.INFO: execute command "run dummy --html" [] []
[2013-06-20 02:15:40] RunCest.runHtml.INFO: see file found "report.html","tests/_log" [] []
[2013-06-20 02:15:40] RunCest.runHtml.INFO: PASSED [] []
[2013-06-20 02:15:40] RunCest.runJsonReport.INFO: am in path "tests/data/sandbox" [] []
[2013-06-20 02:15:40] RunCest.runJsonReport.INFO: execute command "run dummy --json" [] []
[2013-06-20 02:15:40] RunCest.runJsonReport.INFO: see file found "report.json","tests/_log" [] []
[2013-06-20 02:15:40] RunCest.runJsonReport.INFO: see in this file ""suite":" [] []
[2013-06-20 02:15:40] RunCest.runJsonReport.INFO: see in this file ""dummy"" [] []
[2013-06-20 02:15:40] RunCest.runJsonReport.INFO: PASSED [] []
[2013-06-20 02:15:40] RunCest.runTapReport.INFO: am in path "tests/data/sandbox" [] []
[2013-06-20 02:15:40] RunCest.runTapReport.INFO: execute command "run dummy --tap" [] []
[2013-06-20 02:15:41] RunCest.runTapReport.INFO: see file found "report.tap.log","tests/_log" [] []
[2013-06-20 02:15:41] RunCest.runTapReport.INFO: PASSED [] []
[2013-06-20 02:15:41] RunCest.runXmlReport.INFO: am in path "tests/data/sandbox" [] []
[2013-06-20 02:15:41] RunCest.runXmlReport.INFO: execute command "run dummy --xml" [] []
[2013-06-20 02:15:41] RunCest.runXmlReport.INFO: see file found "report.xml","tests/_log" [] []
[2013-06-20 02:15:41] RunCest.runXmlReport.INFO: see in this file "<?xml" [] []
[2013-06-20 02:15:41] RunCest.runXmlReport.INFO: see in this file "<testsuite name="dummy"" [] []
[2013-06-20 02:15:41] RunCest.runXmlReport.INFO: see in this file "<testcase file="FileExistsCept.php"" [] []
[2013-06-20 02:15:41] RunCest.runXmlReport.INFO: PASSED [] []
[2013-06-20 02:15:41] RunCest.runReportMode.INFO: am in path "tests/data/sandbox" [] []
[2013-06-20 02:15:41] RunCest.runReportMode.INFO: execute command "run dummy --report" [] []
[2013-06-20 02:15:41] RunCest.runReportMode.INFO: see in shell output "FileExistsCept.php" [] []
[2013-06-20 02:15:41] RunCest.runReportMode.INFO: see in shell output "........Ok" [] []
[2013-06-20 02:15:41] RunCest.runReportMode.INFO: PASSED [] []
[2013-06-20 02:15:41] RunCest.runOneGroup.INFO: am in path "tests/data/sandbox" [] []
[2013-06-20 02:15:41] RunCest.runOneGroup.INFO: execute command "run skipped -g notorun" [] []
[2013-06-20 02:15:41] RunCest.runOneGroup.INFO: see in shell output "Incomplete" [] []
[2013-06-20 02:15:41] RunCest.runOneGroup.INFO: don't see in shell output "Skipped" [] []
[2013-06-20 02:15:41] RunCest.runOneGroup.INFO: PASSED [] []
[2013-06-20 02:15:41] RunCest.runTwoSuites.INFO: am in path "tests/data/sandbox" [] []
[2013-06-20 02:15:41] RunCest.runTwoSuites.INFO: execute command "run skipped,dummy --no-exit" [] []
[2013-06-20 02:15:41] RunCest.runTwoSuites.INFO: see in shell output "Suite skipped started" [] []
[2013-06-20 02:15:41] RunCest.runTwoSuites.INFO: see in shell output "Suite dummy started" [] []
[2013-06-20 02:15:41] RunCest.runTwoSuites.INFO: don't see in shell output "Suite remote started" [] []
[2013-06-20 02:15:41] RunCest.runTwoSuites.INFO: PASSED [] []
[2013-06-20 02:15:41] RunCest.skipSuites.INFO: am in path "tests/data/sandbox" [] []
[2013-06-20 02:15:41] RunCest.skipSuites.INFO: execute command "run --skip skipped --skip remote --skip remote_server --skip order" [] []
[2013-06-20 02:15:41] RunCest.skipSuites.INFO: see in shell output "Suite dummy started" [] []
[2013-06-20 02:15:41] RunCest.skipSuites.INFO: don't see in shell output "Suite remote started" [] []
[2013-06-20 02:15:41] RunCest.skipSuites.INFO: don't see in shell output "Suite remote_server started" [] []
[2013-06-20 02:15:41] RunCest.skipSuites.INFO: don't see in shell output "Suite order started" [] []
[2013-06-20 02:15:41] RunCest.skipSuites.INFO: PASSED [] []
[2013-06-20 02:22:29] BuildCept.php.INFO: run shell commmand "php codecept build" [] []
[2013-06-20 02:22:30] BuildCept.php.INFO: see in shell output "generated successfully" [] []
[2013-06-20 02:22:30] BuildCept.php.INFO: see file found "CodeGuy.php","tests/unit" [] []
[2013-06-20 02:22:31] BuildCept.php.INFO: see file found "CliGuy.php","tests/cli" [] []
[2013-06-20 02:22:31] BuildCept.php.INFO: see in this file "seeFileFound(" [] []
[2013-06-20 02:22:31] BuildCept.php.INFO: PASSED [] []
[2013-06-20 02:22:31] GenerateCeptCept.php.INFO: am in path "tests/data/sandbox" [] []
[2013-06-20 02:22:31] GenerateCeptCept.php.INFO: execute command "generate:cept dummy DummyCept" [] []
[2013-06-20 02:22:31] GenerateCeptCept.php.INFO: see file found "DummyCept.php","tests/dummy" [] []
[2013-06-20 02:22:31] GenerateCeptCept.php.INFO: see in this file "$I = new DumbGuy($scenario);" [] []
[2013-06-20 02:22:31] GenerateCeptCept.php.INFO: delete this file  [] []
[2013-06-20 02:22:31] GenerateCeptCept.php.INFO: i am going to create scenario in folder  [] []
[2013-06-20 02:22:31] GenerateCeptCept.php.INFO: execute command "generate:cept dummy path/DummyCept" [] []
[2013-06-20 02:22:32] GenerateCeptCept.php.INFO: see file found "DummyCept.php","tests/dummy/path" [] []
[2013-06-20 02:22:32] GenerateCeptCept.php.INFO: delete this file  [] []
[2013-06-20 02:22:32] GenerateCeptCept.php.INFO: i am going to create file with cept.php suffix  [] []
[2013-06-20 02:22:32] GenerateCeptCept.php.INFO: execute command "generate:cept dummy DummyCept.php" [] []
[2013-06-20 02:22:32] GenerateCeptCept.php.INFO: see file found "DummyCept.php" [] []
[2013-06-20 02:22:32] GenerateCeptCept.php.INFO: delete this file  [] []
[2013-06-20 02:22:32] GenerateCeptCept.php.INFO: i am going to create file without any suffix  [] []
[2013-06-20 02:22:32] GenerateCeptCept.php.INFO: execute command "generate:cept dummy Dummy" [] []
[2013-06-20 02:22:33] GenerateCeptCept.php.INFO: see file found "DummyCept.php" [] []
[2013-06-20 02:22:33] GenerateCeptCept.php.INFO: PASSED [] []
[2013-06-20 02:22:33] GenerateCestCept.php.INFO: am in path "tests/data/sandbox" [] []
[2013-06-20 02:22:33] GenerateCestCept.php.INFO: execute command "generate:cest dummy DummyClass" [] []
[2013-06-20 02:22:34] GenerateCestCept.php.INFO: see file found "DummyClassCest.php" [] []
[2013-06-20 02:22:34] GenerateCestCept.php.INFO: see in this file "class DummyClassCest" [] []
[2013-06-20 02:22:34] GenerateCestCept.php.INFO: PASSED [] []
[2013-06-20 02:22:34] GeneratePhpUnitCept.php.INFO: am in path "tests/data/sandbox" [] []
[2013-06-20 02:22:34] GeneratePhpUnitCept.php.INFO: execute command "generate:phpunit dummy Dummy" [] []
[2013-06-20 02:22:34] GeneratePhpUnitCept.php.INFO: see file found "DummyTest.php" [] []
[2013-06-20 02:22:34] GeneratePhpUnitCept.php.INFO: see in this file "class DummyTest extends \PHPUnit_Framework_TestCase" [] []
[2013-06-20 02:22:34] GeneratePhpUnitCept.php.INFO: see in this file "function setUp()" [] []
[2013-06-20 02:22:34] GeneratePhpUnitCept.php.INFO: PASSED [] []
[2013-06-20 02:22:34] GeneratePhpUnitWithHierarchyPathsCept.php.INFO: am in path "tests/data/sandbox" [] []
[2013-06-20 02:22:34] GeneratePhpUnitWithHierarchyPathsCept.php.INFO: execute command "generate:phpunit dummy Dummy\Foo\Bar" [] []
[2013-06-20 02:22:35] GeneratePhpUnitWithHierarchyPathsCept.php.INFO: am in path "tests/data/sandbox/Dummy/Foo" [] []
[2013-06-20 02:22:35] GeneratePhpUnitWithHierarchyPathsCept.php.ALERT: chdir(): No such file or directory (errno 2) [] []
[2013-06-20 02:22:35] GeneratePhpUnitWithHierarchyPathsCept.php.INFO: # ERROR # [] []
[2013-06-20 02:22:35] GeneratePhpUnitWithHierarchyPathsCept.php.INFO: PASSED [] []
[2013-06-20 02:22:35] GenerateScenariosCept.php.INFO: am in path "tests/data/sandbox" [] []
[2013-06-20 02:22:35] GenerateScenariosCept.php.INFO: execute command "generate:scenarios dummy" [] []
[2013-06-20 02:22:35] GenerateScenariosCept.php.INFO: see file found "File_Exists.txt","tests/_data/scenarios" [] []
[2013-06-20 02:22:35] GenerateScenariosCept.php.INFO: see file contents equal "I WANT TO CHECK CONFIG EXISTS

I see file found "codeception.yml"" [] []
[2013-06-20 02:22:36] GenerateScenariosCept.php.INFO: PASSED [] []
[2013-06-20 02:22:36] GenerateSuiteCept.php.INFO: as a developer who likes testing  [] []
[2013-06-20 02:22:36] GenerateSuiteCept.php.INFO: so that i have a better tests categorization  [] []
[2013-06-20 02:22:36] GenerateSuiteCept.php.INFO: am in path "tests/data/sandbox" [] []
[2013-06-20 02:22:36] GenerateSuiteCept.php.INFO: execute command "generate:suite house HouseGuy" [] []
[2013-06-20 02:22:36] GenerateSuiteCept.php.INFO: see file found "house.suite.yml","tests" [] []
[2013-06-20 02:22:36] GenerateSuiteCept.php.INFO: i expect guy class is generated  [] []
[2013-06-20 02:22:36] GenerateSuiteCept.php.INFO: see in this file "class_name: HouseGuy" [] []
[2013-06-20 02:22:36] GenerateSuiteCept.php.INFO: see file found "HouseHelper.php","tests/_helpers" [] []
[2013-06-20 02:22:36] GenerateSuiteCept.php.INFO: see file found "_bootstrap.php","tests/house" [] []
[2013-06-20 02:22:36] GenerateSuiteCept.php.INFO: PASSED [] []
[2013-06-20 02:22:36] GenerateTestCept.php.INFO: am in path "tests/data/sandbox" [] []
[2013-06-20 02:22:36] GenerateTestCept.php.INFO: execute command "generate:test dummy Dummy" [] []
[2013-06-20 02:22:37] GenerateTestCept.php.INFO: see file found "DummyTest.php" [] []
[2013-06-20 02:22:37] GenerateTestCept.php.INFO: see in this file "class DummyTest extends \Codeception\TestCase\Test" [] []
[2013-06-20 02:22:37] GenerateTestCept.php.INFO: see in this file "protected $dumbGuy" [] []
[2013-06-20 02:22:37] GenerateTestCept.php.INFO: see in this file "function _before(" [] []
[2013-06-20 02:22:37] GenerateTestCept.php.INFO: PASSED [] []
[2013-06-20 02:22:37] RunIncompleteCept.php.INFO: am in path "tests/data/sandbox" [] []
[2013-06-20 02:22:37] RunIncompleteCept.php.INFO: execute command "run skipped IncompleteMeCept.php" [] []
[2013-06-20 02:22:37] RunIncompleteCept.php.INFO: see in shell output "(IncompleteMeCept.php)  INCOMPLETE" [] []
[2013-06-20 02:22:37] RunIncompleteCept.php.INFO: see in shell output "OK, but incomplete or skipped tests!" [] []
[2013-06-20 02:22:37] RunIncompleteCept.php.INFO: PASSED [] []
[2013-06-20 02:22:37] RunSkippedCept.php.INFO: am in path "tests/data/sandbox" [] []
[2013-06-20 02:22:37] RunSkippedCept.php.INFO: execute command "run skipped SkipMeCept.php" [] []
[2013-06-20 02:22:37] RunSkippedCept.php.INFO: see in shell output "(SkipMeCept.php)  SKIPPED" [] []
[2013-06-20 02:22:37] RunSkippedCept.php.INFO: see in shell output "OK, but incomplete or skipped tests!" [] []
[2013-06-20 02:22:37] RunSkippedCept.php.INFO: PASSED [] []
[2013-06-20 02:22:37] ns\NotWorkingCept.php.INFO: PASSED [] []
[2013-06-20 02:22:37] BootstrapCest.bootstrapProject.INFO: am in path "tests/data/sandbox/tests/_data/" [] []
[2013-06-20 02:22:37] BootstrapCest.bootstrapProject.INFO: execute command "bootstrap" [] []
[2013-06-20 02:22:38] BootstrapCest.bootstrapProject.INFO: see file found "codeception.yml" [] []
[2013-06-20 02:22:38] BootstrapCest.bootstrapProject.INFO: see file found "functional.suite.yml","tests" [] []
[2013-06-20 02:22:38] BootstrapCest.bootstrapProject.INFO: see file found "acceptance.suite.yml","tests" [] []
[2013-06-20 02:22:38] BootstrapCest.bootstrapProject.INFO: see file found "unit.suite.yml","tests" [] []
[2013-06-20 02:22:38] BootstrapCest.bootstrapProject.INFO: see file found "_bootstrap.php","tests/acceptance" [] []
[2013-06-20 02:22:38] BootstrapCest.bootstrapProject.INFO: see file found "_bootstrap.php","tests/functional" [] []
[2013-06-20 02:22:38] BootstrapCest.bootstrapProject.INFO: see file found "_bootstrap.php","tests/unit" [] []
[2013-06-20 02:22:38] BootstrapCest.bootstrapProject.INFO: see file found "WebGuy.php","tests/acceptance" [] []
[2013-06-20 02:22:38] BootstrapCest.bootstrapProject.INFO: see file found "TestGuy.php","tests/functional" [] []
[2013-06-20 02:22:38] BootstrapCest.bootstrapProject.INFO: see file found "CodeGuy.php","tests/unit" [] []
[2013-06-20 02:22:38] BootstrapCest.bootstrapProject.INFO: see file found "WebHelper.php","tests/_helpers" [] []
[2013-06-20 02:22:38] BootstrapCest.bootstrapProject.INFO: see file found "TestHelper.php","tests/_helpers" [] []
[2013-06-20 02:22:38] BootstrapCest.bootstrapProject.INFO: see file found "CodeHelper.php","tests/_helpers" [] []
[2013-06-20 02:22:38] BootstrapCest.bootstrapProject.INFO: see in shell output "Building Guy classes for suites" [] []
[2013-06-20 02:22:38] BootstrapCest.bootstrapProject.INFO: PASSED [] []
[2013-06-20 02:22:38] BootstrapCest.bootstrapWithNamespace.INFO: am in path "tests/data/sandbox/tests/_data/" [] []
[2013-06-20 02:22:38] BootstrapCest.bootstrapWithNamespace.INFO: execute command "bootstrap --namespace Generated" [] []
[2013-06-20 02:22:39] BootstrapCest.bootstrapWithNamespace.INFO: see in shell output "Building Guy classes for suites" [] []
[2013-06-20 02:22:39] BootstrapCest.bootstrapWithNamespace.INFO: see file found "codeception.yml" [] []
[2013-06-20 02:22:39] BootstrapCest.bootstrapWithNamespace.INFO: see in this file "namespace: Generated" [] []
[2013-06-20 02:22:39] BootstrapCest.bootstrapWithNamespace.INFO: don't see in this file "namespace Generated\" [] []
[2013-06-20 02:22:39] BootstrapCest.bootstrapWithNamespace.INFO: see file found "functional.suite.yml","tests" [] []
[2013-06-20 02:22:39] BootstrapCest.bootstrapWithNamespace.INFO: see file found "acceptance.suite.yml","tests" [] []
[2013-06-20 02:22:39] BootstrapCest.bootstrapWithNamespace.INFO: see file found "unit.suite.yml","tests" [] []
[2013-06-20 02:22:39] BootstrapCest.bootstrapWithNamespace.INFO: see file found "_bootstrap.php","tests/acceptance" [] []
[2013-06-20 02:22:39] BootstrapCest.bootstrapWithNamespace.INFO: see file found "_bootstrap.php","tests/functional" [] []
[2013-06-20 02:22:39] BootstrapCest.bootstrapWithNamespace.INFO: see file found "_bootstrap.php","tests/unit" [] []
[2013-06-20 02:22:39] BootstrapCest.bootstrapWithNamespace.INFO: see file found "WebGuy.php","tests/acceptance" [] []
[2013-06-20 02:22:39] BootstrapCest.bootstrapWithNamespace.INFO: see file found "TestGuy.php","tests/functional" [] []
[2013-06-20 02:22:39] BootstrapCest.bootstrapWithNamespace.INFO: see file found "CodeGuy.php","tests/unit" [] []
[2013-06-20 02:22:39] BootstrapCest.bootstrapWithNamespace.INFO: see file found "WebHelper.php","tests/_helpers" [] []
[2013-06-20 02:22:39] BootstrapCest.bootstrapWithNamespace.INFO: see file found "TestHelper.php","tests/_helpers" [] []
[2013-06-20 02:22:39] BootstrapCest.bootstrapWithNamespace.INFO: see file found "CodeHelper.php","tests/_helpers" [] []
[2013-06-20 02:22:39] BootstrapCest.bootstrapWithNamespace.INFO: see file found "WebHelper.php" [] []
[2013-06-20 02:22:39] BootstrapCest.bootstrapWithNamespace.INFO: see in this file "namespace Generated\Codeception\Module;" [] []
[2013-06-20 02:22:39] BootstrapCest.bootstrapWithNamespace.INFO: see file found "WebGuy.php" [] []
[2013-06-20 02:22:39] BootstrapCest.bootstrapWithNamespace.INFO: see in this file "namespace Generated\Codeception;" [] []
[2013-06-20 02:22:39] BootstrapCest.bootstrapWithNamespace.INFO: PASSED [] []
[2013-06-20 02:22:39] IncludedCest.runSuitesFromIncludedConfigs.INFO: am in path "tests/data/included" [] []
[2013-06-20 02:22:39] IncludedCest.runSuitesFromIncludedConfigs.INFO: execute command "run" [] []
[2013-06-20 02:22:39] IncludedCest.runSuitesFromIncludedConfigs.INFO: see in shell output "[Jazz]" [] []
[2013-06-20 02:22:39] IncludedCest.runSuitesFromIncludedConfigs.INFO: see in shell output "Suite Jazz.functional started" [] []
[2013-06-20 02:22:39] IncludedCest.runSuitesFromIncludedConfigs.INFO: see in shell output "[Shire]" [] []
[2013-06-20 02:22:39] IncludedCest.runSuitesFromIncludedConfigs.INFO: see in shell output "Suite Shire.functional started" [] []
[2013-06-20 02:22:39] IncludedCest.runSuitesFromIncludedConfigs.INFO: PASSED [] []
[2013-06-20 02:22:39] IncludedCest.runIncludedWithXmlOutput.INFO: am in path "tests/data/included" [] []
[2013-06-20 02:22:39] IncludedCest.runIncludedWithXmlOutput.INFO: execute command "run --xml" [] []
[2013-06-20 02:22:40] IncludedCest.runIncludedWithXmlOutput.INFO: am in path "_log" [] []
[2013-06-20 02:22:40] IncludedCest.runIncludedWithXmlOutput.INFO: see file found "report.xml" [] []
[2013-06-20 02:22:40] IncludedCest.runIncludedWithXmlOutput.INFO: see in this file "<testsuite name="Jazz.functional" tests="1" assertions="1"" [] []
[2013-06-20 02:22:40] IncludedCest.runIncludedWithXmlOutput.INFO: see in this file "<testsuite name="Shire.functional" tests="1" assertions="1"" [] []
[2013-06-20 02:22:40] IncludedCest.runIncludedWithXmlOutput.INFO: see in this file "<testcase file="HobbitCept.php"" [] []
[2013-06-20 02:22:40] IncludedCest.runIncludedWithXmlOutput.INFO: see in this file "<testcase file="DemoCept.php"" [] []
[2013-06-20 02:22:40] IncludedCest.runIncludedWithXmlOutput.INFO: PASSED [] []
[2013-06-20 02:22:40] IncludedCest.runIncludedWithHtmlOutput.INFO: am in path "tests/data/included" [] []
[2013-06-20 02:22:40] IncludedCest.runIncludedWithHtmlOutput.INFO: execute command "run --html" [] []
[2013-06-20 02:22:40] IncludedCest.runIncludedWithHtmlOutput.INFO: am in path "_log" [] []
[2013-06-20 02:22:40] IncludedCest.runIncludedWithHtmlOutput.INFO: see file found "report.html" [] []
[2013-06-20 02:22:40] IncludedCest.runIncludedWithHtmlOutput.INFO: see in this file "Codeception Results" [] []
[2013-06-20 02:22:40] IncludedCest.runIncludedWithHtmlOutput.INFO: see in this file "Jazz.functional Tests" [] []
[2013-06-20 02:22:40] IncludedCest.runIncludedWithHtmlOutput.INFO: see in this file "check that jazz musicians can add numbers" [] []
[2013-06-20 02:22:40] IncludedCest.runIncludedWithHtmlOutput.INFO: see in this file "Shire.functional Tests" [] []
[2013-06-20 02:22:40] IncludedCest.runIncludedWithHtmlOutput.INFO: PASSED [] []
[2013-06-20 02:22:40] OrderCest.checkOneFile.INFO: am in path "tests/data/sandbox" [] []
[2013-06-20 02:22:40] OrderCest.checkOneFile.INFO: execute command "run order LoadingOrderCept.php" [] []
[2013-06-20 02:22:40] OrderCest.checkOneFile.INFO: i expect initialization, bootstrap(b), before suite, before, bootstrap(b), test(t), after, after suite  [] []
[2013-06-20 02:22:40] OrderCest.checkOneFile.INFO: see file found "order.txt","tests/_log" [] []
[2013-06-20 02:22:40] OrderCest.checkOneFile.INFO: see in this file "IBS([BST])" [] []
[2013-06-20 02:22:40] OrderCest.checkOneFile.INFO: PASSED [] []
[2013-06-20 02:22:40] OrderCest.checkForFails.INFO: am in path "tests/data/sandbox" [] []
[2013-06-20 02:22:40] OrderCest.checkForFails.INFO: execute command "run order FailedCept.php --no-exit" [] []
[2013-06-20 02:22:40] OrderCest.checkForFails.INFO: see file found "order.txt","tests/_log" [] []
[2013-06-20 02:22:40] OrderCest.checkForFails.INFO: i expect initialization, bootstrap, before suite, before, bootstrap, test, fail, after, after suite  [] []
[2013-06-20 02:22:40] OrderCest.checkForFails.INFO: see in this file "IBS([BSTF])" [] []
[2013-06-20 02:22:40] OrderCest.checkForFails.INFO: PASSED [] []
[2013-06-20 02:22:40] OrderCest.checkTwoFiles.INFO: am in path "tests/data/sandbox" [] []
[2013-06-20 02:22:40] OrderCest.checkTwoFiles.INFO: execute command "run order --no-exit" [] []
[2013-06-20 02:22:41] OrderCest.checkTwoFiles.INFO: see file found "order.txt","tests/_log" [] []
[2013-06-20 02:22:41] OrderCest.checkTwoFiles.INFO: see in this file "IBSBSBS([BST][BSTF][BST])" [] []
[2013-06-20 02:22:41] OrderCest.checkTwoFiles.INFO: PASSED [] []
[2013-06-20 02:22:41] RunCest.runOneFile.INFO: am in path "tests/data/sandbox" [] []
[2013-06-20 02:22:41] RunCest.runOneFile.INFO: execute command "run tests/dummy/FileExistsCept.php" [] []
[2013-06-20 02:22:41] RunCest.runOneFile.INFO: see file found "report.html","tests/_log" [] []
[2013-06-20 02:22:41] RunCest.runOneFile.INFO: see in shell output "OK (" [] []
[2013-06-20 02:22:41] RunCest.runOneFile.INFO: PASSED [] []
[2013-06-20 02:22:41] RunCest.runHtml.INFO: am in path "tests/data/sandbox" [] []
[2013-06-20 02:22:41] RunCest.runHtml.INFO: execute command "run dummy --html" [] []
[2013-06-20 02:22:41] RunCest.runHtml.INFO: see file found "report.html","tests/_log" [] []
[2013-06-20 02:22:41] RunCest.runHtml.INFO: PASSED [] []
[2013-06-20 02:22:41] RunCest.runJsonReport.INFO: am in path "tests/data/sandbox" [] []
[2013-06-20 02:22:41] RunCest.runJsonReport.INFO: execute command "run dummy --json" [] []
[2013-06-20 02:22:41] RunCest.runJsonReport.INFO: see file found "report.json","tests/_log" [] []
[2013-06-20 02:22:41] RunCest.runJsonReport.INFO: see in this file ""suite":" [] []
[2013-06-20 02:22:41] RunCest.runJsonReport.INFO: see in this file ""dummy"" [] []
[2013-06-20 02:22:41] RunCest.runJsonReport.INFO: PASSED [] []
[2013-06-20 02:22:41] RunCest.runTapReport.INFO: am in path "tests/data/sandbox" [] []
[2013-06-20 02:22:41] RunCest.runTapReport.INFO: execute command "run dummy --tap" [] []
[2013-06-20 02:22:41] RunCest.runTapReport.INFO: see file found "report.tap.log","tests/_log" [] []
[2013-06-20 02:22:41] RunCest.runTapReport.INFO: PASSED [] []
[2013-06-20 02:22:41] RunCest.runXmlReport.INFO: am in path "tests/data/sandbox" [] []
[2013-06-20 02:22:41] RunCest.runXmlReport.INFO: execute command "run dummy --xml" [] []
[2013-06-20 02:22:41] RunCest.runXmlReport.INFO: see file found "report.xml","tests/_log" [] []
[2013-06-20 02:22:41] RunCest.runXmlReport.INFO: see in this file "<?xml" [] []
[2013-06-20 02:22:41] RunCest.runXmlReport.INFO: see in this file "<testsuite name="dummy"" [] []
[2013-06-20 02:22:41] RunCest.runXmlReport.INFO: see in this file "<testcase file="FileExistsCept.php"" [] []
[2013-06-20 02:22:41] RunCest.runXmlReport.INFO: PASSED [] []
[2013-06-20 02:22:41] RunCest.runReportMode.INFO: am in path "tests/data/sandbox" [] []
[2013-06-20 02:22:41] RunCest.runReportMode.INFO: execute command "run dummy --report" [] []
[2013-06-20 02:22:42] RunCest.runReportMode.INFO: see in shell output "FileExistsCept.php" [] []
[2013-06-20 02:22:42] RunCest.runReportMode.INFO: see in shell output "........Ok" [] []
[2013-06-20 02:22:42] RunCest.runReportMode.INFO: PASSED [] []
[2013-06-20 02:22:42] RunCest.runOneGroup.INFO: am in path "tests/data/sandbox" [] []
[2013-06-20 02:22:42] RunCest.runOneGroup.INFO: execute command "run skipped -g notorun" [] []
[2013-06-20 02:22:42] RunCest.runOneGroup.INFO: see in shell output "Incomplete" [] []
[2013-06-20 02:22:42] RunCest.runOneGroup.INFO: don't see in shell output "Skipped" [] []
[2013-06-20 02:22:42] RunCest.runOneGroup.INFO: PASSED [] []
[2013-06-20 02:22:42] RunCest.runTwoSuites.INFO: am in path "tests/data/sandbox" [] []
[2013-06-20 02:22:42] RunCest.runTwoSuites.INFO: execute command "run skipped,dummy --no-exit" [] []
[2013-06-20 02:22:42] RunCest.runTwoSuites.INFO: see in shell output "Suite skipped started" [] []
[2013-06-20 02:22:42] RunCest.runTwoSuites.INFO: see in shell output "Suite dummy started" [] []
[2013-06-20 02:22:42] RunCest.runTwoSuites.INFO: don't see in shell output "Suite remote started" [] []
[2013-06-20 02:22:42] RunCest.runTwoSuites.INFO: PASSED [] []
[2013-06-20 02:22:42] RunCest.skipSuites.INFO: am in path "tests/data/sandbox" [] []
[2013-06-20 02:22:42] RunCest.skipSuites.INFO: execute command "run --skip skipped --skip remote --skip remote_server --skip order" [] []
[2013-06-20 02:22:42] RunCest.skipSuites.INFO: see in shell output "Suite dummy started" [] []
[2013-06-20 02:22:42] RunCest.skipSuites.INFO: don't see in shell output "Suite remote started" [] []
[2013-06-20 02:22:42] RunCest.skipSuites.INFO: don't see in shell output "Suite remote_server started" [] []
[2013-06-20 02:22:42] RunCest.skipSuites.INFO: don't see in shell output "Suite order started" [] []
[2013-06-20 02:22:42] RunCest.skipSuites.INFO: PASSED [] []
