[2013-06-05 01:39:57] BuildCept.php.INFO: run shell commmand "php codecept build" [] []
[2013-06-05 01:39:58] BuildCept.php.INFO: see in shell output "generated successfully" [] []
[2013-06-05 01:39:58] BuildCept.php.INFO: see file found "CodeGuy.php","tests/unit" [] []
[2013-06-05 01:39:58] BuildCept.php.INFO: see file found "CliGuy.php","tests/cli" [] []
[2013-06-05 01:39:58] BuildCept.php.INFO: see in this file "seeFileFound(" [] []
[2013-06-05 01:39:58] BuildCept.php.INFO: PASSED [] []
[2013-06-05 01:39:58] GenerateCeptCept.php.INFO: am in path "tests/data/sandbox" [] []
[2013-06-05 01:39:58] GenerateCeptCept.php.INFO: execute command "generate:cept dummy DummyCept" [] []
[2013-06-05 01:39:59] GenerateCeptCept.php.INFO: see file found "DummyCept.php","tests/dummy" [] []
[2013-06-05 01:39:59] GenerateCeptCept.php.INFO: see in this file "$I = new DumbGuy($scenario);" [] []
[2013-06-05 01:39:59] GenerateCeptCept.php.INFO: delete this file  [] []
[2013-06-05 01:39:59] GenerateCeptCept.php.INFO: i am going to create scenario in folder  [] []
[2013-06-05 01:39:59] GenerateCeptCept.php.INFO: execute command "generate:cept dummy path/DummyCept" [] []
[2013-06-05 01:40:00] GenerateCeptCept.php.INFO: see file found "DummyCept.php","tests/dummy/path" [] []
[2013-06-05 01:40:00] GenerateCeptCept.php.INFO: delete this file  [] []
[2013-06-05 01:40:00] GenerateCeptCept.php.INFO: i am going to create file with cept.php suffix  [] []
[2013-06-05 01:40:00] GenerateCeptCept.php.INFO: execute command "generate:cept dummy DummyCept.php" [] []
[2013-06-05 01:40:00] GenerateCeptCept.php.INFO: see file found "DummyCept.php" [] []
[2013-06-05 01:40:00] GenerateCeptCept.php.INFO: delete this file  [] []
[2013-06-05 01:40:00] GenerateCeptCept.php.INFO: i am going to create file without any suffix  [] []
[2013-06-05 01:40:00] GenerateCeptCept.php.INFO: execute command "generate:cept dummy Dummy" [] []
[2013-06-05 01:40:01] GenerateCeptCept.php.INFO: see file found "DummyCept.php" [] []
[2013-06-05 01:40:01] GenerateCeptCept.php.INFO: PASSED [] []
[2013-06-05 01:40:01] GenerateCestCept.php.INFO: am in path "tests/data/sandbox" [] []
[2013-06-05 01:40:01] GenerateCestCept.php.INFO: execute command "generate:cest dummy DummyClass" [] []
[2013-06-05 01:40:02] GenerateCestCept.php.INFO: see file found "DummyClassCest.php" [] []
[2013-06-05 01:40:02] GenerateCestCept.php.INFO: see in this file "class DummyClassCest" [] []
[2013-06-05 01:40:02] GenerateCestCept.php.INFO: PASSED [] []
[2013-06-05 01:40:02] GeneratePhpUnitCept.php.INFO: am in path "tests/data/sandbox" [] []
[2013-06-05 01:40:02] GeneratePhpUnitCept.php.INFO: execute command "generate:phpunit dummy Dummy" [] []
[2013-06-05 01:40:02] GeneratePhpUnitCept.php.INFO: see file found "DummyTest.php" [] []
[2013-06-05 01:40:02] GeneratePhpUnitCept.php.INFO: see in this file "class DummyTest extends \PHPUnit_Framework_TestCase" [] []
[2013-06-05 01:40:02] GeneratePhpUnitCept.php.INFO: see in this file "function setUp()" [] []
[2013-06-05 01:40:02] GeneratePhpUnitCept.php.INFO: PASSED [] []
[2013-06-05 01:40:02] GenerateScenariosCept.php.INFO: am in path "tests/data/sandbox" [] []
[2013-06-05 01:40:02] GenerateScenariosCept.php.INFO: execute command "generate:scenarios dummy" [] []
[2013-06-05 01:40:03] GenerateScenariosCept.php.INFO: see file found "File_Exists.txt","tests/_data/scenarios" [] []
[2013-06-05 01:40:03] GenerateScenariosCept.php.INFO: see in this file "I WANT TO CHECK CONFIG EXISTS" [] []
[2013-06-05 01:40:03] GenerateScenariosCept.php.INFO: see in this file "I see file found "codeception.yml"" [] []
[2013-06-05 01:40:03] GenerateScenariosCept.php.INFO: PASSED [] []
[2013-06-05 01:40:03] GenerateSuiteCept.php.INFO: as a developer who likes testing  [] []
[2013-06-05 01:40:03] GenerateSuiteCept.php.INFO: so that i have a better tests categorization  [] []
[2013-06-05 01:40:03] GenerateSuiteCept.php.INFO: am in path "tests/data/sandbox" [] []
[2013-06-05 01:40:03] GenerateSuiteCept.php.INFO: execute command "generate:suite house HouseGuy" [] []
[2013-06-05 01:40:04] GenerateSuiteCept.php.INFO: see file found "house.suite.yml" [] []
[2013-06-05 01:40:04] GenerateSuiteCept.php.INFO: i expect guy class is generated  [] []
[2013-06-05 01:40:04] GenerateSuiteCept.php.INFO: see in this file "class_name: HouseGuy" [] []
[2013-06-05 01:40:04] GenerateSuiteCept.php.INFO: see file found "HouseHelper.php" [] []
[2013-06-05 01:40:04] GenerateSuiteCept.php.INFO: see file found "_bootstrap.php","tests/house" [] []
[2013-06-05 01:40:04] GenerateSuiteCept.php.ALERT: Directory does not exist: /home/davert/Codeception//tests/data/sandbox/tests/house [] []
[2013-06-05 01:40:04] GenerateSuiteCept.php.INFO: # FAILED # [] []
[2013-06-05 01:40:04] GenerateSuiteCept.php.INFO: PASSED [] []
[2013-06-05 01:40:04] GenerateTestCept.php.INFO: am in path "tests/data/sandbox" [] []
[2013-06-05 01:40:04] GenerateTestCept.php.INFO: execute command "generate:test dummy Dummy" [] []
[2013-06-05 01:40:04] GenerateTestCept.php.INFO: see file found "DummyTest.php" [] []
[2013-06-05 01:40:04] GenerateTestCept.php.INFO: see in this file "class DummyTest extends \Codeception\TestCase\Test" [] []
[2013-06-05 01:40:04] GenerateTestCept.php.INFO: see in this file "protected $dumbGuy" [] []
[2013-06-05 01:40:04] GenerateTestCept.php.INFO: see in this file "function _before(" [] []
[2013-06-05 01:40:05] GenerateTestCept.php.INFO: PASSED [] []
[2013-06-05 01:40:05] RunIncompleteCept.php.INFO: am in path "tests/data/sandbox" [] []
[2013-06-05 01:40:05] RunIncompleteCept.php.INFO: execute command "run skipped IncompleteMeCept.php" [] []
[2013-06-05 01:40:05] RunIncompleteCept.php.INFO: see in shell output "(IncompleteMeCept.php)  INCOMPLETE" [] []
[2013-06-05 01:40:05] RunIncompleteCept.php.INFO: see in shell output "OK, but incomplete or skipped tests!" [] []
[2013-06-05 01:40:05] RunIncompleteCept.php.INFO: PASSED [] []
[2013-06-05 01:40:05] RunSkippedCept.php.INFO: am in path "tests/data/sandbox" [] []
[2013-06-05 01:40:05] RunSkippedCept.php.INFO: execute command "run skipped SkipMeCept.php" [] []
[2013-06-05 01:40:05] RunSkippedCept.php.INFO: see in shell output "(SkipMeCept.php)  SKIPPED" [] []
[2013-06-05 01:40:05] RunSkippedCept.php.INFO: see in shell output "OK, but incomplete or skipped tests!" [] []
[2013-06-05 01:40:05] RunSkippedCept.php.INFO: PASSED [] []
[2013-06-05 01:40:05] OrderCest.checkOneFile.INFO: am in path "tests/data/sandbox" [] []
[2013-06-05 01:40:05] OrderCest.checkOneFile.INFO: execute command "run order LoadingOrderCept.php" [] []
[2013-06-05 01:40:05] OrderCest.checkOneFile.INFO: i expect initialization, bootstrap(b), before suite, before, bootstrap(b), test(t), after, after suite  [] []
[2013-06-05 01:40:05] OrderCest.checkOneFile.INFO: see file found "order.txt","tests/_log" [] []
[2013-06-05 01:40:05] OrderCest.checkOneFile.INFO: see in this file "IBS([BST])" [] []
[2013-06-05 01:40:05] OrderCest.checkOneFile.INFO: PASSED [] []
[2013-06-05 01:40:05] OrderCest.checkForFails.INFO: am in path "tests/data/sandbox" [] []
[2013-06-05 01:40:05] OrderCest.checkForFails.INFO: execute command "run order FailedCept.php --no-exit" [] []
[2013-06-05 01:40:05] OrderCest.checkForFails.INFO: see file found "order.txt","tests/_log" [] []
[2013-06-05 01:40:05] OrderCest.checkForFails.INFO: i expect initialization, bootstrap, before suite, before, bootstrap, test, fail, after, after suite  [] []
[2013-06-05 01:40:05] OrderCest.checkForFails.INFO: see in this file "IBS([BSTF])" [] []
[2013-06-05 01:40:05] OrderCest.checkForFails.INFO: PASSED [] []
[2013-06-05 01:40:05] OrderCest.checkTwoFiles.INFO: am in path "tests/data/sandbox" [] []
[2013-06-05 01:40:05] OrderCest.checkTwoFiles.INFO: execute command "run order --no-exit" [] []
[2013-06-05 01:40:05] OrderCest.checkTwoFiles.INFO: see file found "order.txt","tests/_log" [] []
[2013-06-05 01:40:05] OrderCest.checkTwoFiles.INFO: see in this file "IBSBSBS([BST][BSTF][BST])" [] []
[2013-06-05 01:40:05] OrderCest.checkTwoFiles.INFO: PASSED [] []
[2013-06-05 01:40:05] RunCest.runOneFile.INFO: am in path "tests/data/sandbox" [] []
[2013-06-05 01:40:05] RunCest.runOneFile.INFO: execute command "run tests/dummy/FileExistsCept.php" [] []
[2013-06-05 01:40:06] RunCest.runOneFile.INFO: see file found "report.html","tests/_log" [] []
[2013-06-05 01:40:06] RunCest.runOneFile.INFO: see in shell output "OK (" [] []
[2013-06-05 01:40:06] RunCest.runOneFile.INFO: PASSED [] []
[2013-06-05 01:40:06] RunCest.runHtml.INFO: am in path "tests/data/sandbox" [] []
[2013-06-05 01:40:06] RunCest.runHtml.INFO: execute command "run dummy --html" [] []
[2013-06-05 01:40:06] RunCest.runHtml.INFO: see file found "report.html","tests/_log" [] []
[2013-06-05 01:40:06] RunCest.runHtml.INFO: PASSED [] []
[2013-06-05 01:40:06] RunCest.runJsonReport.INFO: am in path "tests/data/sandbox" [] []
[2013-06-05 01:40:06] RunCest.runJsonReport.INFO: execute command "run dummy --json" [] []
[2013-06-05 01:40:06] RunCest.runJsonReport.INFO: see file found "report.json","tests/_log" [] []
[2013-06-05 01:40:06] RunCest.runJsonReport.INFO: see in this file ""suite":" [] []
[2013-06-05 01:40:06] RunCest.runJsonReport.INFO: see in this file ""dummy"" [] []
[2013-06-05 01:40:06] RunCest.runJsonReport.INFO: PASSED [] []
[2013-06-05 01:40:06] RunCest.runTapReport.INFO: am in path "tests/data/sandbox" [] []
[2013-06-05 01:40:06] RunCest.runTapReport.INFO: execute command "run dummy --tap" [] []
[2013-06-05 01:40:06] RunCest.runTapReport.INFO: see file found "report.tap.log","tests/_log" [] []
[2013-06-05 01:40:06] RunCest.runTapReport.INFO: PASSED [] []
[2013-06-05 01:40:06] RunCest.runXmlReport.INFO: am in path "tests/data/sandbox" [] []
[2013-06-05 01:40:06] RunCest.runXmlReport.INFO: execute command "run dummy --xml" [] []
[2013-06-05 01:40:06] RunCest.runXmlReport.INFO: see file found "report.xml","tests/_log" [] []
[2013-06-05 01:40:06] RunCest.runXmlReport.INFO: see in this file "<?xml" [] []
[2013-06-05 01:40:06] RunCest.runXmlReport.INFO: see in this file "<testsuite name="dummy"" [] []
[2013-06-05 01:40:06] RunCest.runXmlReport.INFO: see in this file "<testcase file="FileExistsCept.php"" [] []
[2013-06-05 01:40:06] RunCest.runXmlReport.INFO: PASSED [] []
[2013-06-05 01:40:06] RunCest.runReportMode.INFO: am in path "tests/data/sandbox" [] []
[2013-06-05 01:40:06] RunCest.runReportMode.INFO: execute command "run dummy --report" [] []
[2013-06-05 01:40:06] RunCest.runReportMode.INFO: see in shell output "FileExistsCept.php" [] []
[2013-06-05 01:40:06] RunCest.runReportMode.INFO: see in shell output "........Ok" [] []
[2013-06-05 01:40:07] RunCest.runReportMode.INFO: PASSED [] []
[2013-06-05 01:40:07] RunCest.runOneGroup.INFO: am in path "tests/data/sandbox" [] []
[2013-06-05 01:40:07] RunCest.runOneGroup.INFO: execute command "run skipped -g notorun" [] []
[2013-06-05 01:40:07] RunCest.runOneGroup.INFO: see in shell output "Incomplete" [] []
[2013-06-05 01:40:07] RunCest.runOneGroup.INFO: don't see in shell output "Skipped" [] []
[2013-06-05 01:40:07] RunCest.runOneGroup.INFO: PASSED [] []
[2013-06-05 01:40:07] RunCest.runTwoSuites.INFO: am in path "tests/data/sandbox" [] []
[2013-06-05 01:40:07] RunCest.runTwoSuites.INFO: execute command "run skipped,dummy --no-exit" [] []
[2013-06-05 01:40:07] RunCest.runTwoSuites.INFO: see in shell output "Suite skipped started" [] []
[2013-06-05 01:40:07] RunCest.runTwoSuites.INFO: see in shell output "Suite dummy started" [] []
[2013-06-05 01:40:07] RunCest.runTwoSuites.INFO: don't see in shell output "Suite remote started" [] []
[2013-06-05 01:40:07] RunCest.runTwoSuites.INFO: PASSED [] []
[2013-06-05 01:40:07] RunCest.skipSuites.INFO: am in path "tests/data/sandbox" [] []
[2013-06-05 01:40:07] RunCest.skipSuites.INFO: execute command "run --skip skipped --skip remote --skip remote_server --skip order" [] []
[2013-06-05 01:40:07] RunCest.skipSuites.INFO: see in shell output "Suite dummy started" [] []
[2013-06-05 01:40:07] RunCest.skipSuites.INFO: don't see in shell output "Suite remote started" [] []
[2013-06-05 01:40:07] RunCest.skipSuites.INFO: don't see in shell output "Suite remote_server started" [] []
[2013-06-05 01:40:07] RunCest.skipSuites.INFO: don't see in shell output "Suite order started" [] []
[2013-06-05 01:40:07] RunCest.skipSuites.INFO: PASSED [] []
[2013-06-05 01:43:49] BuildCept.php.INFO: run shell commmand "php codecept build" [] []
[2013-06-05 01:43:52] BuildCept.php.INFO: see in shell output "generated successfully" [] []
[2013-06-05 01:43:52] BuildCept.php.INFO: see file found "CodeGuy.php","tests/unit" [] []
[2013-06-05 01:43:52] BuildCept.php.INFO: see file found "CliGuy.php","tests/cli" [] []
[2013-06-05 01:43:52] BuildCept.php.INFO: see in this file "seeFileFound(" [] []
[2013-06-05 01:43:52] BuildCept.php.INFO: PASSED [] []
[2013-06-05 01:43:52] GenerateCeptCept.php.INFO: am in path "tests/data/sandbox" [] []
[2013-06-05 01:43:52] GenerateCeptCept.php.INFO: execute command "generate:cept dummy DummyCept" [] []
[2013-06-05 01:43:54] GenerateCeptCept.php.INFO: see file found "DummyCept.php","tests/dummy" [] []
[2013-06-05 01:43:54] GenerateCeptCept.php.INFO: see in this file "$I = new DumbGuy($scenario);" [] []
[2013-06-05 01:43:54] GenerateCeptCept.php.INFO: delete this file  [] []
[2013-06-05 01:43:54] GenerateCeptCept.php.INFO: i am going to create scenario in folder  [] []
[2013-06-05 01:43:54] GenerateCeptCept.php.INFO: execute command "generate:cept dummy path/DummyCept" [] []
[2013-06-05 01:43:55] GenerateCeptCept.php.INFO: see file found "DummyCept.php","tests/dummy/path" [] []
[2013-06-05 01:43:55] GenerateCeptCept.php.INFO: delete this file  [] []
[2013-06-05 01:43:55] GenerateCeptCept.php.INFO: i am going to create file with cept.php suffix  [] []
[2013-06-05 01:43:55] GenerateCeptCept.php.INFO: execute command "generate:cept dummy DummyCept.php" [] []
[2013-06-05 01:43:56] GenerateCeptCept.php.INFO: see file found "DummyCept.php" [] []
[2013-06-05 01:43:56] GenerateCeptCept.php.INFO: delete this file  [] []
[2013-06-05 01:43:56] GenerateCeptCept.php.INFO: i am going to create file without any suffix  [] []
[2013-06-05 01:43:56] GenerateCeptCept.php.INFO: execute command "generate:cept dummy Dummy" [] []
[2013-06-05 01:43:56] GenerateCeptCept.php.INFO: see file found "DummyCept.php" [] []
[2013-06-05 01:43:56] GenerateCeptCept.php.INFO: PASSED [] []
[2013-06-05 01:43:56] GenerateCestCept.php.INFO: am in path "tests/data/sandbox" [] []
[2013-06-05 01:43:56] GenerateCestCept.php.INFO: execute command "generate:cest dummy DummyClass" [] []
[2013-06-05 01:43:57] GenerateCestCept.php.INFO: see file found "DummyClassCest.php" [] []
[2013-06-05 01:43:57] GenerateCestCept.php.INFO: see in this file "class DummyClassCest" [] []
[2013-06-05 01:43:57] GenerateCestCept.php.INFO: PASSED [] []
[2013-06-05 01:43:57] GeneratePhpUnitCept.php.INFO: am in path "tests/data/sandbox" [] []
[2013-06-05 01:43:57] GeneratePhpUnitCept.php.INFO: execute command "generate:phpunit dummy Dummy" [] []
[2013-06-05 01:43:58] GeneratePhpUnitCept.php.INFO: see file found "DummyTest.php" [] []
[2013-06-05 01:43:58] GeneratePhpUnitCept.php.INFO: see in this file "class DummyTest extends \PHPUnit_Framework_TestCase" [] []
[2013-06-05 01:43:58] GeneratePhpUnitCept.php.INFO: see in this file "function setUp()" [] []
[2013-06-05 01:43:58] GeneratePhpUnitCept.php.INFO: PASSED [] []
[2013-06-05 01:43:58] GenerateScenariosCept.php.INFO: am in path "tests/data/sandbox" [] []
[2013-06-05 01:43:58] GenerateScenariosCept.php.INFO: execute command "generate:scenarios dummy" [] []
[2013-06-05 01:43:58] GenerateScenariosCept.php.INFO: see file found "File_Exists.txt","tests/_data/scenarios" [] []
[2013-06-05 01:43:58] GenerateScenariosCept.php.INFO: see in this file "I WANT TO CHECK CONFIG EXISTS" [] []
[2013-06-05 01:43:58] GenerateScenariosCept.php.INFO: see in this file "I see file found "codeception.yml"" [] []
[2013-06-05 01:43:58] GenerateScenariosCept.php.INFO: PASSED [] []
[2013-06-05 01:43:58] GenerateSuiteCept.php.INFO: as a developer who likes testing  [] []
[2013-06-05 01:43:58] GenerateSuiteCept.php.INFO: so that i have a better tests categorization  [] []
[2013-06-05 01:43:58] GenerateSuiteCept.php.INFO: am in path "tests/data/sandbox" [] []
[2013-06-05 01:43:58] GenerateSuiteCept.php.INFO: execute command "generate:suite house HouseGuy" [] []
[2013-06-05 01:43:59] GenerateSuiteCept.php.INFO: see file found "house.suite.yml" [] []
[2013-06-05 01:43:59] GenerateSuiteCept.php.INFO: i expect guy class is generated  [] []
[2013-06-05 01:43:59] GenerateSuiteCept.php.INFO: see in this file "class_name: HouseGuy" [] []
[2013-06-05 01:43:59] GenerateSuiteCept.php.INFO: see file found "HouseHelper.php" [] []
[2013-06-05 01:43:59] GenerateSuiteCept.php.INFO: see file found "_bootstrap.php","tests/house" [] []
[2013-06-05 01:43:59] GenerateSuiteCept.php.ALERT: Directory does not exist: /home/davert/Codeception//tests/data/sandbox/tests/house [] []
[2013-06-05 01:43:59] GenerateSuiteCept.php.INFO: # FAILED # [] []
[2013-06-05 01:43:59] GenerateSuiteCept.php.INFO: PASSED [] []
[2013-06-05 01:43:59] GenerateTestCept.php.INFO: am in path "tests/data/sandbox" [] []
[2013-06-05 01:43:59] GenerateTestCept.php.INFO: execute command "generate:test dummy Dummy" [] []
[2013-06-05 01:43:59] GenerateTestCept.php.INFO: see file found "DummyTest.php" [] []
[2013-06-05 01:43:59] GenerateTestCept.php.INFO: see in this file "class DummyTest extends \Codeception\TestCase\Test" [] []
[2013-06-05 01:43:59] GenerateTestCept.php.INFO: see in this file "protected $dumbGuy" [] []
[2013-06-05 01:43:59] GenerateTestCept.php.INFO: see in this file "function _before(" [] []
[2013-06-05 01:43:59] GenerateTestCept.php.INFO: PASSED [] []
[2013-06-05 01:43:59] RunIncompleteCept.php.INFO: am in path "tests/data/sandbox" [] []
[2013-06-05 01:43:59] RunIncompleteCept.php.INFO: execute command "run skipped IncompleteMeCept.php" [] []
[2013-06-05 01:44:00] RunIncompleteCept.php.INFO: see in shell output "(IncompleteMeCept.php)  INCOMPLETE" [] []
[2013-06-05 01:44:00] RunIncompleteCept.php.INFO: see in shell output "OK, but incomplete or skipped tests!" [] []
[2013-06-05 01:44:00] RunIncompleteCept.php.INFO: PASSED [] []
[2013-06-05 01:44:00] RunSkippedCept.php.INFO: am in path "tests/data/sandbox" [] []
[2013-06-05 01:44:00] RunSkippedCept.php.INFO: execute command "run skipped SkipMeCept.php" [] []
[2013-06-05 01:44:00] RunSkippedCept.php.INFO: see in shell output "(SkipMeCept.php)  SKIPPED" [] []
[2013-06-05 01:44:00] RunSkippedCept.php.INFO: see in shell output "OK, but incomplete or skipped tests!" [] []
[2013-06-05 01:44:00] RunSkippedCept.php.INFO: PASSED [] []
[2013-06-05 01:44:00] OrderCest.checkOneFile.INFO: am in path "tests/data/sandbox" [] []
[2013-06-05 01:44:00] OrderCest.checkOneFile.INFO: execute command "run order LoadingOrderCept.php" [] []
[2013-06-05 01:44:00] OrderCest.checkOneFile.INFO: i expect initialization, bootstrap(b), before suite, before, bootstrap(b), test(t), after, after suite  [] []
[2013-06-05 01:44:00] OrderCest.checkOneFile.INFO: see file found "order.txt","tests/_log" [] []
[2013-06-05 01:44:00] OrderCest.checkOneFile.INFO: see in this file "IBS([BST])" [] []
[2013-06-05 01:44:00] OrderCest.checkOneFile.INFO: PASSED [] []
[2013-06-05 01:44:00] OrderCest.checkForFails.INFO: am in path "tests/data/sandbox" [] []
[2013-06-05 01:44:00] OrderCest.checkForFails.INFO: execute command "run order FailedCept.php --no-exit" [] []
[2013-06-05 01:44:00] OrderCest.checkForFails.INFO: see file found "order.txt","tests/_log" [] []
[2013-06-05 01:44:00] OrderCest.checkForFails.INFO: i expect initialization, bootstrap, before suite, before, bootstrap, test, fail, after, after suite  [] []
[2013-06-05 01:44:00] OrderCest.checkForFails.INFO: see in this file "IBS([BSTF])" [] []
[2013-06-05 01:44:00] OrderCest.checkForFails.INFO: PASSED [] []
[2013-06-05 01:44:00] OrderCest.checkTwoFiles.INFO: am in path "tests/data/sandbox" [] []
[2013-06-05 01:44:00] OrderCest.checkTwoFiles.INFO: execute command "run order --no-exit" [] []
[2013-06-05 01:44:00] OrderCest.checkTwoFiles.INFO: see file found "order.txt","tests/_log" [] []
[2013-06-05 01:44:00] OrderCest.checkTwoFiles.INFO: see in this file "IBSBSBS([BST][BSTF][BST])" [] []
[2013-06-05 01:44:00] OrderCest.checkTwoFiles.INFO: PASSED [] []
[2013-06-05 01:44:00] RunCest.runOneFile.INFO: am in path "tests/data/sandbox" [] []
[2013-06-05 01:44:00] RunCest.runOneFile.INFO: execute command "run tests/dummy/FileExistsCept.php" [] []
[2013-06-05 01:44:00] RunCest.runOneFile.INFO: see file found "report.html","tests/_log" [] []
[2013-06-05 01:44:00] RunCest.runOneFile.INFO: see in shell output "OK (" [] []
[2013-06-05 01:44:00] RunCest.runOneFile.INFO: PASSED [] []
[2013-06-05 01:44:00] RunCest.runHtml.INFO: am in path "tests/data/sandbox" [] []
[2013-06-05 01:44:00] RunCest.runHtml.INFO: execute command "run dummy --html" [] []
[2013-06-05 01:44:00] RunCest.runHtml.INFO: see file found "report.html","tests/_log" [] []
[2013-06-05 01:44:00] RunCest.runHtml.INFO: PASSED [] []
[2013-06-05 01:44:00] RunCest.runJsonReport.INFO: am in path "tests/data/sandbox" [] []
[2013-06-05 01:44:00] RunCest.runJsonReport.INFO: execute command "run dummy --json" [] []
[2013-06-05 01:44:01] RunCest.runJsonReport.INFO: see file found "report.json","tests/_log" [] []
[2013-06-05 01:44:01] RunCest.runJsonReport.INFO: see in this file ""suite":" [] []
[2013-06-05 01:44:01] RunCest.runJsonReport.INFO: see in this file ""dummy"" [] []
[2013-06-05 01:44:01] RunCest.runJsonReport.INFO: PASSED [] []
[2013-06-05 01:44:01] RunCest.runTapReport.INFO: am in path "tests/data/sandbox" [] []
[2013-06-05 01:44:01] RunCest.runTapReport.INFO: execute command "run dummy --tap" [] []
[2013-06-05 01:44:01] RunCest.runTapReport.INFO: see file found "report.tap.log","tests/_log" [] []
[2013-06-05 01:44:01] RunCest.runTapReport.INFO: PASSED [] []
[2013-06-05 01:44:01] RunCest.runXmlReport.INFO: am in path "tests/data/sandbox" [] []
[2013-06-05 01:44:01] RunCest.runXmlReport.INFO: execute command "run dummy --xml" [] []
[2013-06-05 01:44:01] RunCest.runXmlReport.INFO: see file found "report.xml","tests/_log" [] []
[2013-06-05 01:44:01] RunCest.runXmlReport.INFO: see in this file "<?xml" [] []
[2013-06-05 01:44:01] RunCest.runXmlReport.INFO: see in this file "<testsuite name="dummy"" [] []
[2013-06-05 01:44:01] RunCest.runXmlReport.INFO: see in this file "<testcase file="FileExistsCept.php"" [] []
[2013-06-05 01:44:01] RunCest.runXmlReport.INFO: PASSED [] []
[2013-06-05 01:44:01] RunCest.runReportMode.INFO: am in path "tests/data/sandbox" [] []
[2013-06-05 01:44:01] RunCest.runReportMode.INFO: execute command "run dummy --report" [] []
[2013-06-05 01:44:01] RunCest.runReportMode.INFO: see in shell output "FileExistsCept.php" [] []
[2013-06-05 01:44:01] RunCest.runReportMode.INFO: see in shell output "........Ok" [] []
[2013-06-05 01:44:01] RunCest.runReportMode.INFO: PASSED [] []
[2013-06-05 01:44:01] RunCest.runOneGroup.INFO: am in path "tests/data/sandbox" [] []
[2013-06-05 01:44:01] RunCest.runOneGroup.INFO: execute command "run skipped -g notorun" [] []
[2013-06-05 01:44:01] RunCest.runOneGroup.INFO: see in shell output "Incomplete" [] []
[2013-06-05 01:44:01] RunCest.runOneGroup.INFO: don't see in shell output "Skipped" [] []
[2013-06-05 01:44:01] RunCest.runOneGroup.INFO: PASSED [] []
[2013-06-05 01:44:01] RunCest.runTwoSuites.INFO: am in path "tests/data/sandbox" [] []
[2013-06-05 01:44:01] RunCest.runTwoSuites.INFO: execute command "run skipped,dummy --no-exit" [] []
[2013-06-05 01:44:01] RunCest.runTwoSuites.INFO: see in shell output "Suite skipped started" [] []
[2013-06-05 01:44:01] RunCest.runTwoSuites.INFO: see in shell output "Suite dummy started" [] []
[2013-06-05 01:44:01] RunCest.runTwoSuites.INFO: don't see in shell output "Suite remote started" [] []
[2013-06-05 01:44:01] RunCest.runTwoSuites.INFO: PASSED [] []
[2013-06-05 01:44:01] RunCest.skipSuites.INFO: am in path "tests/data/sandbox" [] []
[2013-06-05 01:44:01] RunCest.skipSuites.INFO: execute command "run --skip skipped --skip remote --skip remote_server --skip order" [] []
[2013-06-05 01:44:01] RunCest.skipSuites.INFO: see in shell output "Suite dummy started" [] []
[2013-06-05 01:44:01] RunCest.skipSuites.INFO: don't see in shell output "Suite remote started" [] []
[2013-06-05 01:44:01] RunCest.skipSuites.INFO: don't see in shell output "Suite remote_server started" [] []
[2013-06-05 01:44:01] RunCest.skipSuites.INFO: don't see in shell output "Suite order started" [] []
[2013-06-05 01:44:02] RunCest.skipSuites.INFO: PASSED [] []
[2013-06-05 01:45:54] BuildCept.php.INFO: run shell commmand php codecept build [] []
[2013-06-05 01:45:56] BuildCept.php.INFO: see in shell output generated successfully [] []
[2013-06-05 01:45:56] BuildCept.php.INFO: see file found CodeGuy.php within tests/unit [] []
[2013-06-05 01:45:56] BuildCept.php.INFO: see file found CliGuy.php within tests/cli [] []
[2013-06-05 01:45:56] BuildCept.php.INFO: see in this file seeFileFound( [] []
[2013-06-05 01:45:56] BuildCept.php.INFO: PASSED [] []
[2013-06-05 01:45:56] GenerateCeptCept.php.INFO: am in path tests/data/sandbox [] []
[2013-06-05 01:45:56] GenerateCeptCept.php.INFO: execute command generate:cept dummy DummyCept [] []
[2013-06-05 01:45:57] GenerateCeptCept.php.INFO: see file found DummyCept.php within tests/dummy [] []
[2013-06-05 01:45:57] GenerateCeptCept.php.INFO: see in this file $I = new DumbGuy($scenario); [] []
[2013-06-05 01:45:57] GenerateCeptCept.php.INFO: delete this file  [] []
[2013-06-05 01:45:57] GenerateCeptCept.php.INFO: i am going to create scenario in folder  [] []
[2013-06-05 01:45:57] GenerateCeptCept.php.INFO: execute command generate:cept dummy path/DummyCept [] []
[2013-06-05 01:45:59] GenerateCeptCept.php.INFO: see file found DummyCept.php within tests/dummy/path [] []
[2013-06-05 01:45:59] GenerateCeptCept.php.INFO: delete this file  [] []
[2013-06-05 01:45:59] GenerateCeptCept.php.INFO: i am going to create file with cept.php suffix  [] []
[2013-06-05 01:45:59] GenerateCeptCept.php.INFO: execute command generate:cept dummy DummyCept.php [] []
[2013-06-05 01:46:00] GenerateCeptCept.php.INFO: see file found DummyCept.php [] []
[2013-06-05 01:46:00] GenerateCeptCept.php.INFO: delete this file  [] []
[2013-06-05 01:46:00] GenerateCeptCept.php.INFO: i am going to create file without any suffix  [] []
[2013-06-05 01:46:00] GenerateCeptCept.php.INFO: execute command generate:cept dummy Dummy [] []
[2013-06-05 01:46:01] GenerateCeptCept.php.INFO: see file found DummyCept.php [] []
[2013-06-05 01:46:01] GenerateCeptCept.php.INFO: PASSED [] []
[2013-06-05 01:46:01] GenerateCestCept.php.INFO: am in path tests/data/sandbox [] []
[2013-06-05 01:46:01] GenerateCestCept.php.INFO: execute command generate:cest dummy DummyClass [] []
[2013-06-05 01:46:02] GenerateCestCept.php.INFO: see file found DummyClassCest.php [] []
[2013-06-05 01:46:02] GenerateCestCept.php.INFO: see in this file class DummyClassCest [] []
[2013-06-05 01:46:02] GenerateCestCept.php.INFO: PASSED [] []
[2013-06-05 01:46:02] GeneratePhpUnitCept.php.INFO: am in path tests/data/sandbox [] []
[2013-06-05 01:46:02] GeneratePhpUnitCept.php.INFO: execute command generate:phpunit dummy Dummy [] []
[2013-06-05 01:46:03] GeneratePhpUnitCept.php.INFO: see file found DummyTest.php [] []
[2013-06-05 01:46:03] GeneratePhpUnitCept.php.INFO: see in this file class DummyTest extends \PHPUnit_Framework_TestCase [] []
[2013-06-05 01:46:03] GeneratePhpUnitCept.php.INFO: see in this file function setUp() [] []
[2013-06-05 01:46:03] GeneratePhpUnitCept.php.INFO: PASSED [] []
[2013-06-05 01:46:03] GenerateScenariosCept.php.INFO: am in path tests/data/sandbox [] []
[2013-06-05 01:46:03] GenerateScenariosCept.php.INFO: execute command generate:scenarios dummy [] []
[2013-06-05 01:46:05] GenerateScenariosCept.php.INFO: see file found File_Exists.txt within tests/_data/scenarios [] []
[2013-06-05 01:46:05] GenerateScenariosCept.php.INFO: see in this file I WANT TO CHECK CONFIG EXISTS [] []
[2013-06-05 01:46:05] GenerateScenariosCept.php.INFO: see in this file I see file found "codeception.yml" [] []
[2013-06-05 01:46:06] GenerateScenariosCept.php.ALERT: text I see file found "codeception.yml" in currently opened file
Failed asserting that 'I WANT TO CHECK CONFIG EXISTS

I see file found codeception.yml
I see file found codeception.yml' contains "I see file found "codeception.yml"". [] []
[2013-06-05 01:46:06] GenerateScenariosCept.php.INFO: # FAILED # [] []
[2013-06-05 01:46:06] GenerateScenariosCept.php.INFO: PASSED [] []
[2013-06-05 01:46:06] GenerateSuiteCept.php.INFO: as a developer who likes testing  [] []
[2013-06-05 01:46:06] GenerateSuiteCept.php.INFO: so that i have a better tests categorization  [] []
[2013-06-05 01:46:06] GenerateSuiteCept.php.INFO: am in path tests/data/sandbox [] []
[2013-06-05 01:46:06] GenerateSuiteCept.php.INFO: execute command generate:suite house HouseGuy [] []
[2013-06-05 01:46:06] GenerateSuiteCept.php.INFO: see file found house.suite.yml [] []
[2013-06-05 01:46:06] GenerateSuiteCept.php.INFO: i expect guy class is generated  [] []
[2013-06-05 01:46:06] GenerateSuiteCept.php.INFO: see in this file class_name: HouseGuy [] []
[2013-06-05 01:46:06] GenerateSuiteCept.php.INFO: see file found HouseHelper.php [] []
[2013-06-05 01:46:06] GenerateSuiteCept.php.INFO: see file found _bootstrap.php within tests/house [] []
[2013-06-05 01:46:06] GenerateSuiteCept.php.ALERT: Directory does not exist: /home/davert/Codeception//tests/data/sandbox/tests/house [] []
[2013-06-05 01:46:06] GenerateSuiteCept.php.INFO: # FAILED # [] []
[2013-06-05 01:46:06] GenerateSuiteCept.php.INFO: PASSED [] []
[2013-06-05 01:46:06] GenerateTestCept.php.INFO: am in path tests/data/sandbox [] []
[2013-06-05 01:46:06] GenerateTestCept.php.INFO: execute command generate:test dummy Dummy [] []
[2013-06-05 01:46:07] GenerateTestCept.php.INFO: see file found DummyTest.php [] []
[2013-06-05 01:46:07] GenerateTestCept.php.INFO: see in this file class DummyTest extends \Codeception\TestCase\Test [] []
[2013-06-05 01:46:07] GenerateTestCept.php.INFO: see in this file protected $dumbGuy [] []
[2013-06-05 01:46:07] GenerateTestCept.php.INFO: see in this file function _before( [] []
[2013-06-05 01:46:07] GenerateTestCept.php.INFO: PASSED [] []
[2013-06-05 01:46:07] RunIncompleteCept.php.INFO: am in path tests/data/sandbox [] []
[2013-06-05 01:46:07] RunIncompleteCept.php.INFO: execute command run skipped IncompleteMeCept.php [] []
[2013-06-05 01:46:07] RunIncompleteCept.php.INFO: see in shell output (IncompleteMeCept.php)  INCOMPLETE [] []
[2013-06-05 01:46:07] RunIncompleteCept.php.INFO: see in shell output OK, but incomplete or skipped tests! [] []
[2013-06-05 01:46:07] RunIncompleteCept.php.INFO: PASSED [] []
[2013-06-05 01:46:07] RunSkippedCept.php.INFO: am in path tests/data/sandbox [] []
[2013-06-05 01:46:07] RunSkippedCept.php.INFO: execute command run skipped SkipMeCept.php [] []
[2013-06-05 01:46:07] RunSkippedCept.php.INFO: see in shell output (SkipMeCept.php)  SKIPPED [] []
[2013-06-05 01:46:07] RunSkippedCept.php.INFO: see in shell output OK, but incomplete or skipped tests! [] []
[2013-06-05 01:46:07] RunSkippedCept.php.INFO: PASSED [] []
[2013-06-05 01:46:07] OrderCest.checkOneFile.INFO: am in path tests/data/sandbox [] []
[2013-06-05 01:46:07] OrderCest.checkOneFile.INFO: execute command run order LoadingOrderCept.php [] []
[2013-06-05 01:46:07] OrderCest.checkOneFile.INFO: i expect initialization, bootstrap(b), before suite, before, bootstrap(b), test(t), after, after suite  [] []
[2013-06-05 01:46:07] OrderCest.checkOneFile.INFO: see file found order.txt within tests/_log [] []
[2013-06-05 01:46:07] OrderCest.checkOneFile.INFO: see in this file IBS([BST]) [] []
[2013-06-05 01:46:07] OrderCest.checkOneFile.INFO: PASSED [] []
[2013-06-05 01:46:08] OrderCest.checkForFails.INFO: am in path tests/data/sandbox [] []
[2013-06-05 01:46:08] OrderCest.checkForFails.INFO: execute command run order FailedCept.php --no-exit [] []
[2013-06-05 01:46:08] OrderCest.checkForFails.INFO: see file found order.txt within tests/_log [] []
[2013-06-05 01:46:08] OrderCest.checkForFails.INFO: i expect initialization, bootstrap, before suite, before, bootstrap, test, fail, after, after suite  [] []
[2013-06-05 01:46:08] OrderCest.checkForFails.INFO: see in this file IBS([BSTF]) [] []
[2013-06-05 01:46:08] OrderCest.checkForFails.INFO: PASSED [] []
[2013-06-05 01:46:08] OrderCest.checkTwoFiles.INFO: am in path tests/data/sandbox [] []
[2013-06-05 01:46:08] OrderCest.checkTwoFiles.INFO: execute command run order --no-exit [] []
[2013-06-05 01:46:08] OrderCest.checkTwoFiles.INFO: see file found order.txt within tests/_log [] []
[2013-06-05 01:46:08] OrderCest.checkTwoFiles.INFO: see in this file IBSBSBS([BST][BSTF][BST]) [] []
[2013-06-05 01:46:08] OrderCest.checkTwoFiles.INFO: PASSED [] []
[2013-06-05 01:46:08] RunCest.runOneFile.INFO: am in path tests/data/sandbox [] []
[2013-06-05 01:46:08] RunCest.runOneFile.INFO: execute command run tests/dummy/FileExistsCept.php [] []
[2013-06-05 01:46:08] RunCest.runOneFile.INFO: see file found report.html within tests/_log [] []
[2013-06-05 01:46:08] RunCest.runOneFile.INFO: see in shell output OK ( [] []
[2013-06-05 01:46:08] RunCest.runOneFile.INFO: PASSED [] []
[2013-06-05 01:46:08] RunCest.runHtml.INFO: am in path tests/data/sandbox [] []
[2013-06-05 01:46:08] RunCest.runHtml.INFO: execute command run dummy --html [] []
[2013-06-05 01:46:08] RunCest.runHtml.INFO: see file found report.html within tests/_log [] []
[2013-06-05 01:46:08] RunCest.runHtml.INFO: PASSED [] []
[2013-06-05 01:46:08] RunCest.runJsonReport.INFO: am in path tests/data/sandbox [] []
[2013-06-05 01:46:08] RunCest.runJsonReport.INFO: execute command run dummy --json [] []
[2013-06-05 01:46:08] RunCest.runJsonReport.INFO: see file found report.json within tests/_log [] []
[2013-06-05 01:46:08] RunCest.runJsonReport.INFO: see in this file "suite": [] []
[2013-06-05 01:46:08] RunCest.runJsonReport.INFO: see in this file "dummy" [] []
[2013-06-05 01:46:08] RunCest.runJsonReport.INFO: PASSED [] []
[2013-06-05 01:46:08] RunCest.runTapReport.INFO: am in path tests/data/sandbox [] []
[2013-06-05 01:46:08] RunCest.runTapReport.INFO: execute command run dummy --tap [] []
[2013-06-05 01:46:08] RunCest.runTapReport.INFO: see file found report.tap.log within tests/_log [] []
[2013-06-05 01:46:08] RunCest.runTapReport.INFO: PASSED [] []
[2013-06-05 01:46:08] RunCest.runXmlReport.INFO: am in path tests/data/sandbox [] []
[2013-06-05 01:46:08] RunCest.runXmlReport.INFO: execute command run dummy --xml [] []
[2013-06-05 01:46:09] RunCest.runXmlReport.INFO: see file found report.xml within tests/_log [] []
[2013-06-05 01:46:09] RunCest.runXmlReport.INFO: see in this file <?xml [] []
[2013-06-05 01:46:09] RunCest.runXmlReport.INFO: see in this file <testsuite name="dummy" [] []
[2013-06-05 01:46:09] RunCest.runXmlReport.INFO: see in this file <testcase file="FileExistsCept.php" [] []
[2013-06-05 01:46:09] RunCest.runXmlReport.INFO: PASSED [] []
[2013-06-05 01:46:09] RunCest.runReportMode.INFO: am in path tests/data/sandbox [] []
[2013-06-05 01:46:09] RunCest.runReportMode.INFO: execute command run dummy --report [] []
[2013-06-05 01:46:09] RunCest.runReportMode.INFO: see in shell output FileExistsCept.php [] []
[2013-06-05 01:46:09] RunCest.runReportMode.INFO: see in shell output ........Ok [] []
[2013-06-05 01:46:09] RunCest.runReportMode.INFO: PASSED [] []
[2013-06-05 01:46:09] RunCest.runOneGroup.INFO: am in path tests/data/sandbox [] []
[2013-06-05 01:46:09] RunCest.runOneGroup.INFO: execute command run skipped -g notorun [] []
[2013-06-05 01:46:09] RunCest.runOneGroup.INFO: see in shell output Incomplete [] []
[2013-06-05 01:46:09] RunCest.runOneGroup.INFO: don't see in shell output Skipped [] []
[2013-06-05 01:46:09] RunCest.runOneGroup.INFO: PASSED [] []
[2013-06-05 01:46:09] RunCest.runTwoSuites.INFO: am in path tests/data/sandbox [] []
[2013-06-05 01:46:09] RunCest.runTwoSuites.INFO: execute command run skipped,dummy --no-exit [] []
[2013-06-05 01:46:09] RunCest.runTwoSuites.INFO: see in shell output Suite skipped started [] []
[2013-06-05 01:46:09] RunCest.runTwoSuites.INFO: see in shell output Suite dummy started [] []
[2013-06-05 01:46:09] RunCest.runTwoSuites.INFO: don't see in shell output Suite remote started [] []
[2013-06-05 01:46:09] RunCest.runTwoSuites.INFO: PASSED [] []
[2013-06-05 01:46:09] RunCest.skipSuites.INFO: am in path tests/data/sandbox [] []
[2013-06-05 01:46:09] RunCest.skipSuites.INFO: execute command run --skip skipped --skip remote --skip remote_server --skip order [] []
[2013-06-05 01:46:09] RunCest.skipSuites.INFO: see in shell output Suite dummy started [] []
[2013-06-05 01:46:09] RunCest.skipSuites.INFO: don't see in shell output Suite remote started [] []
[2013-06-05 01:46:09] RunCest.skipSuites.INFO: don't see in shell output Suite remote_server started [] []
[2013-06-05 01:46:09] RunCest.skipSuites.INFO: don't see in shell output Suite order started [] []
[2013-06-05 01:46:09] RunCest.skipSuites.INFO: PASSED [] []
[2013-06-05 01:48:18] BuildCept.php.INFO: run shell commmand 'php codecept build' [] []
[2013-06-05 01:48:19] BuildCept.php.INFO: see in shell output 'generated successfully' [] []
[2013-06-05 01:48:19] BuildCept.php.INFO: see file found 'CodeGuy.php' within 'tests/unit' [] []
[2013-06-05 01:48:19] BuildCept.php.INFO: see file found 'CliGuy.php' within 'tests/cli' [] []
[2013-06-05 01:48:19] BuildCept.php.INFO: see in this file 'seeFileFound(' [] []
[2013-06-05 01:48:19] BuildCept.php.INFO: PASSED [] []
[2013-06-05 01:48:19] GenerateCeptCept.php.INFO: am in path 'tests/data/sandbox' [] []
[2013-06-05 01:48:19] GenerateCeptCept.php.INFO: execute command 'generate:cept dummy DummyCept' [] []
[2013-06-05 01:48:19] GenerateCeptCept.php.INFO: see file found 'DummyCept.php' within 'tests/dummy' [] []
[2013-06-05 01:48:19] GenerateCeptCept.php.INFO: see in this file '$I = new DumbGuy($scenario);' [] []
[2013-06-05 01:48:19] GenerateCeptCept.php.INFO: delete this file  [] []
[2013-06-05 01:48:19] GenerateCeptCept.php.INFO: i am going to create scenario in folder  [] []
[2013-06-05 01:48:19] GenerateCeptCept.php.INFO: execute command 'generate:cept dummy path/DummyCept' [] []
[2013-06-05 01:48:20] GenerateCeptCept.php.INFO: see file found 'DummyCept.php' within 'tests/dummy/path' [] []
[2013-06-05 01:48:20] GenerateCeptCept.php.INFO: delete this file  [] []
[2013-06-05 01:48:20] GenerateCeptCept.php.INFO: i am going to create file with cept.php suffix  [] []
[2013-06-05 01:48:20] GenerateCeptCept.php.INFO: execute command 'generate:cept dummy DummyCept.php' [] []
[2013-06-05 01:48:21] GenerateCeptCept.php.INFO: see file found 'DummyCept.php' [] []
[2013-06-05 01:48:21] GenerateCeptCept.php.INFO: delete this file  [] []
[2013-06-05 01:48:21] GenerateCeptCept.php.INFO: i am going to create file without any suffix  [] []
[2013-06-05 01:48:21] GenerateCeptCept.php.INFO: execute command 'generate:cept dummy Dummy' [] []
[2013-06-05 01:48:21] GenerateCeptCept.php.INFO: see file found 'DummyCept.php' [] []
[2013-06-05 01:48:21] GenerateCeptCept.php.INFO: PASSED [] []
[2013-06-05 01:48:21] GenerateCestCept.php.INFO: am in path 'tests/data/sandbox' [] []
[2013-06-05 01:48:21] GenerateCestCept.php.INFO: execute command 'generate:cest dummy DummyClass' [] []
[2013-06-05 01:48:22] GenerateCestCept.php.INFO: see file found 'DummyClassCest.php' [] []
[2013-06-05 01:48:22] GenerateCestCept.php.INFO: see in this file 'class DummyClassCest' [] []
[2013-06-05 01:48:22] GenerateCestCept.php.INFO: PASSED [] []
[2013-06-05 01:48:22] GeneratePhpUnitCept.php.INFO: am in path 'tests/data/sandbox' [] []
[2013-06-05 01:48:22] GeneratePhpUnitCept.php.INFO: execute command 'generate:phpunit dummy Dummy' [] []
[2013-06-05 01:48:22] GeneratePhpUnitCept.php.INFO: see file found 'DummyTest.php' [] []
[2013-06-05 01:48:23] GeneratePhpUnitCept.php.INFO: see in this file 'class DummyTest extends \PHPUnit_Framework_TestCase' [] []
[2013-06-05 01:48:23] GeneratePhpUnitCept.php.INFO: see in this file 'function setUp()' [] []
[2013-06-05 01:48:23] GeneratePhpUnitCept.php.INFO: PASSED [] []
[2013-06-05 01:48:23] GenerateScenariosCept.php.INFO: am in path 'tests/data/sandbox' [] []
[2013-06-05 01:48:23] GenerateScenariosCept.php.INFO: execute command 'generate:scenarios dummy' [] []
[2013-06-05 01:48:23] GenerateScenariosCept.php.INFO: see file found 'File_Exists.txt' within 'tests/_data/scenarios' [] []
[2013-06-05 01:48:23] GenerateScenariosCept.php.INFO: see in this file 'I WANT TO CHECK CONFIG EXISTS' [] []
[2013-06-05 01:48:23] GenerateScenariosCept.php.INFO: see in this file 'I see file found "codeception.yml"' [] []
[2013-06-05 01:48:23] GenerateScenariosCept.php.ALERT: text I see file found "codeception.yml" in currently opened file
Failed asserting that 'I WANT TO CHECK CONFIG EXISTS

I see file found 'codeception.yml'
I see file found 'codeception.yml'' contains "I see file found "codeception.yml"". [] []
[2013-06-05 01:48:23] GenerateScenariosCept.php.INFO: # FAILED # [] []
[2013-06-05 01:48:23] GenerateScenariosCept.php.INFO: PASSED [] []
[2013-06-05 01:48:23] GenerateSuiteCept.php.INFO: as a developer who likes testing  [] []
[2013-06-05 01:48:23] GenerateSuiteCept.php.INFO: so that i have a better tests categorization  [] []
[2013-06-05 01:48:23] GenerateSuiteCept.php.INFO: am in path 'tests/data/sandbox' [] []
[2013-06-05 01:48:23] GenerateSuiteCept.php.INFO: execute command 'generate:suite house HouseGuy' [] []
[2013-06-05 01:48:24] GenerateSuiteCept.php.INFO: see file found 'house.suite.yml' [] []
[2013-06-05 01:48:24] GenerateSuiteCept.php.INFO: i expect guy class is generated  [] []
[2013-06-05 01:48:24] GenerateSuiteCept.php.INFO: see in this file 'class_name: HouseGuy' [] []
[2013-06-05 01:48:24] GenerateSuiteCept.php.INFO: see file found 'HouseHelper.php' [] []
[2013-06-05 01:48:24] GenerateSuiteCept.php.INFO: see file found '_bootstrap.php' within 'tests/house' [] []
[2013-06-05 01:48:24] GenerateSuiteCept.php.ALERT: Directory does not exist: /home/davert/Codeception//tests/data/sandbox/tests/house [] []
[2013-06-05 01:48:24] GenerateSuiteCept.php.INFO: # FAILED # [] []
[2013-06-05 01:48:24] GenerateSuiteCept.php.INFO: PASSED [] []
[2013-06-05 01:48:24] GenerateTestCept.php.INFO: am in path 'tests/data/sandbox' [] []
[2013-06-05 01:48:24] GenerateTestCept.php.INFO: execute command 'generate:test dummy Dummy' [] []
[2013-06-05 01:48:24] GenerateTestCept.php.INFO: see file found 'DummyTest.php' [] []
[2013-06-05 01:48:24] GenerateTestCept.php.INFO: see in this file 'class DummyTest extends \Codeception\TestCase\Test' [] []
[2013-06-05 01:48:24] GenerateTestCept.php.INFO: see in this file 'protected $dumbGuy' [] []
[2013-06-05 01:48:24] GenerateTestCept.php.INFO: see in this file 'function _before(' [] []
[2013-06-05 01:48:24] GenerateTestCept.php.INFO: PASSED [] []
[2013-06-05 01:48:24] RunIncompleteCept.php.INFO: am in path 'tests/data/sandbox' [] []
[2013-06-05 01:48:24] RunIncompleteCept.php.INFO: execute command 'run skipped IncompleteMeCept.php' [] []
[2013-06-05 01:48:25] RunIncompleteCept.php.INFO: see in shell output '(IncompleteMeCept.php)  INCOMPLETE' [] []
[2013-06-05 01:48:25] RunIncompleteCept.php.INFO: see in shell output 'OK, but incomplete or skipped tests!' [] []
[2013-06-05 01:48:25] RunIncompleteCept.php.INFO: PASSED [] []
[2013-06-05 01:48:25] RunSkippedCept.php.INFO: am in path 'tests/data/sandbox' [] []
[2013-06-05 01:48:25] RunSkippedCept.php.INFO: execute command 'run skipped SkipMeCept.php' [] []
[2013-06-05 01:48:25] RunSkippedCept.php.INFO: see in shell output '(SkipMeCept.php)  SKIPPED' [] []
[2013-06-05 01:48:25] RunSkippedCept.php.INFO: see in shell output 'OK, but incomplete or skipped tests!' [] []
[2013-06-05 01:48:25] RunSkippedCept.php.INFO: PASSED [] []
[2013-06-05 01:48:25] OrderCest.checkOneFile.INFO: am in path 'tests/data/sandbox' [] []
[2013-06-05 01:48:25] OrderCest.checkOneFile.INFO: execute command 'run order LoadingOrderCept.php' [] []
[2013-06-05 01:48:25] OrderCest.checkOneFile.INFO: i expect initialization, bootstrap(b), before suite, before, bootstrap(b), test(t), after, after suite  [] []
[2013-06-05 01:48:25] OrderCest.checkOneFile.INFO: see file found 'order.txt' within 'tests/_log' [] []
[2013-06-05 01:48:25] OrderCest.checkOneFile.INFO: see in this file 'IBS([BST])' [] []
[2013-06-05 01:48:25] OrderCest.checkOneFile.INFO: PASSED [] []
[2013-06-05 01:48:25] OrderCest.checkForFails.INFO: am in path 'tests/data/sandbox' [] []
[2013-06-05 01:48:25] OrderCest.checkForFails.INFO: execute command 'run order FailedCept.php --no-exit' [] []
[2013-06-05 01:48:25] OrderCest.checkForFails.INFO: see file found 'order.txt' within 'tests/_log' [] []
[2013-06-05 01:48:25] OrderCest.checkForFails.INFO: i expect initialization, bootstrap, before suite, before, bootstrap, test, fail, after, after suite  [] []
[2013-06-05 01:48:25] OrderCest.checkForFails.INFO: see in this file 'IBS([BSTF])' [] []
[2013-06-05 01:48:25] OrderCest.checkForFails.INFO: PASSED [] []
[2013-06-05 01:48:25] OrderCest.checkTwoFiles.INFO: am in path 'tests/data/sandbox' [] []
[2013-06-05 01:48:25] OrderCest.checkTwoFiles.INFO: execute command 'run order --no-exit' [] []
[2013-06-05 01:48:25] OrderCest.checkTwoFiles.INFO: see file found 'order.txt' within 'tests/_log' [] []
[2013-06-05 01:48:25] OrderCest.checkTwoFiles.INFO: see in this file 'IBSBSBS([BST][BSTF][BST])' [] []
[2013-06-05 01:48:25] OrderCest.checkTwoFiles.INFO: PASSED [] []
[2013-06-05 01:48:25] RunCest.runOneFile.INFO: am in path 'tests/data/sandbox' [] []
[2013-06-05 01:48:25] RunCest.runOneFile.INFO: execute command 'run tests/dummy/FileExistsCept.php' [] []
[2013-06-05 01:48:25] RunCest.runOneFile.INFO: see file found 'report.html' within 'tests/_log' [] []
[2013-06-05 01:48:25] RunCest.runOneFile.INFO: see in shell output 'OK (' [] []
[2013-06-05 01:48:25] RunCest.runOneFile.INFO: PASSED [] []
[2013-06-05 01:48:25] RunCest.runHtml.INFO: am in path 'tests/data/sandbox' [] []
[2013-06-05 01:48:25] RunCest.runHtml.INFO: execute command 'run dummy --html' [] []
[2013-06-05 01:48:25] RunCest.runHtml.INFO: see file found 'report.html' within 'tests/_log' [] []
[2013-06-05 01:48:25] RunCest.runHtml.INFO: PASSED [] []
[2013-06-05 01:48:25] RunCest.runJsonReport.INFO: am in path 'tests/data/sandbox' [] []
[2013-06-05 01:48:25] RunCest.runJsonReport.INFO: execute command 'run dummy --json' [] []
[2013-06-05 01:48:26] RunCest.runJsonReport.INFO: see file found 'report.json' within 'tests/_log' [] []
[2013-06-05 01:48:26] RunCest.runJsonReport.INFO: see in this file '"suite":' [] []
[2013-06-05 01:48:26] RunCest.runJsonReport.INFO: see in this file '"dummy"' [] []
[2013-06-05 01:48:26] RunCest.runJsonReport.INFO: PASSED [] []
[2013-06-05 01:48:26] RunCest.runTapReport.INFO: am in path 'tests/data/sandbox' [] []
[2013-06-05 01:48:26] RunCest.runTapReport.INFO: execute command 'run dummy --tap' [] []
[2013-06-05 01:48:26] RunCest.runTapReport.INFO: see file found 'report.tap.log' within 'tests/_log' [] []
[2013-06-05 01:48:26] RunCest.runTapReport.INFO: PASSED [] []
[2013-06-05 01:48:26] RunCest.runXmlReport.INFO: am in path 'tests/data/sandbox' [] []
[2013-06-05 01:48:26] RunCest.runXmlReport.INFO: execute command 'run dummy --xml' [] []
[2013-06-05 01:48:26] RunCest.runXmlReport.INFO: see file found 'report.xml' within 'tests/_log' [] []
[2013-06-05 01:48:26] RunCest.runXmlReport.INFO: see in this file '<?xml' [] []
[2013-06-05 01:48:26] RunCest.runXmlReport.INFO: see in this file '<testsuite name="dummy"' [] []
[2013-06-05 01:48:26] RunCest.runXmlReport.INFO: see in this file '<testcase file="FileExistsCept.php"' [] []
[2013-06-05 01:48:26] RunCest.runXmlReport.INFO: PASSED [] []
[2013-06-05 01:48:26] RunCest.runReportMode.INFO: am in path 'tests/data/sandbox' [] []
[2013-06-05 01:48:26] RunCest.runReportMode.INFO: execute command 'run dummy --report' [] []
[2013-06-05 01:48:26] RunCest.runReportMode.INFO: see in shell output 'FileExistsCept.php' [] []
[2013-06-05 01:48:26] RunCest.runReportMode.INFO: see in shell output '........Ok' [] []
[2013-06-05 01:48:26] RunCest.runReportMode.INFO: PASSED [] []
[2013-06-05 01:48:26] RunCest.runOneGroup.INFO: am in path 'tests/data/sandbox' [] []
[2013-06-05 01:48:26] RunCest.runOneGroup.INFO: execute command 'run skipped -g notorun' [] []
[2013-06-05 01:48:26] RunCest.runOneGroup.INFO: see in shell output 'Incomplete' [] []
[2013-06-05 01:48:26] RunCest.runOneGroup.INFO: don't see in shell output 'Skipped' [] []
[2013-06-05 01:48:26] RunCest.runOneGroup.INFO: PASSED [] []
[2013-06-05 01:48:26] RunCest.runTwoSuites.INFO: am in path 'tests/data/sandbox' [] []
[2013-06-05 01:48:26] RunCest.runTwoSuites.INFO: execute command 'run skipped,dummy --no-exit' [] []
[2013-06-05 01:48:26] RunCest.runTwoSuites.INFO: see in shell output 'Suite skipped started' [] []
[2013-06-05 01:48:26] RunCest.runTwoSuites.INFO: see in shell output 'Suite dummy started' [] []
[2013-06-05 01:48:26] RunCest.runTwoSuites.INFO: don't see in shell output 'Suite remote started' [] []
[2013-06-05 01:48:26] RunCest.runTwoSuites.INFO: PASSED [] []
[2013-06-05 01:48:26] RunCest.skipSuites.INFO: am in path 'tests/data/sandbox' [] []
[2013-06-05 01:48:26] RunCest.skipSuites.INFO: execute command 'run --skip skipped --skip remote --skip remote_server --skip order' [] []
[2013-06-05 01:48:27] RunCest.skipSuites.INFO: see in shell output 'Suite dummy started' [] []
[2013-06-05 01:48:27] RunCest.skipSuites.INFO: don't see in shell output 'Suite remote started' [] []
[2013-06-05 01:48:27] RunCest.skipSuites.INFO: don't see in shell output 'Suite remote_server started' [] []
[2013-06-05 01:48:27] RunCest.skipSuites.INFO: don't see in shell output 'Suite order started' [] []
[2013-06-05 01:48:27] RunCest.skipSuites.INFO: PASSED [] []
[2013-06-05 01:49:55] BuildCept.php.INFO: run shell commmand "php codecept build" [] []
[2013-06-05 01:49:56] BuildCept.php.INFO: see in shell output "generated successfully" [] []
[2013-06-05 01:49:56] BuildCept.php.INFO: see file found "CodeGuy.php" within "tests/unit" [] []
[2013-06-05 01:49:56] BuildCept.php.INFO: see file found "CliGuy.php" within "tests/cli" [] []
[2013-06-05 01:49:56] BuildCept.php.INFO: see in this file "seeFileFound(" [] []
[2013-06-05 01:49:56] BuildCept.php.INFO: PASSED [] []
[2013-06-05 01:49:56] GenerateCeptCept.php.INFO: am in path "tests/data/sandbox" [] []
[2013-06-05 01:49:56] GenerateCeptCept.php.INFO: execute command "generate:cept dummy DummyCept" [] []
[2013-06-05 01:49:57] GenerateCeptCept.php.INFO: see file found "DummyCept.php" within "tests/dummy" [] []
[2013-06-05 01:49:57] GenerateCeptCept.php.INFO: see in this file "$I = new DumbGuy($scenario);" [] []
[2013-06-05 01:49:57] GenerateCeptCept.php.INFO: delete this file  [] []
[2013-06-05 01:49:57] GenerateCeptCept.php.INFO: i am going to create scenario in folder  [] []
[2013-06-05 01:49:57] GenerateCeptCept.php.INFO: execute command "generate:cept dummy path/DummyCept" [] []
[2013-06-05 01:49:57] GenerateCeptCept.php.INFO: see file found "DummyCept.php" within "tests/dummy/path" [] []
[2013-06-05 01:49:57] GenerateCeptCept.php.INFO: delete this file  [] []
[2013-06-05 01:49:57] GenerateCeptCept.php.INFO: i am going to create file with cept.php suffix  [] []
[2013-06-05 01:49:57] GenerateCeptCept.php.INFO: execute command "generate:cept dummy DummyCept.php" [] []
[2013-06-05 01:49:58] GenerateCeptCept.php.INFO: see file found "DummyCept.php" [] []
[2013-06-05 01:49:58] GenerateCeptCept.php.INFO: delete this file  [] []
[2013-06-05 01:49:58] GenerateCeptCept.php.INFO: i am going to create file without any suffix  [] []
[2013-06-05 01:49:58] GenerateCeptCept.php.INFO: execute command "generate:cept dummy Dummy" [] []
[2013-06-05 01:49:58] GenerateCeptCept.php.INFO: see file found "DummyCept.php" [] []
[2013-06-05 01:49:58] GenerateCeptCept.php.INFO: PASSED [] []
[2013-06-05 01:49:58] GenerateCestCept.php.INFO: am in path "tests/data/sandbox" [] []
[2013-06-05 01:49:58] GenerateCestCept.php.INFO: execute command "generate:cest dummy DummyClass" [] []
[2013-06-05 01:49:59] GenerateCestCept.php.INFO: see file found "DummyClassCest.php" [] []
[2013-06-05 01:49:59] GenerateCestCept.php.INFO: see in this file "class DummyClassCest" [] []
[2013-06-05 01:49:59] GenerateCestCept.php.INFO: PASSED [] []
[2013-06-05 01:49:59] GeneratePhpUnitCept.php.INFO: am in path "tests/data/sandbox" [] []
[2013-06-05 01:49:59] GeneratePhpUnitCept.php.INFO: execute command "generate:phpunit dummy Dummy" [] []
[2013-06-05 01:50:00] GeneratePhpUnitCept.php.INFO: see file found "DummyTest.php" [] []
[2013-06-05 01:50:00] GeneratePhpUnitCept.php.INFO: see in this file "class DummyTest extends \PHPUnit_Framework_TestCase" [] []
[2013-06-05 01:50:00] GeneratePhpUnitCept.php.INFO: see in this file "function setUp()" [] []
[2013-06-05 01:50:00] GeneratePhpUnitCept.php.INFO: PASSED [] []
[2013-06-05 01:50:00] GenerateScenariosCept.php.INFO: am in path "tests/data/sandbox" [] []
[2013-06-05 01:50:00] GenerateScenariosCept.php.INFO: execute command "generate:scenarios dummy" [] []
[2013-06-05 01:50:00] GenerateScenariosCept.php.INFO: see file found "File_Exists.txt" within "tests/_data/scenarios" [] []
[2013-06-05 01:50:00] GenerateScenariosCept.php.INFO: see in this file "I WANT TO CHECK CONFIG EXISTS" [] []
[2013-06-05 01:50:00] GenerateScenariosCept.php.INFO: see in this file "I see file found "codeception.yml"" [] []
[2013-06-05 01:50:00] GenerateScenariosCept.php.INFO: PASSED [] []
[2013-06-05 01:50:00] GenerateSuiteCept.php.INFO: as a developer who likes testing  [] []
[2013-06-05 01:50:00] GenerateSuiteCept.php.INFO: so that i have a better tests categorization  [] []
[2013-06-05 01:50:00] GenerateSuiteCept.php.INFO: am in path "tests/data/sandbox" [] []
[2013-06-05 01:50:00] GenerateSuiteCept.php.INFO: execute command "generate:suite house HouseGuy" [] []
[2013-06-05 01:50:01] GenerateSuiteCept.php.INFO: see file found "house.suite.yml" [] []
[2013-06-05 01:50:01] GenerateSuiteCept.php.INFO: i expect guy class is generated  [] []
[2013-06-05 01:50:01] GenerateSuiteCept.php.INFO: see in this file "class_name: HouseGuy" [] []
[2013-06-05 01:50:01] GenerateSuiteCept.php.INFO: see file found "HouseHelper.php" [] []
[2013-06-05 01:50:01] GenerateSuiteCept.php.INFO: see file found "_bootstrap.php" within "tests/house" [] []
[2013-06-05 01:50:01] GenerateSuiteCept.php.ALERT: Directory does not exist: /home/davert/Codeception//tests/data/sandbox/tests/house [] []
[2013-06-05 01:50:01] GenerateSuiteCept.php.INFO: # FAILED # [] []
[2013-06-05 01:50:01] GenerateSuiteCept.php.INFO: PASSED [] []
[2013-06-05 01:50:01] GenerateTestCept.php.INFO: am in path "tests/data/sandbox" [] []
[2013-06-05 01:50:01] GenerateTestCept.php.INFO: execute command "generate:test dummy Dummy" [] []
[2013-06-05 01:50:01] GenerateTestCept.php.INFO: see file found "DummyTest.php" [] []
[2013-06-05 01:50:02] GenerateTestCept.php.INFO: see in this file "class DummyTest extends \Codeception\TestCase\Test" [] []
[2013-06-05 01:50:02] GenerateTestCept.php.INFO: see in this file "protected $dumbGuy" [] []
[2013-06-05 01:50:02] GenerateTestCept.php.INFO: see in this file "function _before(" [] []
[2013-06-05 01:50:02] GenerateTestCept.php.INFO: PASSED [] []
[2013-06-05 01:50:02] RunIncompleteCept.php.INFO: am in path "tests/data/sandbox" [] []
[2013-06-05 01:50:02] RunIncompleteCept.php.INFO: execute command "run skipped IncompleteMeCept.php" [] []
[2013-06-05 01:50:02] RunIncompleteCept.php.INFO: see in shell output "(IncompleteMeCept.php)  INCOMPLETE" [] []
[2013-06-05 01:50:02] RunIncompleteCept.php.INFO: see in shell output "OK, but incomplete or skipped tests!" [] []
[2013-06-05 01:50:02] RunIncompleteCept.php.INFO: PASSED [] []
[2013-06-05 01:50:02] RunSkippedCept.php.INFO: am in path "tests/data/sandbox" [] []
[2013-06-05 01:50:02] RunSkippedCept.php.INFO: execute command "run skipped SkipMeCept.php" [] []
[2013-06-05 01:50:02] RunSkippedCept.php.INFO: see in shell output "(SkipMeCept.php)  SKIPPED" [] []
[2013-06-05 01:50:02] RunSkippedCept.php.INFO: see in shell output "OK, but incomplete or skipped tests!" [] []
[2013-06-05 01:50:02] RunSkippedCept.php.INFO: PASSED [] []
[2013-06-05 01:50:02] OrderCest.checkOneFile.INFO: am in path "tests/data/sandbox" [] []
[2013-06-05 01:50:02] OrderCest.checkOneFile.INFO: execute command "run order LoadingOrderCept.php" [] []
[2013-06-05 01:50:02] OrderCest.checkOneFile.INFO: i expect initialization, bootstrap(b), before suite, before, bootstrap(b), test(t), after, after suite  [] []
[2013-06-05 01:50:02] OrderCest.checkOneFile.INFO: see file found "order.txt" within "tests/_log" [] []
[2013-06-05 01:50:02] OrderCest.checkOneFile.INFO: see in this file "IBS([BST])" [] []
[2013-06-05 01:50:02] OrderCest.checkOneFile.INFO: PASSED [] []
[2013-06-05 01:50:02] OrderCest.checkForFails.INFO: am in path "tests/data/sandbox" [] []
[2013-06-05 01:50:02] OrderCest.checkForFails.INFO: execute command "run order FailedCept.php --no-exit" [] []
[2013-06-05 01:50:02] OrderCest.checkForFails.INFO: see file found "order.txt" within "tests/_log" [] []
[2013-06-05 01:50:02] OrderCest.checkForFails.INFO: i expect initialization, bootstrap, before suite, before, bootstrap, test, fail, after, after suite  [] []
[2013-06-05 01:50:02] OrderCest.checkForFails.INFO: see in this file "IBS([BSTF])" [] []
[2013-06-05 01:50:02] OrderCest.checkForFails.INFO: PASSED [] []
[2013-06-05 01:50:02] OrderCest.checkTwoFiles.INFO: am in path "tests/data/sandbox" [] []
[2013-06-05 01:50:02] OrderCest.checkTwoFiles.INFO: execute command "run order --no-exit" [] []
[2013-06-05 01:50:02] OrderCest.checkTwoFiles.INFO: see file found "order.txt" within "tests/_log" [] []
[2013-06-05 01:50:02] OrderCest.checkTwoFiles.INFO: see in this file "IBSBSBS([BST][BSTF][BST])" [] []
[2013-06-05 01:50:02] OrderCest.checkTwoFiles.INFO: PASSED [] []
[2013-06-05 01:50:02] RunCest.runOneFile.INFO: am in path "tests/data/sandbox" [] []
[2013-06-05 01:50:02] RunCest.runOneFile.INFO: execute command "run tests/dummy/FileExistsCept.php" [] []
[2013-06-05 01:50:02] RunCest.runOneFile.INFO: see file found "report.html" within "tests/_log" [] []
[2013-06-05 01:50:02] RunCest.runOneFile.INFO: see in shell output "OK (" [] []
[2013-06-05 01:50:02] RunCest.runOneFile.INFO: PASSED [] []
[2013-06-05 01:50:02] RunCest.runHtml.INFO: am in path "tests/data/sandbox" [] []
[2013-06-05 01:50:02] RunCest.runHtml.INFO: execute command "run dummy --html" [] []
[2013-06-05 01:50:03] RunCest.runHtml.INFO: see file found "report.html" within "tests/_log" [] []
[2013-06-05 01:50:03] RunCest.runHtml.INFO: PASSED [] []
[2013-06-05 01:50:03] RunCest.runJsonReport.INFO: am in path "tests/data/sandbox" [] []
[2013-06-05 01:50:03] RunCest.runJsonReport.INFO: execute command "run dummy --json" [] []
[2013-06-05 01:50:03] RunCest.runJsonReport.INFO: see file found "report.json" within "tests/_log" [] []
[2013-06-05 01:50:03] RunCest.runJsonReport.INFO: see in this file ""suite":" [] []
[2013-06-05 01:50:03] RunCest.runJsonReport.INFO: see in this file ""dummy"" [] []
[2013-06-05 01:50:03] RunCest.runJsonReport.INFO: PASSED [] []
[2013-06-05 01:50:03] RunCest.runTapReport.INFO: am in path "tests/data/sandbox" [] []
[2013-06-05 01:50:03] RunCest.runTapReport.INFO: execute command "run dummy --tap" [] []
[2013-06-05 01:50:03] RunCest.runTapReport.INFO: see file found "report.tap.log" within "tests/_log" [] []
[2013-06-05 01:50:03] RunCest.runTapReport.INFO: PASSED [] []
[2013-06-05 01:50:03] RunCest.runXmlReport.INFO: am in path "tests/data/sandbox" [] []
[2013-06-05 01:50:03] RunCest.runXmlReport.INFO: execute command "run dummy --xml" [] []
[2013-06-05 01:50:03] RunCest.runXmlReport.INFO: see file found "report.xml" within "tests/_log" [] []
[2013-06-05 01:50:03] RunCest.runXmlReport.INFO: see in this file "<?xml" [] []
[2013-06-05 01:50:03] RunCest.runXmlReport.INFO: see in this file "<testsuite name="dummy"" [] []
[2013-06-05 01:50:03] RunCest.runXmlReport.INFO: see in this file "<testcase file="FileExistsCept.php"" [] []
[2013-06-05 01:50:03] RunCest.runXmlReport.INFO: PASSED [] []
[2013-06-05 01:50:03] RunCest.runReportMode.INFO: am in path "tests/data/sandbox" [] []
[2013-06-05 01:50:03] RunCest.runReportMode.INFO: execute command "run dummy --report" [] []
[2013-06-05 01:50:03] RunCest.runReportMode.INFO: see in shell output "FileExistsCept.php" [] []
[2013-06-05 01:50:03] RunCest.runReportMode.INFO: see in shell output "........Ok" [] []
[2013-06-05 01:50:03] RunCest.runReportMode.INFO: PASSED [] []
[2013-06-05 01:50:03] RunCest.runOneGroup.INFO: am in path "tests/data/sandbox" [] []
[2013-06-05 01:50:03] RunCest.runOneGroup.INFO: execute command "run skipped -g notorun" [] []
[2013-06-05 01:50:03] RunCest.runOneGroup.INFO: see in shell output "Incomplete" [] []
[2013-06-05 01:50:03] RunCest.runOneGroup.INFO: don't see in shell output "Skipped" [] []
[2013-06-05 01:50:03] RunCest.runOneGroup.INFO: PASSED [] []
[2013-06-05 01:50:03] RunCest.runTwoSuites.INFO: am in path "tests/data/sandbox" [] []
[2013-06-05 01:50:03] RunCest.runTwoSuites.INFO: execute command "run skipped,dummy --no-exit" [] []
[2013-06-05 01:50:03] RunCest.runTwoSuites.INFO: see in shell output "Suite skipped started" [] []
[2013-06-05 01:50:03] RunCest.runTwoSuites.INFO: see in shell output "Suite dummy started" [] []
[2013-06-05 01:50:03] RunCest.runTwoSuites.INFO: don't see in shell output "Suite remote started" [] []
[2013-06-05 01:50:03] RunCest.runTwoSuites.INFO: PASSED [] []
[2013-06-05 01:50:03] RunCest.skipSuites.INFO: am in path "tests/data/sandbox" [] []
[2013-06-05 01:50:03] RunCest.skipSuites.INFO: execute command "run --skip skipped --skip remote --skip remote_server --skip order" [] []
[2013-06-05 01:50:04] RunCest.skipSuites.INFO: see in shell output "Suite dummy started" [] []
[2013-06-05 01:50:04] RunCest.skipSuites.INFO: don't see in shell output "Suite remote started" [] []
[2013-06-05 01:50:04] RunCest.skipSuites.INFO: don't see in shell output "Suite remote_server started" [] []
[2013-06-05 01:50:04] RunCest.skipSuites.INFO: don't see in shell output "Suite order started" [] []
[2013-06-05 01:50:04] RunCest.skipSuites.INFO: PASSED [] []
[2013-06-05 01:50:33] BuildCept.php.INFO: run shell commmand "php codecept build" [] []
[2013-06-05 01:50:34] BuildCept.php.INFO: see in shell output "generated successfully" [] []
[2013-06-05 01:50:34] BuildCept.php.INFO: see file found "CodeGuy.php" within "tests/unit" [] []
[2013-06-05 01:50:34] BuildCept.php.INFO: see file found "CliGuy.php" within "tests/cli" [] []
[2013-06-05 01:50:34] BuildCept.php.INFO: see in this file "seeFileFound(" [] []
[2013-06-05 01:50:34] BuildCept.php.INFO: PASSED [] []
[2013-06-05 01:50:34] GenerateCeptCept.php.INFO: am in path "tests/data/sandbox" [] []
[2013-06-05 01:50:34] GenerateCeptCept.php.INFO: execute command "generate:cept dummy DummyCept" [] []
[2013-06-05 01:50:34] GenerateCeptCept.php.INFO: see file found "DummyCept.php" within "tests/dummy" [] []
[2013-06-05 01:50:34] GenerateCeptCept.php.INFO: see in this file "$I = new DumbGuy($scenario);" [] []
[2013-06-05 01:50:34] GenerateCeptCept.php.INFO: delete this file  [] []
[2013-06-05 01:50:34] GenerateCeptCept.php.INFO: i am going to create scenario in folder  [] []
[2013-06-05 01:50:34] GenerateCeptCept.php.INFO: execute command "generate:cept dummy path/DummyCept" [] []
[2013-06-05 01:50:35] GenerateCeptCept.php.INFO: see file found "DummyCept.php" within "tests/dummy/path" [] []
[2013-06-05 01:50:35] GenerateCeptCept.php.INFO: delete this file  [] []
[2013-06-05 01:50:35] GenerateCeptCept.php.INFO: i am going to create file with cept.php suffix  [] []
[2013-06-05 01:50:35] GenerateCeptCept.php.INFO: execute command "generate:cept dummy DummyCept.php" [] []
[2013-06-05 01:50:36] GenerateCeptCept.php.INFO: see file found "DummyCept.php" [] []
[2013-06-05 01:50:36] GenerateCeptCept.php.INFO: delete this file  [] []
[2013-06-05 01:50:36] GenerateCeptCept.php.INFO: i am going to create file without any suffix  [] []
[2013-06-05 01:50:36] GenerateCeptCept.php.INFO: execute command "generate:cept dummy Dummy" [] []
[2013-06-05 01:50:36] GenerateCeptCept.php.INFO: see file found "DummyCept.php" [] []
[2013-06-05 01:50:36] GenerateCeptCept.php.INFO: PASSED [] []
[2013-06-05 01:50:36] GenerateCestCept.php.INFO: am in path "tests/data/sandbox" [] []
[2013-06-05 01:50:36] GenerateCestCept.php.INFO: execute command "generate:cest dummy DummyClass" [] []
[2013-06-05 01:50:37] GenerateCestCept.php.INFO: see file found "DummyClassCest.php" [] []
[2013-06-05 01:50:37] GenerateCestCept.php.INFO: see in this file "class DummyClassCest" [] []
[2013-06-05 01:50:37] GenerateCestCept.php.INFO: PASSED [] []
[2013-06-05 01:50:37] GeneratePhpUnitCept.php.INFO: am in path "tests/data/sandbox" [] []
[2013-06-05 01:50:37] GeneratePhpUnitCept.php.INFO: execute command "generate:phpunit dummy Dummy" [] []
[2013-06-05 01:50:38] GeneratePhpUnitCept.php.INFO: see file found "DummyTest.php" [] []
[2013-06-05 01:50:38] GeneratePhpUnitCept.php.INFO: see in this file "class DummyTest extends \PHPUnit_Framework_TestCase" [] []
[2013-06-05 01:50:38] GeneratePhpUnitCept.php.INFO: see in this file "function setUp()" [] []
[2013-06-05 01:50:38] GeneratePhpUnitCept.php.INFO: PASSED [] []
[2013-06-05 01:50:38] GenerateScenariosCept.php.INFO: am in path "tests/data/sandbox" [] []
[2013-06-05 01:50:38] GenerateScenariosCept.php.INFO: execute command "generate:scenarios dummy" [] []
[2013-06-05 01:50:38] GenerateScenariosCept.php.INFO: see file found "File_Exists.txt" within "tests/_data/scenarios" [] []
[2013-06-05 01:50:38] GenerateScenariosCept.php.INFO: see in this file "I WANT TO CHECK CONFIG EXISTS" [] []
[2013-06-05 01:50:38] GenerateScenariosCept.php.INFO: see in this file "I see file found "codeception.yml"" [] []
[2013-06-05 01:50:38] GenerateScenariosCept.php.INFO: PASSED [] []
[2013-06-05 01:50:38] GenerateSuiteCept.php.INFO: as a developer who likes testing  [] []
[2013-06-05 01:50:38] GenerateSuiteCept.php.INFO: so that i have a better tests categorization  [] []
[2013-06-05 01:50:38] GenerateSuiteCept.php.INFO: am in path "tests/data/sandbox" [] []
[2013-06-05 01:50:38] GenerateSuiteCept.php.INFO: execute command "generate:suite house HouseGuy" [] []
[2013-06-05 01:50:39] GenerateSuiteCept.php.INFO: see file found "house.suite.yml" [] []
[2013-06-05 01:50:39] GenerateSuiteCept.php.INFO: i expect guy class is generated  [] []
[2013-06-05 01:50:39] GenerateSuiteCept.php.INFO: see in this file "class_name: HouseGuy" [] []
[2013-06-05 01:50:39] GenerateSuiteCept.php.INFO: see file found "HouseHelper.php" [] []
[2013-06-05 01:50:39] GenerateSuiteCept.php.INFO: see file found "_bootstrap.php" within "tests/house" [] []
[2013-06-05 01:50:39] GenerateSuiteCept.php.ALERT: Directory does not exist: /home/davert/Codeception//tests/data/sandbox/tests/house [] []
[2013-06-05 01:50:39] GenerateSuiteCept.php.INFO: # FAILED # [] []
[2013-06-05 01:50:39] GenerateSuiteCept.php.INFO: PASSED [] []
[2013-06-05 01:50:39] GenerateTestCept.php.INFO: am in path "tests/data/sandbox" [] []
[2013-06-05 01:50:39] GenerateTestCept.php.INFO: execute command "generate:test dummy Dummy" [] []
[2013-06-05 01:50:39] GenerateTestCept.php.INFO: see file found "DummyTest.php" [] []
[2013-06-05 01:50:40] GenerateTestCept.php.INFO: see in this file "class DummyTest extends \Codeception\TestCase\Test" [] []
[2013-06-05 01:50:40] GenerateTestCept.php.INFO: see in this file "protected $dumbGuy" [] []
[2013-06-05 01:50:40] GenerateTestCept.php.INFO: see in this file "function _before(" [] []
[2013-06-05 01:50:40] GenerateTestCept.php.INFO: PASSED [] []
[2013-06-05 01:50:40] RunIncompleteCept.php.INFO: am in path "tests/data/sandbox" [] []
[2013-06-05 01:50:40] RunIncompleteCept.php.INFO: execute command "run skipped IncompleteMeCept.php" [] []
[2013-06-05 01:50:40] RunIncompleteCept.php.INFO: see in shell output "(IncompleteMeCept.php)  INCOMPLETE" [] []
[2013-06-05 01:50:40] RunIncompleteCept.php.INFO: see in shell output "OK, but incomplete or skipped tests!" [] []
[2013-06-05 01:50:40] RunIncompleteCept.php.INFO: PASSED [] []
[2013-06-05 01:50:40] RunSkippedCept.php.INFO: am in path "tests/data/sandbox" [] []
[2013-06-05 01:50:40] RunSkippedCept.php.INFO: execute command "run skipped SkipMeCept.php" [] []
[2013-06-05 01:50:40] RunSkippedCept.php.INFO: see in shell output "(SkipMeCept.php)  SKIPPED" [] []
[2013-06-05 01:50:40] RunSkippedCept.php.INFO: see in shell output "OK, but incomplete or skipped tests!" [] []
[2013-06-05 01:50:40] RunSkippedCept.php.INFO: PASSED [] []
[2013-06-05 01:50:40] OrderCest.checkOneFile.INFO: am in path "tests/data/sandbox" [] []
[2013-06-05 01:50:40] OrderCest.checkOneFile.INFO: execute command "run order LoadingOrderCept.php" [] []
[2013-06-05 01:50:40] OrderCest.checkOneFile.INFO: i expect initialization, bootstrap(b), before suite, before, bootstrap(b), test(t), after, after suite  [] []
[2013-06-05 01:50:40] OrderCest.checkOneFile.INFO: see file found "order.txt" within "tests/_log" [] []
[2013-06-05 01:50:40] OrderCest.checkOneFile.INFO: see in this file "IBS([BST])" [] []
[2013-06-05 01:50:40] OrderCest.checkOneFile.INFO: PASSED [] []
[2013-06-05 01:50:40] OrderCest.checkForFails.INFO: am in path "tests/data/sandbox" [] []
[2013-06-05 01:50:40] OrderCest.checkForFails.INFO: execute command "run order FailedCept.php --no-exit" [] []
[2013-06-05 01:50:40] OrderCest.checkForFails.INFO: see file found "order.txt" within "tests/_log" [] []
[2013-06-05 01:50:40] OrderCest.checkForFails.INFO: i expect initialization, bootstrap, before suite, before, bootstrap, test, fail, after, after suite  [] []
[2013-06-05 01:50:40] OrderCest.checkForFails.INFO: see in this file "IBS([BSTF])" [] []
[2013-06-05 01:50:40] OrderCest.checkForFails.INFO: PASSED [] []
[2013-06-05 01:50:40] OrderCest.checkTwoFiles.INFO: am in path "tests/data/sandbox" [] []
[2013-06-05 01:50:40] OrderCest.checkTwoFiles.INFO: execute command "run order --no-exit" [] []
[2013-06-05 01:50:40] OrderCest.checkTwoFiles.INFO: see file found "order.txt" within "tests/_log" [] []
[2013-06-05 01:50:40] OrderCest.checkTwoFiles.INFO: see in this file "IBSBSBS([BST][BSTF][BST])" [] []
[2013-06-05 01:50:40] OrderCest.checkTwoFiles.INFO: PASSED [] []
[2013-06-05 01:50:40] RunCest.runOneFile.INFO: am in path "tests/data/sandbox" [] []
[2013-06-05 01:50:40] RunCest.runOneFile.INFO: execute command "run tests/dummy/FileExistsCept.php" [] []
[2013-06-05 01:50:40] RunCest.runOneFile.INFO: see file found "report.html" within "tests/_log" [] []
[2013-06-05 01:50:40] RunCest.runOneFile.INFO: see in shell output "OK (" [] []
[2013-06-05 01:50:40] RunCest.runOneFile.INFO: PASSED [] []
[2013-06-05 01:50:40] RunCest.runHtml.INFO: am in path "tests/data/sandbox" [] []
[2013-06-05 01:50:40] RunCest.runHtml.INFO: execute command "run dummy --html" [] []
[2013-06-05 01:50:41] RunCest.runHtml.INFO: see file found "report.html" within "tests/_log" [] []
[2013-06-05 01:50:41] RunCest.runHtml.INFO: PASSED [] []
[2013-06-05 01:50:41] RunCest.runJsonReport.INFO: am in path "tests/data/sandbox" [] []
[2013-06-05 01:50:41] RunCest.runJsonReport.INFO: execute command "run dummy --json" [] []
[2013-06-05 01:50:41] RunCest.runJsonReport.INFO: see file found "report.json" within "tests/_log" [] []
[2013-06-05 01:50:41] RunCest.runJsonReport.INFO: see in this file ""suite":" [] []
[2013-06-05 01:50:41] RunCest.runJsonReport.INFO: see in this file ""dummy"" [] []
[2013-06-05 01:50:41] RunCest.runJsonReport.INFO: PASSED [] []
[2013-06-05 01:50:41] RunCest.runTapReport.INFO: am in path "tests/data/sandbox" [] []
[2013-06-05 01:50:41] RunCest.runTapReport.INFO: execute command "run dummy --tap" [] []
[2013-06-05 01:50:41] RunCest.runTapReport.INFO: see file found "report.tap.log" within "tests/_log" [] []
[2013-06-05 01:50:41] RunCest.runTapReport.INFO: PASSED [] []
[2013-06-05 01:50:41] RunCest.runXmlReport.INFO: am in path "tests/data/sandbox" [] []
[2013-06-05 01:50:41] RunCest.runXmlReport.INFO: execute command "run dummy --xml" [] []
[2013-06-05 01:50:41] RunCest.runXmlReport.INFO: see file found "report.xml" within "tests/_log" [] []
[2013-06-05 01:50:41] RunCest.runXmlReport.INFO: see in this file "<?xml" [] []
[2013-06-05 01:50:41] RunCest.runXmlReport.INFO: see in this file "<testsuite name="dummy"" [] []
[2013-06-05 01:50:41] RunCest.runXmlReport.INFO: see in this file "<testcase file="FileExistsCept.php"" [] []
[2013-06-05 01:50:41] RunCest.runXmlReport.INFO: PASSED [] []
[2013-06-05 01:50:41] RunCest.runReportMode.INFO: am in path "tests/data/sandbox" [] []
[2013-06-05 01:50:41] RunCest.runReportMode.INFO: execute command "run dummy --report" [] []
[2013-06-05 01:50:41] RunCest.runReportMode.INFO: see in shell output "FileExistsCept.php" [] []
[2013-06-05 01:50:41] RunCest.runReportMode.INFO: see in shell output "........Ok" [] []
[2013-06-05 01:50:41] RunCest.runReportMode.INFO: PASSED [] []
[2013-06-05 01:50:41] RunCest.runOneGroup.INFO: am in path "tests/data/sandbox" [] []
[2013-06-05 01:50:41] RunCest.runOneGroup.INFO: execute command "run skipped -g notorun" [] []
[2013-06-05 01:50:41] RunCest.runOneGroup.INFO: see in shell output "Incomplete" [] []
[2013-06-05 01:50:41] RunCest.runOneGroup.INFO: don't see in shell output "Skipped" [] []
[2013-06-05 01:50:41] RunCest.runOneGroup.INFO: PASSED [] []
[2013-06-05 01:50:41] RunCest.runTwoSuites.INFO: am in path "tests/data/sandbox" [] []
[2013-06-05 01:50:41] RunCest.runTwoSuites.INFO: execute command "run skipped,dummy --no-exit" [] []
[2013-06-05 01:50:41] RunCest.runTwoSuites.INFO: see in shell output "Suite skipped started" [] []
[2013-06-05 01:50:41] RunCest.runTwoSuites.INFO: see in shell output "Suite dummy started" [] []
[2013-06-05 01:50:41] RunCest.runTwoSuites.INFO: don't see in shell output "Suite remote started" [] []
[2013-06-05 01:50:41] RunCest.runTwoSuites.INFO: PASSED [] []
[2013-06-05 01:50:41] RunCest.skipSuites.INFO: am in path "tests/data/sandbox" [] []
[2013-06-05 01:50:41] RunCest.skipSuites.INFO: execute command "run --skip skipped --skip remote --skip remote_server --skip order" [] []
[2013-06-05 01:50:42] RunCest.skipSuites.INFO: see in shell output "Suite dummy started" [] []
[2013-06-05 01:50:42] RunCest.skipSuites.INFO: don't see in shell output "Suite remote started" [] []
[2013-06-05 01:50:42] RunCest.skipSuites.INFO: don't see in shell output "Suite remote_server started" [] []
[2013-06-05 01:50:42] RunCest.skipSuites.INFO: don't see in shell output "Suite order started" [] []
[2013-06-05 01:50:42] RunCest.skipSuites.INFO: PASSED [] []
[2013-06-05 01:51:50] BuildCept.php.INFO: run shell commmand "php codecept build" [] []
[2013-06-05 01:51:50] BuildCept.php.INFO: see in shell output "generated successfully" [] []
[2013-06-05 01:51:50] BuildCept.php.INFO: see file found "CodeGuy.php" within "tests/unit" [] []
[2013-06-05 01:51:50] BuildCept.php.INFO: see file found "CliGuy.php" within "tests/cli" [] []
[2013-06-05 01:51:50] BuildCept.php.INFO: see in this file "seeFileFound(" [] []
[2013-06-05 01:51:50] BuildCept.php.INFO: PASSED [] []
[2013-06-05 01:51:50] GenerateCeptCept.php.INFO: am in path "tests/data/sandbox" [] []
[2013-06-05 01:51:50] GenerateCeptCept.php.INFO: execute command "generate:cept dummy DummyCept" [] []
[2013-06-05 01:51:51] GenerateCeptCept.php.INFO: see file found "DummyCept.php" within "tests/dummy" [] []
[2013-06-05 01:51:51] GenerateCeptCept.php.INFO: see in this file "$I = new DumbGuy($scenario);" [] []
[2013-06-05 01:51:51] GenerateCeptCept.php.INFO: delete this file  [] []
[2013-06-05 01:51:51] GenerateCeptCept.php.INFO: i am going to create scenario in folder  [] []
[2013-06-05 01:51:51] GenerateCeptCept.php.INFO: execute command "generate:cept dummy path/DummyCept" [] []
[2013-06-05 01:51:51] GenerateCeptCept.php.INFO: see file found "DummyCept.php" within "tests/dummy/path" [] []
[2013-06-05 01:51:51] GenerateCeptCept.php.INFO: delete this file  [] []
[2013-06-05 01:51:51] GenerateCeptCept.php.INFO: i am going to create file with cept.php suffix  [] []
[2013-06-05 01:51:51] GenerateCeptCept.php.INFO: execute command "generate:cept dummy DummyCept.php" [] []
[2013-06-05 01:51:52] GenerateCeptCept.php.INFO: see file found "DummyCept.php" [] []
[2013-06-05 01:51:52] GenerateCeptCept.php.INFO: delete this file  [] []
[2013-06-05 01:51:52] GenerateCeptCept.php.INFO: i am going to create file without any suffix  [] []
[2013-06-05 01:51:52] GenerateCeptCept.php.INFO: execute command "generate:cept dummy Dummy" [] []
[2013-06-05 01:51:53] GenerateCeptCept.php.INFO: see file found "DummyCept.php" [] []
[2013-06-05 01:51:53] GenerateCeptCept.php.INFO: PASSED [] []
[2013-06-05 01:51:53] GenerateCestCept.php.INFO: am in path "tests/data/sandbox" [] []
[2013-06-05 01:51:53] GenerateCestCept.php.INFO: execute command "generate:cest dummy DummyClass" [] []
[2013-06-05 01:51:53] GenerateCestCept.php.INFO: see file found "DummyClassCest.php" [] []
[2013-06-05 01:51:53] GenerateCestCept.php.INFO: see in this file "class DummyClassCest" [] []
[2013-06-05 01:51:53] GenerateCestCept.php.INFO: PASSED [] []
[2013-06-05 01:51:53] GeneratePhpUnitCept.php.INFO: am in path "tests/data/sandbox" [] []
[2013-06-05 01:51:53] GeneratePhpUnitCept.php.INFO: execute command "generate:phpunit dummy Dummy" [] []
[2013-06-05 01:51:54] GeneratePhpUnitCept.php.INFO: see file found "DummyTest.php" [] []
[2013-06-05 01:51:54] GeneratePhpUnitCept.php.INFO: see in this file "class DummyTest extends \PHPUnit_Framework_TestCase" [] []
[2013-06-05 01:51:54] GeneratePhpUnitCept.php.INFO: see in this file "function setUp()" [] []
[2013-06-05 01:51:54] GeneratePhpUnitCept.php.INFO: PASSED [] []
[2013-06-05 01:51:54] GenerateScenariosCept.php.INFO: am in path "tests/data/sandbox" [] []
[2013-06-05 01:51:54] GenerateScenariosCept.php.INFO: execute command "generate:scenarios dummy" [] []
[2013-06-05 01:51:55] GenerateScenariosCept.php.INFO: see file found "File_Exists.txt" within "tests/_data/scenarios" [] []
[2013-06-05 01:51:55] GenerateScenariosCept.php.INFO: see in this file "I WANT TO CHECK CONFIG EXISTS" [] []
[2013-06-05 01:51:55] GenerateScenariosCept.php.INFO: see in this file "I see file found "codeception.yml"" [] []
[2013-06-05 01:51:55] GenerateScenariosCept.php.INFO: PASSED [] []
[2013-06-05 01:51:55] GenerateSuiteCept.php.INFO: as a developer who likes testing  [] []
[2013-06-05 01:51:55] GenerateSuiteCept.php.INFO: so that i have a better tests categorization  [] []
[2013-06-05 01:51:55] GenerateSuiteCept.php.INFO: am in path "tests/data/sandbox" [] []
[2013-06-05 01:51:55] GenerateSuiteCept.php.INFO: execute command "generate:suite house HouseGuy" [] []
[2013-06-05 01:51:55] GenerateSuiteCept.php.INFO: see file found "house.suite.yml" [] []
[2013-06-05 01:51:55] GenerateSuiteCept.php.INFO: i expect guy class is generated  [] []
[2013-06-05 01:51:55] GenerateSuiteCept.php.INFO: see in this file "class_name: HouseGuy" [] []
[2013-06-05 01:51:55] GenerateSuiteCept.php.INFO: see file found "HouseHelper.php" [] []
[2013-06-05 01:51:55] GenerateSuiteCept.php.INFO: see file found "_bootstrap.php" within "tests/house" [] []
[2013-06-05 01:51:55] GenerateSuiteCept.php.ALERT: Directory does not exist: /home/davert/Codeception//tests/data/sandbox/tests/house [] []
[2013-06-05 01:51:55] GenerateSuiteCept.php.INFO: # FAILED # [] []
[2013-06-05 01:51:55] GenerateSuiteCept.php.INFO: PASSED [] []
[2013-06-05 01:51:55] GenerateTestCept.php.INFO: am in path "tests/data/sandbox" [] []
[2013-06-05 01:51:55] GenerateTestCept.php.INFO: execute command "generate:test dummy Dummy" [] []
[2013-06-05 01:51:56] GenerateTestCept.php.INFO: see file found "DummyTest.php" [] []
[2013-06-05 01:51:56] GenerateTestCept.php.INFO: see in this file "class DummyTest extends \Codeception\TestCase\Test" [] []
[2013-06-05 01:51:56] GenerateTestCept.php.INFO: see in this file "protected $dumbGuy" [] []
[2013-06-05 01:51:56] GenerateTestCept.php.INFO: see in this file "function _before(" [] []
[2013-06-05 01:51:56] GenerateTestCept.php.INFO: PASSED [] []
[2013-06-05 01:51:56] RunIncompleteCept.php.INFO: am in path "tests/data/sandbox" [] []
[2013-06-05 01:51:56] RunIncompleteCept.php.INFO: execute command "run skipped IncompleteMeCept.php" [] []
[2013-06-05 01:51:56] RunIncompleteCept.php.INFO: see in shell output "(IncompleteMeCept.php)  INCOMPLETE" [] []
[2013-06-05 01:51:56] RunIncompleteCept.php.INFO: see in shell output "OK, but incomplete or skipped tests!" [] []
[2013-06-05 01:51:56] RunIncompleteCept.php.INFO: PASSED [] []
[2013-06-05 01:51:56] RunSkippedCept.php.INFO: am in path "tests/data/sandbox" [] []
[2013-06-05 01:51:56] RunSkippedCept.php.INFO: execute command "run skipped SkipMeCept.php" [] []
[2013-06-05 01:51:56] RunSkippedCept.php.INFO: see in shell output "(SkipMeCept.php)  SKIPPED" [] []
[2013-06-05 01:51:56] RunSkippedCept.php.INFO: see in shell output "OK, but incomplete or skipped tests!" [] []
[2013-06-05 01:51:56] RunSkippedCept.php.INFO: PASSED [] []
[2013-06-05 01:51:56] OrderCest.checkOneFile.INFO: am in path "tests/data/sandbox" [] []
[2013-06-05 01:51:56] OrderCest.checkOneFile.INFO: execute command "run order LoadingOrderCept.php" [] []
[2013-06-05 01:51:57] OrderCest.checkOneFile.INFO: i expect initialization, bootstrap(b), before suite, before, bootstrap(b), test(t), after, after suite  [] []
[2013-06-05 01:51:57] OrderCest.checkOneFile.INFO: see file found "order.txt" within "tests/_log" [] []
[2013-06-05 01:51:57] OrderCest.checkOneFile.INFO: see in this file "IBS([BST])" [] []
[2013-06-05 01:51:57] OrderCest.checkOneFile.INFO: PASSED [] []
[2013-06-05 01:51:57] OrderCest.checkForFails.INFO: am in path "tests/data/sandbox" [] []
[2013-06-05 01:51:57] OrderCest.checkForFails.INFO: execute command "run order FailedCept.php --no-exit" [] []
[2013-06-05 01:51:57] OrderCest.checkForFails.INFO: see file found "order.txt" within "tests/_log" [] []
[2013-06-05 01:51:57] OrderCest.checkForFails.INFO: i expect initialization, bootstrap, before suite, before, bootstrap, test, fail, after, after suite  [] []
[2013-06-05 01:51:57] OrderCest.checkForFails.INFO: see in this file "IBS([BSTF])" [] []
[2013-06-05 01:51:57] OrderCest.checkForFails.INFO: PASSED [] []
[2013-06-05 01:51:57] OrderCest.checkTwoFiles.INFO: am in path "tests/data/sandbox" [] []
[2013-06-05 01:51:57] OrderCest.checkTwoFiles.INFO: execute command "run order --no-exit" [] []
[2013-06-05 01:51:57] OrderCest.checkTwoFiles.INFO: see file found "order.txt" within "tests/_log" [] []
[2013-06-05 01:51:57] OrderCest.checkTwoFiles.INFO: see in this file "IBSBSBS([BST][BSTF][BST])" [] []
[2013-06-05 01:51:57] OrderCest.checkTwoFiles.INFO: PASSED [] []
[2013-06-05 01:51:57] RunCest.runOneFile.INFO: am in path "tests/data/sandbox" [] []
[2013-06-05 01:51:57] RunCest.runOneFile.INFO: execute command "run tests/dummy/FileExistsCept.php" [] []
[2013-06-05 01:51:57] RunCest.runOneFile.INFO: see file found "report.html" within "tests/_log" [] []
[2013-06-05 01:51:57] RunCest.runOneFile.INFO: see in shell output "OK (" [] []
[2013-06-05 01:51:57] RunCest.runOneFile.INFO: PASSED [] []
[2013-06-05 01:51:57] RunCest.runHtml.INFO: am in path "tests/data/sandbox" [] []
[2013-06-05 01:51:57] RunCest.runHtml.INFO: execute command "run dummy --html" [] []
[2013-06-05 01:51:57] RunCest.runHtml.INFO: see file found "report.html" within "tests/_log" [] []
[2013-06-05 01:51:57] RunCest.runHtml.INFO: PASSED [] []
[2013-06-05 01:51:57] RunCest.runJsonReport.INFO: am in path "tests/data/sandbox" [] []
[2013-06-05 01:51:57] RunCest.runJsonReport.INFO: execute command "run dummy --json" [] []
[2013-06-05 01:51:57] RunCest.runJsonReport.INFO: see file found "report.json" within "tests/_log" [] []
[2013-06-05 01:51:57] RunCest.runJsonReport.INFO: see in this file ""suite":" [] []
[2013-06-05 01:51:57] RunCest.runJsonReport.INFO: see in this file ""dummy"" [] []
[2013-06-05 01:51:57] RunCest.runJsonReport.INFO: PASSED [] []
[2013-06-05 01:51:57] RunCest.runTapReport.INFO: am in path "tests/data/sandbox" [] []
[2013-06-05 01:51:57] RunCest.runTapReport.INFO: execute command "run dummy --tap" [] []
[2013-06-05 01:51:57] RunCest.runTapReport.INFO: see file found "report.tap.log" within "tests/_log" [] []
[2013-06-05 01:51:57] RunCest.runTapReport.INFO: PASSED [] []
[2013-06-05 01:51:57] RunCest.runXmlReport.INFO: am in path "tests/data/sandbox" [] []
[2013-06-05 01:51:57] RunCest.runXmlReport.INFO: execute command "run dummy --xml" [] []
[2013-06-05 01:51:58] RunCest.runXmlReport.INFO: see file found "report.xml" within "tests/_log" [] []
[2013-06-05 01:51:58] RunCest.runXmlReport.INFO: see in this file "<?xml" [] []
[2013-06-05 01:51:58] RunCest.runXmlReport.INFO: see in this file "<testsuite name="dummy"" [] []
[2013-06-05 01:51:58] RunCest.runXmlReport.INFO: see in this file "<testcase file="FileExistsCept.php"" [] []
[2013-06-05 01:51:58] RunCest.runXmlReport.INFO: PASSED [] []
[2013-06-05 01:51:58] RunCest.runReportMode.INFO: am in path "tests/data/sandbox" [] []
[2013-06-05 01:51:58] RunCest.runReportMode.INFO: execute command "run dummy --report" [] []
[2013-06-05 01:51:58] RunCest.runReportMode.INFO: see in shell output "FileExistsCept.php" [] []
[2013-06-05 01:51:58] RunCest.runReportMode.INFO: see in shell output "........Ok" [] []
[2013-06-05 01:51:58] RunCest.runReportMode.INFO: PASSED [] []
[2013-06-05 01:51:58] RunCest.runOneGroup.INFO: am in path "tests/data/sandbox" [] []
[2013-06-05 01:51:58] RunCest.runOneGroup.INFO: execute command "run skipped -g notorun" [] []
[2013-06-05 01:51:58] RunCest.runOneGroup.INFO: see in shell output "Incomplete" [] []
[2013-06-05 01:51:58] RunCest.runOneGroup.INFO: don't see in shell output "Skipped" [] []
[2013-06-05 01:51:58] RunCest.runOneGroup.INFO: PASSED [] []
[2013-06-05 01:51:58] RunCest.runTwoSuites.INFO: am in path "tests/data/sandbox" [] []
[2013-06-05 01:51:58] RunCest.runTwoSuites.INFO: execute command "run skipped,dummy --no-exit" [] []
[2013-06-05 01:51:58] RunCest.runTwoSuites.INFO: see in shell output "Suite skipped started" [] []
[2013-06-05 01:51:58] RunCest.runTwoSuites.INFO: see in shell output "Suite dummy started" [] []
[2013-06-05 01:51:58] RunCest.runTwoSuites.INFO: don't see in shell output "Suite remote started" [] []
[2013-06-05 01:51:58] RunCest.runTwoSuites.INFO: PASSED [] []
[2013-06-05 01:51:58] RunCest.skipSuites.INFO: am in path "tests/data/sandbox" [] []
[2013-06-05 01:51:58] RunCest.skipSuites.INFO: execute command "run --skip skipped --skip remote --skip remote_server --skip order" [] []
[2013-06-05 01:51:58] RunCest.skipSuites.INFO: see in shell output "Suite dummy started" [] []
[2013-06-05 01:51:58] RunCest.skipSuites.INFO: don't see in shell output "Suite remote started" [] []
[2013-06-05 01:51:58] RunCest.skipSuites.INFO: don't see in shell output "Suite remote_server started" [] []
[2013-06-05 01:51:58] RunCest.skipSuites.INFO: don't see in shell output "Suite order started" [] []
[2013-06-05 01:51:58] RunCest.skipSuites.INFO: PASSED [] []
[2013-06-05 01:52:20] BuildCept.php.INFO: run shell commmand "php codecept build" [] []
[2013-06-05 01:52:20] BuildCept.php.INFO: see in shell output "generated successfully" [] []
[2013-06-05 01:52:20] BuildCept.php.INFO: see file found "CodeGuy.php" within "tests/unit" [] []
[2013-06-05 01:52:20] BuildCept.php.INFO: see file found "CliGuy.php" within "tests/cli" [] []
[2013-06-05 01:52:20] BuildCept.php.INFO: see in this file "seeFileFound(" [] []
[2013-06-05 01:52:20] BuildCept.php.INFO: PASSED [] []
[2013-06-05 01:52:20] GenerateCeptCept.php.INFO: am in path "tests/data/sandbox" [] []
[2013-06-05 01:52:20] GenerateCeptCept.php.INFO: execute command "generate:cept dummy DummyCept" [] []
[2013-06-05 01:52:21] GenerateCeptCept.php.INFO: see file found "DummyCept.php" within "tests/dummy" [] []
[2013-06-05 01:52:21] GenerateCeptCept.php.INFO: see in this file "$I = new DumbGuy($scenario);" [] []
[2013-06-05 01:52:21] GenerateCeptCept.php.INFO: delete this file  [] []
[2013-06-05 01:52:21] GenerateCeptCept.php.INFO: i am going to create scenario in folder  [] []
[2013-06-05 01:52:21] GenerateCeptCept.php.INFO: execute command "generate:cept dummy path/DummyCept" [] []
[2013-06-05 01:52:22] GenerateCeptCept.php.INFO: see file found "DummyCept.php" within "tests/dummy/path" [] []
[2013-06-05 01:52:22] GenerateCeptCept.php.INFO: delete this file  [] []
[2013-06-05 01:52:22] GenerateCeptCept.php.INFO: i am going to create file with cept.php suffix  [] []
[2013-06-05 01:52:22] GenerateCeptCept.php.INFO: execute command "generate:cept dummy DummyCept.php" [] []
[2013-06-05 01:52:22] GenerateCeptCept.php.INFO: see file found "DummyCept.php" [] []
[2013-06-05 01:52:22] GenerateCeptCept.php.INFO: delete this file  [] []
[2013-06-05 01:52:22] GenerateCeptCept.php.INFO: i am going to create file without any suffix  [] []
[2013-06-05 01:52:22] GenerateCeptCept.php.INFO: execute command "generate:cept dummy Dummy" [] []
[2013-06-05 01:52:23] GenerateCeptCept.php.INFO: see file found "DummyCept.php" [] []
[2013-06-05 01:52:23] GenerateCeptCept.php.INFO: PASSED [] []
[2013-06-05 01:52:23] GenerateCestCept.php.INFO: am in path "tests/data/sandbox" [] []
[2013-06-05 01:52:23] GenerateCestCept.php.INFO: execute command "generate:cest dummy DummyClass" [] []
[2013-06-05 01:52:24] GenerateCestCept.php.INFO: see file found "DummyClassCest.php" [] []
[2013-06-05 01:52:24] GenerateCestCept.php.INFO: see in this file "class DummyClassCest" [] []
[2013-06-05 01:52:24] GenerateCestCept.php.INFO: PASSED [] []
[2013-06-05 01:52:24] GeneratePhpUnitCept.php.INFO: am in path "tests/data/sandbox" [] []
[2013-06-05 01:52:24] GeneratePhpUnitCept.php.INFO: execute command "generate:phpunit dummy Dummy" [] []
[2013-06-05 01:52:24] GeneratePhpUnitCept.php.INFO: see file found "DummyTest.php" [] []
[2013-06-05 01:52:24] GeneratePhpUnitCept.php.INFO: see in this file "class DummyTest extends \PHPUnit_Framework_TestCase" [] []
[2013-06-05 01:52:24] GeneratePhpUnitCept.php.INFO: see in this file "function setUp()" [] []
[2013-06-05 01:52:24] GeneratePhpUnitCept.php.INFO: PASSED [] []
[2013-06-05 01:52:24] GenerateScenariosCept.php.INFO: am in path "tests/data/sandbox" [] []
[2013-06-05 01:52:24] GenerateScenariosCept.php.INFO: execute command "generate:scenarios dummy" [] []
[2013-06-05 01:52:25] GenerateScenariosCept.php.INFO: see file found "File_Exists.txt" within "tests/_data/scenarios" [] []
[2013-06-05 01:52:25] GenerateScenariosCept.php.INFO: see in this file "I WANT TO CHECK CONFIG EXISTS" [] []
[2013-06-05 01:52:25] GenerateScenariosCept.php.INFO: see in this file "I see file found "codeception.yml"" [] []
[2013-06-05 01:52:25] GenerateScenariosCept.php.INFO: PASSED [] []
[2013-06-05 01:52:25] GenerateSuiteCept.php.INFO: as a developer who likes testing  [] []
[2013-06-05 01:52:25] GenerateSuiteCept.php.INFO: so that i have a better tests categorization  [] []
[2013-06-05 01:52:25] GenerateSuiteCept.php.INFO: am in path "tests/data/sandbox" [] []
[2013-06-05 01:52:25] GenerateSuiteCept.php.INFO: execute command "generate:suite house HouseGuy" [] []
[2013-06-05 01:52:25] GenerateSuiteCept.php.INFO: see file found "house.suite.yml" [] []
[2013-06-05 01:52:25] GenerateSuiteCept.php.INFO: i expect guy class is generated  [] []
[2013-06-05 01:52:25] GenerateSuiteCept.php.INFO: see in this file "class_name: HouseGuy" [] []
[2013-06-05 01:52:25] GenerateSuiteCept.php.INFO: see file found "HouseHelper.php" [] []
[2013-06-05 01:52:25] GenerateSuiteCept.php.INFO: see file found "_bootstrap.php" within "tests/house" [] []
[2013-06-05 01:52:25] GenerateSuiteCept.php.ALERT: Directory does not exist: /home/davert/Codeception//tests/data/sandbox/tests/house [] []
[2013-06-05 01:52:25] GenerateSuiteCept.php.INFO: # FAILED # [] []
[2013-06-05 01:52:25] GenerateSuiteCept.php.INFO: PASSED [] []
[2013-06-05 01:52:25] GenerateTestCept.php.INFO: am in path "tests/data/sandbox" [] []
[2013-06-05 01:52:25] GenerateTestCept.php.INFO: execute command "generate:test dummy Dummy" [] []
[2013-06-05 01:52:26] GenerateTestCept.php.INFO: see file found "DummyTest.php" [] []
[2013-06-05 01:52:26] GenerateTestCept.php.INFO: see in this file "class DummyTest extends \Codeception\TestCase\Test" [] []
[2013-06-05 01:52:26] GenerateTestCept.php.INFO: see in this file "protected $dumbGuy" [] []
[2013-06-05 01:52:26] GenerateTestCept.php.INFO: see in this file "function _before(" [] []
[2013-06-05 01:52:26] GenerateTestCept.php.INFO: PASSED [] []
[2013-06-05 01:52:26] RunIncompleteCept.php.INFO: am in path "tests/data/sandbox" [] []
[2013-06-05 01:52:26] RunIncompleteCept.php.INFO: execute command "run skipped IncompleteMeCept.php" [] []
[2013-06-05 01:52:26] RunIncompleteCept.php.INFO: see in shell output "(IncompleteMeCept.php)  INCOMPLETE" [] []
[2013-06-05 01:52:26] RunIncompleteCept.php.INFO: see in shell output "OK, but incomplete or skipped tests!" [] []
[2013-06-05 01:52:26] RunIncompleteCept.php.INFO: PASSED [] []
[2013-06-05 01:52:26] RunSkippedCept.php.INFO: am in path "tests/data/sandbox" [] []
[2013-06-05 01:52:26] RunSkippedCept.php.INFO: execute command "run skipped SkipMeCept.php" [] []
[2013-06-05 01:52:26] RunSkippedCept.php.INFO: see in shell output "(SkipMeCept.php)  SKIPPED" [] []
[2013-06-05 01:52:26] RunSkippedCept.php.INFO: see in shell output "OK, but incomplete or skipped tests!" [] []
[2013-06-05 01:52:26] RunSkippedCept.php.INFO: PASSED [] []
[2013-06-05 01:52:26] OrderCest.checkOneFile.INFO: am in path "tests/data/sandbox" [] []
[2013-06-05 01:52:26] OrderCest.checkOneFile.INFO: execute command "run order LoadingOrderCept.php" [] []
[2013-06-05 01:52:27] OrderCest.checkOneFile.INFO: i expect initialization, bootstrap(b), before suite, before, bootstrap(b), test(t), after, after suite  [] []
[2013-06-05 01:52:27] OrderCest.checkOneFile.INFO: see file found "order.txt" within "tests/_log" [] []
[2013-06-05 01:52:27] OrderCest.checkOneFile.INFO: see in this file "IBS([BST])" [] []
[2013-06-05 01:52:27] OrderCest.checkOneFile.INFO: PASSED [] []
[2013-06-05 01:52:27] OrderCest.checkForFails.INFO: am in path "tests/data/sandbox" [] []
[2013-06-05 01:52:27] OrderCest.checkForFails.INFO: execute command "run order FailedCept.php --no-exit" [] []
[2013-06-05 01:52:27] OrderCest.checkForFails.INFO: see file found "order.txt" within "tests/_log" [] []
[2013-06-05 01:52:27] OrderCest.checkForFails.INFO: i expect initialization, bootstrap, before suite, before, bootstrap, test, fail, after, after suite  [] []
[2013-06-05 01:52:27] OrderCest.checkForFails.INFO: see in this file "IBS([BSTF])" [] []
[2013-06-05 01:52:27] OrderCest.checkForFails.INFO: PASSED [] []
[2013-06-05 01:52:27] OrderCest.checkTwoFiles.INFO: am in path "tests/data/sandbox" [] []
[2013-06-05 01:52:27] OrderCest.checkTwoFiles.INFO: execute command "run order --no-exit" [] []
[2013-06-05 01:52:27] OrderCest.checkTwoFiles.INFO: see file found "order.txt" within "tests/_log" [] []
[2013-06-05 01:52:27] OrderCest.checkTwoFiles.INFO: see in this file "IBSBSBS([BST][BSTF][BST])" [] []
[2013-06-05 01:52:27] OrderCest.checkTwoFiles.INFO: PASSED [] []
[2013-06-05 01:52:27] RunCest.runOneFile.INFO: am in path "tests/data/sandbox" [] []
[2013-06-05 01:52:27] RunCest.runOneFile.INFO: execute command "run tests/dummy/FileExistsCept.php" [] []
[2013-06-05 01:52:27] RunCest.runOneFile.INFO: see file found "report.html" within "tests/_log" [] []
[2013-06-05 01:52:27] RunCest.runOneFile.INFO: see in shell output "OK (" [] []
[2013-06-05 01:52:27] RunCest.runOneFile.INFO: PASSED [] []
[2013-06-05 01:52:27] RunCest.runHtml.INFO: am in path "tests/data/sandbox" [] []
[2013-06-05 01:52:27] RunCest.runHtml.INFO: execute command "run dummy --html" [] []
[2013-06-05 01:52:27] RunCest.runHtml.INFO: see file found "report.html" within "tests/_log" [] []
[2013-06-05 01:52:27] RunCest.runHtml.INFO: PASSED [] []
[2013-06-05 01:52:27] RunCest.runJsonReport.INFO: am in path "tests/data/sandbox" [] []
[2013-06-05 01:52:27] RunCest.runJsonReport.INFO: execute command "run dummy --json" [] []
[2013-06-05 01:52:27] RunCest.runJsonReport.INFO: see file found "report.json" within "tests/_log" [] []
[2013-06-05 01:52:27] RunCest.runJsonReport.INFO: see in this file ""suite":" [] []
[2013-06-05 01:52:27] RunCest.runJsonReport.INFO: see in this file ""dummy"" [] []
[2013-06-05 01:52:27] RunCest.runJsonReport.INFO: PASSED [] []
[2013-06-05 01:52:27] RunCest.runTapReport.INFO: am in path "tests/data/sandbox" [] []
[2013-06-05 01:52:27] RunCest.runTapReport.INFO: execute command "run dummy --tap" [] []
[2013-06-05 01:52:27] RunCest.runTapReport.INFO: see file found "report.tap.log" within "tests/_log" [] []
[2013-06-05 01:52:27] RunCest.runTapReport.INFO: PASSED [] []
[2013-06-05 01:52:27] RunCest.runXmlReport.INFO: am in path "tests/data/sandbox" [] []
[2013-06-05 01:52:27] RunCest.runXmlReport.INFO: execute command "run dummy --xml" [] []
[2013-06-05 01:52:28] RunCest.runXmlReport.INFO: see file found "report.xml" within "tests/_log" [] []
[2013-06-05 01:52:28] RunCest.runXmlReport.INFO: see in this file "<?xml" [] []
[2013-06-05 01:52:28] RunCest.runXmlReport.INFO: see in this file "<testsuite name="dummy"" [] []
[2013-06-05 01:52:28] RunCest.runXmlReport.INFO: see in this file "<testcase file="FileExistsCept.php"" [] []
[2013-06-05 01:52:28] RunCest.runXmlReport.INFO: PASSED [] []
[2013-06-05 01:52:28] RunCest.runReportMode.INFO: am in path "tests/data/sandbox" [] []
[2013-06-05 01:52:28] RunCest.runReportMode.INFO: execute command "run dummy --report" [] []
[2013-06-05 01:52:28] RunCest.runReportMode.INFO: see in shell output "FileExistsCept.php" [] []
[2013-06-05 01:52:28] RunCest.runReportMode.INFO: see in shell output "........Ok" [] []
[2013-06-05 01:52:28] RunCest.runReportMode.INFO: PASSED [] []
[2013-06-05 01:52:28] RunCest.runOneGroup.INFO: am in path "tests/data/sandbox" [] []
[2013-06-05 01:52:28] RunCest.runOneGroup.INFO: execute command "run skipped -g notorun" [] []
[2013-06-05 01:52:28] RunCest.runOneGroup.INFO: see in shell output "Incomplete" [] []
[2013-06-05 01:52:28] RunCest.runOneGroup.INFO: don't see in shell output "Skipped" [] []
[2013-06-05 01:52:28] RunCest.runOneGroup.INFO: PASSED [] []
[2013-06-05 01:52:28] RunCest.runTwoSuites.INFO: am in path "tests/data/sandbox" [] []
[2013-06-05 01:52:28] RunCest.runTwoSuites.INFO: execute command "run skipped,dummy --no-exit" [] []
[2013-06-05 01:52:28] RunCest.runTwoSuites.INFO: see in shell output "Suite skipped started" [] []
[2013-06-05 01:52:28] RunCest.runTwoSuites.INFO: see in shell output "Suite dummy started" [] []
[2013-06-05 01:52:28] RunCest.runTwoSuites.INFO: don't see in shell output "Suite remote started" [] []
[2013-06-05 01:52:28] RunCest.runTwoSuites.INFO: PASSED [] []
[2013-06-05 01:52:28] RunCest.skipSuites.INFO: am in path "tests/data/sandbox" [] []
[2013-06-05 01:52:28] RunCest.skipSuites.INFO: execute command "run --skip skipped --skip remote --skip remote_server --skip order" [] []
[2013-06-05 01:52:28] RunCest.skipSuites.INFO: see in shell output "Suite dummy started" [] []
[2013-06-05 01:52:28] RunCest.skipSuites.INFO: don't see in shell output "Suite remote started" [] []
[2013-06-05 01:52:28] RunCest.skipSuites.INFO: don't see in shell output "Suite remote_server started" [] []
[2013-06-05 01:52:28] RunCest.skipSuites.INFO: don't see in shell output "Suite order started" [] []
[2013-06-05 01:52:28] RunCest.skipSuites.INFO: PASSED [] []
[2013-06-05 01:52:44] BuildCept.php.INFO: run shell commmand "php codecept build" [] []
[2013-06-05 01:52:44] BuildCept.php.INFO: see in shell output "generated successfully" [] []
[2013-06-05 01:52:44] BuildCept.php.INFO: see file found "CodeGuy.php" within "tests/unit" [] []
[2013-06-05 01:52:44] BuildCept.php.INFO: see file found "CliGuy.php" within "tests/cli" [] []
[2013-06-05 01:52:44] BuildCept.php.INFO: see in this file "seeFileFound(" [] []
[2013-06-05 01:52:44] BuildCept.php.INFO: PASSED [] []
[2013-06-05 01:52:44] GenerateCeptCept.php.INFO: am in path "tests/data/sandbox" [] []
[2013-06-05 01:52:44] GenerateCeptCept.php.INFO: execute command "generate:cept dummy DummyCept" [] []
[2013-06-05 01:52:45] GenerateCeptCept.php.INFO: see file found "DummyCept.php" within "tests/dummy" [] []
[2013-06-05 01:52:45] GenerateCeptCept.php.INFO: see in this file "$I = new DumbGuy($scenario);" [] []
[2013-06-05 01:52:45] GenerateCeptCept.php.INFO: delete this file  [] []
[2013-06-05 01:52:45] GenerateCeptCept.php.INFO: i am going to create scenario in folder  [] []
[2013-06-05 01:52:45] GenerateCeptCept.php.INFO: execute command "generate:cept dummy path/DummyCept" [] []
[2013-06-05 01:52:46] GenerateCeptCept.php.INFO: see file found "DummyCept.php" within "tests/dummy/path" [] []
[2013-06-05 01:52:46] GenerateCeptCept.php.INFO: delete this file  [] []
[2013-06-05 01:52:46] GenerateCeptCept.php.INFO: i am going to create file with cept.php suffix  [] []
[2013-06-05 01:52:46] GenerateCeptCept.php.INFO: execute command "generate:cept dummy DummyCept.php" [] []
[2013-06-05 01:52:46] GenerateCeptCept.php.INFO: see file found "DummyCept.php" [] []
[2013-06-05 01:52:46] GenerateCeptCept.php.INFO: delete this file  [] []
[2013-06-05 01:52:46] GenerateCeptCept.php.INFO: i am going to create file without any suffix  [] []
[2013-06-05 01:52:46] GenerateCeptCept.php.INFO: execute command "generate:cept dummy Dummy" [] []
[2013-06-05 01:52:47] GenerateCeptCept.php.INFO: see file found "DummyCept.php" [] []
[2013-06-05 01:52:47] GenerateCeptCept.php.INFO: PASSED [] []
[2013-06-05 01:52:47] GenerateCestCept.php.INFO: am in path "tests/data/sandbox" [] []
[2013-06-05 01:52:47] GenerateCestCept.php.INFO: execute command "generate:cest dummy DummyClass" [] []
[2013-06-05 01:52:47] GenerateCestCept.php.INFO: see file found "DummyClassCest.php" [] []
[2013-06-05 01:52:47] GenerateCestCept.php.INFO: see in this file "class DummyClassCest" [] []
[2013-06-05 01:52:48] GenerateCestCept.php.INFO: PASSED [] []
[2013-06-05 01:52:48] GeneratePhpUnitCept.php.INFO: am in path "tests/data/sandbox" [] []
[2013-06-05 01:52:48] GeneratePhpUnitCept.php.INFO: execute command "generate:phpunit dummy Dummy" [] []
[2013-06-05 01:52:48] GeneratePhpUnitCept.php.INFO: see file found "DummyTest.php" [] []
[2013-06-05 01:52:48] GeneratePhpUnitCept.php.INFO: see in this file "class DummyTest extends \PHPUnit_Framework_TestCase" [] []
[2013-06-05 01:52:48] GeneratePhpUnitCept.php.INFO: see in this file "function setUp()" [] []
[2013-06-05 01:52:48] GeneratePhpUnitCept.php.INFO: PASSED [] []
[2013-06-05 01:52:48] GenerateScenariosCept.php.INFO: am in path "tests/data/sandbox" [] []
[2013-06-05 01:52:48] GenerateScenariosCept.php.INFO: execute command "generate:scenarios dummy" [] []
[2013-06-05 01:52:49] GenerateScenariosCept.php.INFO: see file found "File_Exists.txt" within "tests/_data/scenarios" [] []
[2013-06-05 01:52:49] GenerateScenariosCept.php.INFO: see in this file "I WANT TO CHECK CONFIG EXISTS" [] []
[2013-06-05 01:52:49] GenerateScenariosCept.php.INFO: see in this file "I see file found "codeception.yml"" [] []
[2013-06-05 01:52:49] GenerateScenariosCept.php.INFO: PASSED [] []
[2013-06-05 01:52:49] GenerateSuiteCept.php.INFO: as a developer who likes testing  [] []
[2013-06-05 01:52:49] GenerateSuiteCept.php.INFO: so that i have a better tests categorization  [] []
[2013-06-05 01:52:49] GenerateSuiteCept.php.INFO: am in path "tests/data/sandbox" [] []
[2013-06-05 01:52:49] GenerateSuiteCept.php.INFO: execute command "generate:suite house HouseGuy" [] []
[2013-06-05 01:52:49] GenerateSuiteCept.php.INFO: see file found "house.suite.yml" [] []
[2013-06-05 01:52:49] GenerateSuiteCept.php.INFO: i expect guy class is generated  [] []
[2013-06-05 01:52:49] GenerateSuiteCept.php.INFO: see in this file "class_name: HouseGuy" [] []
[2013-06-05 01:52:49] GenerateSuiteCept.php.INFO: see file found "HouseHelper.php" [] []
[2013-06-05 01:52:49] GenerateSuiteCept.php.INFO: see file found "_bootstrap.php" within "tests/house" [] []
[2013-06-05 01:52:49] GenerateSuiteCept.php.ALERT: Directory does not exist: /home/davert/Codeception//tests/data/sandbox/tests/house [] []
[2013-06-05 01:52:49] GenerateSuiteCept.php.INFO: # FAILED # [] []
[2013-06-05 01:52:49] GenerateSuiteCept.php.INFO: PASSED [] []
[2013-06-05 01:52:49] GenerateTestCept.php.INFO: am in path "tests/data/sandbox" [] []
[2013-06-05 01:52:49] GenerateTestCept.php.INFO: execute command "generate:test dummy Dummy" [] []
[2013-06-05 01:52:50] GenerateTestCept.php.INFO: see file found "DummyTest.php" [] []
[2013-06-05 01:52:50] GenerateTestCept.php.INFO: see in this file "class DummyTest extends \Codeception\TestCase\Test" [] []
[2013-06-05 01:52:50] GenerateTestCept.php.INFO: see in this file "protected $dumbGuy" [] []
[2013-06-05 01:52:50] GenerateTestCept.php.INFO: see in this file "function _before(" [] []
[2013-06-05 01:52:50] GenerateTestCept.php.INFO: PASSED [] []
[2013-06-05 01:52:50] RunIncompleteCept.php.INFO: am in path "tests/data/sandbox" [] []
[2013-06-05 01:52:50] RunIncompleteCept.php.INFO: execute command "run skipped IncompleteMeCept.php" [] []
[2013-06-05 01:52:50] RunIncompleteCept.php.INFO: see in shell output "(IncompleteMeCept.php)  INCOMPLETE" [] []
[2013-06-05 01:52:50] RunIncompleteCept.php.INFO: see in shell output "OK, but incomplete or skipped tests!" [] []
[2013-06-05 01:52:50] RunIncompleteCept.php.INFO: PASSED [] []
[2013-06-05 01:52:50] RunSkippedCept.php.INFO: am in path "tests/data/sandbox" [] []
[2013-06-05 01:52:50] RunSkippedCept.php.INFO: execute command "run skipped SkipMeCept.php" [] []
[2013-06-05 01:52:50] RunSkippedCept.php.INFO: see in shell output "(SkipMeCept.php)  SKIPPED" [] []
[2013-06-05 01:52:50] RunSkippedCept.php.INFO: see in shell output "OK, but incomplete or skipped tests!" [] []
[2013-06-05 01:52:50] RunSkippedCept.php.INFO: PASSED [] []
[2013-06-05 01:52:50] OrderCest.checkOneFile.INFO: am in path "tests/data/sandbox" [] []
[2013-06-05 01:52:50] OrderCest.checkOneFile.INFO: execute command "run order LoadingOrderCept.php" [] []
[2013-06-05 01:52:50] OrderCest.checkOneFile.INFO: i expect initialization, bootstrap(b), before suite, before, bootstrap(b), test(t), after, after suite  [] []
[2013-06-05 01:52:50] OrderCest.checkOneFile.INFO: see file found "order.txt" within "tests/_log" [] []
[2013-06-05 01:52:50] OrderCest.checkOneFile.INFO: see in this file "IBS([BST])" [] []
[2013-06-05 01:52:51] OrderCest.checkOneFile.INFO: PASSED [] []
[2013-06-05 01:52:51] OrderCest.checkForFails.INFO: am in path "tests/data/sandbox" [] []
[2013-06-05 01:52:51] OrderCest.checkForFails.INFO: execute command "run order FailedCept.php --no-exit" [] []
[2013-06-05 01:52:51] OrderCest.checkForFails.INFO: see file found "order.txt" within "tests/_log" [] []
[2013-06-05 01:52:51] OrderCest.checkForFails.INFO: i expect initialization, bootstrap, before suite, before, bootstrap, test, fail, after, after suite  [] []
[2013-06-05 01:52:51] OrderCest.checkForFails.INFO: see in this file "IBS([BSTF])" [] []
[2013-06-05 01:52:51] OrderCest.checkForFails.INFO: PASSED [] []
[2013-06-05 01:52:51] OrderCest.checkTwoFiles.INFO: am in path "tests/data/sandbox" [] []
[2013-06-05 01:52:51] OrderCest.checkTwoFiles.INFO: execute command "run order --no-exit" [] []
[2013-06-05 01:52:51] OrderCest.checkTwoFiles.INFO: see file found "order.txt" within "tests/_log" [] []
[2013-06-05 01:52:51] OrderCest.checkTwoFiles.INFO: see in this file "IBSBSBS([BST][BSTF][BST])" [] []
[2013-06-05 01:52:51] OrderCest.checkTwoFiles.INFO: PASSED [] []
[2013-06-05 01:52:51] RunCest.runOneFile.INFO: am in path "tests/data/sandbox" [] []
[2013-06-05 01:52:51] RunCest.runOneFile.INFO: execute command "run tests/dummy/FileExistsCept.php" [] []
[2013-06-05 01:52:51] RunCest.runOneFile.INFO: see file found "report.html" within "tests/_log" [] []
[2013-06-05 01:52:51] RunCest.runOneFile.INFO: see in shell output "OK (" [] []
[2013-06-05 01:52:51] RunCest.runOneFile.INFO: PASSED [] []
[2013-06-05 01:52:51] RunCest.runHtml.INFO: am in path "tests/data/sandbox" [] []
[2013-06-05 01:52:51] RunCest.runHtml.INFO: execute command "run dummy --html" [] []
[2013-06-05 01:52:51] RunCest.runHtml.INFO: see file found "report.html" within "tests/_log" [] []
[2013-06-05 01:52:51] RunCest.runHtml.INFO: PASSED [] []
[2013-06-05 01:52:51] RunCest.runJsonReport.INFO: am in path "tests/data/sandbox" [] []
[2013-06-05 01:52:51] RunCest.runJsonReport.INFO: execute command "run dummy --json" [] []
[2013-06-05 01:52:51] RunCest.runJsonReport.INFO: see file found "report.json" within "tests/_log" [] []
[2013-06-05 01:52:51] RunCest.runJsonReport.INFO: see in this file ""suite":" [] []
[2013-06-05 01:52:51] RunCest.runJsonReport.INFO: see in this file ""dummy"" [] []
[2013-06-05 01:52:51] RunCest.runJsonReport.INFO: PASSED [] []
[2013-06-05 01:52:51] RunCest.runTapReport.INFO: am in path "tests/data/sandbox" [] []
[2013-06-05 01:52:51] RunCest.runTapReport.INFO: execute command "run dummy --tap" [] []
[2013-06-05 01:52:52] RunCest.runTapReport.INFO: see file found "report.tap.log" within "tests/_log" [] []
[2013-06-05 01:52:52] RunCest.runTapReport.INFO: PASSED [] []
[2013-06-05 01:52:52] RunCest.runXmlReport.INFO: am in path "tests/data/sandbox" [] []
[2013-06-05 01:52:52] RunCest.runXmlReport.INFO: execute command "run dummy --xml" [] []
[2013-06-05 01:52:52] RunCest.runXmlReport.INFO: see file found "report.xml" within "tests/_log" [] []
[2013-06-05 01:52:52] RunCest.runXmlReport.INFO: see in this file "<?xml" [] []
[2013-06-05 01:52:52] RunCest.runXmlReport.INFO: see in this file "<testsuite name="dummy"" [] []
[2013-06-05 01:52:52] RunCest.runXmlReport.INFO: see in this file "<testcase file="FileExistsCept.php"" [] []
[2013-06-05 01:52:52] RunCest.runXmlReport.INFO: PASSED [] []
[2013-06-05 01:52:52] RunCest.runReportMode.INFO: am in path "tests/data/sandbox" [] []
[2013-06-05 01:52:52] RunCest.runReportMode.INFO: execute command "run dummy --report" [] []
[2013-06-05 01:52:52] RunCest.runReportMode.INFO: see in shell output "FileExistsCept.php" [] []
[2013-06-05 01:52:52] RunCest.runReportMode.INFO: see in shell output "........Ok" [] []
[2013-06-05 01:52:52] RunCest.runReportMode.INFO: PASSED [] []
[2013-06-05 01:52:52] RunCest.runOneGroup.INFO: am in path "tests/data/sandbox" [] []
[2013-06-05 01:52:52] RunCest.runOneGroup.INFO: execute command "run skipped -g notorun" [] []
[2013-06-05 01:52:52] RunCest.runOneGroup.INFO: see in shell output "Incomplete" [] []
[2013-06-05 01:52:52] RunCest.runOneGroup.INFO: don't see in shell output "Skipped" [] []
[2013-06-05 01:52:52] RunCest.runOneGroup.INFO: PASSED [] []
[2013-06-05 01:52:52] RunCest.runTwoSuites.INFO: am in path "tests/data/sandbox" [] []
[2013-06-05 01:52:52] RunCest.runTwoSuites.INFO: execute command "run skipped,dummy --no-exit" [] []
[2013-06-05 01:52:52] RunCest.runTwoSuites.INFO: see in shell output "Suite skipped started" [] []
[2013-06-05 01:52:52] RunCest.runTwoSuites.INFO: see in shell output "Suite dummy started" [] []
[2013-06-05 01:52:52] RunCest.runTwoSuites.INFO: don't see in shell output "Suite remote started" [] []
[2013-06-05 01:52:52] RunCest.runTwoSuites.INFO: PASSED [] []
[2013-06-05 01:52:52] RunCest.skipSuites.INFO: am in path "tests/data/sandbox" [] []
[2013-06-05 01:52:52] RunCest.skipSuites.INFO: execute command "run --skip skipped --skip remote --skip remote_server --skip order" [] []
[2013-06-05 01:52:53] RunCest.skipSuites.INFO: see in shell output "Suite dummy started" [] []
[2013-06-05 01:52:53] RunCest.skipSuites.INFO: don't see in shell output "Suite remote started" [] []
[2013-06-05 01:52:53] RunCest.skipSuites.INFO: don't see in shell output "Suite remote_server started" [] []
[2013-06-05 01:52:53] RunCest.skipSuites.INFO: don't see in shell output "Suite order started" [] []
[2013-06-05 01:52:53] RunCest.skipSuites.INFO: PASSED [] []
[2013-06-05 01:54:10] BuildCept.php.INFO: run shell commmand "php codecept build" [] []
[2013-06-05 01:54:11] BuildCept.php.INFO: see in shell output "generated successfully" [] []
[2013-06-05 01:54:11] BuildCept.php.INFO: see file found "CodeGuy.php" within "tests/unit" [] []
[2013-06-05 01:54:11] BuildCept.php.INFO: see file found "CliGuy.php" within "tests/cli" [] []
[2013-06-05 01:54:11] BuildCept.php.INFO: see in this file "seeFileFound(" [] []
[2013-06-05 01:54:11] BuildCept.php.INFO: PASSED [] []
[2013-06-05 01:54:11] GenerateCeptCept.php.INFO: am in path "tests/data/sandbox" [] []
[2013-06-05 01:54:11] GenerateCeptCept.php.INFO: execute command "generate:cept dummy DummyCept" [] []
[2013-06-05 01:54:11] GenerateCeptCept.php.INFO: see file found "DummyCept.php" within "tests/dummy" [] []
[2013-06-05 01:54:11] GenerateCeptCept.php.INFO: see in this file "$I = new DumbGuy($scenario);" [] []
[2013-06-05 01:54:11] GenerateCeptCept.php.INFO: delete this file  [] []
[2013-06-05 01:54:11] GenerateCeptCept.php.INFO: i am going to create scenario in folder  [] []
[2013-06-05 01:54:11] GenerateCeptCept.php.INFO: execute command "generate:cept dummy path/DummyCept" [] []
[2013-06-05 01:54:12] GenerateCeptCept.php.INFO: see file found "DummyCept.php" within "tests/dummy/path" [] []
[2013-06-05 01:54:12] GenerateCeptCept.php.INFO: delete this file  [] []
[2013-06-05 01:54:12] GenerateCeptCept.php.INFO: i am going to create file with cept.php suffix  [] []
[2013-06-05 01:54:12] GenerateCeptCept.php.INFO: execute command "generate:cept dummy DummyCept.php" [] []
[2013-06-05 01:54:13] GenerateCeptCept.php.INFO: see file found "DummyCept.php" [] []
[2013-06-05 01:54:13] GenerateCeptCept.php.INFO: delete this file  [] []
[2013-06-05 01:54:13] GenerateCeptCept.php.INFO: i am going to create file without any suffix  [] []
[2013-06-05 01:54:13] GenerateCeptCept.php.INFO: execute command "generate:cept dummy Dummy" [] []
[2013-06-05 01:54:13] GenerateCeptCept.php.INFO: see file found "DummyCept.php" [] []
[2013-06-05 01:54:13] GenerateCeptCept.php.INFO: PASSED [] []
[2013-06-05 01:54:13] GenerateCestCept.php.INFO: am in path "tests/data/sandbox" [] []
[2013-06-05 01:54:13] GenerateCestCept.php.INFO: execute command "generate:cest dummy DummyClass" [] []
[2013-06-05 01:54:14] GenerateCestCept.php.INFO: see file found "DummyClassCest.php" [] []
[2013-06-05 01:54:14] GenerateCestCept.php.INFO: see in this file "class DummyClassCest" [] []
[2013-06-05 01:54:14] GenerateCestCept.php.INFO: PASSED [] []
[2013-06-05 01:54:14] GeneratePhpUnitCept.php.INFO: am in path "tests/data/sandbox" [] []
[2013-06-05 01:54:14] GeneratePhpUnitCept.php.INFO: execute command "generate:phpunit dummy Dummy" [] []
[2013-06-05 01:54:15] GeneratePhpUnitCept.php.INFO: see file found "DummyTest.php" [] []
[2013-06-05 01:54:15] GeneratePhpUnitCept.php.INFO: see in this file "class DummyTest extends \PHPUnit_Framework_TestCase" [] []
[2013-06-05 01:54:15] GeneratePhpUnitCept.php.INFO: see in this file "function setUp()" [] []
[2013-06-05 01:54:15] GeneratePhpUnitCept.php.INFO: PASSED [] []
[2013-06-05 01:54:15] GenerateScenariosCept.php.INFO: am in path "tests/data/sandbox" [] []
[2013-06-05 01:54:15] GenerateScenariosCept.php.INFO: execute command "generate:scenarios dummy" [] []
[2013-06-05 01:54:15] GenerateScenariosCept.php.INFO: see file found "File_Exists.txt" within "tests/_data/scenarios" [] []
[2013-06-05 01:54:15] GenerateScenariosCept.php.INFO: see in this file "I WANT TO CHECK CONFIG EXISTS" [] []
[2013-06-05 01:54:15] GenerateScenariosCept.php.INFO: see in this file "I see file found "codeception.yml"" [] []
[2013-06-05 01:54:15] GenerateScenariosCept.php.INFO: PASSED [] []
[2013-06-05 01:54:15] GenerateSuiteCept.php.INFO: as a developer who likes testing  [] []
[2013-06-05 01:54:15] GenerateSuiteCept.php.INFO: so that i have a better tests categorization  [] []
[2013-06-05 01:54:15] GenerateSuiteCept.php.INFO: am in path "tests/data/sandbox" [] []
[2013-06-05 01:54:15] GenerateSuiteCept.php.INFO: execute command "generate:suite house HouseGuy" [] []
[2013-06-05 01:54:16] GenerateSuiteCept.php.INFO: see file found "house.suite.yml" [] []
[2013-06-05 01:54:16] GenerateSuiteCept.php.INFO: i expect guy class is generated  [] []
[2013-06-05 01:54:16] GenerateSuiteCept.php.INFO: see in this file "class_name: HouseGuy" [] []
[2013-06-05 01:54:16] GenerateSuiteCept.php.INFO: see file found "HouseHelper.php" [] []
[2013-06-05 01:54:16] GenerateSuiteCept.php.INFO: see file found "_bootstrap.php" within "tests/house" [] []
[2013-06-05 01:54:16] GenerateSuiteCept.php.ALERT: Directory does not exist: /home/davert/Codeception//tests/data/sandbox/tests/house [] []
[2013-06-05 01:54:16] GenerateSuiteCept.php.INFO: # FAILED # [] []
[2013-06-05 01:54:16] GenerateSuiteCept.php.INFO: PASSED [] []
[2013-06-05 01:54:16] GenerateTestCept.php.INFO: am in path "tests/data/sandbox" [] []
[2013-06-05 01:54:16] GenerateTestCept.php.INFO: execute command "generate:test dummy Dummy" [] []
[2013-06-05 01:54:17] GenerateTestCept.php.INFO: see file found "DummyTest.php" [] []
[2013-06-05 01:54:17] GenerateTestCept.php.INFO: see in this file "class DummyTest extends \Codeception\TestCase\Test" [] []
[2013-06-05 01:54:17] GenerateTestCept.php.INFO: see in this file "protected $dumbGuy" [] []
[2013-06-05 01:54:17] GenerateTestCept.php.INFO: see in this file "function _before(" [] []
[2013-06-05 01:54:17] GenerateTestCept.php.INFO: PASSED [] []
[2013-06-05 01:54:17] RunIncompleteCept.php.INFO: am in path "tests/data/sandbox" [] []
[2013-06-05 01:54:17] RunIncompleteCept.php.INFO: execute command "run skipped IncompleteMeCept.php" [] []
[2013-06-05 01:54:17] RunIncompleteCept.php.INFO: see in shell output "(IncompleteMeCept.php)  INCOMPLETE" [] []
[2013-06-05 01:54:17] RunIncompleteCept.php.INFO: see in shell output "OK, but incomplete or skipped tests!" [] []
[2013-06-05 01:54:17] RunIncompleteCept.php.INFO: PASSED [] []
[2013-06-05 01:54:17] RunSkippedCept.php.INFO: am in path "tests/data/sandbox" [] []
[2013-06-05 01:54:17] RunSkippedCept.php.INFO: execute command "run skipped SkipMeCept.php" [] []
[2013-06-05 01:54:17] RunSkippedCept.php.INFO: see in shell output "(SkipMeCept.php)  SKIPPED" [] []
[2013-06-05 01:54:17] RunSkippedCept.php.INFO: see in shell output "OK, but incomplete or skipped tests!" [] []
[2013-06-05 01:54:17] RunSkippedCept.php.INFO: PASSED [] []
[2013-06-05 01:54:17] OrderCest.checkOneFile.INFO: am in path "tests/data/sandbox" [] []
[2013-06-05 01:54:17] OrderCest.checkOneFile.INFO: execute command "run order LoadingOrderCept.php" [] []
[2013-06-05 01:54:17] OrderCest.checkOneFile.INFO: i expect initialization, bootstrap(b), before suite, before, bootstrap(b), test(t), after, after suite  [] []
[2013-06-05 01:54:17] OrderCest.checkOneFile.INFO: see file found "order.txt" within "tests/_log" [] []
[2013-06-05 01:54:17] OrderCest.checkOneFile.INFO: see in this file "IBS([BST])" [] []
[2013-06-05 01:54:17] OrderCest.checkOneFile.INFO: PASSED [] []
[2013-06-05 01:54:17] OrderCest.checkForFails.INFO: am in path "tests/data/sandbox" [] []
[2013-06-05 01:54:17] OrderCest.checkForFails.INFO: execute command "run order FailedCept.php --no-exit" [] []
[2013-06-05 01:54:17] OrderCest.checkForFails.INFO: see file found "order.txt" within "tests/_log" [] []
[2013-06-05 01:54:17] OrderCest.checkForFails.INFO: i expect initialization, bootstrap, before suite, before, bootstrap, test, fail, after, after suite  [] []
[2013-06-05 01:54:17] OrderCest.checkForFails.INFO: see in this file "IBS([BSTF])" [] []
[2013-06-05 01:54:17] OrderCest.checkForFails.INFO: PASSED [] []
[2013-06-05 01:54:17] OrderCest.checkTwoFiles.INFO: am in path "tests/data/sandbox" [] []
[2013-06-05 01:54:17] OrderCest.checkTwoFiles.INFO: execute command "run order --no-exit" [] []
[2013-06-05 01:54:17] OrderCest.checkTwoFiles.INFO: see file found "order.txt" within "tests/_log" [] []
[2013-06-05 01:54:17] OrderCest.checkTwoFiles.INFO: see in this file "IBSBSBS([BST][BSTF][BST])" [] []
[2013-06-05 01:54:17] OrderCest.checkTwoFiles.INFO: PASSED [] []
[2013-06-05 01:54:17] RunCest.runOneFile.INFO: am in path "tests/data/sandbox" [] []
[2013-06-05 01:54:17] RunCest.runOneFile.INFO: execute command "run tests/dummy/FileExistsCept.php" [] []
[2013-06-05 01:54:18] RunCest.runOneFile.INFO: see file found "report.html" within "tests/_log" [] []
[2013-06-05 01:54:18] RunCest.runOneFile.INFO: see in shell output "OK (" [] []
[2013-06-05 01:54:18] RunCest.runOneFile.INFO: PASSED [] []
[2013-06-05 01:54:18] RunCest.runHtml.INFO: am in path "tests/data/sandbox" [] []
[2013-06-05 01:54:18] RunCest.runHtml.INFO: execute command "run dummy --html" [] []
[2013-06-05 01:54:18] RunCest.runHtml.INFO: see file found "report.html" within "tests/_log" [] []
[2013-06-05 01:54:18] RunCest.runHtml.INFO: PASSED [] []
[2013-06-05 01:54:18] RunCest.runJsonReport.INFO: am in path "tests/data/sandbox" [] []
[2013-06-05 01:54:18] RunCest.runJsonReport.INFO: execute command "run dummy --json" [] []
[2013-06-05 01:54:18] RunCest.runJsonReport.INFO: see file found "report.json" within "tests/_log" [] []
[2013-06-05 01:54:18] RunCest.runJsonReport.INFO: see in this file ""suite":" [] []
[2013-06-05 01:54:18] RunCest.runJsonReport.INFO: see in this file ""dummy"" [] []
[2013-06-05 01:54:18] RunCest.runJsonReport.INFO: PASSED [] []
[2013-06-05 01:54:18] RunCest.runTapReport.INFO: am in path "tests/data/sandbox" [] []
[2013-06-05 01:54:18] RunCest.runTapReport.INFO: execute command "run dummy --tap" [] []
[2013-06-05 01:54:18] RunCest.runTapReport.INFO: see file found "report.tap.log" within "tests/_log" [] []
[2013-06-05 01:54:18] RunCest.runTapReport.INFO: PASSED [] []
[2013-06-05 01:54:18] RunCest.runXmlReport.INFO: am in path "tests/data/sandbox" [] []
[2013-06-05 01:54:18] RunCest.runXmlReport.INFO: execute command "run dummy --xml" [] []
[2013-06-05 01:54:18] RunCest.runXmlReport.INFO: see file found "report.xml" within "tests/_log" [] []
[2013-06-05 01:54:18] RunCest.runXmlReport.INFO: see in this file "<?xml" [] []
[2013-06-05 01:54:18] RunCest.runXmlReport.INFO: see in this file "<testsuite name="dummy"" [] []
[2013-06-05 01:54:18] RunCest.runXmlReport.INFO: see in this file "<testcase file="FileExistsCept.php"" [] []
[2013-06-05 01:54:18] RunCest.runXmlReport.INFO: PASSED [] []
[2013-06-05 01:54:18] RunCest.runReportMode.INFO: am in path "tests/data/sandbox" [] []
[2013-06-05 01:54:18] RunCest.runReportMode.INFO: execute command "run dummy --report" [] []
[2013-06-05 01:54:18] RunCest.runReportMode.INFO: see in shell output "FileExistsCept.php" [] []
[2013-06-05 01:54:18] RunCest.runReportMode.INFO: see in shell output "........Ok" [] []
[2013-06-05 01:54:18] RunCest.runReportMode.INFO: PASSED [] []
[2013-06-05 01:54:18] RunCest.runOneGroup.INFO: am in path "tests/data/sandbox" [] []
[2013-06-05 01:54:18] RunCest.runOneGroup.INFO: execute command "run skipped -g notorun" [] []
[2013-06-05 01:54:18] RunCest.runOneGroup.INFO: see in shell output "Incomplete" [] []
[2013-06-05 01:54:18] RunCest.runOneGroup.INFO: don't see in shell output "Skipped" [] []
[2013-06-05 01:54:18] RunCest.runOneGroup.INFO: PASSED [] []
[2013-06-05 01:54:19] RunCest.runTwoSuites.INFO: am in path "tests/data/sandbox" [] []
[2013-06-05 01:54:19] RunCest.runTwoSuites.INFO: execute command "run skipped,dummy --no-exit" [] []
[2013-06-05 01:54:19] RunCest.runTwoSuites.INFO: see in shell output "Suite skipped started" [] []
[2013-06-05 01:54:19] RunCest.runTwoSuites.INFO: see in shell output "Suite dummy started" [] []
[2013-06-05 01:54:19] RunCest.runTwoSuites.INFO: don't see in shell output "Suite remote started" [] []
[2013-06-05 01:54:19] RunCest.runTwoSuites.INFO: PASSED [] []
[2013-06-05 01:54:19] RunCest.skipSuites.INFO: am in path "tests/data/sandbox" [] []
[2013-06-05 01:54:19] RunCest.skipSuites.INFO: execute command "run --skip skipped --skip remote --skip remote_server --skip order" [] []
[2013-06-05 01:54:19] RunCest.skipSuites.INFO: see in shell output "Suite dummy started" [] []
[2013-06-05 01:54:19] RunCest.skipSuites.INFO: don't see in shell output "Suite remote started" [] []
[2013-06-05 01:54:19] RunCest.skipSuites.INFO: don't see in shell output "Suite remote_server started" [] []
[2013-06-05 01:54:19] RunCest.skipSuites.INFO: don't see in shell output "Suite order started" [] []
[2013-06-05 01:54:19] RunCest.skipSuites.INFO: PASSED [] []
