[2013-06-07 01:17:03] BuildCept.php.INFO: run shell commmand "php codecept build" [] []
[2013-06-07 01:17:04] BuildCept.php.INFO: see in shell output "generated successfully" [] []
[2013-06-07 01:17:04] BuildCept.php.INFO: see file found "CodeGuy.php" within "tests/unit" [] []
[2013-06-07 01:17:04] BuildCept.php.INFO: see file found "CliGuy.php" within "tests/cli" [] []
[2013-06-07 01:17:04] BuildCept.php.INFO: see in this file "seeFileFound(" [] []
[2013-06-07 01:17:04] BuildCept.php.INFO: PASSED [] []
[2013-06-07 01:17:04] GenerateCeptCept.php.INFO: am in path "tests/data/sandbox" [] []
[2013-06-07 01:17:04] GenerateCeptCept.php.INFO: execute command "generate:cept dummy DummyCept" [] []
[2013-06-07 01:17:05] GenerateCeptCept.php.INFO: see file found "DummyCept.php" within "tests/dummy" [] []
[2013-06-07 01:17:05] GenerateCeptCept.php.INFO: see in this file "$I = new DumbGuy($scenario);" [] []
[2013-06-07 01:17:05] GenerateCeptCept.php.INFO: delete this file  [] []
[2013-06-07 01:17:05] GenerateCeptCept.php.INFO: i am going to create scenario in folder  [] []
[2013-06-07 01:17:05] GenerateCeptCept.php.INFO: execute command "generate:cept dummy path/DummyCept" [] []
[2013-06-07 01:17:07] GenerateCeptCept.php.INFO: see file found "DummyCept.php" within "tests/dummy/path" [] []
[2013-06-07 01:17:07] GenerateCeptCept.php.INFO: delete this file  [] []
[2013-06-07 01:17:07] GenerateCeptCept.php.INFO: i am going to create file with cept.php suffix  [] []
[2013-06-07 01:17:07] GenerateCeptCept.php.INFO: execute command "generate:cept dummy DummyCept.php" [] []
[2013-06-07 01:17:09] GenerateCeptCept.php.INFO: see file found "DummyCept.php" [] []
[2013-06-07 01:17:09] GenerateCeptCept.php.INFO: delete this file  [] []
[2013-06-07 01:17:09] GenerateCeptCept.php.INFO: i am going to create file without any suffix  [] []
[2013-06-07 01:17:09] GenerateCeptCept.php.INFO: execute command "generate:cept dummy Dummy" [] []
[2013-06-07 01:17:14] GenerateCeptCept.php.INFO: see file found "DummyCept.php" [] []
[2013-06-07 01:17:14] GenerateCeptCept.php.INFO: PASSED [] []
[2013-06-07 01:17:14] GenerateCestCept.php.INFO: am in path "tests/data/sandbox" [] []
[2013-06-07 01:17:14] GenerateCestCept.php.INFO: execute command "generate:cest dummy DummyClass" [] []
[2013-06-07 01:17:15] GenerateCestCept.php.INFO: see file found "DummyClassCest.php" [] []
[2013-06-07 01:17:15] GenerateCestCept.php.INFO: see in this file "class DummyClassCest" [] []
[2013-06-07 01:17:15] GenerateCestCept.php.INFO: PASSED [] []
[2013-06-07 01:17:15] GeneratePhpUnitCept.php.INFO: am in path "tests/data/sandbox" [] []
[2013-06-07 01:17:15] GeneratePhpUnitCept.php.INFO: execute command "generate:phpunit dummy Dummy" [] []
[2013-06-07 01:17:16] GeneratePhpUnitCept.php.INFO: see file found "DummyTest.php" [] []
[2013-06-07 01:17:16] GeneratePhpUnitCept.php.INFO: see in this file "class DummyTest extends \PHPUnit_Framework_TestCase" [] []
[2013-06-07 01:17:16] GeneratePhpUnitCept.php.INFO: see in this file "function setUp()" [] []
[2013-06-07 01:17:16] GeneratePhpUnitCept.php.INFO: PASSED [] []
[2013-06-07 01:17:16] GenerateScenariosCept.php.INFO: am in path "tests/data/sandbox" [] []
[2013-06-07 01:17:16] GenerateScenariosCept.php.INFO: execute command "generate:scenarios dummy" [] []
[2013-06-07 01:17:17] GenerateScenariosCept.php.INFO: see file found "File_Exists.txt" within "tests/_data/scenarios" [] []
[2013-06-07 01:17:17] GenerateScenariosCept.php.INFO: see in this file "I WANT TO CHECK CONFIG EXISTS" [] []
[2013-06-07 01:17:17] GenerateScenariosCept.php.INFO: see in this file "I see file found "codeception.yml"" [] []
[2013-06-07 01:17:17] GenerateScenariosCept.php.INFO: PASSED [] []
[2013-06-07 01:17:17] GenerateSuiteCept.php.INFO: as a developer who likes testing  [] []
[2013-06-07 01:17:17] GenerateSuiteCept.php.INFO: so that i have a better tests categorization  [] []
[2013-06-07 01:17:17] GenerateSuiteCept.php.INFO: am in path "tests/data/sandbox" [] []
[2013-06-07 01:17:17] GenerateSuiteCept.php.INFO: execute command "generate:suite house HouseGuy" [] []
[2013-06-07 01:17:20] GenerateSuiteCept.php.INFO: see file found "house.suite.yml" within "tests" [] []
[2013-06-07 01:17:20] GenerateSuiteCept.php.INFO: i expect guy class is generated  [] []
[2013-06-07 01:17:20] GenerateSuiteCept.php.INFO: see in this file "class_name: HouseGuy" [] []
[2013-06-07 01:17:20] GenerateSuiteCept.php.INFO: see file found "HouseHelper.php" within "tests/_helpers" [] []
[2013-06-07 01:17:20] GenerateSuiteCept.php.INFO: see file found "_bootstrap.php" within "tests/house" [] []
[2013-06-07 01:17:20] GenerateSuiteCept.php.INFO: PASSED [] []
[2013-06-07 01:17:20] GenerateTestCept.php.INFO: am in path "tests/data/sandbox" [] []
[2013-06-07 01:17:20] GenerateTestCept.php.INFO: execute command "generate:test dummy Dummy" [] []
[2013-06-07 01:17:21] GenerateTestCept.php.INFO: see file found "DummyTest.php" [] []
[2013-06-07 01:17:21] GenerateTestCept.php.INFO: see in this file "class DummyTest extends \Codeception\TestCase\Test" [] []
[2013-06-07 01:17:21] GenerateTestCept.php.INFO: see in this file "protected $dumbGuy" [] []
[2013-06-07 01:17:21] GenerateTestCept.php.INFO: see in this file "function _before(" [] []
[2013-06-07 01:17:21] GenerateTestCept.php.INFO: PASSED [] []
[2013-06-07 01:17:21] RunIncompleteCept.php.INFO: am in path "tests/data/sandbox" [] []
[2013-06-07 01:17:21] RunIncompleteCept.php.INFO: execute command "run skipped IncompleteMeCept.php" [] []
[2013-06-07 01:17:21] RunIncompleteCept.php.INFO: see in shell output "(IncompleteMeCept.php)  INCOMPLETE" [] []
[2013-06-07 01:17:21] RunIncompleteCept.php.INFO: see in shell output "OK, but incomplete or skipped tests!" [] []
[2013-06-07 01:17:21] RunIncompleteCept.php.INFO: PASSED [] []
[2013-06-07 01:17:21] RunSkippedCept.php.INFO: am in path "tests/data/sandbox" [] []
[2013-06-07 01:17:21] RunSkippedCept.php.INFO: execute command "run skipped SkipMeCept.php" [] []
[2013-06-07 01:17:21] RunSkippedCept.php.INFO: see in shell output "(SkipMeCept.php)  SKIPPED" [] []
[2013-06-07 01:17:21] RunSkippedCept.php.INFO: see in shell output "OK, but incomplete or skipped tests!" [] []
[2013-06-07 01:17:21] RunSkippedCept.php.INFO: PASSED [] []
[2013-06-07 01:17:21] BootstrapCest.bootstrapProject.INFO: am in path "tests/data/sandbox/tests/_data/" [] []
[2013-06-07 01:17:21] BootstrapCest.bootstrapProject.INFO: execute command "bootstrap" [] []
[2013-06-07 01:17:22] BootstrapCest.bootstrapProject.INFO: see file found "codeception.yml" [] []
[2013-06-07 01:17:22] BootstrapCest.bootstrapProject.INFO: see file found "functional.suite.yml" within "tests" [] []
[2013-06-07 01:17:22] BootstrapCest.bootstrapProject.INFO: see file found "acceptance.suite.yml" within "tests" [] []
[2013-06-07 01:17:22] BootstrapCest.bootstrapProject.INFO: see file found "unit.suite.yml" within "tests" [] []
[2013-06-07 01:17:22] BootstrapCest.bootstrapProject.INFO: see file found "_bootstrap.php" within "tests/acceptance" [] []
[2013-06-07 01:17:22] BootstrapCest.bootstrapProject.INFO: see file found "_bootstrap.php" within "tests/functional" [] []
[2013-06-07 01:17:22] BootstrapCest.bootstrapProject.INFO: see file found "_bootstrap.php" within "tests/unit" [] []
[2013-06-07 01:17:22] BootstrapCest.bootstrapProject.INFO: see file found "WebGuy.php" within "tests/acceptance" [] []
[2013-06-07 01:17:22] BootstrapCest.bootstrapProject.INFO: see file found "TestGuy.php" within "tests/functional" [] []
[2013-06-07 01:17:22] BootstrapCest.bootstrapProject.INFO: see file found "CodeGuy.php" within "tests/unit" [] []
[2013-06-07 01:17:22] BootstrapCest.bootstrapProject.INFO: see file found "WebHelper.php" within "tests/_helpers" [] []
[2013-06-07 01:17:22] BootstrapCest.bootstrapProject.INFO: see file found "TestHelper.php" within "tests/_helpers" [] []
[2013-06-07 01:17:22] BootstrapCest.bootstrapProject.INFO: see file found "CodeHelper.php" within "tests/_helpers" [] []
[2013-06-07 01:17:22] BootstrapCest.bootstrapProject.INFO: see in shell output "Building Guy classes for suites" [] []
[2013-06-07 01:17:22] BootstrapCest.bootstrapProject.INFO: PASSED [] []
[2013-06-07 01:17:22] BootstrapCest.bootstrapWithNamespace.INFO: am in path "tests/data/sandbox/tests/_data/" [] []
[2013-06-07 01:17:22] BootstrapCest.bootstrapWithNamespace.INFO: execute command "bootstrap --namespace Generated" [] []
[2013-06-07 01:17:23] BootstrapCest.bootstrapWithNamespace.INFO: see in shell output "Building Guy classes for suites" [] []
[2013-06-07 01:17:23] BootstrapCest.bootstrapWithNamespace.INFO: see file found "codeception.yml" [] []
[2013-06-07 01:17:23] BootstrapCest.bootstrapWithNamespace.INFO: see in this file "namespace: Generated" [] []
[2013-06-07 01:17:23] BootstrapCest.bootstrapWithNamespace.INFO: don't see in this file "namespace Generated\" [] []
[2013-06-07 01:17:23] BootstrapCest.bootstrapWithNamespace.INFO: see file found "functional.suite.yml" within "tests" [] []
[2013-06-07 01:17:23] BootstrapCest.bootstrapWithNamespace.INFO: see file found "acceptance.suite.yml" within "tests" [] []
[2013-06-07 01:17:23] BootstrapCest.bootstrapWithNamespace.INFO: see file found "unit.suite.yml" within "tests" [] []
[2013-06-07 01:17:23] BootstrapCest.bootstrapWithNamespace.INFO: see file found "_bootstrap.php" within "tests/acceptance" [] []
[2013-06-07 01:17:23] BootstrapCest.bootstrapWithNamespace.INFO: see file found "_bootstrap.php" within "tests/functional" [] []
[2013-06-07 01:17:23] BootstrapCest.bootstrapWithNamespace.INFO: see file found "_bootstrap.php" within "tests/unit" [] []
[2013-06-07 01:17:23] BootstrapCest.bootstrapWithNamespace.INFO: see file found "WebGuy.php" within "tests/acceptance" [] []
[2013-06-07 01:17:23] BootstrapCest.bootstrapWithNamespace.INFO: see file found "TestGuy.php" within "tests/functional" [] []
[2013-06-07 01:17:23] BootstrapCest.bootstrapWithNamespace.INFO: see file found "CodeGuy.php" within "tests/unit" [] []
[2013-06-07 01:17:23] BootstrapCest.bootstrapWithNamespace.INFO: see file found "WebHelper.php" within "tests/_helpers" [] []
[2013-06-07 01:17:23] BootstrapCest.bootstrapWithNamespace.INFO: see file found "TestHelper.php" within "tests/_helpers" [] []
[2013-06-07 01:17:23] BootstrapCest.bootstrapWithNamespace.INFO: see file found "CodeHelper.php" within "tests/_helpers" [] []
[2013-06-07 01:17:23] BootstrapCest.bootstrapWithNamespace.INFO: see file found "WebHelper.php" [] []
[2013-06-07 01:17:23] BootstrapCest.bootstrapWithNamespace.INFO: see in this file "namespace Generated\Codeception\Module;" [] []
[2013-06-07 01:17:23] BootstrapCest.bootstrapWithNamespace.INFO: see file found "WebGuy.php" [] []
[2013-06-07 01:17:23] BootstrapCest.bootstrapWithNamespace.INFO: see in this file "namespace Generated\Codeception;" [] []
[2013-06-07 01:17:23] BootstrapCest.bootstrapWithNamespace.INFO: PASSED [] []
[2013-06-07 01:17:23] OrderCest.checkOneFile.INFO: am in path "tests/data/sandbox" [] []
[2013-06-07 01:17:23] OrderCest.checkOneFile.INFO: execute command "run order LoadingOrderCept.php" [] []
[2013-06-07 01:17:23] OrderCest.checkOneFile.INFO: i expect initialization, bootstrap(b), before suite, before, bootstrap(b), test(t), after, after suite  [] []
[2013-06-07 01:17:23] OrderCest.checkOneFile.INFO: see file found "order.txt" within "tests/_log" [] []
[2013-06-07 01:17:23] OrderCest.checkOneFile.INFO: see in this file "IBS([BST])" [] []
[2013-06-07 01:17:23] OrderCest.checkOneFile.INFO: PASSED [] []
[2013-06-07 01:17:23] OrderCest.checkForFails.INFO: am in path "tests/data/sandbox" [] []
[2013-06-07 01:17:23] OrderCest.checkForFails.INFO: execute command "run order FailedCept.php --no-exit" [] []
[2013-06-07 01:17:23] OrderCest.checkForFails.INFO: see file found "order.txt" within "tests/_log" [] []
[2013-06-07 01:17:23] OrderCest.checkForFails.INFO: i expect initialization, bootstrap, before suite, before, bootstrap, test, fail, after, after suite  [] []
[2013-06-07 01:17:23] OrderCest.checkForFails.INFO: see in this file "IBS([BSTF])" [] []
[2013-06-07 01:17:23] OrderCest.checkForFails.INFO: PASSED [] []
[2013-06-07 01:17:23] OrderCest.checkTwoFiles.INFO: am in path "tests/data/sandbox" [] []
[2013-06-07 01:17:23] OrderCest.checkTwoFiles.INFO: execute command "run order --no-exit" [] []
[2013-06-07 01:17:24] OrderCest.checkTwoFiles.INFO: see file found "order.txt" within "tests/_log" [] []
[2013-06-07 01:17:24] OrderCest.checkTwoFiles.INFO: see in this file "IBSBSBS([BST][BSTF][BST])" [] []
[2013-06-07 01:17:24] OrderCest.checkTwoFiles.INFO: PASSED [] []
[2013-06-07 01:17:24] RunCest.runOneFile.INFO: am in path "tests/data/sandbox" [] []
[2013-06-07 01:17:24] RunCest.runOneFile.INFO: execute command "run tests/dummy/FileExistsCept.php" [] []
[2013-06-07 01:17:24] RunCest.runOneFile.INFO: see file found "report.html" within "tests/_log" [] []
[2013-06-07 01:17:24] RunCest.runOneFile.INFO: see in shell output "OK (" [] []
[2013-06-07 01:17:24] RunCest.runOneFile.INFO: PASSED [] []
[2013-06-07 01:17:24] RunCest.runHtml.INFO: am in path "tests/data/sandbox" [] []
[2013-06-07 01:17:24] RunCest.runHtml.INFO: execute command "run dummy --html" [] []
[2013-06-07 01:17:24] RunCest.runHtml.INFO: see file found "report.html" within "tests/_log" [] []
[2013-06-07 01:17:24] RunCest.runHtml.INFO: PASSED [] []
[2013-06-07 01:17:24] RunCest.runJsonReport.INFO: am in path "tests/data/sandbox" [] []
[2013-06-07 01:17:24] RunCest.runJsonReport.INFO: execute command "run dummy --json" [] []
[2013-06-07 01:17:24] RunCest.runJsonReport.INFO: see file found "report.json" within "tests/_log" [] []
[2013-06-07 01:17:24] RunCest.runJsonReport.INFO: see in this file ""suite":" [] []
[2013-06-07 01:17:24] RunCest.runJsonReport.INFO: see in this file ""dummy"" [] []
[2013-06-07 01:17:24] RunCest.runJsonReport.INFO: PASSED [] []
[2013-06-07 01:17:24] RunCest.runTapReport.INFO: am in path "tests/data/sandbox" [] []
[2013-06-07 01:17:24] RunCest.runTapReport.INFO: execute command "run dummy --tap" [] []
[2013-06-07 01:17:24] RunCest.runTapReport.INFO: see file found "report.tap.log" within "tests/_log" [] []
[2013-06-07 01:17:24] RunCest.runTapReport.INFO: PASSED [] []
[2013-06-07 01:17:24] RunCest.runXmlReport.INFO: am in path "tests/data/sandbox" [] []
[2013-06-07 01:17:24] RunCest.runXmlReport.INFO: execute command "run dummy --xml" [] []
[2013-06-07 01:17:24] RunCest.runXmlReport.INFO: see file found "report.xml" within "tests/_log" [] []
[2013-06-07 01:17:24] RunCest.runXmlReport.INFO: see in this file "<?xml" [] []
[2013-06-07 01:17:24] RunCest.runXmlReport.INFO: see in this file "<testsuite name="dummy"" [] []
[2013-06-07 01:17:24] RunCest.runXmlReport.INFO: see in this file "<testcase file="FileExistsCept.php"" [] []
[2013-06-07 01:17:24] RunCest.runXmlReport.INFO: PASSED [] []
[2013-06-07 01:17:24] RunCest.runReportMode.INFO: am in path "tests/data/sandbox" [] []
[2013-06-07 01:17:24] RunCest.runReportMode.INFO: execute command "run dummy --report" [] []
[2013-06-07 01:17:24] RunCest.runReportMode.INFO: see in shell output "FileExistsCept.php" [] []
[2013-06-07 01:17:25] RunCest.runReportMode.INFO: see in shell output "........Ok" [] []
[2013-06-07 01:17:25] RunCest.runReportMode.INFO: PASSED [] []
[2013-06-07 01:17:25] RunCest.runOneGroup.INFO: am in path "tests/data/sandbox" [] []
[2013-06-07 01:17:25] RunCest.runOneGroup.INFO: execute command "run skipped -g notorun" [] []
[2013-06-07 01:17:25] RunCest.runOneGroup.INFO: see in shell output "Incomplete" [] []
[2013-06-07 01:17:25] RunCest.runOneGroup.INFO: don't see in shell output "Skipped" [] []
[2013-06-07 01:17:25] RunCest.runOneGroup.INFO: PASSED [] []
[2013-06-07 01:17:25] RunCest.runTwoSuites.INFO: am in path "tests/data/sandbox" [] []
[2013-06-07 01:17:25] RunCest.runTwoSuites.INFO: execute command "run skipped,dummy --no-exit" [] []
[2013-06-07 01:17:25] RunCest.runTwoSuites.INFO: see in shell output "Suite skipped started" [] []
[2013-06-07 01:17:25] RunCest.runTwoSuites.INFO: see in shell output "Suite dummy started" [] []
[2013-06-07 01:17:25] RunCest.runTwoSuites.INFO: don't see in shell output "Suite remote started" [] []
[2013-06-07 01:17:25] RunCest.runTwoSuites.INFO: PASSED [] []
[2013-06-07 01:17:25] RunCest.skipSuites.INFO: am in path "tests/data/sandbox" [] []
[2013-06-07 01:17:25] RunCest.skipSuites.INFO: execute command "run --skip skipped --skip remote --skip remote_server --skip order" [] []
[2013-06-07 01:17:25] RunCest.skipSuites.INFO: see in shell output "Suite dummy started" [] []
[2013-06-07 01:17:25] RunCest.skipSuites.INFO: don't see in shell output "Suite remote started" [] []
[2013-06-07 01:17:25] RunCest.skipSuites.INFO: don't see in shell output "Suite remote_server started" [] []
[2013-06-07 01:17:25] RunCest.skipSuites.INFO: don't see in shell output "Suite order started" [] []
[2013-06-07 01:17:25] RunCest.skipSuites.INFO: PASSED [] []
[2013-06-07 02:08:20] BuildCept.php.INFO: run shell commmand "php codecept build" [] []
[2013-06-07 02:08:22] BuildCept.php.INFO: see in shell output "generated successfully" [] []
[2013-06-07 02:08:22] BuildCept.php.INFO: see file found "CodeGuy.php" within "tests/unit" [] []
[2013-06-07 02:08:22] BuildCept.php.INFO: see file found "CliGuy.php" within "tests/cli" [] []
[2013-06-07 02:08:22] BuildCept.php.INFO: see in this file "seeFileFound(" [] []
[2013-06-07 02:08:22] BuildCept.php.INFO: PASSED [] []
[2013-06-07 02:08:22] GenerateCeptCept.php.INFO: am in path "tests/data/sandbox" [] []
[2013-06-07 02:08:22] GenerateCeptCept.php.INFO: execute command "generate:cept dummy DummyCept" [] []
[2013-06-07 02:08:23] GenerateCeptCept.php.INFO: see file found "DummyCept.php" within "tests/dummy" [] []
[2013-06-07 02:08:23] GenerateCeptCept.php.INFO: see in this file "$I = new DumbGuy($scenario);" [] []
[2013-06-07 02:08:23] GenerateCeptCept.php.INFO: delete this file  [] []
[2013-06-07 02:08:23] GenerateCeptCept.php.INFO: i am going to create scenario in folder  [] []
[2013-06-07 02:08:23] GenerateCeptCept.php.INFO: execute command "generate:cept dummy path/DummyCept" [] []
[2013-06-07 02:08:24] GenerateCeptCept.php.INFO: see file found "DummyCept.php" within "tests/dummy/path" [] []
[2013-06-07 02:08:24] GenerateCeptCept.php.INFO: delete this file  [] []
[2013-06-07 02:08:24] GenerateCeptCept.php.INFO: i am going to create file with cept.php suffix  [] []
[2013-06-07 02:08:24] GenerateCeptCept.php.INFO: execute command "generate:cept dummy DummyCept.php" [] []
[2013-06-07 02:08:25] GenerateCeptCept.php.INFO: see file found "DummyCept.php" [] []
[2013-06-07 02:08:25] GenerateCeptCept.php.INFO: delete this file  [] []
[2013-06-07 02:08:25] GenerateCeptCept.php.INFO: i am going to create file without any suffix  [] []
[2013-06-07 02:08:25] GenerateCeptCept.php.INFO: execute command "generate:cept dummy Dummy" [] []
[2013-06-07 02:08:26] GenerateCeptCept.php.INFO: see file found "DummyCept.php" [] []
[2013-06-07 02:08:26] GenerateCeptCept.php.INFO: PASSED [] []
[2013-06-07 02:08:26] GenerateCestCept.php.INFO: am in path "tests/data/sandbox" [] []
[2013-06-07 02:08:26] GenerateCestCept.php.INFO: execute command "generate:cest dummy DummyClass" [] []
[2013-06-07 02:08:27] GenerateCestCept.php.INFO: see file found "DummyClassCest.php" [] []
[2013-06-07 02:08:27] GenerateCestCept.php.INFO: see in this file "class DummyClassCest" [] []
[2013-06-07 02:08:27] GenerateCestCept.php.INFO: PASSED [] []
[2013-06-07 02:08:27] GeneratePhpUnitCept.php.INFO: am in path "tests/data/sandbox" [] []
[2013-06-07 02:08:27] GeneratePhpUnitCept.php.INFO: execute command "generate:phpunit dummy Dummy" [] []
[2013-06-07 02:08:28] GeneratePhpUnitCept.php.INFO: see file found "DummyTest.php" [] []
[2013-06-07 02:08:28] GeneratePhpUnitCept.php.INFO: see in this file "class DummyTest extends \PHPUnit_Framework_TestCase" [] []
[2013-06-07 02:08:28] GeneratePhpUnitCept.php.INFO: see in this file "function setUp()" [] []
[2013-06-07 02:08:28] GeneratePhpUnitCept.php.INFO: PASSED [] []
[2013-06-07 02:08:28] GenerateScenariosCept.php.INFO: am in path "tests/data/sandbox" [] []
[2013-06-07 02:08:28] GenerateScenariosCept.php.INFO: execute command "generate:scenarios dummy" [] []
[2013-06-07 02:08:29] GenerateScenariosCept.php.INFO: see file found "File_Exists.txt" within "tests/_data/scenarios" [] []
[2013-06-07 02:08:29] GenerateScenariosCept.php.INFO: see in this file "I WANT TO CHECK CONFIG EXISTS" [] []
[2013-06-07 02:08:29] GenerateScenariosCept.php.INFO: see in this file "I see file found "codeception.yml"" [] []
[2013-06-07 02:08:29] GenerateScenariosCept.php.INFO: PASSED [] []
[2013-06-07 02:08:29] GenerateSuiteCept.php.INFO: as a developer who likes testing  [] []
[2013-06-07 02:08:29] GenerateSuiteCept.php.INFO: so that i have a better tests categorization  [] []
[2013-06-07 02:08:29] GenerateSuiteCept.php.INFO: am in path "tests/data/sandbox" [] []
[2013-06-07 02:08:29] GenerateSuiteCept.php.INFO: execute command "generate:suite house HouseGuy" [] []
[2013-06-07 02:08:31] GenerateSuiteCept.php.INFO: see file found "house.suite.yml" within "tests" [] []
[2013-06-07 02:08:32] GenerateSuiteCept.php.INFO: i expect guy class is generated  [] []
[2013-06-07 02:08:32] GenerateSuiteCept.php.INFO: see in this file "class_name: HouseGuy" [] []
[2013-06-07 02:08:32] GenerateSuiteCept.php.INFO: see file found "HouseHelper.php" within "tests/_helpers" [] []
[2013-06-07 02:08:32] GenerateSuiteCept.php.INFO: see file found "_bootstrap.php" within "tests/house" [] []
[2013-06-07 02:08:32] GenerateSuiteCept.php.INFO: PASSED [] []
[2013-06-07 02:08:32] GenerateTestCept.php.INFO: am in path "tests/data/sandbox" [] []
[2013-06-07 02:08:32] GenerateTestCept.php.INFO: execute command "generate:test dummy Dummy" [] []
[2013-06-07 02:08:32] GenerateTestCept.php.INFO: see file found "DummyTest.php" [] []
[2013-06-07 02:08:32] GenerateTestCept.php.INFO: see in this file "class DummyTest extends \Codeception\TestCase\Test" [] []
[2013-06-07 02:08:32] GenerateTestCept.php.INFO: see in this file "protected $dumbGuy" [] []
[2013-06-07 02:08:32] GenerateTestCept.php.INFO: see in this file "function _before(" [] []
[2013-06-07 02:08:32] GenerateTestCept.php.INFO: PASSED [] []
[2013-06-07 02:08:32] RunIncompleteCept.php.INFO: am in path "tests/data/sandbox" [] []
[2013-06-07 02:08:32] RunIncompleteCept.php.INFO: execute command "run skipped IncompleteMeCept.php" [] []
[2013-06-07 02:08:33] RunIncompleteCept.php.INFO: see in shell output "(IncompleteMeCept.php)  INCOMPLETE" [] []
[2013-06-07 02:08:33] RunIncompleteCept.php.INFO: see in shell output "OK, but incomplete or skipped tests!" [] []
[2013-06-07 02:08:33] RunIncompleteCept.php.INFO: PASSED [] []
[2013-06-07 02:08:33] RunSkippedCept.php.INFO: am in path "tests/data/sandbox" [] []
[2013-06-07 02:08:33] RunSkippedCept.php.INFO: execute command "run skipped SkipMeCept.php" [] []
[2013-06-07 02:08:33] RunSkippedCept.php.INFO: see in shell output "(SkipMeCept.php)  SKIPPED" [] []
[2013-06-07 02:08:33] RunSkippedCept.php.INFO: see in shell output "OK, but incomplete or skipped tests!" [] []
[2013-06-07 02:08:33] RunSkippedCept.php.INFO: PASSED [] []
[2013-06-07 02:08:33] BootstrapCest.bootstrapProject.INFO: am in path "tests/data/sandbox/tests/_data/" [] []
[2013-06-07 02:08:33] BootstrapCest.bootstrapProject.INFO: execute command "bootstrap" [] []
[2013-06-07 02:08:36] BootstrapCest.bootstrapProject.INFO: see file found "codeception.yml" [] []
[2013-06-07 02:08:36] BootstrapCest.bootstrapProject.INFO: see file found "functional.suite.yml" within "tests" [] []
[2013-06-07 02:08:36] BootstrapCest.bootstrapProject.INFO: see file found "acceptance.suite.yml" within "tests" [] []
[2013-06-07 02:08:36] BootstrapCest.bootstrapProject.INFO: see file found "unit.suite.yml" within "tests" [] []
[2013-06-07 02:08:36] BootstrapCest.bootstrapProject.INFO: see file found "_bootstrap.php" within "tests/acceptance" [] []
[2013-06-07 02:08:36] BootstrapCest.bootstrapProject.INFO: see file found "_bootstrap.php" within "tests/functional" [] []
[2013-06-07 02:08:36] BootstrapCest.bootstrapProject.INFO: see file found "_bootstrap.php" within "tests/unit" [] []
[2013-06-07 02:08:36] BootstrapCest.bootstrapProject.INFO: see file found "WebGuy.php" within "tests/acceptance" [] []
[2013-06-07 02:08:36] BootstrapCest.bootstrapProject.INFO: see file found "TestGuy.php" within "tests/functional" [] []
[2013-06-07 02:08:36] BootstrapCest.bootstrapProject.INFO: see file found "CodeGuy.php" within "tests/unit" [] []
[2013-06-07 02:08:36] BootstrapCest.bootstrapProject.INFO: see file found "WebHelper.php" within "tests/_helpers" [] []
[2013-06-07 02:08:36] BootstrapCest.bootstrapProject.INFO: see file found "TestHelper.php" within "tests/_helpers" [] []
[2013-06-07 02:08:36] BootstrapCest.bootstrapProject.INFO: see file found "CodeHelper.php" within "tests/_helpers" [] []
[2013-06-07 02:08:36] BootstrapCest.bootstrapProject.INFO: see in shell output "Building Guy classes for suites" [] []
[2013-06-07 02:08:36] BootstrapCest.bootstrapProject.INFO: PASSED [] []
[2013-06-07 02:08:36] BootstrapCest.bootstrapWithNamespace.INFO: am in path "tests/data/sandbox/tests/_data/" [] []
[2013-06-07 02:08:36] BootstrapCest.bootstrapWithNamespace.INFO: execute command "bootstrap --namespace Generated" [] []
[2013-06-07 02:08:37] BootstrapCest.bootstrapWithNamespace.INFO: see in shell output "Building Guy classes for suites" [] []
[2013-06-07 02:08:37] BootstrapCest.bootstrapWithNamespace.INFO: see file found "codeception.yml" [] []
[2013-06-07 02:08:37] BootstrapCest.bootstrapWithNamespace.INFO: see in this file "namespace: Generated" [] []
[2013-06-07 02:08:37] BootstrapCest.bootstrapWithNamespace.INFO: don't see in this file "namespace Generated\" [] []
[2013-06-07 02:08:37] BootstrapCest.bootstrapWithNamespace.INFO: see file found "functional.suite.yml" within "tests" [] []
[2013-06-07 02:08:37] BootstrapCest.bootstrapWithNamespace.INFO: see file found "acceptance.suite.yml" within "tests" [] []
[2013-06-07 02:08:37] BootstrapCest.bootstrapWithNamespace.INFO: see file found "unit.suite.yml" within "tests" [] []
[2013-06-07 02:08:37] BootstrapCest.bootstrapWithNamespace.INFO: see file found "_bootstrap.php" within "tests/acceptance" [] []
[2013-06-07 02:08:37] BootstrapCest.bootstrapWithNamespace.INFO: see file found "_bootstrap.php" within "tests/functional" [] []
[2013-06-07 02:08:37] BootstrapCest.bootstrapWithNamespace.INFO: see file found "_bootstrap.php" within "tests/unit" [] []
[2013-06-07 02:08:37] BootstrapCest.bootstrapWithNamespace.INFO: see file found "WebGuy.php" within "tests/acceptance" [] []
[2013-06-07 02:08:37] BootstrapCest.bootstrapWithNamespace.INFO: see file found "TestGuy.php" within "tests/functional" [] []
[2013-06-07 02:08:37] BootstrapCest.bootstrapWithNamespace.INFO: see file found "CodeGuy.php" within "tests/unit" [] []
[2013-06-07 02:08:37] BootstrapCest.bootstrapWithNamespace.INFO: see file found "WebHelper.php" within "tests/_helpers" [] []
[2013-06-07 02:08:37] BootstrapCest.bootstrapWithNamespace.INFO: see file found "TestHelper.php" within "tests/_helpers" [] []
[2013-06-07 02:08:37] BootstrapCest.bootstrapWithNamespace.INFO: see file found "CodeHelper.php" within "tests/_helpers" [] []
[2013-06-07 02:08:37] BootstrapCest.bootstrapWithNamespace.INFO: see file found "WebHelper.php" [] []
[2013-06-07 02:08:37] BootstrapCest.bootstrapWithNamespace.INFO: see in this file "namespace Generated\Codeception\Module;" [] []
[2013-06-07 02:08:37] BootstrapCest.bootstrapWithNamespace.INFO: see file found "WebGuy.php" [] []
[2013-06-07 02:08:37] BootstrapCest.bootstrapWithNamespace.INFO: see in this file "namespace Generated\Codeception;" [] []
[2013-06-07 02:08:37] BootstrapCest.bootstrapWithNamespace.INFO: PASSED [] []
[2013-06-07 02:08:37] OrderCest.checkOneFile.INFO: am in path "tests/data/sandbox" [] []
[2013-06-07 02:08:37] OrderCest.checkOneFile.INFO: execute command "run order LoadingOrderCept.php" [] []
[2013-06-07 02:08:37] OrderCest.checkOneFile.INFO: i expect initialization, bootstrap(b), before suite, before, bootstrap(b), test(t), after, after suite  [] []
[2013-06-07 02:08:37] OrderCest.checkOneFile.INFO: see file found "order.txt" within "tests/_log" [] []
[2013-06-07 02:08:37] OrderCest.checkOneFile.INFO: see in this file "IBS([BST])" [] []
[2013-06-07 02:08:37] OrderCest.checkOneFile.INFO: PASSED [] []
[2013-06-07 02:08:37] OrderCest.checkForFails.INFO: am in path "tests/data/sandbox" [] []
[2013-06-07 02:08:37] OrderCest.checkForFails.INFO: execute command "run order FailedCept.php --no-exit" [] []
[2013-06-07 02:08:37] OrderCest.checkForFails.INFO: see file found "order.txt" within "tests/_log" [] []
[2013-06-07 02:08:37] OrderCest.checkForFails.INFO: i expect initialization, bootstrap, before suite, before, bootstrap, test, fail, after, after suite  [] []
[2013-06-07 02:08:37] OrderCest.checkForFails.INFO: see in this file "IBS([BSTF])" [] []
[2013-06-07 02:08:37] OrderCest.checkForFails.INFO: PASSED [] []
[2013-06-07 02:08:37] OrderCest.checkTwoFiles.INFO: am in path "tests/data/sandbox" [] []
[2013-06-07 02:08:37] OrderCest.checkTwoFiles.INFO: execute command "run order --no-exit" [] []
[2013-06-07 02:08:37] OrderCest.checkTwoFiles.INFO: see file found "order.txt" within "tests/_log" [] []
[2013-06-07 02:08:37] OrderCest.checkTwoFiles.INFO: see in this file "IBSBSBS([BST][BSTF][BST])" [] []
[2013-06-07 02:08:37] OrderCest.checkTwoFiles.INFO: PASSED [] []
[2013-06-07 02:08:37] RunCest.runOneFile.INFO: am in path "tests/data/sandbox" [] []
[2013-06-07 02:08:37] RunCest.runOneFile.INFO: execute command "run tests/dummy/FileExistsCept.php" [] []
[2013-06-07 02:08:37] RunCest.runOneFile.ALERT: Result code was 1.

Codeception PHP Testing Framework v1.6.3-dev
Powered by PHPUnit 3.7.19 by Sebastian Bergmann. [] []
[2013-06-07 02:08:37] RunCest.runOneFile.INFO: # FAILED # [] []
[2013-06-07 02:08:37] RunCest.runOneFile.INFO: PASSED [] []
[2013-06-07 02:08:37] RunCest.runHtml.INFO: am in path "tests/data/sandbox" [] []
[2013-06-07 02:08:37] RunCest.runHtml.INFO: execute command "run dummy --html" [] []
[2013-06-07 02:08:37] RunCest.runHtml.INFO: see file found "report.html" within "tests/_log" [] []
[2013-06-07 02:08:37] RunCest.runHtml.INFO: PASSED [] []
[2013-06-07 02:08:37] RunCest.runJsonReport.INFO: am in path "tests/data/sandbox" [] []
[2013-06-07 02:08:37] RunCest.runJsonReport.INFO: execute command "run dummy --json" [] []
[2013-06-07 02:08:38] RunCest.runJsonReport.INFO: see file found "report.json" within "tests/_log" [] []
[2013-06-07 02:08:38] RunCest.runJsonReport.INFO: see in this file ""suite":" [] []
[2013-06-07 02:08:38] RunCest.runJsonReport.INFO: see in this file ""dummy"" [] []
[2013-06-07 02:08:38] RunCest.runJsonReport.INFO: PASSED [] []
[2013-06-07 02:08:38] RunCest.runTapReport.INFO: am in path "tests/data/sandbox" [] []
[2013-06-07 02:08:38] RunCest.runTapReport.INFO: execute command "run dummy --tap" [] []
[2013-06-07 02:08:38] RunCest.runTapReport.INFO: see file found "report.tap.log" within "tests/_log" [] []
[2013-06-07 02:08:38] RunCest.runTapReport.INFO: PASSED [] []
[2013-06-07 02:08:38] RunCest.runXmlReport.INFO: am in path "tests/data/sandbox" [] []
[2013-06-07 02:08:38] RunCest.runXmlReport.INFO: execute command "run dummy --xml" [] []
[2013-06-07 02:08:38] RunCest.runXmlReport.INFO: see file found "report.xml" within "tests/_log" [] []
[2013-06-07 02:08:38] RunCest.runXmlReport.INFO: see in this file "<?xml" [] []
[2013-06-07 02:08:38] RunCest.runXmlReport.INFO: see in this file "<testsuite name="dummy"" [] []
[2013-06-07 02:08:38] RunCest.runXmlReport.INFO: see in this file "<testcase file="FileExistsCept.php"" [] []
[2013-06-07 02:08:38] RunCest.runXmlReport.INFO: PASSED [] []
[2013-06-07 02:08:38] RunCest.runReportMode.INFO: am in path "tests/data/sandbox" [] []
[2013-06-07 02:08:38] RunCest.runReportMode.INFO: execute command "run dummy --report" [] []
[2013-06-07 02:08:38] RunCest.runReportMode.INFO: see in shell output "FileExistsCept.php" [] []
[2013-06-07 02:08:38] RunCest.runReportMode.INFO: see in shell output "........Ok" [] []
[2013-06-07 02:08:38] RunCest.runReportMode.INFO: PASSED [] []
[2013-06-07 02:08:38] RunCest.runOneGroup.INFO: am in path "tests/data/sandbox" [] []
[2013-06-07 02:08:38] RunCest.runOneGroup.INFO: execute command "run skipped -g notorun" [] []
[2013-06-07 02:08:38] RunCest.runOneGroup.INFO: see in shell output "Incomplete" [] []
[2013-06-07 02:08:38] RunCest.runOneGroup.INFO: don't see in shell output "Skipped" [] []
[2013-06-07 02:08:38] RunCest.runOneGroup.INFO: PASSED [] []
[2013-06-07 02:08:38] RunCest.runTwoSuites.INFO: am in path "tests/data/sandbox" [] []
[2013-06-07 02:08:38] RunCest.runTwoSuites.INFO: execute command "run skipped,dummy --no-exit" [] []
[2013-06-07 02:08:38] RunCest.runTwoSuites.INFO: see in shell output "Suite skipped started" [] []
[2013-06-07 02:08:38] RunCest.runTwoSuites.INFO: see in shell output "Suite dummy started" [] []
[2013-06-07 02:08:38] RunCest.runTwoSuites.INFO: don't see in shell output "Suite remote started" [] []
[2013-06-07 02:08:38] RunCest.runTwoSuites.INFO: PASSED [] []
[2013-06-07 02:08:38] RunCest.skipSuites.INFO: am in path "tests/data/sandbox" [] []
[2013-06-07 02:08:38] RunCest.skipSuites.INFO: execute command "run --skip skipped --skip remote --skip remote_server --skip order" [] []
[2013-06-07 02:08:38] RunCest.skipSuites.INFO: see in shell output "Suite dummy started" [] []
[2013-06-07 02:08:38] RunCest.skipSuites.INFO: don't see in shell output "Suite remote started" [] []
[2013-06-07 02:08:38] RunCest.skipSuites.INFO: don't see in shell output "Suite remote_server started" [] []
[2013-06-07 02:08:38] RunCest.skipSuites.INFO: don't see in shell output "Suite order started" [] []
[2013-06-07 02:08:38] RunCest.skipSuites.INFO: PASSED [] []
[2013-06-07 02:09:25] BuildCept.php.INFO: run shell commmand "php codecept build" [] []
[2013-06-07 02:09:26] BuildCept.php.INFO: see in shell output "generated successfully" [] []
[2013-06-07 02:09:26] BuildCept.php.INFO: see file found "CodeGuy.php" within "tests/unit" [] []
[2013-06-07 02:09:26] BuildCept.php.INFO: see file found "CliGuy.php" within "tests/cli" [] []
[2013-06-07 02:09:26] BuildCept.php.INFO: see in this file "seeFileFound(" [] []
[2013-06-07 02:09:26] BuildCept.php.INFO: PASSED [] []
[2013-06-07 02:09:26] GenerateCeptCept.php.INFO: am in path "tests/data/sandbox" [] []
[2013-06-07 02:09:26] GenerateCeptCept.php.INFO: execute command "generate:cept dummy DummyCept" [] []
[2013-06-07 02:09:30] GenerateCeptCept.php.INFO: see file found "DummyCept.php" within "tests/dummy" [] []
[2013-06-07 02:09:30] GenerateCeptCept.php.INFO: see in this file "$I = new DumbGuy($scenario);" [] []
[2013-06-07 02:09:30] GenerateCeptCept.php.INFO: delete this file  [] []
[2013-06-07 02:09:30] GenerateCeptCept.php.INFO: i am going to create scenario in folder  [] []
[2013-06-07 02:09:30] GenerateCeptCept.php.INFO: execute command "generate:cept dummy path/DummyCept" [] []
[2013-06-07 02:09:31] GenerateCeptCept.php.INFO: see file found "DummyCept.php" within "tests/dummy/path" [] []
[2013-06-07 02:09:31] GenerateCeptCept.php.INFO: delete this file  [] []
[2013-06-07 02:09:31] GenerateCeptCept.php.INFO: i am going to create file with cept.php suffix  [] []
[2013-06-07 02:09:31] GenerateCeptCept.php.INFO: execute command "generate:cept dummy DummyCept.php" [] []
[2013-06-07 02:09:32] GenerateCeptCept.php.INFO: see file found "DummyCept.php" [] []
[2013-06-07 02:09:32] GenerateCeptCept.php.INFO: delete this file  [] []
[2013-06-07 02:09:32] GenerateCeptCept.php.INFO: i am going to create file without any suffix  [] []
[2013-06-07 02:09:32] GenerateCeptCept.php.INFO: execute command "generate:cept dummy Dummy" [] []
[2013-06-07 02:09:33] GenerateCeptCept.php.INFO: see file found "DummyCept.php" [] []
[2013-06-07 02:09:33] GenerateCeptCept.php.INFO: PASSED [] []
[2013-06-07 02:09:33] GenerateCestCept.php.INFO: am in path "tests/data/sandbox" [] []
[2013-06-07 02:09:33] GenerateCestCept.php.INFO: execute command "generate:cest dummy DummyClass" [] []
[2013-06-07 02:09:36] GenerateCestCept.php.INFO: see file found "DummyClassCest.php" [] []
[2013-06-07 02:09:36] GenerateCestCept.php.INFO: see in this file "class DummyClassCest" [] []
[2013-06-07 02:09:36] GenerateCestCept.php.INFO: PASSED [] []
[2013-06-07 02:09:36] GeneratePhpUnitCept.php.INFO: am in path "tests/data/sandbox" [] []
[2013-06-07 02:09:36] GeneratePhpUnitCept.php.INFO: execute command "generate:phpunit dummy Dummy" [] []
[2013-06-07 02:09:37] GeneratePhpUnitCept.php.INFO: see file found "DummyTest.php" [] []
[2013-06-07 02:09:37] GeneratePhpUnitCept.php.INFO: see in this file "class DummyTest extends \PHPUnit_Framework_TestCase" [] []
[2013-06-07 02:09:37] GeneratePhpUnitCept.php.INFO: see in this file "function setUp()" [] []
[2013-06-07 02:09:37] GeneratePhpUnitCept.php.INFO: PASSED [] []
[2013-06-07 02:09:37] GenerateScenariosCept.php.INFO: am in path "tests/data/sandbox" [] []
[2013-06-07 02:09:37] GenerateScenariosCept.php.INFO: execute command "generate:scenarios dummy" [] []
[2013-06-07 02:09:40] GenerateScenariosCept.php.INFO: see file found "File_Exists.txt" within "tests/_data/scenarios" [] []
[2013-06-07 02:09:40] GenerateScenariosCept.php.INFO: see in this file "I WANT TO CHECK CONFIG EXISTS" [] []
[2013-06-07 02:09:40] GenerateScenariosCept.php.INFO: see in this file "I see file found "codeception.yml"" [] []
[2013-06-07 02:09:40] GenerateScenariosCept.php.INFO: PASSED [] []
[2013-06-07 02:09:40] GenerateSuiteCept.php.INFO: as a developer who likes testing  [] []
[2013-06-07 02:09:40] GenerateSuiteCept.php.INFO: so that i have a better tests categorization  [] []
[2013-06-07 02:09:40] GenerateSuiteCept.php.INFO: am in path "tests/data/sandbox" [] []
[2013-06-07 02:09:40] GenerateSuiteCept.php.INFO: execute command "generate:suite house HouseGuy" [] []
[2013-06-07 02:09:41] GenerateSuiteCept.php.INFO: see file found "house.suite.yml" within "tests" [] []
[2013-06-07 02:09:41] GenerateSuiteCept.php.INFO: i expect guy class is generated  [] []
[2013-06-07 02:09:41] GenerateSuiteCept.php.INFO: see in this file "class_name: HouseGuy" [] []
[2013-06-07 02:09:41] GenerateSuiteCept.php.INFO: see file found "HouseHelper.php" within "tests/_helpers" [] []
[2013-06-07 02:09:41] GenerateSuiteCept.php.INFO: see file found "_bootstrap.php" within "tests/house" [] []
[2013-06-07 02:09:41] GenerateSuiteCept.php.INFO: PASSED [] []
[2013-06-07 02:09:41] GenerateTestCept.php.INFO: am in path "tests/data/sandbox" [] []
[2013-06-07 02:09:41] GenerateTestCept.php.INFO: execute command "generate:test dummy Dummy" [] []
[2013-06-07 02:09:43] GenerateTestCept.php.INFO: see file found "DummyTest.php" [] []
[2013-06-07 02:09:43] GenerateTestCept.php.INFO: see in this file "class DummyTest extends \Codeception\TestCase\Test" [] []
[2013-06-07 02:09:43] GenerateTestCept.php.INFO: see in this file "protected $dumbGuy" [] []
[2013-06-07 02:09:43] GenerateTestCept.php.INFO: see in this file "function _before(" [] []
[2013-06-07 02:09:43] GenerateTestCept.php.INFO: PASSED [] []
[2013-06-07 02:09:43] RunIncompleteCept.php.INFO: am in path "tests/data/sandbox" [] []
[2013-06-07 02:09:43] RunIncompleteCept.php.INFO: execute command "run skipped IncompleteMeCept.php" [] []
[2013-06-07 02:09:43] RunIncompleteCept.php.INFO: see in shell output "(IncompleteMeCept.php)  INCOMPLETE" [] []
[2013-06-07 02:09:43] RunIncompleteCept.php.INFO: see in shell output "OK, but incomplete or skipped tests!" [] []
[2013-06-07 02:09:43] RunIncompleteCept.php.INFO: PASSED [] []
[2013-06-07 02:09:43] RunSkippedCept.php.INFO: am in path "tests/data/sandbox" [] []
[2013-06-07 02:09:43] RunSkippedCept.php.INFO: execute command "run skipped SkipMeCept.php" [] []
[2013-06-07 02:09:43] RunSkippedCept.php.INFO: see in shell output "(SkipMeCept.php)  SKIPPED" [] []
[2013-06-07 02:09:43] RunSkippedCept.php.INFO: see in shell output "OK, but incomplete or skipped tests!" [] []
[2013-06-07 02:09:43] RunSkippedCept.php.INFO: PASSED [] []
[2013-06-07 02:09:43] BootstrapCest.bootstrapProject.INFO: am in path "tests/data/sandbox/tests/_data/" [] []
[2013-06-07 02:09:43] BootstrapCest.bootstrapProject.INFO: execute command "bootstrap" [] []
[2013-06-07 02:09:49] BootstrapCest.bootstrapProject.INFO: see file found "codeception.yml" [] []
[2013-06-07 02:09:49] BootstrapCest.bootstrapProject.INFO: see file found "functional.suite.yml" within "tests" [] []
[2013-06-07 02:09:49] BootstrapCest.bootstrapProject.INFO: see file found "acceptance.suite.yml" within "tests" [] []
[2013-06-07 02:09:49] BootstrapCest.bootstrapProject.INFO: see file found "unit.suite.yml" within "tests" [] []
[2013-06-07 02:09:49] BootstrapCest.bootstrapProject.INFO: see file found "_bootstrap.php" within "tests/acceptance" [] []
[2013-06-07 02:09:49] BootstrapCest.bootstrapProject.INFO: see file found "_bootstrap.php" within "tests/functional" [] []
[2013-06-07 02:09:49] BootstrapCest.bootstrapProject.INFO: see file found "_bootstrap.php" within "tests/unit" [] []
[2013-06-07 02:09:49] BootstrapCest.bootstrapProject.INFO: see file found "WebGuy.php" within "tests/acceptance" [] []
[2013-06-07 02:09:49] BootstrapCest.bootstrapProject.INFO: see file found "TestGuy.php" within "tests/functional" [] []
[2013-06-07 02:09:49] BootstrapCest.bootstrapProject.INFO: see file found "CodeGuy.php" within "tests/unit" [] []
[2013-06-07 02:09:49] BootstrapCest.bootstrapProject.INFO: see file found "WebHelper.php" within "tests/_helpers" [] []
[2013-06-07 02:09:49] BootstrapCest.bootstrapProject.INFO: see file found "TestHelper.php" within "tests/_helpers" [] []
[2013-06-07 02:09:49] BootstrapCest.bootstrapProject.INFO: see file found "CodeHelper.php" within "tests/_helpers" [] []
[2013-06-07 02:09:49] BootstrapCest.bootstrapProject.INFO: see in shell output "Building Guy classes for suites" [] []
[2013-06-07 02:09:49] BootstrapCest.bootstrapProject.INFO: PASSED [] []
[2013-06-07 02:09:49] BootstrapCest.bootstrapWithNamespace.INFO: am in path "tests/data/sandbox/tests/_data/" [] []
[2013-06-07 02:09:49] BootstrapCest.bootstrapWithNamespace.INFO: execute command "bootstrap --namespace Generated" [] []
[2013-06-07 02:09:51] BootstrapCest.bootstrapWithNamespace.INFO: see in shell output "Building Guy classes for suites" [] []
[2013-06-07 02:09:51] BootstrapCest.bootstrapWithNamespace.INFO: see file found "codeception.yml" [] []
[2013-06-07 02:09:51] BootstrapCest.bootstrapWithNamespace.INFO: see in this file "namespace: Generated" [] []
[2013-06-07 02:09:51] BootstrapCest.bootstrapWithNamespace.INFO: don't see in this file "namespace Generated\" [] []
[2013-06-07 02:09:51] BootstrapCest.bootstrapWithNamespace.INFO: see file found "functional.suite.yml" within "tests" [] []
[2013-06-07 02:09:51] BootstrapCest.bootstrapWithNamespace.INFO: see file found "acceptance.suite.yml" within "tests" [] []
[2013-06-07 02:09:51] BootstrapCest.bootstrapWithNamespace.INFO: see file found "unit.suite.yml" within "tests" [] []
[2013-06-07 02:09:51] BootstrapCest.bootstrapWithNamespace.INFO: see file found "_bootstrap.php" within "tests/acceptance" [] []
[2013-06-07 02:09:51] BootstrapCest.bootstrapWithNamespace.INFO: see file found "_bootstrap.php" within "tests/functional" [] []
[2013-06-07 02:09:51] BootstrapCest.bootstrapWithNamespace.INFO: see file found "_bootstrap.php" within "tests/unit" [] []
[2013-06-07 02:09:51] BootstrapCest.bootstrapWithNamespace.INFO: see file found "WebGuy.php" within "tests/acceptance" [] []
[2013-06-07 02:09:51] BootstrapCest.bootstrapWithNamespace.INFO: see file found "TestGuy.php" within "tests/functional" [] []
[2013-06-07 02:09:51] BootstrapCest.bootstrapWithNamespace.INFO: see file found "CodeGuy.php" within "tests/unit" [] []
[2013-06-07 02:09:51] BootstrapCest.bootstrapWithNamespace.INFO: see file found "WebHelper.php" within "tests/_helpers" [] []
[2013-06-07 02:09:51] BootstrapCest.bootstrapWithNamespace.INFO: see file found "TestHelper.php" within "tests/_helpers" [] []
[2013-06-07 02:09:51] BootstrapCest.bootstrapWithNamespace.INFO: see file found "CodeHelper.php" within "tests/_helpers" [] []
[2013-06-07 02:09:51] BootstrapCest.bootstrapWithNamespace.INFO: see file found "WebHelper.php" [] []
[2013-06-07 02:09:51] BootstrapCest.bootstrapWithNamespace.INFO: see in this file "namespace Generated\Codeception\Module;" [] []
[2013-06-07 02:09:51] BootstrapCest.bootstrapWithNamespace.INFO: see file found "WebGuy.php" [] []
[2013-06-07 02:09:51] BootstrapCest.bootstrapWithNamespace.INFO: see in this file "namespace Generated\Codeception;" [] []
[2013-06-07 02:09:51] BootstrapCest.bootstrapWithNamespace.INFO: PASSED [] []
[2013-06-07 02:09:51] OrderCest.checkOneFile.INFO: am in path "tests/data/sandbox" [] []
[2013-06-07 02:09:51] OrderCest.checkOneFile.INFO: execute command "run order LoadingOrderCept.php" [] []
[2013-06-07 02:09:52] OrderCest.checkOneFile.INFO: i expect initialization, bootstrap(b), before suite, before, bootstrap(b), test(t), after, after suite  [] []
[2013-06-07 02:09:52] OrderCest.checkOneFile.INFO: see file found "order.txt" within "tests/_log" [] []
[2013-06-07 02:09:52] OrderCest.checkOneFile.INFO: see in this file "IBS([BST])" [] []
[2013-06-07 02:09:52] OrderCest.checkOneFile.INFO: PASSED [] []
[2013-06-07 02:09:52] OrderCest.checkForFails.INFO: am in path "tests/data/sandbox" [] []
[2013-06-07 02:09:52] OrderCest.checkForFails.INFO: execute command "run order FailedCept.php --no-exit" [] []
[2013-06-07 02:09:52] OrderCest.checkForFails.INFO: see file found "order.txt" within "tests/_log" [] []
[2013-06-07 02:09:52] OrderCest.checkForFails.INFO: i expect initialization, bootstrap, before suite, before, bootstrap, test, fail, after, after suite  [] []
[2013-06-07 02:09:52] OrderCest.checkForFails.INFO: see in this file "IBS([BSTF])" [] []
[2013-06-07 02:09:52] OrderCest.checkForFails.INFO: PASSED [] []
[2013-06-07 02:09:52] OrderCest.checkTwoFiles.INFO: am in path "tests/data/sandbox" [] []
[2013-06-07 02:09:52] OrderCest.checkTwoFiles.INFO: execute command "run order --no-exit" [] []
[2013-06-07 02:09:52] OrderCest.checkTwoFiles.INFO: see file found "order.txt" within "tests/_log" [] []
[2013-06-07 02:09:52] OrderCest.checkTwoFiles.INFO: see in this file "IBSBSBS([BST][BSTF][BST])" [] []
[2013-06-07 02:09:52] OrderCest.checkTwoFiles.INFO: PASSED [] []
[2013-06-07 02:09:52] RunCest.runOneFile.INFO: am in path "tests/data/sandbox" [] []
[2013-06-07 02:09:52] RunCest.runOneFile.INFO: execute command "run tests/dummy/FileExistsCept.php" [] []
[2013-06-07 02:09:52] RunCest.runOneFile.ALERT: Result code was 1.

Codeception PHP Testing Framework v1.6.3-dev
Powered by PHPUnit 3.7.19 by Sebastian Bergmann. [] []
[2013-06-07 02:09:52] RunCest.runOneFile.INFO: # FAILED # [] []
[2013-06-07 02:09:52] RunCest.runOneFile.INFO: PASSED [] []
[2013-06-07 02:09:52] RunCest.runHtml.INFO: am in path "tests/data/sandbox" [] []
[2013-06-07 02:09:52] RunCest.runHtml.INFO: execute command "run dummy --html" [] []
[2013-06-07 02:09:53] RunCest.runHtml.INFO: see file found "report.html" within "tests/_log" [] []
[2013-06-07 02:09:53] RunCest.runHtml.INFO: PASSED [] []
[2013-06-07 02:09:53] RunCest.runJsonReport.INFO: am in path "tests/data/sandbox" [] []
[2013-06-07 02:09:53] RunCest.runJsonReport.INFO: execute command "run dummy --json" [] []
[2013-06-07 02:09:53] RunCest.runJsonReport.INFO: see file found "report.json" within "tests/_log" [] []
[2013-06-07 02:09:53] RunCest.runJsonReport.INFO: see in this file ""suite":" [] []
[2013-06-07 02:09:53] RunCest.runJsonReport.INFO: see in this file ""dummy"" [] []
[2013-06-07 02:09:53] RunCest.runJsonReport.INFO: PASSED [] []
[2013-06-07 02:09:53] RunCest.runTapReport.INFO: am in path "tests/data/sandbox" [] []
[2013-06-07 02:09:53] RunCest.runTapReport.INFO: execute command "run dummy --tap" [] []
[2013-06-07 02:09:53] RunCest.runTapReport.INFO: see file found "report.tap.log" within "tests/_log" [] []
[2013-06-07 02:09:53] RunCest.runTapReport.INFO: PASSED [] []
[2013-06-07 02:09:53] RunCest.runXmlReport.INFO: am in path "tests/data/sandbox" [] []
[2013-06-07 02:09:53] RunCest.runXmlReport.INFO: execute command "run dummy --xml" [] []
[2013-06-07 02:09:53] RunCest.runXmlReport.INFO: see file found "report.xml" within "tests/_log" [] []
[2013-06-07 02:09:53] RunCest.runXmlReport.INFO: see in this file "<?xml" [] []
[2013-06-07 02:09:53] RunCest.runXmlReport.INFO: see in this file "<testsuite name="dummy"" [] []
[2013-06-07 02:09:53] RunCest.runXmlReport.INFO: see in this file "<testcase file="FileExistsCept.php"" [] []
[2013-06-07 02:09:53] RunCest.runXmlReport.INFO: PASSED [] []
[2013-06-07 02:09:53] RunCest.runReportMode.INFO: am in path "tests/data/sandbox" [] []
[2013-06-07 02:09:53] RunCest.runReportMode.INFO: execute command "run dummy --report" [] []
[2013-06-07 02:09:54] RunCest.runReportMode.INFO: see in shell output "FileExistsCept.php" [] []
[2013-06-07 02:09:54] RunCest.runReportMode.INFO: see in shell output "........Ok" [] []
[2013-06-07 02:09:54] RunCest.runReportMode.INFO: PASSED [] []
[2013-06-07 02:09:54] RunCest.runOneGroup.INFO: am in path "tests/data/sandbox" [] []
[2013-06-07 02:09:54] RunCest.runOneGroup.INFO: execute command "run skipped -g notorun" [] []
[2013-06-07 02:09:54] RunCest.runOneGroup.INFO: see in shell output "Incomplete" [] []
[2013-06-07 02:09:54] RunCest.runOneGroup.INFO: don't see in shell output "Skipped" [] []
[2013-06-07 02:09:54] RunCest.runOneGroup.INFO: PASSED [] []
[2013-06-07 02:09:54] RunCest.runTwoSuites.INFO: am in path "tests/data/sandbox" [] []
[2013-06-07 02:09:54] RunCest.runTwoSuites.INFO: execute command "run skipped,dummy --no-exit" [] []
[2013-06-07 02:09:54] RunCest.runTwoSuites.INFO: see in shell output "Suite skipped started" [] []
[2013-06-07 02:09:54] RunCest.runTwoSuites.INFO: see in shell output "Suite dummy started" [] []
[2013-06-07 02:09:54] RunCest.runTwoSuites.INFO: don't see in shell output "Suite remote started" [] []
[2013-06-07 02:09:54] RunCest.runTwoSuites.INFO: PASSED [] []
[2013-06-07 02:09:54] RunCest.skipSuites.INFO: am in path "tests/data/sandbox" [] []
[2013-06-07 02:09:54] RunCest.skipSuites.INFO: execute command "run --skip skipped --skip remote --skip remote_server --skip order" [] []
[2013-06-07 02:09:54] RunCest.skipSuites.INFO: see in shell output "Suite dummy started" [] []
[2013-06-07 02:09:54] RunCest.skipSuites.INFO: don't see in shell output "Suite remote started" [] []
[2013-06-07 02:09:54] RunCest.skipSuites.INFO: don't see in shell output "Suite remote_server started" [] []
[2013-06-07 02:09:54] RunCest.skipSuites.INFO: don't see in shell output "Suite order started" [] []
[2013-06-07 02:09:54] RunCest.skipSuites.INFO: PASSED [] []
[2013-06-07 02:11:04] BuildCept.php.INFO: run shell commmand "php codecept build" [] []
[2013-06-07 02:11:05] BuildCept.php.INFO: see in shell output "generated successfully" [] []
[2013-06-07 02:11:05] BuildCept.php.INFO: see file found "CodeGuy.php" within "tests/unit" [] []
[2013-06-07 02:11:05] BuildCept.php.INFO: see file found "CliGuy.php" within "tests/cli" [] []
[2013-06-07 02:11:05] BuildCept.php.INFO: see in this file "seeFileFound(" [] []
[2013-06-07 02:11:05] BuildCept.php.INFO: PASSED [] []
[2013-06-07 02:11:05] GenerateCeptCept.php.INFO: am in path "tests/data/sandbox" [] []
[2013-06-07 02:11:05] GenerateCeptCept.php.INFO: execute command "generate:cept dummy DummyCept" [] []
[2013-06-07 02:11:06] GenerateCeptCept.php.INFO: see file found "DummyCept.php" within "tests/dummy" [] []
[2013-06-07 02:11:06] GenerateCeptCept.php.INFO: see in this file "$I = new DumbGuy($scenario);" [] []
[2013-06-07 02:11:06] GenerateCeptCept.php.INFO: delete this file  [] []
[2013-06-07 02:11:06] GenerateCeptCept.php.INFO: i am going to create scenario in folder  [] []
[2013-06-07 02:11:06] GenerateCeptCept.php.INFO: execute command "generate:cept dummy path/DummyCept" [] []
[2013-06-07 02:11:07] GenerateCeptCept.php.INFO: see file found "DummyCept.php" within "tests/dummy/path" [] []
[2013-06-07 02:11:07] GenerateCeptCept.php.INFO: delete this file  [] []
[2013-06-07 02:11:07] GenerateCeptCept.php.INFO: i am going to create file with cept.php suffix  [] []
[2013-06-07 02:11:07] GenerateCeptCept.php.INFO: execute command "generate:cept dummy DummyCept.php" [] []
[2013-06-07 02:11:10] GenerateCeptCept.php.INFO: see file found "DummyCept.php" [] []
[2013-06-07 02:11:10] GenerateCeptCept.php.INFO: delete this file  [] []
[2013-06-07 02:11:10] GenerateCeptCept.php.INFO: i am going to create file without any suffix  [] []
[2013-06-07 02:11:10] GenerateCeptCept.php.INFO: execute command "generate:cept dummy Dummy" [] []
[2013-06-07 02:11:11] GenerateCeptCept.php.INFO: see file found "DummyCept.php" [] []
[2013-06-07 02:11:11] GenerateCeptCept.php.INFO: PASSED [] []
[2013-06-07 02:11:11] GenerateCestCept.php.INFO: am in path "tests/data/sandbox" [] []
[2013-06-07 02:11:11] GenerateCestCept.php.INFO: execute command "generate:cest dummy DummyClass" [] []
[2013-06-07 02:11:12] GenerateCestCept.php.INFO: see file found "DummyClassCest.php" [] []
[2013-06-07 02:11:12] GenerateCestCept.php.INFO: see in this file "class DummyClassCest" [] []
[2013-06-07 02:11:12] GenerateCestCept.php.INFO: PASSED [] []
[2013-06-07 02:11:12] GeneratePhpUnitCept.php.INFO: am in path "tests/data/sandbox" [] []
[2013-06-07 02:11:12] GeneratePhpUnitCept.php.INFO: execute command "generate:phpunit dummy Dummy" [] []
[2013-06-07 02:11:15] GeneratePhpUnitCept.php.INFO: see file found "DummyTest.php" [] []
[2013-06-07 02:11:15] GeneratePhpUnitCept.php.INFO: see in this file "class DummyTest extends \PHPUnit_Framework_TestCase" [] []
[2013-06-07 02:11:15] GeneratePhpUnitCept.php.INFO: see in this file "function setUp()" [] []
[2013-06-07 02:11:15] GeneratePhpUnitCept.php.INFO: PASSED [] []
[2013-06-07 02:11:15] GenerateScenariosCept.php.INFO: am in path "tests/data/sandbox" [] []
[2013-06-07 02:11:15] GenerateScenariosCept.php.INFO: execute command "generate:scenarios dummy" [] []
[2013-06-07 02:11:16] GenerateScenariosCept.php.INFO: see file found "File_Exists.txt" within "tests/_data/scenarios" [] []
[2013-06-07 02:11:16] GenerateScenariosCept.php.INFO: see in this file "I WANT TO CHECK CONFIG EXISTS" [] []
[2013-06-07 02:11:16] GenerateScenariosCept.php.INFO: see in this file "I see file found "codeception.yml"" [] []
[2013-06-07 02:11:16] GenerateScenariosCept.php.INFO: PASSED [] []
[2013-06-07 02:11:16] GenerateSuiteCept.php.INFO: as a developer who likes testing  [] []
[2013-06-07 02:11:16] GenerateSuiteCept.php.INFO: so that i have a better tests categorization  [] []
[2013-06-07 02:11:16] GenerateSuiteCept.php.INFO: am in path "tests/data/sandbox" [] []
[2013-06-07 02:11:16] GenerateSuiteCept.php.INFO: execute command "generate:suite house HouseGuy" [] []
[2013-06-07 02:11:18] GenerateSuiteCept.php.INFO: see file found "house.suite.yml" within "tests" [] []
[2013-06-07 02:11:18] GenerateSuiteCept.php.INFO: i expect guy class is generated  [] []
[2013-06-07 02:11:18] GenerateSuiteCept.php.INFO: see in this file "class_name: HouseGuy" [] []
[2013-06-07 02:11:18] GenerateSuiteCept.php.INFO: see file found "HouseHelper.php" within "tests/_helpers" [] []
[2013-06-07 02:11:18] GenerateSuiteCept.php.INFO: see file found "_bootstrap.php" within "tests/house" [] []
[2013-06-07 02:11:18] GenerateSuiteCept.php.INFO: PASSED [] []
[2013-06-07 02:11:18] GenerateTestCept.php.INFO: am in path "tests/data/sandbox" [] []
[2013-06-07 02:11:18] GenerateTestCept.php.INFO: execute command "generate:test dummy Dummy" [] []
[2013-06-07 02:11:21] GenerateTestCept.php.INFO: see file found "DummyTest.php" [] []
[2013-06-07 02:11:22] GenerateTestCept.php.INFO: see in this file "class DummyTest extends \Codeception\TestCase\Test" [] []
[2013-06-07 02:11:22] GenerateTestCept.php.INFO: see in this file "protected $dumbGuy" [] []
[2013-06-07 02:11:22] GenerateTestCept.php.INFO: see in this file "function _before(" [] []
[2013-06-07 02:11:22] GenerateTestCept.php.INFO: PASSED [] []
[2013-06-07 02:11:22] RunIncompleteCept.php.INFO: am in path "tests/data/sandbox" [] []
[2013-06-07 02:11:22] RunIncompleteCept.php.INFO: execute command "run skipped IncompleteMeCept.php" [] []
[2013-06-07 02:11:22] RunIncompleteCept.php.INFO: see in shell output "(IncompleteMeCept.php)  INCOMPLETE" [] []
[2013-06-07 02:11:22] RunIncompleteCept.php.INFO: see in shell output "OK, but incomplete or skipped tests!" [] []
[2013-06-07 02:11:22] RunIncompleteCept.php.INFO: PASSED [] []
[2013-06-07 02:11:22] RunSkippedCept.php.INFO: am in path "tests/data/sandbox" [] []
[2013-06-07 02:11:22] RunSkippedCept.php.INFO: execute command "run skipped SkipMeCept.php" [] []
[2013-06-07 02:11:22] RunSkippedCept.php.INFO: see in shell output "(SkipMeCept.php)  SKIPPED" [] []
[2013-06-07 02:11:22] RunSkippedCept.php.INFO: see in shell output "OK, but incomplete or skipped tests!" [] []
[2013-06-07 02:11:22] RunSkippedCept.php.INFO: PASSED [] []
[2013-06-07 02:11:22] BootstrapCest.bootstrapProject.INFO: am in path "tests/data/sandbox/tests/_data/" [] []
[2013-06-07 02:11:22] BootstrapCest.bootstrapProject.INFO: execute command "bootstrap" [] []
[2013-06-07 02:11:23] BootstrapCest.bootstrapProject.INFO: see file found "codeception.yml" [] []
[2013-06-07 02:11:23] BootstrapCest.bootstrapProject.INFO: see file found "functional.suite.yml" within "tests" [] []
[2013-06-07 02:11:23] BootstrapCest.bootstrapProject.INFO: see file found "acceptance.suite.yml" within "tests" [] []
[2013-06-07 02:11:23] BootstrapCest.bootstrapProject.INFO: see file found "unit.suite.yml" within "tests" [] []
[2013-06-07 02:11:23] BootstrapCest.bootstrapProject.INFO: see file found "_bootstrap.php" within "tests/acceptance" [] []
[2013-06-07 02:11:23] BootstrapCest.bootstrapProject.INFO: see file found "_bootstrap.php" within "tests/functional" [] []
[2013-06-07 02:11:23] BootstrapCest.bootstrapProject.INFO: see file found "_bootstrap.php" within "tests/unit" [] []
[2013-06-07 02:11:23] BootstrapCest.bootstrapProject.INFO: see file found "WebGuy.php" within "tests/acceptance" [] []
[2013-06-07 02:11:23] BootstrapCest.bootstrapProject.INFO: see file found "TestGuy.php" within "tests/functional" [] []
[2013-06-07 02:11:23] BootstrapCest.bootstrapProject.INFO: see file found "CodeGuy.php" within "tests/unit" [] []
[2013-06-07 02:11:23] BootstrapCest.bootstrapProject.INFO: see file found "WebHelper.php" within "tests/_helpers" [] []
[2013-06-07 02:11:23] BootstrapCest.bootstrapProject.INFO: see file found "TestHelper.php" within "tests/_helpers" [] []
[2013-06-07 02:11:23] BootstrapCest.bootstrapProject.INFO: see file found "CodeHelper.php" within "tests/_helpers" [] []
[2013-06-07 02:11:23] BootstrapCest.bootstrapProject.INFO: see in shell output "Building Guy classes for suites" [] []
[2013-06-07 02:11:23] BootstrapCest.bootstrapProject.INFO: PASSED [] []
[2013-06-07 02:11:23] BootstrapCest.bootstrapWithNamespace.INFO: am in path "tests/data/sandbox/tests/_data/" [] []
[2013-06-07 02:11:23] BootstrapCest.bootstrapWithNamespace.INFO: execute command "bootstrap --namespace Generated" [] []
[2013-06-07 02:11:26] BootstrapCest.bootstrapWithNamespace.INFO: see in shell output "Building Guy classes for suites" [] []
[2013-06-07 02:11:26] BootstrapCest.bootstrapWithNamespace.INFO: see file found "codeception.yml" [] []
[2013-06-07 02:11:26] BootstrapCest.bootstrapWithNamespace.INFO: see in this file "namespace: Generated" [] []
[2013-06-07 02:11:26] BootstrapCest.bootstrapWithNamespace.INFO: don't see in this file "namespace Generated\" [] []
[2013-06-07 02:11:26] BootstrapCest.bootstrapWithNamespace.INFO: see file found "functional.suite.yml" within "tests" [] []
[2013-06-07 02:11:26] BootstrapCest.bootstrapWithNamespace.INFO: see file found "acceptance.suite.yml" within "tests" [] []
[2013-06-07 02:11:26] BootstrapCest.bootstrapWithNamespace.INFO: see file found "unit.suite.yml" within "tests" [] []
[2013-06-07 02:11:26] BootstrapCest.bootstrapWithNamespace.INFO: see file found "_bootstrap.php" within "tests/acceptance" [] []
[2013-06-07 02:11:26] BootstrapCest.bootstrapWithNamespace.INFO: see file found "_bootstrap.php" within "tests/functional" [] []
[2013-06-07 02:11:26] BootstrapCest.bootstrapWithNamespace.INFO: see file found "_bootstrap.php" within "tests/unit" [] []
[2013-06-07 02:11:26] BootstrapCest.bootstrapWithNamespace.INFO: see file found "WebGuy.php" within "tests/acceptance" [] []
[2013-06-07 02:11:26] BootstrapCest.bootstrapWithNamespace.INFO: see file found "TestGuy.php" within "tests/functional" [] []
[2013-06-07 02:11:26] BootstrapCest.bootstrapWithNamespace.INFO: see file found "CodeGuy.php" within "tests/unit" [] []
[2013-06-07 02:11:26] BootstrapCest.bootstrapWithNamespace.INFO: see file found "WebHelper.php" within "tests/_helpers" [] []
[2013-06-07 02:11:26] BootstrapCest.bootstrapWithNamespace.INFO: see file found "TestHelper.php" within "tests/_helpers" [] []
[2013-06-07 02:11:26] BootstrapCest.bootstrapWithNamespace.INFO: see file found "CodeHelper.php" within "tests/_helpers" [] []
[2013-06-07 02:11:26] BootstrapCest.bootstrapWithNamespace.INFO: see file found "WebHelper.php" [] []
[2013-06-07 02:11:26] BootstrapCest.bootstrapWithNamespace.INFO: see in this file "namespace Generated\Codeception\Module;" [] []
[2013-06-07 02:11:26] BootstrapCest.bootstrapWithNamespace.INFO: see file found "WebGuy.php" [] []
[2013-06-07 02:11:26] BootstrapCest.bootstrapWithNamespace.INFO: see in this file "namespace Generated\Codeception;" [] []
[2013-06-07 02:11:26] BootstrapCest.bootstrapWithNamespace.INFO: PASSED [] []
[2013-06-07 02:11:26] OrderCest.checkOneFile.INFO: am in path "tests/data/sandbox" [] []
[2013-06-07 02:11:26] OrderCest.checkOneFile.INFO: execute command "run order LoadingOrderCept.php" [] []
[2013-06-07 02:11:26] OrderCest.checkOneFile.INFO: i expect initialization, bootstrap(b), before suite, before, bootstrap(b), test(t), after, after suite  [] []
[2013-06-07 02:11:26] OrderCest.checkOneFile.INFO: see file found "order.txt" within "tests/_log" [] []
[2013-06-07 02:11:26] OrderCest.checkOneFile.INFO: see in this file "IBS([BST])" [] []
[2013-06-07 02:11:26] OrderCest.checkOneFile.INFO: PASSED [] []
[2013-06-07 02:11:26] OrderCest.checkForFails.INFO: am in path "tests/data/sandbox" [] []
[2013-06-07 02:11:26] OrderCest.checkForFails.INFO: execute command "run order FailedCept.php --no-exit" [] []
[2013-06-07 02:11:26] OrderCest.checkForFails.INFO: see file found "order.txt" within "tests/_log" [] []
[2013-06-07 02:11:26] OrderCest.checkForFails.INFO: i expect initialization, bootstrap, before suite, before, bootstrap, test, fail, after, after suite  [] []
[2013-06-07 02:11:26] OrderCest.checkForFails.INFO: see in this file "IBS([BSTF])" [] []
[2013-06-07 02:11:26] OrderCest.checkForFails.INFO: PASSED [] []
[2013-06-07 02:11:26] OrderCest.checkTwoFiles.INFO: am in path "tests/data/sandbox" [] []
[2013-06-07 02:11:26] OrderCest.checkTwoFiles.INFO: execute command "run order --no-exit" [] []
[2013-06-07 02:11:26] OrderCest.checkTwoFiles.INFO: see file found "order.txt" within "tests/_log" [] []
[2013-06-07 02:11:26] OrderCest.checkTwoFiles.INFO: see in this file "IBSBSBS([BST][BSTF][BST])" [] []
[2013-06-07 02:11:26] OrderCest.checkTwoFiles.INFO: PASSED [] []
[2013-06-07 02:11:26] RunCest.runOneFile.INFO: am in path "tests/data/sandbox" [] []
[2013-06-07 02:11:26] RunCest.runOneFile.INFO: execute command "run tests/dummy/FileExistsCept.php" [] []
[2013-06-07 02:11:26] RunCest.runOneFile.ALERT: Result code was 1.

Codeception PHP Testing Framework v1.6.3-dev
Powered by PHPUnit 3.7.19 by Sebastian Bergmann. [] []
[2013-06-07 02:11:26] RunCest.runOneFile.INFO: # FAILED # [] []
[2013-06-07 02:11:26] RunCest.runOneFile.INFO: PASSED [] []
[2013-06-07 02:11:26] RunCest.runHtml.INFO: am in path "tests/data/sandbox" [] []
[2013-06-07 02:11:26] RunCest.runHtml.INFO: execute command "run dummy --html" [] []
[2013-06-07 02:11:26] RunCest.runHtml.INFO: see file found "report.html" within "tests/_log" [] []
[2013-06-07 02:11:26] RunCest.runHtml.INFO: PASSED [] []
[2013-06-07 02:11:26] RunCest.runJsonReport.INFO: am in path "tests/data/sandbox" [] []
[2013-06-07 02:11:26] RunCest.runJsonReport.INFO: execute command "run dummy --json" [] []
[2013-06-07 02:11:26] RunCest.runJsonReport.INFO: see file found "report.json" within "tests/_log" [] []
[2013-06-07 02:11:26] RunCest.runJsonReport.INFO: see in this file ""suite":" [] []
[2013-06-07 02:11:26] RunCest.runJsonReport.INFO: see in this file ""dummy"" [] []
[2013-06-07 02:11:26] RunCest.runJsonReport.INFO: PASSED [] []
[2013-06-07 02:11:26] RunCest.runTapReport.INFO: am in path "tests/data/sandbox" [] []
[2013-06-07 02:11:26] RunCest.runTapReport.INFO: execute command "run dummy --tap" [] []
[2013-06-07 02:11:27] RunCest.runTapReport.INFO: see file found "report.tap.log" within "tests/_log" [] []
[2013-06-07 02:11:27] RunCest.runTapReport.INFO: PASSED [] []
[2013-06-07 02:11:27] RunCest.runXmlReport.INFO: am in path "tests/data/sandbox" [] []
[2013-06-07 02:11:27] RunCest.runXmlReport.INFO: execute command "run dummy --xml" [] []
[2013-06-07 02:11:27] RunCest.runXmlReport.INFO: see file found "report.xml" within "tests/_log" [] []
[2013-06-07 02:11:27] RunCest.runXmlReport.INFO: see in this file "<?xml" [] []
[2013-06-07 02:11:27] RunCest.runXmlReport.INFO: see in this file "<testsuite name="dummy"" [] []
[2013-06-07 02:11:27] RunCest.runXmlReport.INFO: see in this file "<testcase file="FileExistsCept.php"" [] []
[2013-06-07 02:11:27] RunCest.runXmlReport.INFO: PASSED [] []
[2013-06-07 02:11:27] RunCest.runReportMode.INFO: am in path "tests/data/sandbox" [] []
[2013-06-07 02:11:27] RunCest.runReportMode.INFO: execute command "run dummy --report" [] []
[2013-06-07 02:11:27] RunCest.runReportMode.INFO: see in shell output "FileExistsCept.php" [] []
[2013-06-07 02:11:27] RunCest.runReportMode.INFO: see in shell output "........Ok" [] []
[2013-06-07 02:11:27] RunCest.runReportMode.INFO: PASSED [] []
[2013-06-07 02:11:27] RunCest.runOneGroup.INFO: am in path "tests/data/sandbox" [] []
[2013-06-07 02:11:27] RunCest.runOneGroup.INFO: execute command "run skipped -g notorun" [] []
[2013-06-07 02:11:27] RunCest.runOneGroup.INFO: see in shell output "Incomplete" [] []
[2013-06-07 02:11:27] RunCest.runOneGroup.INFO: don't see in shell output "Skipped" [] []
[2013-06-07 02:11:27] RunCest.runOneGroup.INFO: PASSED [] []
[2013-06-07 02:11:27] RunCest.runTwoSuites.INFO: am in path "tests/data/sandbox" [] []
[2013-06-07 02:11:27] RunCest.runTwoSuites.INFO: execute command "run skipped,dummy --no-exit" [] []
[2013-06-07 02:11:27] RunCest.runTwoSuites.INFO: see in shell output "Suite skipped started" [] []
[2013-06-07 02:11:27] RunCest.runTwoSuites.INFO: see in shell output "Suite dummy started" [] []
[2013-06-07 02:11:27] RunCest.runTwoSuites.INFO: don't see in shell output "Suite remote started" [] []
[2013-06-07 02:11:27] RunCest.runTwoSuites.INFO: PASSED [] []
[2013-06-07 02:11:27] RunCest.skipSuites.INFO: am in path "tests/data/sandbox" [] []
[2013-06-07 02:11:27] RunCest.skipSuites.INFO: execute command "run --skip skipped --skip remote --skip remote_server --skip order" [] []
[2013-06-07 02:11:27] RunCest.skipSuites.INFO: see in shell output "Suite dummy started" [] []
[2013-06-07 02:11:27] RunCest.skipSuites.INFO: don't see in shell output "Suite remote started" [] []
[2013-06-07 02:11:27] RunCest.skipSuites.INFO: don't see in shell output "Suite remote_server started" [] []
[2013-06-07 02:11:27] RunCest.skipSuites.INFO: don't see in shell output "Suite order started" [] []
[2013-06-07 02:11:27] RunCest.skipSuites.INFO: PASSED [] []
[2013-06-07 02:11:54] BuildCept.php.INFO: run shell commmand "php codecept build" [] []
[2013-06-07 02:11:55] BuildCept.php.INFO: see in shell output "generated successfully" [] []
[2013-06-07 02:11:55] BuildCept.php.INFO: see file found "CodeGuy.php" within "tests/unit" [] []
[2013-06-07 02:11:55] BuildCept.php.INFO: see file found "CliGuy.php" within "tests/cli" [] []
[2013-06-07 02:11:55] BuildCept.php.INFO: see in this file "seeFileFound(" [] []
[2013-06-07 02:11:55] BuildCept.php.INFO: PASSED [] []
[2013-06-07 02:11:55] GenerateCeptCept.php.INFO: am in path "tests/data/sandbox" [] []
[2013-06-07 02:11:55] GenerateCeptCept.php.INFO: execute command "generate:cept dummy DummyCept" [] []
[2013-06-07 02:11:56] GenerateCeptCept.php.INFO: see file found "DummyCept.php" within "tests/dummy" [] []
[2013-06-07 02:11:56] GenerateCeptCept.php.INFO: see in this file "$I = new DumbGuy($scenario);" [] []
[2013-06-07 02:11:56] GenerateCeptCept.php.INFO: delete this file  [] []
[2013-06-07 02:11:56] GenerateCeptCept.php.INFO: i am going to create scenario in folder  [] []
[2013-06-07 02:11:56] GenerateCeptCept.php.INFO: execute command "generate:cept dummy path/DummyCept" [] []
[2013-06-07 02:11:57] GenerateCeptCept.php.INFO: see file found "DummyCept.php" within "tests/dummy/path" [] []
[2013-06-07 02:11:57] GenerateCeptCept.php.INFO: delete this file  [] []
[2013-06-07 02:11:57] GenerateCeptCept.php.INFO: i am going to create file with cept.php suffix  [] []
[2013-06-07 02:11:57] GenerateCeptCept.php.INFO: execute command "generate:cept dummy DummyCept.php" [] []
[2013-06-07 02:11:59] GenerateCeptCept.php.INFO: see file found "DummyCept.php" [] []
[2013-06-07 02:11:59] GenerateCeptCept.php.INFO: delete this file  [] []
[2013-06-07 02:11:59] GenerateCeptCept.php.INFO: i am going to create file without any suffix  [] []
[2013-06-07 02:11:59] GenerateCeptCept.php.INFO: execute command "generate:cept dummy Dummy" [] []
[2013-06-07 02:12:00] GenerateCeptCept.php.INFO: see file found "DummyCept.php" [] []
[2013-06-07 02:12:00] GenerateCeptCept.php.INFO: PASSED [] []
[2013-06-07 02:12:00] GenerateCestCept.php.INFO: am in path "tests/data/sandbox" [] []
[2013-06-07 02:12:00] GenerateCestCept.php.INFO: execute command "generate:cest dummy DummyClass" [] []
[2013-06-07 02:12:03] GenerateCestCept.php.INFO: see file found "DummyClassCest.php" [] []
[2013-06-07 02:12:03] GenerateCestCept.php.INFO: see in this file "class DummyClassCest" [] []
[2013-06-07 02:12:03] GenerateCestCept.php.INFO: PASSED [] []
[2013-06-07 02:12:03] GeneratePhpUnitCept.php.INFO: am in path "tests/data/sandbox" [] []
[2013-06-07 02:12:03] GeneratePhpUnitCept.php.INFO: execute command "generate:phpunit dummy Dummy" [] []
[2013-06-07 02:12:04] GeneratePhpUnitCept.php.INFO: see file found "DummyTest.php" [] []
[2013-06-07 02:12:04] GeneratePhpUnitCept.php.INFO: see in this file "class DummyTest extends \PHPUnit_Framework_TestCase" [] []
[2013-06-07 02:12:04] GeneratePhpUnitCept.php.INFO: see in this file "function setUp()" [] []
[2013-06-07 02:12:04] GeneratePhpUnitCept.php.INFO: PASSED [] []
[2013-06-07 02:12:04] GenerateScenariosCept.php.INFO: am in path "tests/data/sandbox" [] []
[2013-06-07 02:12:04] GenerateScenariosCept.php.INFO: execute command "generate:scenarios dummy" [] []
[2013-06-07 02:12:06] GenerateScenariosCept.php.INFO: see file found "File_Exists.txt" within "tests/_data/scenarios" [] []
[2013-06-07 02:12:06] GenerateScenariosCept.php.INFO: see in this file "I WANT TO CHECK CONFIG EXISTS" [] []
[2013-06-07 02:12:06] GenerateScenariosCept.php.INFO: see in this file "I see file found "codeception.yml"" [] []
[2013-06-07 02:12:06] GenerateScenariosCept.php.INFO: PASSED [] []
[2013-06-07 02:12:06] GenerateSuiteCept.php.INFO: as a developer who likes testing  [] []
[2013-06-07 02:12:06] GenerateSuiteCept.php.INFO: so that i have a better tests categorization  [] []
[2013-06-07 02:12:06] GenerateSuiteCept.php.INFO: am in path "tests/data/sandbox" [] []
[2013-06-07 02:12:06] GenerateSuiteCept.php.INFO: execute command "generate:suite house HouseGuy" [] []
[2013-06-07 02:12:10] GenerateSuiteCept.php.INFO: see file found "house.suite.yml" within "tests" [] []
[2013-06-07 02:12:10] GenerateSuiteCept.php.INFO: i expect guy class is generated  [] []
[2013-06-07 02:12:10] GenerateSuiteCept.php.INFO: see in this file "class_name: HouseGuy" [] []
[2013-06-07 02:12:10] GenerateSuiteCept.php.INFO: see file found "HouseHelper.php" within "tests/_helpers" [] []
[2013-06-07 02:12:10] GenerateSuiteCept.php.INFO: see file found "_bootstrap.php" within "tests/house" [] []
[2013-06-07 02:12:10] GenerateSuiteCept.php.INFO: PASSED [] []
[2013-06-07 02:12:10] GenerateTestCept.php.INFO: am in path "tests/data/sandbox" [] []
[2013-06-07 02:12:10] GenerateTestCept.php.INFO: execute command "generate:test dummy Dummy" [] []
[2013-06-07 02:12:10] GenerateTestCept.php.INFO: see file found "DummyTest.php" [] []
[2013-06-07 02:12:10] GenerateTestCept.php.INFO: see in this file "class DummyTest extends \Codeception\TestCase\Test" [] []
[2013-06-07 02:12:10] GenerateTestCept.php.INFO: see in this file "protected $dumbGuy" [] []
[2013-06-07 02:12:10] GenerateTestCept.php.INFO: see in this file "function _before(" [] []
[2013-06-07 02:12:10] GenerateTestCept.php.INFO: PASSED [] []
[2013-06-07 02:12:10] RunIncompleteCept.php.INFO: am in path "tests/data/sandbox" [] []
[2013-06-07 02:12:10] RunIncompleteCept.php.INFO: execute command "run skipped IncompleteMeCept.php" [] []
[2013-06-07 02:12:11] RunIncompleteCept.php.INFO: see in shell output "(IncompleteMeCept.php)  INCOMPLETE" [] []
[2013-06-07 02:12:11] RunIncompleteCept.php.INFO: see in shell output "OK, but incomplete or skipped tests!" [] []
[2013-06-07 02:12:11] RunIncompleteCept.php.INFO: PASSED [] []
[2013-06-07 02:12:11] RunSkippedCept.php.INFO: am in path "tests/data/sandbox" [] []
[2013-06-07 02:12:11] RunSkippedCept.php.INFO: execute command "run skipped SkipMeCept.php" [] []
[2013-06-07 02:12:11] RunSkippedCept.php.INFO: see in shell output "(SkipMeCept.php)  SKIPPED" [] []
[2013-06-07 02:12:11] RunSkippedCept.php.INFO: see in shell output "OK, but incomplete or skipped tests!" [] []
[2013-06-07 02:12:11] RunSkippedCept.php.INFO: PASSED [] []
[2013-06-07 02:12:11] BootstrapCest.bootstrapProject.INFO: am in path "tests/data/sandbox/tests/_data/" [] []
[2013-06-07 02:12:11] BootstrapCest.bootstrapProject.INFO: execute command "bootstrap" [] []
[2013-06-07 02:12:13] BootstrapCest.bootstrapProject.INFO: see file found "codeception.yml" [] []
[2013-06-07 02:12:13] BootstrapCest.bootstrapProject.INFO: see file found "functional.suite.yml" within "tests" [] []
[2013-06-07 02:12:13] BootstrapCest.bootstrapProject.INFO: see file found "acceptance.suite.yml" within "tests" [] []
[2013-06-07 02:12:13] BootstrapCest.bootstrapProject.INFO: see file found "unit.suite.yml" within "tests" [] []
[2013-06-07 02:12:13] BootstrapCest.bootstrapProject.INFO: see file found "_bootstrap.php" within "tests/acceptance" [] []
[2013-06-07 02:12:13] BootstrapCest.bootstrapProject.INFO: see file found "_bootstrap.php" within "tests/functional" [] []
[2013-06-07 02:12:13] BootstrapCest.bootstrapProject.INFO: see file found "_bootstrap.php" within "tests/unit" [] []
[2013-06-07 02:12:13] BootstrapCest.bootstrapProject.INFO: see file found "WebGuy.php" within "tests/acceptance" [] []
[2013-06-07 02:12:13] BootstrapCest.bootstrapProject.INFO: see file found "TestGuy.php" within "tests/functional" [] []
[2013-06-07 02:12:13] BootstrapCest.bootstrapProject.INFO: see file found "CodeGuy.php" within "tests/unit" [] []
[2013-06-07 02:12:13] BootstrapCest.bootstrapProject.INFO: see file found "WebHelper.php" within "tests/_helpers" [] []
[2013-06-07 02:12:13] BootstrapCest.bootstrapProject.INFO: see file found "TestHelper.php" within "tests/_helpers" [] []
[2013-06-07 02:12:13] BootstrapCest.bootstrapProject.INFO: see file found "CodeHelper.php" within "tests/_helpers" [] []
[2013-06-07 02:12:13] BootstrapCest.bootstrapProject.INFO: see in shell output "Building Guy classes for suites" [] []
[2013-06-07 02:12:13] BootstrapCest.bootstrapProject.INFO: PASSED [] []
[2013-06-07 02:12:13] BootstrapCest.bootstrapWithNamespace.INFO: am in path "tests/data/sandbox/tests/_data/" [] []
[2013-06-07 02:12:13] BootstrapCest.bootstrapWithNamespace.INFO: execute command "bootstrap --namespace Generated" [] []
[2013-06-07 02:12:14] BootstrapCest.bootstrapWithNamespace.INFO: see in shell output "Building Guy classes for suites" [] []
[2013-06-07 02:12:14] BootstrapCest.bootstrapWithNamespace.INFO: see file found "codeception.yml" [] []
[2013-06-07 02:12:14] BootstrapCest.bootstrapWithNamespace.INFO: see in this file "namespace: Generated" [] []
[2013-06-07 02:12:14] BootstrapCest.bootstrapWithNamespace.INFO: don't see in this file "namespace Generated\" [] []
[2013-06-07 02:12:14] BootstrapCest.bootstrapWithNamespace.INFO: see file found "functional.suite.yml" within "tests" [] []
[2013-06-07 02:12:14] BootstrapCest.bootstrapWithNamespace.INFO: see file found "acceptance.suite.yml" within "tests" [] []
[2013-06-07 02:12:14] BootstrapCest.bootstrapWithNamespace.INFO: see file found "unit.suite.yml" within "tests" [] []
[2013-06-07 02:12:14] BootstrapCest.bootstrapWithNamespace.INFO: see file found "_bootstrap.php" within "tests/acceptance" [] []
[2013-06-07 02:12:14] BootstrapCest.bootstrapWithNamespace.INFO: see file found "_bootstrap.php" within "tests/functional" [] []
[2013-06-07 02:12:14] BootstrapCest.bootstrapWithNamespace.INFO: see file found "_bootstrap.php" within "tests/unit" [] []
[2013-06-07 02:12:14] BootstrapCest.bootstrapWithNamespace.INFO: see file found "WebGuy.php" within "tests/acceptance" [] []
[2013-06-07 02:12:14] BootstrapCest.bootstrapWithNamespace.INFO: see file found "TestGuy.php" within "tests/functional" [] []
[2013-06-07 02:12:14] BootstrapCest.bootstrapWithNamespace.INFO: see file found "CodeGuy.php" within "tests/unit" [] []
[2013-06-07 02:12:14] BootstrapCest.bootstrapWithNamespace.INFO: see file found "WebHelper.php" within "tests/_helpers" [] []
[2013-06-07 02:12:14] BootstrapCest.bootstrapWithNamespace.INFO: see file found "TestHelper.php" within "tests/_helpers" [] []
[2013-06-07 02:12:14] BootstrapCest.bootstrapWithNamespace.INFO: see file found "CodeHelper.php" within "tests/_helpers" [] []
[2013-06-07 02:12:14] BootstrapCest.bootstrapWithNamespace.INFO: see file found "WebHelper.php" [] []
[2013-06-07 02:12:14] BootstrapCest.bootstrapWithNamespace.INFO: see in this file "namespace Generated\Codeception\Module;" [] []
[2013-06-07 02:12:14] BootstrapCest.bootstrapWithNamespace.INFO: see file found "WebGuy.php" [] []
[2013-06-07 02:12:14] BootstrapCest.bootstrapWithNamespace.INFO: see in this file "namespace Generated\Codeception;" [] []
[2013-06-07 02:12:14] BootstrapCest.bootstrapWithNamespace.INFO: PASSED [] []
[2013-06-07 02:12:14] OrderCest.checkOneFile.INFO: am in path "tests/data/sandbox" [] []
[2013-06-07 02:12:14] OrderCest.checkOneFile.INFO: execute command "run order LoadingOrderCept.php" [] []
[2013-06-07 02:12:15] OrderCest.checkOneFile.INFO: i expect initialization, bootstrap(b), before suite, before, bootstrap(b), test(t), after, after suite  [] []
[2013-06-07 02:12:15] OrderCest.checkOneFile.INFO: see file found "order.txt" within "tests/_log" [] []
[2013-06-07 02:12:15] OrderCest.checkOneFile.INFO: see in this file "IBS([BST])" [] []
[2013-06-07 02:12:15] OrderCest.checkOneFile.INFO: PASSED [] []
[2013-06-07 02:12:15] OrderCest.checkForFails.INFO: am in path "tests/data/sandbox" [] []
[2013-06-07 02:12:15] OrderCest.checkForFails.INFO: execute command "run order FailedCept.php --no-exit" [] []
[2013-06-07 02:12:15] OrderCest.checkForFails.INFO: see file found "order.txt" within "tests/_log" [] []
[2013-06-07 02:12:15] OrderCest.checkForFails.INFO: i expect initialization, bootstrap, before suite, before, bootstrap, test, fail, after, after suite  [] []
[2013-06-07 02:12:15] OrderCest.checkForFails.INFO: see in this file "IBS([BSTF])" [] []
[2013-06-07 02:12:15] OrderCest.checkForFails.INFO: PASSED [] []
[2013-06-07 02:12:15] OrderCest.checkTwoFiles.INFO: am in path "tests/data/sandbox" [] []
[2013-06-07 02:12:15] OrderCest.checkTwoFiles.INFO: execute command "run order --no-exit" [] []
[2013-06-07 02:12:15] OrderCest.checkTwoFiles.INFO: see file found "order.txt" within "tests/_log" [] []
[2013-06-07 02:12:15] OrderCest.checkTwoFiles.INFO: see in this file "IBSBSBS([BST][BSTF][BST])" [] []
[2013-06-07 02:12:15] OrderCest.checkTwoFiles.INFO: PASSED [] []
[2013-06-07 02:12:15] RunCest.runOneFile.INFO: am in path "tests/data/sandbox" [] []
[2013-06-07 02:12:15] RunCest.runOneFile.INFO: execute command "run tests/dummy/FileExistsCept.php" [] []
[2013-06-07 02:12:15] RunCest.runOneFile.INFO: see file found "report.html" within "tests/_log" [] []
[2013-06-07 02:12:15] RunCest.runOneFile.INFO: see in shell output "OK (" [] []
[2013-06-07 02:12:15] RunCest.runOneFile.INFO: PASSED [] []
[2013-06-07 02:12:15] RunCest.runHtml.INFO: am in path "tests/data/sandbox" [] []
[2013-06-07 02:12:15] RunCest.runHtml.INFO: execute command "run dummy --html" [] []
[2013-06-07 02:12:15] RunCest.runHtml.INFO: see file found "report.html" within "tests/_log" [] []
[2013-06-07 02:12:15] RunCest.runHtml.INFO: PASSED [] []
[2013-06-07 02:12:15] RunCest.runJsonReport.INFO: am in path "tests/data/sandbox" [] []
[2013-06-07 02:12:15] RunCest.runJsonReport.INFO: execute command "run dummy --json" [] []
[2013-06-07 02:12:15] RunCest.runJsonReport.INFO: see file found "report.json" within "tests/_log" [] []
[2013-06-07 02:12:15] RunCest.runJsonReport.INFO: see in this file ""suite":" [] []
[2013-06-07 02:12:15] RunCest.runJsonReport.INFO: see in this file ""dummy"" [] []
[2013-06-07 02:12:15] RunCest.runJsonReport.INFO: PASSED [] []
[2013-06-07 02:12:15] RunCest.runTapReport.INFO: am in path "tests/data/sandbox" [] []
[2013-06-07 02:12:15] RunCest.runTapReport.INFO: execute command "run dummy --tap" [] []
[2013-06-07 02:12:15] RunCest.runTapReport.INFO: see file found "report.tap.log" within "tests/_log" [] []
[2013-06-07 02:12:15] RunCest.runTapReport.INFO: PASSED [] []
[2013-06-07 02:12:15] RunCest.runXmlReport.INFO: am in path "tests/data/sandbox" [] []
[2013-06-07 02:12:15] RunCest.runXmlReport.INFO: execute command "run dummy --xml" [] []
[2013-06-07 02:12:16] RunCest.runXmlReport.INFO: see file found "report.xml" within "tests/_log" [] []
[2013-06-07 02:12:16] RunCest.runXmlReport.INFO: see in this file "<?xml" [] []
[2013-06-07 02:12:16] RunCest.runXmlReport.INFO: see in this file "<testsuite name="dummy"" [] []
[2013-06-07 02:12:16] RunCest.runXmlReport.INFO: see in this file "<testcase file="FileExistsCept.php"" [] []
[2013-06-07 02:12:16] RunCest.runXmlReport.INFO: PASSED [] []
[2013-06-07 02:12:16] RunCest.runReportMode.INFO: am in path "tests/data/sandbox" [] []
[2013-06-07 02:12:16] RunCest.runReportMode.INFO: execute command "run dummy --report" [] []
[2013-06-07 02:12:16] RunCest.runReportMode.INFO: see in shell output "FileExistsCept.php" [] []
[2013-06-07 02:12:16] RunCest.runReportMode.INFO: see in shell output "........Ok" [] []
[2013-06-07 02:12:16] RunCest.runReportMode.INFO: PASSED [] []
[2013-06-07 02:12:16] RunCest.runOneGroup.INFO: am in path "tests/data/sandbox" [] []
[2013-06-07 02:12:16] RunCest.runOneGroup.INFO: execute command "run skipped -g notorun" [] []
[2013-06-07 02:12:16] RunCest.runOneGroup.INFO: see in shell output "Incomplete" [] []
[2013-06-07 02:12:16] RunCest.runOneGroup.INFO: don't see in shell output "Skipped" [] []
[2013-06-07 02:12:16] RunCest.runOneGroup.INFO: PASSED [] []
[2013-06-07 02:12:16] RunCest.runTwoSuites.INFO: am in path "tests/data/sandbox" [] []
[2013-06-07 02:12:16] RunCest.runTwoSuites.INFO: execute command "run skipped,dummy --no-exit" [] []
[2013-06-07 02:12:16] RunCest.runTwoSuites.INFO: see in shell output "Suite skipped started" [] []
[2013-06-07 02:12:16] RunCest.runTwoSuites.INFO: see in shell output "Suite dummy started" [] []
[2013-06-07 02:12:16] RunCest.runTwoSuites.INFO: don't see in shell output "Suite remote started" [] []
[2013-06-07 02:12:16] RunCest.runTwoSuites.INFO: PASSED [] []
[2013-06-07 02:12:16] RunCest.skipSuites.INFO: am in path "tests/data/sandbox" [] []
[2013-06-07 02:12:16] RunCest.skipSuites.INFO: execute command "run --skip skipped --skip remote --skip remote_server --skip order" [] []
[2013-06-07 02:12:16] RunCest.skipSuites.INFO: see in shell output "Suite dummy started" [] []
[2013-06-07 02:12:16] RunCest.skipSuites.INFO: don't see in shell output "Suite remote started" [] []
[2013-06-07 02:12:16] RunCest.skipSuites.INFO: don't see in shell output "Suite remote_server started" [] []
[2013-06-07 02:12:16] RunCest.skipSuites.INFO: don't see in shell output "Suite order started" [] []
[2013-06-07 02:12:16] RunCest.skipSuites.INFO: PASSED [] []
[2013-06-07 02:23:02] BuildCept.php.INFO: run shell commmand "php codecept build" [] []
[2013-06-07 02:23:03] BuildCept.php.INFO: see in shell output "generated successfully" [] []
[2013-06-07 02:23:03] BuildCept.php.INFO: see file found "CodeGuy.php" within "tests/unit" [] []
[2013-06-07 02:23:03] BuildCept.php.INFO: see file found "CliGuy.php" within "tests/cli" [] []
[2013-06-07 02:23:03] BuildCept.php.INFO: see in this file "seeFileFound(" [] []
[2013-06-07 02:23:03] BuildCept.php.INFO: PASSED [] []
[2013-06-07 02:23:03] GenerateCeptCept.php.INFO: am in path "tests/data/sandbox" [] []
[2013-06-07 02:23:03] GenerateCeptCept.php.INFO: execute command "generate:cept dummy DummyCept" [] []
[2013-06-07 02:23:04] GenerateCeptCept.php.INFO: see file found "DummyCept.php" within "tests/dummy" [] []
[2013-06-07 02:23:04] GenerateCeptCept.php.INFO: see in this file "$I = new DumbGuy($scenario);" [] []
[2013-06-07 02:23:04] GenerateCeptCept.php.INFO: delete this file  [] []
[2013-06-07 02:23:04] GenerateCeptCept.php.INFO: i am going to create scenario in folder  [] []
[2013-06-07 02:23:04] GenerateCeptCept.php.INFO: execute command "generate:cept dummy path/DummyCept" [] []
[2013-06-07 02:23:04] GenerateCeptCept.php.INFO: see file found "DummyCept.php" within "tests/dummy/path" [] []
[2013-06-07 02:23:04] GenerateCeptCept.php.INFO: delete this file  [] []
[2013-06-07 02:23:04] GenerateCeptCept.php.INFO: i am going to create file with cept.php suffix  [] []
[2013-06-07 02:23:04] GenerateCeptCept.php.INFO: execute command "generate:cept dummy DummyCept.php" [] []
[2013-06-07 02:23:05] GenerateCeptCept.php.INFO: see file found "DummyCept.php" [] []
[2013-06-07 02:23:05] GenerateCeptCept.php.INFO: delete this file  [] []
[2013-06-07 02:23:05] GenerateCeptCept.php.INFO: i am going to create file without any suffix  [] []
[2013-06-07 02:23:05] GenerateCeptCept.php.INFO: execute command "generate:cept dummy Dummy" [] []
[2013-06-07 02:23:05] GenerateCeptCept.php.INFO: see file found "DummyCept.php" [] []
[2013-06-07 02:23:05] GenerateCeptCept.php.INFO: PASSED [] []
[2013-06-07 02:23:05] GenerateCestCept.php.INFO: am in path "tests/data/sandbox" [] []
[2013-06-07 02:23:05] GenerateCestCept.php.INFO: execute command "generate:cest dummy DummyClass" [] []
[2013-06-07 02:23:06] GenerateCestCept.php.INFO: see file found "DummyClassCest.php" [] []
[2013-06-07 02:23:06] GenerateCestCept.php.INFO: see in this file "class DummyClassCest" [] []
[2013-06-07 02:23:06] GenerateCestCept.php.INFO: PASSED [] []
[2013-06-07 02:23:06] GeneratePhpUnitCept.php.INFO: am in path "tests/data/sandbox" [] []
[2013-06-07 02:23:06] GeneratePhpUnitCept.php.INFO: execute command "generate:phpunit dummy Dummy" [] []
[2013-06-07 02:23:07] GeneratePhpUnitCept.php.INFO: see file found "DummyTest.php" [] []
[2013-06-07 02:23:07] GeneratePhpUnitCept.php.INFO: see in this file "class DummyTest extends \PHPUnit_Framework_TestCase" [] []
[2013-06-07 02:23:07] GeneratePhpUnitCept.php.INFO: see in this file "function setUp()" [] []
[2013-06-07 02:23:07] GeneratePhpUnitCept.php.INFO: PASSED [] []
[2013-06-07 02:23:07] GenerateScenariosCept.php.INFO: am in path "tests/data/sandbox" [] []
[2013-06-07 02:23:07] GenerateScenariosCept.php.INFO: execute command "generate:scenarios dummy" [] []
[2013-06-07 02:23:07] GenerateScenariosCept.php.INFO: see file found "File_Exists.txt" within "tests/_data/scenarios" [] []
[2013-06-07 02:23:08] GenerateScenariosCept.php.INFO: see in this file "I WANT TO CHECK CONFIG EXISTS" [] []
[2013-06-07 02:23:08] GenerateScenariosCept.php.INFO: see in this file "I see file found "codeception.yml"" [] []
[2013-06-07 02:23:08] GenerateScenariosCept.php.INFO: PASSED [] []
[2013-06-07 02:23:08] GenerateSuiteCept.php.INFO: as a developer who likes testing  [] []
[2013-06-07 02:23:08] GenerateSuiteCept.php.INFO: so that i have a better tests categorization  [] []
[2013-06-07 02:23:08] GenerateSuiteCept.php.INFO: am in path "tests/data/sandbox" [] []
[2013-06-07 02:23:08] GenerateSuiteCept.php.INFO: execute command "generate:suite house HouseGuy" [] []
[2013-06-07 02:23:08] GenerateSuiteCept.php.INFO: see file found "house.suite.yml" within "tests" [] []
[2013-06-07 02:23:08] GenerateSuiteCept.php.INFO: i expect guy class is generated  [] []
[2013-06-07 02:23:08] GenerateSuiteCept.php.INFO: see in this file "class_name: HouseGuy" [] []
[2013-06-07 02:23:08] GenerateSuiteCept.php.INFO: see file found "HouseHelper.php" within "tests/_helpers" [] []
[2013-06-07 02:23:08] GenerateSuiteCept.php.INFO: see file found "_bootstrap.php" within "tests/house" [] []
[2013-06-07 02:23:08] GenerateSuiteCept.php.INFO: PASSED [] []
[2013-06-07 02:23:08] GenerateTestCept.php.INFO: am in path "tests/data/sandbox" [] []
[2013-06-07 02:23:08] GenerateTestCept.php.INFO: execute command "generate:test dummy Dummy" [] []
[2013-06-07 02:23:09] GenerateTestCept.php.INFO: see file found "DummyTest.php" [] []
[2013-06-07 02:23:09] GenerateTestCept.php.INFO: see in this file "class DummyTest extends \Codeception\TestCase\Test" [] []
[2013-06-07 02:23:09] GenerateTestCept.php.INFO: see in this file "protected $dumbGuy" [] []
[2013-06-07 02:23:09] GenerateTestCept.php.INFO: see in this file "function _before(" [] []
[2013-06-07 02:23:09] GenerateTestCept.php.INFO: PASSED [] []
[2013-06-07 02:23:09] RunIncompleteCept.php.INFO: am in path "tests/data/sandbox" [] []
[2013-06-07 02:23:09] RunIncompleteCept.php.INFO: execute command "run skipped IncompleteMeCept.php" [] []
[2013-06-07 02:23:09] RunIncompleteCept.php.INFO: see in shell output "(IncompleteMeCept.php)  INCOMPLETE" [] []
[2013-06-07 02:23:09] RunIncompleteCept.php.INFO: see in shell output "OK, but incomplete or skipped tests!" [] []
[2013-06-07 02:23:09] RunIncompleteCept.php.INFO: PASSED [] []
[2013-06-07 02:23:09] RunSkippedCept.php.INFO: am in path "tests/data/sandbox" [] []
[2013-06-07 02:23:09] RunSkippedCept.php.INFO: execute command "run skipped SkipMeCept.php" [] []
[2013-06-07 02:23:09] RunSkippedCept.php.INFO: see in shell output "(SkipMeCept.php)  SKIPPED" [] []
[2013-06-07 02:23:09] RunSkippedCept.php.INFO: see in shell output "OK, but incomplete or skipped tests!" [] []
[2013-06-07 02:23:09] RunSkippedCept.php.INFO: PASSED [] []
[2013-06-07 02:23:09] BootstrapCest.bootstrapProject.INFO: am in path "tests/data/sandbox/tests/_data/" [] []
[2013-06-07 02:23:09] BootstrapCest.bootstrapProject.INFO: execute command "bootstrap" [] []
[2013-06-07 02:23:10] BootstrapCest.bootstrapProject.INFO: see file found "codeception.yml" [] []
[2013-06-07 02:23:10] BootstrapCest.bootstrapProject.INFO: see file found "functional.suite.yml" within "tests" [] []
[2013-06-07 02:23:10] BootstrapCest.bootstrapProject.INFO: see file found "acceptance.suite.yml" within "tests" [] []
[2013-06-07 02:23:10] BootstrapCest.bootstrapProject.INFO: see file found "unit.suite.yml" within "tests" [] []
[2013-06-07 02:23:10] BootstrapCest.bootstrapProject.INFO: see file found "_bootstrap.php" within "tests/acceptance" [] []
[2013-06-07 02:23:10] BootstrapCest.bootstrapProject.INFO: see file found "_bootstrap.php" within "tests/functional" [] []
[2013-06-07 02:23:10] BootstrapCest.bootstrapProject.INFO: see file found "_bootstrap.php" within "tests/unit" [] []
[2013-06-07 02:23:10] BootstrapCest.bootstrapProject.INFO: see file found "WebGuy.php" within "tests/acceptance" [] []
[2013-06-07 02:23:10] BootstrapCest.bootstrapProject.INFO: see file found "TestGuy.php" within "tests/functional" [] []
[2013-06-07 02:23:10] BootstrapCest.bootstrapProject.INFO: see file found "CodeGuy.php" within "tests/unit" [] []
[2013-06-07 02:23:10] BootstrapCest.bootstrapProject.INFO: see file found "WebHelper.php" within "tests/_helpers" [] []
[2013-06-07 02:23:10] BootstrapCest.bootstrapProject.INFO: see file found "TestHelper.php" within "tests/_helpers" [] []
[2013-06-07 02:23:10] BootstrapCest.bootstrapProject.INFO: see file found "CodeHelper.php" within "tests/_helpers" [] []
[2013-06-07 02:23:10] BootstrapCest.bootstrapProject.INFO: see in shell output "Building Guy classes for suites" [] []
[2013-06-07 02:23:10] BootstrapCest.bootstrapProject.INFO: PASSED [] []
[2013-06-07 02:23:10] BootstrapCest.bootstrapWithNamespace.INFO: am in path "tests/data/sandbox/tests/_data/" [] []
[2013-06-07 02:23:10] BootstrapCest.bootstrapWithNamespace.INFO: execute command "bootstrap --namespace Generated" [] []
[2013-06-07 02:23:10] BootstrapCest.bootstrapWithNamespace.INFO: see in shell output "Building Guy classes for suites" [] []
[2013-06-07 02:23:10] BootstrapCest.bootstrapWithNamespace.INFO: see file found "codeception.yml" [] []
[2013-06-07 02:23:10] BootstrapCest.bootstrapWithNamespace.INFO: see in this file "namespace: Generated" [] []
[2013-06-07 02:23:10] BootstrapCest.bootstrapWithNamespace.INFO: don't see in this file "namespace Generated\" [] []
[2013-06-07 02:23:10] BootstrapCest.bootstrapWithNamespace.INFO: see file found "functional.suite.yml" within "tests" [] []
[2013-06-07 02:23:10] BootstrapCest.bootstrapWithNamespace.INFO: see file found "acceptance.suite.yml" within "tests" [] []
[2013-06-07 02:23:10] BootstrapCest.bootstrapWithNamespace.INFO: see file found "unit.suite.yml" within "tests" [] []
[2013-06-07 02:23:10] BootstrapCest.bootstrapWithNamespace.INFO: see file found "_bootstrap.php" within "tests/acceptance" [] []
[2013-06-07 02:23:10] BootstrapCest.bootstrapWithNamespace.INFO: see file found "_bootstrap.php" within "tests/functional" [] []
[2013-06-07 02:23:10] BootstrapCest.bootstrapWithNamespace.INFO: see file found "_bootstrap.php" within "tests/unit" [] []
[2013-06-07 02:23:10] BootstrapCest.bootstrapWithNamespace.INFO: see file found "WebGuy.php" within "tests/acceptance" [] []
[2013-06-07 02:23:10] BootstrapCest.bootstrapWithNamespace.INFO: see file found "TestGuy.php" within "tests/functional" [] []
[2013-06-07 02:23:10] BootstrapCest.bootstrapWithNamespace.INFO: see file found "CodeGuy.php" within "tests/unit" [] []
[2013-06-07 02:23:10] BootstrapCest.bootstrapWithNamespace.INFO: see file found "WebHelper.php" within "tests/_helpers" [] []
[2013-06-07 02:23:10] BootstrapCest.bootstrapWithNamespace.INFO: see file found "TestHelper.php" within "tests/_helpers" [] []
[2013-06-07 02:23:10] BootstrapCest.bootstrapWithNamespace.INFO: see file found "CodeHelper.php" within "tests/_helpers" [] []
[2013-06-07 02:23:10] BootstrapCest.bootstrapWithNamespace.INFO: see file found "WebHelper.php" [] []
[2013-06-07 02:23:10] BootstrapCest.bootstrapWithNamespace.INFO: see in this file "namespace Generated\Codeception\Module;" [] []
[2013-06-07 02:23:10] BootstrapCest.bootstrapWithNamespace.INFO: see file found "WebGuy.php" [] []
[2013-06-07 02:23:10] BootstrapCest.bootstrapWithNamespace.INFO: see in this file "namespace Generated\Codeception;" [] []
[2013-06-07 02:23:11] BootstrapCest.bootstrapWithNamespace.INFO: PASSED [] []
[2013-06-07 02:23:11] OrderCest.checkOneFile.INFO: am in path "tests/data/sandbox" [] []
[2013-06-07 02:23:11] OrderCest.checkOneFile.INFO: execute command "run order LoadingOrderCept.php" [] []
[2013-06-07 02:23:11] OrderCest.checkOneFile.INFO: i expect initialization, bootstrap(b), before suite, before, bootstrap(b), test(t), after, after suite  [] []
[2013-06-07 02:23:11] OrderCest.checkOneFile.INFO: see file found "order.txt" within "tests/_log" [] []
[2013-06-07 02:23:11] OrderCest.checkOneFile.INFO: see in this file "IBS([BST])" [] []
[2013-06-07 02:23:11] OrderCest.checkOneFile.INFO: PASSED [] []
[2013-06-07 02:23:11] OrderCest.checkForFails.INFO: am in path "tests/data/sandbox" [] []
[2013-06-07 02:23:11] OrderCest.checkForFails.INFO: execute command "run order FailedCept.php --no-exit" [] []
[2013-06-07 02:23:11] OrderCest.checkForFails.INFO: see file found "order.txt" within "tests/_log" [] []
[2013-06-07 02:23:11] OrderCest.checkForFails.INFO: i expect initialization, bootstrap, before suite, before, bootstrap, test, fail, after, after suite  [] []
[2013-06-07 02:23:11] OrderCest.checkForFails.INFO: see in this file "IBS([BSTF])" [] []
[2013-06-07 02:23:11] OrderCest.checkForFails.INFO: PASSED [] []
[2013-06-07 02:23:11] OrderCest.checkTwoFiles.INFO: am in path "tests/data/sandbox" [] []
[2013-06-07 02:23:11] OrderCest.checkTwoFiles.INFO: execute command "run order --no-exit" [] []
[2013-06-07 02:23:11] OrderCest.checkTwoFiles.INFO: see file found "order.txt" within "tests/_log" [] []
[2013-06-07 02:23:11] OrderCest.checkTwoFiles.INFO: see in this file "IBSBSBS([BST][BSTF][BST])" [] []
[2013-06-07 02:23:11] OrderCest.checkTwoFiles.INFO: PASSED [] []
[2013-06-07 02:23:11] RunCest.runOneFile.INFO: am in path "tests/data/sandbox" [] []
[2013-06-07 02:23:11] RunCest.runOneFile.INFO: execute command "run tests/dummy/FileExistsCept.php" [] []
[2013-06-07 02:23:11] RunCest.runOneFile.INFO: see file found "report.html" within "tests/_log" [] []
[2013-06-07 02:23:11] RunCest.runOneFile.INFO: see in shell output "OK (" [] []
[2013-06-07 02:23:11] RunCest.runOneFile.INFO: PASSED [] []
[2013-06-07 02:23:11] RunCest.runHtml.INFO: am in path "tests/data/sandbox" [] []
[2013-06-07 02:23:11] RunCest.runHtml.INFO: execute command "run dummy --html" [] []
[2013-06-07 02:23:11] RunCest.runHtml.INFO: see file found "report.html" within "tests/_log" [] []
[2013-06-07 02:23:11] RunCest.runHtml.INFO: PASSED [] []
[2013-06-07 02:23:11] RunCest.runJsonReport.INFO: am in path "tests/data/sandbox" [] []
[2013-06-07 02:23:11] RunCest.runJsonReport.INFO: execute command "run dummy --json" [] []
[2013-06-07 02:23:11] RunCest.runJsonReport.INFO: see file found "report.json" within "tests/_log" [] []
[2013-06-07 02:23:11] RunCest.runJsonReport.INFO: see in this file ""suite":" [] []
[2013-06-07 02:23:11] RunCest.runJsonReport.INFO: see in this file ""dummy"" [] []
[2013-06-07 02:23:11] RunCest.runJsonReport.INFO: PASSED [] []
[2013-06-07 02:23:11] RunCest.runTapReport.INFO: am in path "tests/data/sandbox" [] []
[2013-06-07 02:23:11] RunCest.runTapReport.INFO: execute command "run dummy --tap" [] []
[2013-06-07 02:23:12] RunCest.runTapReport.INFO: see file found "report.tap.log" within "tests/_log" [] []
[2013-06-07 02:23:12] RunCest.runTapReport.INFO: PASSED [] []
[2013-06-07 02:23:12] RunCest.runXmlReport.INFO: am in path "tests/data/sandbox" [] []
[2013-06-07 02:23:12] RunCest.runXmlReport.INFO: execute command "run dummy --xml" [] []
[2013-06-07 02:23:12] RunCest.runXmlReport.INFO: see file found "report.xml" within "tests/_log" [] []
[2013-06-07 02:23:12] RunCest.runXmlReport.INFO: see in this file "<?xml" [] []
[2013-06-07 02:23:12] RunCest.runXmlReport.INFO: see in this file "<testsuite name="dummy"" [] []
[2013-06-07 02:23:12] RunCest.runXmlReport.INFO: see in this file "<testcase file="FileExistsCept.php"" [] []
[2013-06-07 02:23:12] RunCest.runXmlReport.INFO: PASSED [] []
[2013-06-07 02:23:12] RunCest.runReportMode.INFO: am in path "tests/data/sandbox" [] []
[2013-06-07 02:23:12] RunCest.runReportMode.INFO: execute command "run dummy --report" [] []
[2013-06-07 02:23:12] RunCest.runReportMode.INFO: see in shell output "FileExistsCept.php" [] []
[2013-06-07 02:23:12] RunCest.runReportMode.INFO: see in shell output "........Ok" [] []
[2013-06-07 02:23:12] RunCest.runReportMode.INFO: PASSED [] []
[2013-06-07 02:23:12] RunCest.runOneGroup.INFO: am in path "tests/data/sandbox" [] []
[2013-06-07 02:23:12] RunCest.runOneGroup.INFO: execute command "run skipped -g notorun" [] []
[2013-06-07 02:23:12] RunCest.runOneGroup.INFO: see in shell output "Incomplete" [] []
[2013-06-07 02:23:12] RunCest.runOneGroup.INFO: don't see in shell output "Skipped" [] []
[2013-06-07 02:23:12] RunCest.runOneGroup.INFO: PASSED [] []
[2013-06-07 02:23:12] RunCest.runTwoSuites.INFO: am in path "tests/data/sandbox" [] []
[2013-06-07 02:23:12] RunCest.runTwoSuites.INFO: execute command "run skipped,dummy --no-exit" [] []
[2013-06-07 02:23:12] RunCest.runTwoSuites.INFO: see in shell output "Suite skipped started" [] []
[2013-06-07 02:23:12] RunCest.runTwoSuites.INFO: see in shell output "Suite dummy started" [] []
[2013-06-07 02:23:12] RunCest.runTwoSuites.INFO: don't see in shell output "Suite remote started" [] []
[2013-06-07 02:23:12] RunCest.runTwoSuites.INFO: PASSED [] []
[2013-06-07 02:23:12] RunCest.skipSuites.INFO: am in path "tests/data/sandbox" [] []
[2013-06-07 02:23:12] RunCest.skipSuites.INFO: execute command "run --skip skipped --skip remote --skip remote_server --skip order" [] []
[2013-06-07 02:23:12] RunCest.skipSuites.INFO: see in shell output "Suite dummy started" [] []
[2013-06-07 02:23:12] RunCest.skipSuites.INFO: don't see in shell output "Suite remote started" [] []
[2013-06-07 02:23:12] RunCest.skipSuites.INFO: don't see in shell output "Suite remote_server started" [] []
[2013-06-07 02:23:12] RunCest.skipSuites.INFO: don't see in shell output "Suite order started" [] []
[2013-06-07 02:23:12] RunCest.skipSuites.INFO: PASSED [] []
[2013-06-07 21:58:18] BuildCept.php.INFO: run shell commmand "php codecept build" [] []
[2013-06-07 21:58:19] BuildCept.php.INFO: see in shell output "generated successfully" [] []
[2013-06-07 21:58:19] BuildCept.php.INFO: see file found "CodeGuy.php" within "tests/unit" [] []
[2013-06-07 21:58:19] BuildCept.php.INFO: see file found "CliGuy.php" within "tests/cli" [] []
[2013-06-07 21:58:19] BuildCept.php.INFO: see in this file "seeFileFound(" [] []
[2013-06-07 21:58:20] BuildCept.php.INFO: PASSED [] []
[2013-06-07 21:58:20] GenerateCeptCept.php.INFO: am in path "tests/data/sandbox" [] []
[2013-06-07 21:58:20] GenerateCeptCept.php.INFO: execute command "generate:cept dummy DummyCept" [] []
[2013-06-07 21:58:20] GenerateCeptCept.php.INFO: see file found "DummyCept.php" within "tests/dummy" [] []
[2013-06-07 21:58:20] GenerateCeptCept.php.INFO: see in this file "$I = new DumbGuy($scenario);" [] []
[2013-06-07 21:58:20] GenerateCeptCept.php.INFO: delete this file  [] []
[2013-06-07 21:58:20] GenerateCeptCept.php.INFO: i am going to create scenario in folder  [] []
[2013-06-07 21:58:20] GenerateCeptCept.php.INFO: execute command "generate:cept dummy path/DummyCept" [] []
[2013-06-07 21:58:21] GenerateCeptCept.php.INFO: see file found "DummyCept.php" within "tests/dummy/path" [] []
[2013-06-07 21:58:21] GenerateCeptCept.php.INFO: delete this file  [] []
[2013-06-07 21:58:21] GenerateCeptCept.php.INFO: i am going to create file with cept.php suffix  [] []
[2013-06-07 21:58:21] GenerateCeptCept.php.INFO: execute command "generate:cept dummy DummyCept.php" [] []
[2013-06-07 21:58:21] GenerateCeptCept.php.INFO: see file found "DummyCept.php" [] []
[2013-06-07 21:58:21] GenerateCeptCept.php.INFO: delete this file  [] []
[2013-06-07 21:58:21] GenerateCeptCept.php.INFO: i am going to create file without any suffix  [] []
[2013-06-07 21:58:21] GenerateCeptCept.php.INFO: execute command "generate:cept dummy Dummy" [] []
[2013-06-07 21:58:22] GenerateCeptCept.php.INFO: see file found "DummyCept.php" [] []
[2013-06-07 21:58:22] GenerateCeptCept.php.INFO: PASSED [] []
[2013-06-07 21:58:22] GenerateCestCept.php.INFO: am in path "tests/data/sandbox" [] []
[2013-06-07 21:58:22] GenerateCestCept.php.INFO: execute command "generate:cest dummy DummyClass" [] []
[2013-06-07 21:58:23] GenerateCestCept.php.INFO: see file found "DummyClassCest.php" [] []
[2013-06-07 21:58:23] GenerateCestCept.php.INFO: see in this file "class DummyClassCest" [] []
[2013-06-07 21:58:23] GenerateCestCept.php.INFO: PASSED [] []
[2013-06-07 21:58:23] GeneratePhpUnitCept.php.INFO: am in path "tests/data/sandbox" [] []
[2013-06-07 21:58:23] GeneratePhpUnitCept.php.INFO: execute command "generate:phpunit dummy Dummy" [] []
[2013-06-07 21:58:23] GeneratePhpUnitCept.php.INFO: see file found "DummyTest.php" [] []
[2013-06-07 21:58:23] GeneratePhpUnitCept.php.INFO: see in this file "class DummyTest extends \PHPUnit_Framework_TestCase" [] []
[2013-06-07 21:58:23] GeneratePhpUnitCept.php.INFO: see in this file "function setUp()" [] []
[2013-06-07 21:58:23] GeneratePhpUnitCept.php.INFO: PASSED [] []
[2013-06-07 21:58:23] GenerateScenariosCept.php.INFO: am in path "tests/data/sandbox" [] []
[2013-06-07 21:58:23] GenerateScenariosCept.php.INFO: execute command "generate:scenarios dummy" [] []
[2013-06-07 21:58:24] GenerateScenariosCept.php.INFO: see file found "File_Exists.txt" within "tests/_data/scenarios" [] []
[2013-06-07 21:58:24] GenerateScenariosCept.php.INFO: see in this file "I WANT TO CHECK CONFIG EXISTS" [] []
[2013-06-07 21:58:24] GenerateScenariosCept.php.INFO: see in this file "I see file found "codeception.yml"" [] []
[2013-06-07 21:58:24] GenerateScenariosCept.php.INFO: PASSED [] []
[2013-06-07 21:58:24] GenerateSuiteCept.php.INFO: as a developer who likes testing  [] []
[2013-06-07 21:58:24] GenerateSuiteCept.php.INFO: so that i have a better tests categorization  [] []
[2013-06-07 21:58:24] GenerateSuiteCept.php.INFO: am in path "tests/data/sandbox" [] []
[2013-06-07 21:58:24] GenerateSuiteCept.php.INFO: execute command "generate:suite house HouseGuy" [] []
[2013-06-07 21:58:25] GenerateSuiteCept.php.INFO: see file found "house.suite.yml" within "tests" [] []
[2013-06-07 21:58:25] GenerateSuiteCept.php.INFO: i expect guy class is generated  [] []
[2013-06-07 21:58:25] GenerateSuiteCept.php.INFO: see in this file "class_name: HouseGuy" [] []
[2013-06-07 21:58:25] GenerateSuiteCept.php.INFO: see file found "HouseHelper.php" within "tests/_helpers" [] []
[2013-06-07 21:58:25] GenerateSuiteCept.php.INFO: see file found "_bootstrap.php" within "tests/house" [] []
[2013-06-07 21:58:25] GenerateSuiteCept.php.INFO: PASSED [] []
[2013-06-07 21:58:25] GenerateTestCept.php.INFO: am in path "tests/data/sandbox" [] []
[2013-06-07 21:58:25] GenerateTestCept.php.INFO: execute command "generate:test dummy Dummy" [] []
[2013-06-07 21:58:25] GenerateTestCept.php.INFO: see file found "DummyTest.php" [] []
[2013-06-07 21:58:25] GenerateTestCept.php.INFO: see in this file "class DummyTest extends \Codeception\TestCase\Test" [] []
[2013-06-07 21:58:25] GenerateTestCept.php.INFO: see in this file "protected $dumbGuy" [] []
[2013-06-07 21:58:25] GenerateTestCept.php.INFO: see in this file "function _before(" [] []
[2013-06-07 21:58:25] GenerateTestCept.php.INFO: PASSED [] []
[2013-06-07 21:58:25] IncludedCept.php.INFO: am in path "tests/data" [] []
[2013-06-07 21:58:25] IncludedCept.php.INFO: execute command "run" [] []
[2013-06-07 21:58:26] IncludedCept.php.ALERT: Result code was 1.

Codeception PHP Testing Framework v1.6.3-dev
Powered by PHPUnit 3.7.19 by Sebastian Bergmann. [] []
[2013-06-07 21:58:26] IncludedCept.php.INFO: # FAILED # [] []
[2013-06-07 21:58:26] IncludedCept.php.INFO: PASSED [] []
[2013-06-07 21:58:26] RunIncompleteCept.php.INFO: am in path "tests/data/sandbox" [] []
[2013-06-07 21:58:26] RunIncompleteCept.php.INFO: execute command "run skipped IncompleteMeCept.php" [] []
[2013-06-07 21:58:26] RunIncompleteCept.php.INFO: see in shell output "(IncompleteMeCept.php)  INCOMPLETE" [] []
[2013-06-07 21:58:26] RunIncompleteCept.php.INFO: see in shell output "OK, but incomplete or skipped tests!" [] []
[2013-06-07 21:58:26] RunIncompleteCept.php.INFO: PASSED [] []
[2013-06-07 21:58:26] RunSkippedCept.php.INFO: am in path "tests/data/sandbox" [] []
[2013-06-07 21:58:26] RunSkippedCept.php.INFO: execute command "run skipped SkipMeCept.php" [] []
[2013-06-07 21:58:26] RunSkippedCept.php.INFO: see in shell output "(SkipMeCept.php)  SKIPPED" [] []
[2013-06-07 21:58:26] RunSkippedCept.php.INFO: see in shell output "OK, but incomplete or skipped tests!" [] []
[2013-06-07 21:58:26] RunSkippedCept.php.INFO: PASSED [] []
[2013-06-07 21:58:26] BootstrapCest.bootstrapProject.INFO: am in path "tests/data/sandbox/tests/_data/" [] []
[2013-06-07 21:58:26] BootstrapCest.bootstrapProject.INFO: execute command "bootstrap" [] []
[2013-06-07 21:58:27] BootstrapCest.bootstrapProject.INFO: see file found "codeception.yml" [] []
[2013-06-07 21:58:27] BootstrapCest.bootstrapProject.INFO: see file found "functional.suite.yml" within "tests" [] []
[2013-06-07 21:58:27] BootstrapCest.bootstrapProject.INFO: see file found "acceptance.suite.yml" within "tests" [] []
[2013-06-07 21:58:27] BootstrapCest.bootstrapProject.INFO: see file found "unit.suite.yml" within "tests" [] []
[2013-06-07 21:58:27] BootstrapCest.bootstrapProject.INFO: see file found "_bootstrap.php" within "tests/acceptance" [] []
[2013-06-07 21:58:27] BootstrapCest.bootstrapProject.INFO: see file found "_bootstrap.php" within "tests/functional" [] []
[2013-06-07 21:58:27] BootstrapCest.bootstrapProject.INFO: see file found "_bootstrap.php" within "tests/unit" [] []
[2013-06-07 21:58:27] BootstrapCest.bootstrapProject.INFO: see file found "WebGuy.php" within "tests/acceptance" [] []
[2013-06-07 21:58:27] BootstrapCest.bootstrapProject.INFO: see file found "TestGuy.php" within "tests/functional" [] []
[2013-06-07 21:58:27] BootstrapCest.bootstrapProject.INFO: see file found "CodeGuy.php" within "tests/unit" [] []
[2013-06-07 21:58:27] BootstrapCest.bootstrapProject.INFO: see file found "WebHelper.php" within "tests/_helpers" [] []
[2013-06-07 21:58:27] BootstrapCest.bootstrapProject.INFO: see file found "TestHelper.php" within "tests/_helpers" [] []
[2013-06-07 21:58:27] BootstrapCest.bootstrapProject.INFO: see file found "CodeHelper.php" within "tests/_helpers" [] []
[2013-06-07 21:58:27] BootstrapCest.bootstrapProject.INFO: see in shell output "Building Guy classes for suites" [] []
[2013-06-07 21:58:27] BootstrapCest.bootstrapProject.INFO: PASSED [] []
[2013-06-07 21:58:27] BootstrapCest.bootstrapWithNamespace.INFO: am in path "tests/data/sandbox/tests/_data/" [] []
[2013-06-07 21:58:27] BootstrapCest.bootstrapWithNamespace.INFO: execute command "bootstrap --namespace Generated" [] []
[2013-06-07 21:58:27] BootstrapCest.bootstrapWithNamespace.INFO: see in shell output "Building Guy classes for suites" [] []
[2013-06-07 21:58:27] BootstrapCest.bootstrapWithNamespace.INFO: see file found "codeception.yml" [] []
[2013-06-07 21:58:27] BootstrapCest.bootstrapWithNamespace.INFO: see in this file "namespace: Generated" [] []
[2013-06-07 21:58:27] BootstrapCest.bootstrapWithNamespace.INFO: don't see in this file "namespace Generated\" [] []
[2013-06-07 21:58:27] BootstrapCest.bootstrapWithNamespace.INFO: see file found "functional.suite.yml" within "tests" [] []
[2013-06-07 21:58:27] BootstrapCest.bootstrapWithNamespace.INFO: see file found "acceptance.suite.yml" within "tests" [] []
[2013-06-07 21:58:27] BootstrapCest.bootstrapWithNamespace.INFO: see file found "unit.suite.yml" within "tests" [] []
[2013-06-07 21:58:27] BootstrapCest.bootstrapWithNamespace.INFO: see file found "_bootstrap.php" within "tests/acceptance" [] []
[2013-06-07 21:58:27] BootstrapCest.bootstrapWithNamespace.INFO: see file found "_bootstrap.php" within "tests/functional" [] []
[2013-06-07 21:58:27] BootstrapCest.bootstrapWithNamespace.INFO: see file found "_bootstrap.php" within "tests/unit" [] []
[2013-06-07 21:58:27] BootstrapCest.bootstrapWithNamespace.INFO: see file found "WebGuy.php" within "tests/acceptance" [] []
[2013-06-07 21:58:27] BootstrapCest.bootstrapWithNamespace.INFO: see file found "TestGuy.php" within "tests/functional" [] []
[2013-06-07 21:58:27] BootstrapCest.bootstrapWithNamespace.INFO: see file found "CodeGuy.php" within "tests/unit" [] []
[2013-06-07 21:58:27] BootstrapCest.bootstrapWithNamespace.INFO: see file found "WebHelper.php" within "tests/_helpers" [] []
[2013-06-07 21:58:27] BootstrapCest.bootstrapWithNamespace.INFO: see file found "TestHelper.php" within "tests/_helpers" [] []
[2013-06-07 21:58:27] BootstrapCest.bootstrapWithNamespace.INFO: see file found "CodeHelper.php" within "tests/_helpers" [] []
[2013-06-07 21:58:27] BootstrapCest.bootstrapWithNamespace.INFO: see file found "WebHelper.php" [] []
[2013-06-07 21:58:27] BootstrapCest.bootstrapWithNamespace.INFO: see in this file "namespace Generated\Codeception\Module;" [] []
[2013-06-07 21:58:27] BootstrapCest.bootstrapWithNamespace.INFO: see file found "WebGuy.php" [] []
[2013-06-07 21:58:27] BootstrapCest.bootstrapWithNamespace.INFO: see in this file "namespace Generated\Codeception;" [] []
[2013-06-07 21:58:27] BootstrapCest.bootstrapWithNamespace.INFO: PASSED [] []
[2013-06-07 21:58:27] OrderCest.checkOneFile.INFO: am in path "tests/data/sandbox" [] []
[2013-06-07 21:58:27] OrderCest.checkOneFile.INFO: execute command "run order LoadingOrderCept.php" [] []
[2013-06-07 21:58:28] OrderCest.checkOneFile.INFO: i expect initialization, bootstrap(b), before suite, before, bootstrap(b), test(t), after, after suite  [] []
[2013-06-07 21:58:28] OrderCest.checkOneFile.INFO: see file found "order.txt" within "tests/_log" [] []
[2013-06-07 21:58:28] OrderCest.checkOneFile.INFO: see in this file "IBS([BST])" [] []
[2013-06-07 21:58:28] OrderCest.checkOneFile.INFO: PASSED [] []
[2013-06-07 21:58:28] OrderCest.checkForFails.INFO: am in path "tests/data/sandbox" [] []
[2013-06-07 21:58:28] OrderCest.checkForFails.INFO: execute command "run order FailedCept.php --no-exit" [] []
[2013-06-07 21:58:28] OrderCest.checkForFails.INFO: see file found "order.txt" within "tests/_log" [] []
[2013-06-07 21:58:28] OrderCest.checkForFails.INFO: i expect initialization, bootstrap, before suite, before, bootstrap, test, fail, after, after suite  [] []
[2013-06-07 21:58:28] OrderCest.checkForFails.INFO: see in this file "IBS([BSTF])" [] []
[2013-06-07 21:58:28] OrderCest.checkForFails.INFO: PASSED [] []
[2013-06-07 21:58:28] OrderCest.checkTwoFiles.INFO: am in path "tests/data/sandbox" [] []
[2013-06-07 21:58:28] OrderCest.checkTwoFiles.INFO: execute command "run order --no-exit" [] []
[2013-06-07 21:58:28] OrderCest.checkTwoFiles.INFO: see file found "order.txt" within "tests/_log" [] []
[2013-06-07 21:58:28] OrderCest.checkTwoFiles.INFO: see in this file "IBSBSBS([BST][BSTF][BST])" [] []
[2013-06-07 21:58:28] OrderCest.checkTwoFiles.INFO: PASSED [] []
[2013-06-07 21:58:28] RunCest.runOneFile.INFO: am in path "tests/data/sandbox" [] []
[2013-06-07 21:58:28] RunCest.runOneFile.INFO: execute command "run tests/dummy/FileExistsCept.php" [] []
[2013-06-07 21:58:28] RunCest.runOneFile.INFO: see file found "report.html" within "tests/_log" [] []
[2013-06-07 21:58:28] RunCest.runOneFile.INFO: see in shell output "OK (" [] []
[2013-06-07 21:58:28] RunCest.runOneFile.INFO: PASSED [] []
[2013-06-07 21:58:28] RunCest.runHtml.INFO: am in path "tests/data/sandbox" [] []
[2013-06-07 21:58:28] RunCest.runHtml.INFO: execute command "run dummy --html" [] []
[2013-06-07 21:58:28] RunCest.runHtml.INFO: see file found "report.html" within "tests/_log" [] []
[2013-06-07 21:58:28] RunCest.runHtml.INFO: PASSED [] []
[2013-06-07 21:58:28] RunCest.runJsonReport.INFO: am in path "tests/data/sandbox" [] []
[2013-06-07 21:58:28] RunCest.runJsonReport.INFO: execute command "run dummy --json" [] []
[2013-06-07 21:58:29] RunCest.runJsonReport.INFO: see file found "report.json" within "tests/_log" [] []
[2013-06-07 21:58:29] RunCest.runJsonReport.INFO: see in this file ""suite":" [] []
[2013-06-07 21:58:29] RunCest.runJsonReport.INFO: see in this file ""dummy"" [] []
[2013-06-07 21:58:29] RunCest.runJsonReport.INFO: PASSED [] []
[2013-06-07 21:58:29] RunCest.runTapReport.INFO: am in path "tests/data/sandbox" [] []
[2013-06-07 21:58:29] RunCest.runTapReport.INFO: execute command "run dummy --tap" [] []
[2013-06-07 21:58:29] RunCest.runTapReport.INFO: see file found "report.tap.log" within "tests/_log" [] []
[2013-06-07 21:58:29] RunCest.runTapReport.INFO: PASSED [] []
[2013-06-07 21:58:29] RunCest.runXmlReport.INFO: am in path "tests/data/sandbox" [] []
[2013-06-07 21:58:29] RunCest.runXmlReport.INFO: execute command "run dummy --xml" [] []
[2013-06-07 21:58:29] RunCest.runXmlReport.INFO: see file found "report.xml" within "tests/_log" [] []
[2013-06-07 21:58:29] RunCest.runXmlReport.INFO: see in this file "<?xml" [] []
[2013-06-07 21:58:29] RunCest.runXmlReport.INFO: see in this file "<testsuite name="dummy"" [] []
[2013-06-07 21:58:29] RunCest.runXmlReport.INFO: see in this file "<testcase file="FileExistsCept.php"" [] []
[2013-06-07 21:58:29] RunCest.runXmlReport.INFO: PASSED [] []
[2013-06-07 21:58:29] RunCest.runReportMode.INFO: am in path "tests/data/sandbox" [] []
[2013-06-07 21:58:29] RunCest.runReportMode.INFO: execute command "run dummy --report" [] []
[2013-06-07 21:58:29] RunCest.runReportMode.INFO: see in shell output "FileExistsCept.php" [] []
[2013-06-07 21:58:29] RunCest.runReportMode.INFO: see in shell output "........Ok" [] []
[2013-06-07 21:58:29] RunCest.runReportMode.INFO: PASSED [] []
[2013-06-07 21:58:29] RunCest.runOneGroup.INFO: am in path "tests/data/sandbox" [] []
[2013-06-07 21:58:29] RunCest.runOneGroup.INFO: execute command "run skipped -g notorun" [] []
[2013-06-07 21:58:29] RunCest.runOneGroup.INFO: see in shell output "Incomplete" [] []
[2013-06-07 21:58:29] RunCest.runOneGroup.INFO: don't see in shell output "Skipped" [] []
[2013-06-07 21:58:29] RunCest.runOneGroup.INFO: PASSED [] []
[2013-06-07 21:58:29] RunCest.runTwoSuites.INFO: am in path "tests/data/sandbox" [] []
[2013-06-07 21:58:29] RunCest.runTwoSuites.INFO: execute command "run skipped,dummy --no-exit" [] []
[2013-06-07 21:58:29] RunCest.runTwoSuites.INFO: see in shell output "Suite skipped started" [] []
[2013-06-07 21:58:29] RunCest.runTwoSuites.INFO: see in shell output "Suite dummy started" [] []
[2013-06-07 21:58:29] RunCest.runTwoSuites.INFO: don't see in shell output "Suite remote started" [] []
[2013-06-07 21:58:29] RunCest.runTwoSuites.INFO: PASSED [] []
[2013-06-07 21:58:29] RunCest.skipSuites.INFO: am in path "tests/data/sandbox" [] []
[2013-06-07 21:58:29] RunCest.skipSuites.INFO: execute command "run --skip skipped --skip remote --skip remote_server --skip order" [] []
[2013-06-07 21:58:29] RunCest.skipSuites.INFO: see in shell output "Suite dummy started" [] []
[2013-06-07 21:58:29] RunCest.skipSuites.INFO: don't see in shell output "Suite remote started" [] []
[2013-06-07 21:58:29] RunCest.skipSuites.INFO: don't see in shell output "Suite remote_server started" [] []
[2013-06-07 21:58:29] RunCest.skipSuites.INFO: don't see in shell output "Suite order started" [] []
[2013-06-07 21:58:29] RunCest.skipSuites.INFO: PASSED [] []
