[2013-05-09 01:33:34] BuildCept.php.INFO: run shell commmand "php codecept build" [] []
[2013-05-09 01:33:35] BuildCept.php.INFO: see in shell output "generated successfully" [] []
[2013-05-09 01:33:35] BuildCept.php.INFO: see file found "CodeGuy.php","tests/unit" [] []
[2013-05-09 01:33:35] BuildCept.php.INFO: see file found "CliGuy.php","tests/cli" [] []
[2013-05-09 01:33:35] BuildCept.php.INFO: see in this file "seeFileFound(" [] []
[2013-05-09 01:33:35] BuildCept.php.INFO: PASSED [] []
[2013-05-09 01:33:35] GenerateCeptCept.php.INFO: am in path "tests/data/sandbox" [] []
[2013-05-09 01:33:35] GenerateCeptCept.php.INFO: execute command "generate:cept dummy DummyCept" [] []
[2013-05-09 01:33:36] GenerateCeptCept.php.INFO: see file found "DummyCept.php","tests/dummy" [] []
[2013-05-09 01:33:36] GenerateCeptCept.php.INFO: see in this file "$I = new DumbGuy($scenario);" [] []
[2013-05-09 01:33:36] GenerateCeptCept.php.INFO: delete this file  [] []
[2013-05-09 01:33:36] GenerateCeptCept.php.INFO: i am going to create scenario in folder  [] []
[2013-05-09 01:33:36] GenerateCeptCept.php.INFO: execute command "generate:cept dummy path/DummyCept" [] []
[2013-05-09 01:33:37] GenerateCeptCept.php.INFO: see file found "DummyCept.php","tests/dummy/path" [] []
[2013-05-09 01:33:37] GenerateCeptCept.php.INFO: delete this file  [] []
[2013-05-09 01:33:37] GenerateCeptCept.php.INFO: i am going to create file with cept.php suffix  [] []
[2013-05-09 01:33:37] GenerateCeptCept.php.INFO: execute command "generate:cept dummy DummyCept.php" [] []
[2013-05-09 01:33:37] GenerateCeptCept.php.INFO: see file found "DummyCept.php" [] []
[2013-05-09 01:33:37] GenerateCeptCept.php.INFO: delete this file  [] []
[2013-05-09 01:33:37] GenerateCeptCept.php.INFO: i am going to create file without any suffix  [] []
[2013-05-09 01:33:37] GenerateCeptCept.php.INFO: execute command "generate:cept dummy Dummy" [] []
[2013-05-09 01:33:38] GenerateCeptCept.php.INFO: see file found "DummyCept.php" [] []
[2013-05-09 01:33:38] GenerateCeptCept.php.INFO: PASSED [] []
[2013-05-09 01:33:38] GenerateCestCept.php.INFO: am in path "tests/data/sandbox" [] []
[2013-05-09 01:33:38] GenerateCestCept.php.INFO: execute command "generate:cest dummy DummyClass" [] []
[2013-05-09 01:33:39] GenerateCestCept.php.INFO: see file found "DummyClassCest.php" [] []
[2013-05-09 01:33:39] GenerateCestCept.php.INFO: see in this file "class DummyClassCest" [] []
[2013-05-09 01:33:39] GenerateCestCept.php.INFO: PASSED [] []
[2013-05-09 01:33:39] GeneratePhpUnitCept.php.INFO: am in path "tests/data/sandbox" [] []
[2013-05-09 01:33:39] GeneratePhpUnitCept.php.INFO: execute command "generate:phpunit dummy Dummy" [] []
[2013-05-09 01:33:39] GeneratePhpUnitCept.php.INFO: see file found "DummyTest.php" [] []
[2013-05-09 01:33:39] GeneratePhpUnitCept.php.INFO: see in this file "class DummyTest extends \PHPUnit_Framework_TestCase" [] []
[2013-05-09 01:33:39] GeneratePhpUnitCept.php.INFO: see in this file "function setUp()" [] []
[2013-05-09 01:33:39] GeneratePhpUnitCept.php.INFO: PASSED [] []
[2013-05-09 01:33:39] GenerateScenariosCept.php.INFO: am in path "tests/data/sandbox" [] []
[2013-05-09 01:33:39] GenerateScenariosCept.php.INFO: execute command "generate:scenarios dummy" [] []
[2013-05-09 01:33:40] GenerateScenariosCept.php.INFO: see file found "File_Exists.txt","tests/_data/scenarios" [] []
[2013-05-09 01:33:40] GenerateScenariosCept.php.INFO: see in this file "I WANT TO CHECK CONFIG EXISTS" [] []
[2013-05-09 01:33:40] GenerateScenariosCept.php.INFO: see in this file "I see file found "codeception.yml"" [] []
[2013-05-09 01:33:40] GenerateScenariosCept.php.INFO: PASSED [] []
[2013-05-09 01:33:40] GenerateSuiteCept.php.INFO: as a developer who likes testing  [] []
[2013-05-09 01:33:40] GenerateSuiteCept.php.INFO: so that i have a better tests categorization  [] []
[2013-05-09 01:33:40] GenerateSuiteCept.php.INFO: am in path "tests/data/sandbox" [] []
[2013-05-09 01:33:40] GenerateSuiteCept.php.INFO: execute command "generate:suite house HouseGuy" [] []
[2013-05-09 01:33:41] GenerateSuiteCept.php.INFO: see file found "house.suite.yml" [] []
[2013-05-09 01:33:41] GenerateSuiteCept.php.INFO: i expect guy class is generated  [] []
[2013-05-09 01:33:41] GenerateSuiteCept.php.INFO: see in this file "class_name: HouseGuy" [] []
[2013-05-09 01:33:41] GenerateSuiteCept.php.INFO: see file found "HouseHelper.php" [] []
[2013-05-09 01:33:41] GenerateSuiteCept.php.INFO: see file found "_bootstrap.php","tests/house" [] []
[2013-05-09 01:33:41] GenerateSuiteCept.php.INFO: PASSED [] []
[2013-05-09 01:33:41] GenerateTestCept.php.INFO: am in path "tests/data/sandbox" [] []
[2013-05-09 01:33:41] GenerateTestCept.php.INFO: execute command "generate:test dummy Dummy" [] []
[2013-05-09 01:33:41] GenerateTestCept.php.INFO: see file found "DummyTest.php" [] []
[2013-05-09 01:33:41] GenerateTestCept.php.INFO: see in this file "class DummyTest extends \Codeception\TestCase\Test" [] []
[2013-05-09 01:33:41] GenerateTestCept.php.INFO: see in this file "protected $dumbGuy" [] []
[2013-05-09 01:33:41] GenerateTestCept.php.INFO: see in this file "function _before(" [] []
[2013-05-09 01:33:41] GenerateTestCept.php.INFO: PASSED [] []
[2013-05-09 01:33:41] OrderCept.php.INFO: am in path "tests/data/sandbox" [] []
[2013-05-09 01:33:41] OrderCept.php.INFO: execute command "run order" [] []
[2013-05-09 01:33:41] OrderCept.php.INFO: see file found "DummyTest.php" [] []
[2013-05-09 01:33:42] OrderCept.php.ALERT: DummyTest.php in /home/davert/Codeception//tests/data/sandbox/ [] []
[2013-05-09 01:33:42] OrderCept.php.INFO: # FAILED # [] []
[2013-05-09 01:33:42] OrderCept.php.INFO: PASSED [] []
[2013-05-09 01:33:42] RunIncompleteCept.php.INFO: am in path "tests/data/sandbox" [] []
[2013-05-09 01:33:42] RunIncompleteCept.php.INFO: execute command "run skipped IncompleteMeCept.php" [] []
[2013-05-09 01:33:42] RunIncompleteCept.php.INFO: see in shell output "(IncompleteMeCept.php)  INCOMPLETE" [] []
[2013-05-09 01:33:42] RunIncompleteCept.php.INFO: see in shell output "OK, but incomplete or skipped tests!" [] []
[2013-05-09 01:33:42] RunIncompleteCept.php.INFO: PASSED [] []
[2013-05-09 01:33:42] RunSkippedCept.php.INFO: am in path "tests/data/sandbox" [] []
[2013-05-09 01:33:42] RunSkippedCept.php.INFO: execute command "run skipped SkipMeCept.php" [] []
[2013-05-09 01:33:43] RunSkippedCept.php.INFO: see in shell output "(SkipMeCept.php)  SKIPPED" [] []
[2013-05-09 01:33:43] RunSkippedCept.php.INFO: see in shell output "OK, but incomplete or skipped tests!" [] []
[2013-05-09 01:33:43] RunSkippedCept.php.INFO: PASSED [] []
[2013-05-09 01:33:43] RunCest::runOneFile.ALERT: Argument 1 passed to RunCest::_before() must be an instance of Codeception\Scenario, instance of Codeception\Event\Test given, called in /home/davert/Codeception/src/Codeception/Subscriber/Cest.php on line 11 and defined [] []
[2013-05-09 01:33:43] RunCest::runOneFile.INFO: # ERROR # [] []
[2013-05-09 01:33:43] RunCest::runOneFile.INFO: PASSED [] []
[2013-05-09 01:33:43] RunCest::runHtml.ALERT: Argument 1 passed to RunCest::_before() must be an instance of Codeception\Scenario, instance of Codeception\Event\Test given, called in /home/davert/Codeception/src/Codeception/Subscriber/Cest.php on line 11 and defined [] []
[2013-05-09 01:33:43] RunCest::runHtml.INFO: # ERROR # [] []
[2013-05-09 01:33:43] RunCest::runHtml.INFO: PASSED [] []
[2013-05-09 01:33:43] RunCest::runJsonReport.ALERT: Argument 1 passed to RunCest::_before() must be an instance of Codeception\Scenario, instance of Codeception\Event\Test given, called in /home/davert/Codeception/src/Codeception/Subscriber/Cest.php on line 11 and defined [] []
[2013-05-09 01:33:43] RunCest::runJsonReport.INFO: # ERROR # [] []
[2013-05-09 01:33:43] RunCest::runJsonReport.INFO: PASSED [] []
[2013-05-09 01:33:43] RunCest::runTapReport.ALERT: Argument 1 passed to RunCest::_before() must be an instance of Codeception\Scenario, instance of Codeception\Event\Test given, called in /home/davert/Codeception/src/Codeception/Subscriber/Cest.php on line 11 and defined [] []
[2013-05-09 01:33:43] RunCest::runTapReport.INFO: # ERROR # [] []
[2013-05-09 01:33:43] RunCest::runTapReport.INFO: PASSED [] []
[2013-05-09 01:33:43] RunCest::runXmlReport.ALERT: Argument 1 passed to RunCest::_before() must be an instance of Codeception\Scenario, instance of Codeception\Event\Test given, called in /home/davert/Codeception/src/Codeception/Subscriber/Cest.php on line 11 and defined [] []
[2013-05-09 01:33:43] RunCest::runXmlReport.INFO: # ERROR # [] []
[2013-05-09 01:33:43] RunCest::runXmlReport.INFO: PASSED [] []
[2013-05-09 01:33:43] RunCest::runOneGroup.ALERT: Argument 1 passed to RunCest::_before() must be an instance of Codeception\Scenario, instance of Codeception\Event\Test given, called in /home/davert/Codeception/src/Codeception/Subscriber/Cest.php on line 11 and defined [] []
[2013-05-09 01:33:43] RunCest::runOneGroup.INFO: # ERROR # [] []
[2013-05-09 01:33:43] RunCest::runOneGroup.INFO: PASSED [] []
[2013-05-09 01:34:15] BuildCept.php.INFO: run shell commmand "php codecept build" [] []
[2013-05-09 01:34:16] BuildCept.php.INFO: see in shell output "generated successfully" [] []
[2013-05-09 01:34:16] BuildCept.php.INFO: see file found "CodeGuy.php","tests/unit" [] []
[2013-05-09 01:34:16] BuildCept.php.INFO: see file found "CliGuy.php","tests/cli" [] []
[2013-05-09 01:34:16] BuildCept.php.INFO: see in this file "seeFileFound(" [] []
[2013-05-09 01:34:16] BuildCept.php.INFO: PASSED [] []
[2013-05-09 01:34:16] GenerateCeptCept.php.INFO: am in path "tests/data/sandbox" [] []
[2013-05-09 01:34:16] GenerateCeptCept.php.INFO: execute command "generate:cept dummy DummyCept" [] []
[2013-05-09 01:34:16] GenerateCeptCept.php.INFO: see file found "DummyCept.php","tests/dummy" [] []
[2013-05-09 01:34:16] GenerateCeptCept.php.INFO: see in this file "$I = new DumbGuy($scenario);" [] []
[2013-05-09 01:34:16] GenerateCeptCept.php.INFO: delete this file  [] []
[2013-05-09 01:34:16] GenerateCeptCept.php.INFO: i am going to create scenario in folder  [] []
[2013-05-09 01:34:16] GenerateCeptCept.php.INFO: execute command "generate:cept dummy path/DummyCept" [] []
[2013-05-09 01:34:17] GenerateCeptCept.php.INFO: see file found "DummyCept.php","tests/dummy/path" [] []
[2013-05-09 01:34:17] GenerateCeptCept.php.INFO: delete this file  [] []
[2013-05-09 01:34:17] GenerateCeptCept.php.INFO: i am going to create file with cept.php suffix  [] []
[2013-05-09 01:34:17] GenerateCeptCept.php.INFO: execute command "generate:cept dummy DummyCept.php" [] []
[2013-05-09 01:34:18] GenerateCeptCept.php.INFO: see file found "DummyCept.php" [] []
[2013-05-09 01:34:18] GenerateCeptCept.php.INFO: delete this file  [] []
[2013-05-09 01:34:18] GenerateCeptCept.php.INFO: i am going to create file without any suffix  [] []
[2013-05-09 01:34:18] GenerateCeptCept.php.INFO: execute command "generate:cept dummy Dummy" [] []
[2013-05-09 01:34:18] GenerateCeptCept.php.INFO: see file found "DummyCept.php" [] []
[2013-05-09 01:34:18] GenerateCeptCept.php.INFO: PASSED [] []
[2013-05-09 01:34:18] GenerateCestCept.php.INFO: am in path "tests/data/sandbox" [] []
[2013-05-09 01:34:18] GenerateCestCept.php.INFO: execute command "generate:cest dummy DummyClass" [] []
[2013-05-09 01:34:19] GenerateCestCept.php.INFO: see file found "DummyClassCest.php" [] []
[2013-05-09 01:34:19] GenerateCestCept.php.INFO: see in this file "class DummyClassCest" [] []
[2013-05-09 01:34:19] GenerateCestCept.php.INFO: PASSED [] []
[2013-05-09 01:34:19] GeneratePhpUnitCept.php.INFO: am in path "tests/data/sandbox" [] []
[2013-05-09 01:34:19] GeneratePhpUnitCept.php.INFO: execute command "generate:phpunit dummy Dummy" [] []
[2013-05-09 01:34:20] GeneratePhpUnitCept.php.INFO: see file found "DummyTest.php" [] []
[2013-05-09 01:34:20] GeneratePhpUnitCept.php.INFO: see in this file "class DummyTest extends \PHPUnit_Framework_TestCase" [] []
[2013-05-09 01:34:20] GeneratePhpUnitCept.php.INFO: see in this file "function setUp()" [] []
[2013-05-09 01:34:20] GeneratePhpUnitCept.php.INFO: PASSED [] []
[2013-05-09 01:34:20] GenerateScenariosCept.php.INFO: am in path "tests/data/sandbox" [] []
[2013-05-09 01:34:20] GenerateScenariosCept.php.INFO: execute command "generate:scenarios dummy" [] []
[2013-05-09 01:34:21] GenerateScenariosCept.php.INFO: see file found "File_Exists.txt","tests/_data/scenarios" [] []
[2013-05-09 01:34:21] GenerateScenariosCept.php.INFO: see in this file "I WANT TO CHECK CONFIG EXISTS" [] []
[2013-05-09 01:34:21] GenerateScenariosCept.php.INFO: see in this file "I see file found "codeception.yml"" [] []
[2013-05-09 01:34:21] GenerateScenariosCept.php.INFO: PASSED [] []
[2013-05-09 01:34:21] GenerateSuiteCept.php.INFO: as a developer who likes testing  [] []
[2013-05-09 01:34:21] GenerateSuiteCept.php.INFO: so that i have a better tests categorization  [] []
[2013-05-09 01:34:21] GenerateSuiteCept.php.INFO: am in path "tests/data/sandbox" [] []
[2013-05-09 01:34:21] GenerateSuiteCept.php.INFO: execute command "generate:suite house HouseGuy" [] []
[2013-05-09 01:34:21] GenerateSuiteCept.php.INFO: see file found "house.suite.yml" [] []
[2013-05-09 01:34:21] GenerateSuiteCept.php.INFO: i expect guy class is generated  [] []
[2013-05-09 01:34:21] GenerateSuiteCept.php.INFO: see in this file "class_name: HouseGuy" [] []
[2013-05-09 01:34:21] GenerateSuiteCept.php.INFO: see file found "HouseHelper.php" [] []
[2013-05-09 01:34:21] GenerateSuiteCept.php.INFO: see file found "_bootstrap.php","tests/house" [] []
[2013-05-09 01:34:21] GenerateSuiteCept.php.INFO: PASSED [] []
[2013-05-09 01:34:21] GenerateTestCept.php.INFO: am in path "tests/data/sandbox" [] []
[2013-05-09 01:34:21] GenerateTestCept.php.INFO: execute command "generate:test dummy Dummy" [] []
[2013-05-09 01:34:22] GenerateTestCept.php.INFO: see file found "DummyTest.php" [] []
[2013-05-09 01:34:22] GenerateTestCept.php.INFO: see in this file "class DummyTest extends \Codeception\TestCase\Test" [] []
[2013-05-09 01:34:22] GenerateTestCept.php.INFO: see in this file "protected $dumbGuy" [] []
[2013-05-09 01:34:22] GenerateTestCept.php.INFO: see in this file "function _before(" [] []
[2013-05-09 01:34:22] GenerateTestCept.php.INFO: PASSED [] []
[2013-05-09 01:34:22] OrderCept.php.INFO: am in path "tests/data/sandbox" [] []
[2013-05-09 01:34:22] OrderCept.php.INFO: execute command "run order" [] []
[2013-05-09 01:34:22] OrderCept.php.INFO: see file found "order.txt","tests/_log" [] []
[2013-05-09 01:34:22] OrderCept.php.INFO: i expect initialization, bootstrap, before suite, before, bootstrap, scenario, after, after suite  [] []
[2013-05-09 01:34:22] OrderCept.php.INFO: see in this file "IB([BS])" [] []
[2013-05-09 01:34:22] OrderCept.php.ALERT: text IB([BS]) in currently opened file
Failed asserting that ')' contains "IB([BS])". [] []
[2013-05-09 01:34:22] OrderCept.php.INFO: # FAILED # [] []
[2013-05-09 01:34:22] OrderCept.php.INFO: PASSED [] []
[2013-05-09 01:34:22] RunIncompleteCept.php.INFO: am in path "tests/data/sandbox" [] []
[2013-05-09 01:34:22] RunIncompleteCept.php.INFO: execute command "run skipped IncompleteMeCept.php" [] []
[2013-05-09 01:34:22] RunIncompleteCept.php.INFO: see in shell output "(IncompleteMeCept.php)  INCOMPLETE" [] []
[2013-05-09 01:34:22] RunIncompleteCept.php.INFO: see in shell output "OK, but incomplete or skipped tests!" [] []
[2013-05-09 01:34:22] RunIncompleteCept.php.INFO: PASSED [] []
[2013-05-09 01:34:22] RunSkippedCept.php.INFO: am in path "tests/data/sandbox" [] []
[2013-05-09 01:34:22] RunSkippedCept.php.INFO: execute command "run skipped SkipMeCept.php" [] []
[2013-05-09 01:34:22] RunSkippedCept.php.INFO: see in shell output "(SkipMeCept.php)  SKIPPED" [] []
[2013-05-09 01:34:22] RunSkippedCept.php.INFO: see in shell output "OK, but incomplete or skipped tests!" [] []
[2013-05-09 01:34:22] RunSkippedCept.php.INFO: PASSED [] []
[2013-05-09 01:34:22] RunCest::runOneFile.ALERT: Argument 1 passed to RunCest::_before() must be an instance of Codeception\Scenario, instance of Codeception\Event\Test given, called in /home/davert/Codeception/src/Codeception/Subscriber/Cest.php on line 11 and defined [] []
[2013-05-09 01:34:22] RunCest::runOneFile.INFO: # ERROR # [] []
[2013-05-09 01:34:22] RunCest::runOneFile.INFO: PASSED [] []
[2013-05-09 01:34:22] RunCest::runHtml.ALERT: Argument 1 passed to RunCest::_before() must be an instance of Codeception\Scenario, instance of Codeception\Event\Test given, called in /home/davert/Codeception/src/Codeception/Subscriber/Cest.php on line 11 and defined [] []
[2013-05-09 01:34:22] RunCest::runHtml.INFO: # ERROR # [] []
[2013-05-09 01:34:22] RunCest::runHtml.INFO: PASSED [] []
[2013-05-09 01:34:22] RunCest::runJsonReport.ALERT: Argument 1 passed to RunCest::_before() must be an instance of Codeception\Scenario, instance of Codeception\Event\Test given, called in /home/davert/Codeception/src/Codeception/Subscriber/Cest.php on line 11 and defined [] []
[2013-05-09 01:34:22] RunCest::runJsonReport.INFO: # ERROR # [] []
[2013-05-09 01:34:22] RunCest::runJsonReport.INFO: PASSED [] []
[2013-05-09 01:34:22] RunCest::runTapReport.ALERT: Argument 1 passed to RunCest::_before() must be an instance of Codeception\Scenario, instance of Codeception\Event\Test given, called in /home/davert/Codeception/src/Codeception/Subscriber/Cest.php on line 11 and defined [] []
[2013-05-09 01:34:22] RunCest::runTapReport.INFO: # ERROR # [] []
[2013-05-09 01:34:22] RunCest::runTapReport.INFO: PASSED [] []
[2013-05-09 01:34:22] RunCest::runXmlReport.ALERT: Argument 1 passed to RunCest::_before() must be an instance of Codeception\Scenario, instance of Codeception\Event\Test given, called in /home/davert/Codeception/src/Codeception/Subscriber/Cest.php on line 11 and defined [] []
[2013-05-09 01:34:22] RunCest::runXmlReport.INFO: # ERROR # [] []
[2013-05-09 01:34:22] RunCest::runXmlReport.INFO: PASSED [] []
[2013-05-09 01:34:23] RunCest::runOneGroup.ALERT: Argument 1 passed to RunCest::_before() must be an instance of Codeception\Scenario, instance of Codeception\Event\Test given, called in /home/davert/Codeception/src/Codeception/Subscriber/Cest.php on line 11 and defined [] []
[2013-05-09 01:34:23] RunCest::runOneGroup.INFO: # ERROR # [] []
[2013-05-09 01:34:23] RunCest::runOneGroup.INFO: PASSED [] []
[2013-05-09 01:35:14] BuildCept.php.INFO: run shell commmand "php codecept build" [] []
[2013-05-09 01:35:14] BuildCept.php.INFO: see in shell output "generated successfully" [] []
[2013-05-09 01:35:14] BuildCept.php.INFO: see file found "CodeGuy.php","tests/unit" [] []
[2013-05-09 01:35:14] BuildCept.php.INFO: see file found "CliGuy.php","tests/cli" [] []
[2013-05-09 01:35:14] BuildCept.php.INFO: see in this file "seeFileFound(" [] []
[2013-05-09 01:35:14] BuildCept.php.INFO: PASSED [] []
[2013-05-09 01:35:14] GenerateCeptCept.php.INFO: am in path "tests/data/sandbox" [] []
[2013-05-09 01:35:14] GenerateCeptCept.php.INFO: execute command "generate:cept dummy DummyCept" [] []
[2013-05-09 01:35:15] GenerateCeptCept.php.INFO: see file found "DummyCept.php","tests/dummy" [] []
[2013-05-09 01:35:15] GenerateCeptCept.php.INFO: see in this file "$I = new DumbGuy($scenario);" [] []
[2013-05-09 01:35:15] GenerateCeptCept.php.INFO: delete this file  [] []
[2013-05-09 01:35:15] GenerateCeptCept.php.INFO: i am going to create scenario in folder  [] []
[2013-05-09 01:35:15] GenerateCeptCept.php.INFO: execute command "generate:cept dummy path/DummyCept" [] []
[2013-05-09 01:35:16] GenerateCeptCept.php.INFO: see file found "DummyCept.php","tests/dummy/path" [] []
[2013-05-09 01:35:16] GenerateCeptCept.php.INFO: delete this file  [] []
[2013-05-09 01:35:16] GenerateCeptCept.php.INFO: i am going to create file with cept.php suffix  [] []
[2013-05-09 01:35:16] GenerateCeptCept.php.INFO: execute command "generate:cept dummy DummyCept.php" [] []
[2013-05-09 01:35:16] GenerateCeptCept.php.INFO: see file found "DummyCept.php" [] []
[2013-05-09 01:35:16] GenerateCeptCept.php.INFO: delete this file  [] []
[2013-05-09 01:35:16] GenerateCeptCept.php.INFO: i am going to create file without any suffix  [] []
[2013-05-09 01:35:16] GenerateCeptCept.php.INFO: execute command "generate:cept dummy Dummy" [] []
[2013-05-09 01:35:17] GenerateCeptCept.php.INFO: see file found "DummyCept.php" [] []
[2013-05-09 01:35:17] GenerateCeptCept.php.INFO: PASSED [] []
[2013-05-09 01:35:17] GenerateCestCept.php.INFO: am in path "tests/data/sandbox" [] []
[2013-05-09 01:35:17] GenerateCestCept.php.INFO: execute command "generate:cest dummy DummyClass" [] []
[2013-05-09 01:35:18] GenerateCestCept.php.INFO: see file found "DummyClassCest.php" [] []
[2013-05-09 01:35:18] GenerateCestCept.php.INFO: see in this file "class DummyClassCest" [] []
[2013-05-09 01:35:18] GenerateCestCept.php.INFO: PASSED [] []
[2013-05-09 01:35:18] GeneratePhpUnitCept.php.INFO: am in path "tests/data/sandbox" [] []
[2013-05-09 01:35:18] GeneratePhpUnitCept.php.INFO: execute command "generate:phpunit dummy Dummy" [] []
[2013-05-09 01:35:18] GeneratePhpUnitCept.php.INFO: see file found "DummyTest.php" [] []
[2013-05-09 01:35:18] GeneratePhpUnitCept.php.INFO: see in this file "class DummyTest extends \PHPUnit_Framework_TestCase" [] []
[2013-05-09 01:35:18] GeneratePhpUnitCept.php.INFO: see in this file "function setUp()" [] []
[2013-05-09 01:35:18] GeneratePhpUnitCept.php.INFO: PASSED [] []
[2013-05-09 01:35:18] GenerateScenariosCept.php.INFO: am in path "tests/data/sandbox" [] []
[2013-05-09 01:35:18] GenerateScenariosCept.php.INFO: execute command "generate:scenarios dummy" [] []
[2013-05-09 01:35:19] GenerateScenariosCept.php.INFO: see file found "File_Exists.txt","tests/_data/scenarios" [] []
[2013-05-09 01:35:19] GenerateScenariosCept.php.INFO: see in this file "I WANT TO CHECK CONFIG EXISTS" [] []
[2013-05-09 01:35:19] GenerateScenariosCept.php.INFO: see in this file "I see file found "codeception.yml"" [] []
[2013-05-09 01:35:19] GenerateScenariosCept.php.INFO: PASSED [] []
[2013-05-09 01:35:19] GenerateSuiteCept.php.INFO: as a developer who likes testing  [] []
[2013-05-09 01:35:19] GenerateSuiteCept.php.INFO: so that i have a better tests categorization  [] []
[2013-05-09 01:35:19] GenerateSuiteCept.php.INFO: am in path "tests/data/sandbox" [] []
[2013-05-09 01:35:19] GenerateSuiteCept.php.INFO: execute command "generate:suite house HouseGuy" [] []
[2013-05-09 01:35:19] GenerateSuiteCept.php.INFO: see file found "house.suite.yml" [] []
[2013-05-09 01:35:19] GenerateSuiteCept.php.INFO: i expect guy class is generated  [] []
[2013-05-09 01:35:19] GenerateSuiteCept.php.INFO: see in this file "class_name: HouseGuy" [] []
[2013-05-09 01:35:19] GenerateSuiteCept.php.INFO: see file found "HouseHelper.php" [] []
[2013-05-09 01:35:20] GenerateSuiteCept.php.INFO: see file found "_bootstrap.php","tests/house" [] []
[2013-05-09 01:35:20] GenerateSuiteCept.php.INFO: PASSED [] []
[2013-05-09 01:35:20] GenerateTestCept.php.INFO: am in path "tests/data/sandbox" [] []
[2013-05-09 01:35:20] GenerateTestCept.php.INFO: execute command "generate:test dummy Dummy" [] []
[2013-05-09 01:35:20] GenerateTestCept.php.INFO: see file found "DummyTest.php" [] []
[2013-05-09 01:35:20] GenerateTestCept.php.INFO: see in this file "class DummyTest extends \Codeception\TestCase\Test" [] []
[2013-05-09 01:35:20] GenerateTestCept.php.INFO: see in this file "protected $dumbGuy" [] []
[2013-05-09 01:35:20] GenerateTestCept.php.INFO: see in this file "function _before(" [] []
[2013-05-09 01:35:20] GenerateTestCept.php.INFO: PASSED [] []
[2013-05-09 01:35:20] OrderCept.php.INFO: am in path "tests/data/sandbox" [] []
[2013-05-09 01:35:20] OrderCept.php.INFO: execute command "run order" [] []
[2013-05-09 01:35:20] OrderCept.php.INFO: see file found "order.txt","tests/_log" [] []
[2013-05-09 01:35:20] OrderCept.php.INFO: i expect initialization, bootstrap, before suite, before, bootstrap, scenario, after, after suite  [] []
[2013-05-09 01:35:20] OrderCept.php.INFO: see in this file "IB([BS])" [] []
[2013-05-09 01:35:20] OrderCept.php.ALERT: text IB([BS]) in currently opened file
Failed asserting that ')' contains "IB([BS])". [] []
[2013-05-09 01:35:20] OrderCept.php.INFO: # FAILED # [] []
[2013-05-09 01:35:20] OrderCept.php.INFO: PASSED [] []
[2013-05-09 01:35:20] RunIncompleteCept.php.INFO: am in path "tests/data/sandbox" [] []
[2013-05-09 01:35:20] RunIncompleteCept.php.INFO: execute command "run skipped IncompleteMeCept.php" [] []
[2013-05-09 01:35:21] RunIncompleteCept.php.INFO: see in shell output "(IncompleteMeCept.php)  INCOMPLETE" [] []
[2013-05-09 01:35:21] RunIncompleteCept.php.INFO: see in shell output "OK, but incomplete or skipped tests!" [] []
[2013-05-09 01:35:21] RunIncompleteCept.php.INFO: PASSED [] []
[2013-05-09 01:35:21] RunSkippedCept.php.INFO: am in path "tests/data/sandbox" [] []
[2013-05-09 01:35:21] RunSkippedCept.php.INFO: execute command "run skipped SkipMeCept.php" [] []
[2013-05-09 01:35:21] RunSkippedCept.php.INFO: see in shell output "(SkipMeCept.php)  SKIPPED" [] []
[2013-05-09 01:35:21] RunSkippedCept.php.INFO: see in shell output "OK, but incomplete or skipped tests!" [] []
[2013-05-09 01:35:21] RunSkippedCept.php.INFO: PASSED [] []
[2013-05-09 01:35:21] RunCest::runOneFile.INFO: am in path "tests/data/sandbox" [] []
[2013-05-09 01:35:21] RunCest::runOneFile.INFO: execute command "run tests/dummy/FileExistsCept.php" [] []
[2013-05-09 01:35:21] RunCest::runOneFile.INFO: see file found "report.html","tests/_log" [] []
[2013-05-09 01:35:21] RunCest::runOneFile.INFO: see in shell output "OK (" [] []
[2013-05-09 01:35:21] RunCest::runOneFile.INFO: PASSED [] []
[2013-05-09 01:35:21] RunCest::runHtml.INFO: am in path "tests/data/sandbox" [] []
[2013-05-09 01:35:21] RunCest::runHtml.INFO: execute command "run dummy --html" [] []
[2013-05-09 01:35:21] RunCest::runHtml.INFO: see file found "report.html","tests/_log" [] []
[2013-05-09 01:35:21] RunCest::runHtml.INFO: PASSED [] []
[2013-05-09 01:35:21] RunCest::runJsonReport.INFO: am in path "tests/data/sandbox" [] []
[2013-05-09 01:35:21] RunCest::runJsonReport.INFO: execute command "run dummy --json" [] []
[2013-05-09 01:35:21] RunCest::runJsonReport.INFO: see file found "report.json","tests/_log" [] []
[2013-05-09 01:35:21] RunCest::runJsonReport.INFO: see in this file ""suite":" [] []
[2013-05-09 01:35:21] RunCest::runJsonReport.INFO: see in this file ""dummy"" [] []
[2013-05-09 01:35:21] RunCest::runJsonReport.INFO: PASSED [] []
[2013-05-09 01:35:21] RunCest::runTapReport.INFO: am in path "tests/data/sandbox" [] []
[2013-05-09 01:35:21] RunCest::runTapReport.INFO: execute command "run dummy --tap" [] []
[2013-05-09 01:35:22] RunCest::runTapReport.INFO: see file found "report.tap.log","tests/_log" [] []
[2013-05-09 01:35:22] RunCest::runTapReport.INFO: PASSED [] []
[2013-05-09 01:35:22] RunCest::runXmlReport.INFO: am in path "tests/data/sandbox" [] []
[2013-05-09 01:35:22] RunCest::runXmlReport.INFO: execute command "run dummy --xml" [] []
[2013-05-09 01:35:22] RunCest::runXmlReport.INFO: see file found "report.xml","tests/_log" [] []
[2013-05-09 01:35:22] RunCest::runXmlReport.INFO: see in this file "<?xml" [] []
[2013-05-09 01:35:22] RunCest::runXmlReport.INFO: see in this file "<testsuite name="dummy"" [] []
[2013-05-09 01:35:22] RunCest::runXmlReport.INFO: see in this file "<testcase file="FileExistsCept.php"" [] []
[2013-05-09 01:35:22] RunCest::runXmlReport.INFO: PASSED [] []
[2013-05-09 01:35:22] RunCest::runOneGroup.INFO: am in path "tests/data/sandbox" [] []
[2013-05-09 01:35:22] RunCest::runOneGroup.INFO: execute command "run skipped -g notorun" [] []
[2013-05-09 01:35:22] RunCest::runOneGroup.INFO: see in shell output "Incomplete" [] []
[2013-05-09 01:35:22] RunCest::runOneGroup.INFO: don't see in shell output "Skipped" [] []
[2013-05-09 01:35:22] RunCest::runOneGroup.INFO: PASSED [] []
[2013-05-09 01:36:19] OrderCept.php.INFO: am in path "tests/data/sandbox" [] []
[2013-05-09 01:36:19] OrderCept.php.INFO: execute command "run order" [] []
[2013-05-09 01:36:19] OrderCept.php.INFO: see file found "order.txt","tests/_log" [] []
[2013-05-09 01:36:19] OrderCept.php.INFO: i expect initialization, bootstrap, before suite, before, bootstrap, scenario, after, after suite  [] []
[2013-05-09 01:36:19] OrderCept.php.INFO: see in this file "IB([BS])" [] []
[2013-05-09 01:36:19] OrderCept.php.ALERT: text IB([BS]) in currently opened file
Failed asserting that 'IB([BT])' contains "IB([BS])". [] []
[2013-05-09 01:36:19] OrderCept.php.INFO: # FAILED # [] []
[2013-05-09 01:36:19] OrderCept.php.INFO: PASSED [] []
[2013-05-09 01:36:51] OrderCept.php.INFO: am in path "tests/data/sandbox" [] []
[2013-05-09 01:36:51] OrderCept.php.INFO: execute command "run order" [] []
[2013-05-09 01:36:51] OrderCept.php.INFO: see file found "order.txt","tests/_log" [] []
[2013-05-09 01:36:51] OrderCept.php.INFO: i expect initialization, bootstrap, before suite, before, bootstrap, scenario, after, after suite  [] []
[2013-05-09 01:36:51] OrderCept.php.INFO: see in this file "IB([BT])" [] []
[2013-05-09 01:36:51] OrderCept.php.INFO: PASSED [] []
[2013-05-09 01:37:34] OrderCept.php.INFO: am in path "tests/data/sandbox" [] []
[2013-05-09 01:37:34] OrderCept.php.INFO: execute command "run order" [] []
[2013-05-09 01:37:34] OrderCept.php.INFO: see file found "order.txt","tests/_log" [] []
[2013-05-09 01:37:34] OrderCept.php.INFO: i expect initialization i, bootstrap b, before suite (, before [, bootstrap b, test t, after ], after suite )  [] []
[2013-05-09 01:37:34] OrderCept.php.INFO: see in this file "IB([BT])" [] []
[2013-05-09 01:37:34] OrderCept.php.INFO: PASSED [] []
[2013-05-09 01:38:30] OrderCept.php.INFO: am in path "tests/data/sandbox" [] []
[2013-05-09 01:38:30] OrderCept.php.INFO: execute command "run order LoadingOrderCept.php" [] []
[2013-05-09 01:38:31] OrderCept.php.INFO: see file found "order.txt","tests/_log" [] []
[2013-05-09 01:38:31] OrderCept.php.INFO: i expect initialization, bootstrap(b), before suite, before, bootstrap(b), test(t), after, after suite  [] []
[2013-05-09 01:38:31] OrderCept.php.INFO: see in this file "IB([BT])" [] []
[2013-05-09 01:38:31] OrderCept.php.INFO: PASSED [] []
[2013-05-09 01:41:49] OrderCept.php.INFO: am in path "tests/data/sandbox" [] []
[2013-05-09 01:41:49] OrderCept.php.INFO: execute command "run order LoadingOrderCept.php" [] []
[2013-05-09 01:41:49] OrderCept.php.INFO: see file found "order.txt","tests/_log" [] []
[2013-05-09 01:41:49] OrderCept.php.INFO: i expect initialization, bootstrap(b), before suite, before, bootstrap(b), test(t), after, after suite  [] []
[2013-05-09 01:41:49] OrderCept.php.INFO: see in this file "IB([BT])" [] []
[2013-05-09 01:41:49] OrderCept.php.INFO: i am going to execute whole suite  [] []
[2013-05-09 01:41:49] OrderCept.php.INFO: execute command "run order" [] []
[2013-05-09 01:41:49] OrderCept.php.INFO: see in this file "IBB([BT][BT])" [] []
[2013-05-09 01:41:49] OrderCept.php.ALERT: text IBB([BT][BT]) in currently opened file
Failed asserting that 'IB([BT])' contains "IBB([BT][BT])". [] []
[2013-05-09 01:41:49] OrderCept.php.INFO: # FAILED # [] []
[2013-05-09 01:41:49] OrderCept.php.INFO: PASSED [] []
[2013-05-09 01:44:08] OrderCest::checkOneFile.INFO: am in path "tests/data/sandbox" [] []
[2013-05-09 01:44:08] OrderCest::checkOneFile.INFO: execute command "run order LoadingOrderCept.php" [] []
[2013-05-09 01:44:08] OrderCest::checkOneFile.INFO: see file found "order.txt","tests/_log" [] []
[2013-05-09 01:44:08] OrderCest::checkOneFile.INFO: i expect initialization, bootstrap(b), before suite, before, bootstrap(b), test(t), after, after suite  [] []
[2013-05-09 01:44:08] OrderCest::checkOneFile.INFO: see in this file "IB([BT])" [] []
[2013-05-09 01:44:08] OrderCest::checkOneFile.INFO: PASSED [] []
[2013-05-09 01:44:08] OrderCest::checkTwoFiles.INFO: am in path "tests/data/sandbox" [] []
[2013-05-09 01:44:08] OrderCest::checkTwoFiles.INFO: execute command "run order" [] []
[2013-05-09 01:44:08] OrderCest::checkTwoFiles.INFO: see in this file "IBB([BT][BT])" [] []
[2013-05-09 01:44:08] OrderCest::checkTwoFiles.ALERT: text IBB([BT][BT]) in currently opened file
Failed asserting that 'IB([BT])' contains "IBB([BT][BT])". [] []
[2013-05-09 01:44:08] OrderCest::checkTwoFiles.INFO: # FAILED # [] []
[2013-05-09 01:44:08] OrderCest::checkTwoFiles.INFO: PASSED [] []
[2013-05-09 01:45:58] OrderCest::checkOneFile.INFO: am in path "tests/data/sandbox" [] []
[2013-05-09 01:45:58] OrderCest::checkOneFile.INFO: execute command "run order LoadingOrderCept.php" [] []
[2013-05-09 01:45:58] OrderCest::checkOneFile.INFO: see file found "order.txt","tests/_log" [] []
[2013-05-09 01:45:58] OrderCest::checkOneFile.INFO: i expect initialization, bootstrap(b), before suite, before, bootstrap(b), test(t), after, after suite  [] []
[2013-05-09 01:45:58] OrderCest::checkOneFile.INFO: see in this file "IB([BT])" [] []
[2013-05-09 01:45:58] OrderCest::checkOneFile.INFO: PASSED [] []
[2013-05-09 01:45:58] OrderCest::checkTwoFiles.INFO: am in path "tests/data/sandbox" [] []
[2013-05-09 01:45:58] OrderCest::checkTwoFiles.INFO: execute command "run order" [] []
[2013-05-09 01:45:59] OrderCest::checkTwoFiles.INFO: see in this file "IBB([BT][BT])" [] []
[2013-05-09 01:45:59] OrderCest::checkTwoFiles.ALERT: text IBB([BT][BT]) in currently opened file
Failed asserting that 'IB([BT])' contains "IBB([BT][BT])". [] []
[2013-05-09 01:45:59] OrderCest::checkTwoFiles.INFO: # FAILED # [] []
[2013-05-09 01:45:59] OrderCest::checkTwoFiles.INFO: PASSED [] []
[2013-05-09 01:46:22] OrderCest::checkOneFile.INFO: am in path "tests/data/sandbox" [] []
[2013-05-09 01:46:22] OrderCest::checkOneFile.INFO: execute command "run order LoadingOrderCept.php" [] []
[2013-05-09 01:46:22] OrderCest::checkOneFile.INFO: i expect initialization, bootstrap(b), before suite, before, bootstrap(b), test(t), after, after suite  [] []
[2013-05-09 01:46:22] OrderCest::checkOneFile.INFO: see file found "order.txt","tests/_log" [] []
[2013-05-09 01:46:22] OrderCest::checkOneFile.INFO: see in this file "IB([BT])" [] []
[2013-05-09 01:46:22] OrderCest::checkOneFile.INFO: PASSED [] []
[2013-05-09 01:46:22] OrderCest::checkTwoFiles.INFO: am in path "tests/data/sandbox" [] []
[2013-05-09 01:46:22] OrderCest::checkTwoFiles.INFO: execute command "run order" [] []
[2013-05-09 01:46:22] OrderCest::checkTwoFiles.INFO: see file found "order.txt","tests/_log" [] []
[2013-05-09 01:46:22] OrderCest::checkTwoFiles.INFO: see in this file "IBB([BT][BT])" [] []
[2013-05-09 01:46:22] OrderCest::checkTwoFiles.INFO: PASSED [] []
[2013-05-09 01:55:29] OrderCest::checkOneFile.INFO: am in path "tests/data/sandbox" [] []
[2013-05-09 01:55:29] OrderCest::checkOneFile.INFO: execute command "run order LoadingOrderCept.php" [] []
[2013-05-09 01:55:29] OrderCest::checkOneFile.INFO: i expect initialization, bootstrap(b), before suite, before, bootstrap(b), test(t), after, after suite  [] []
[2013-05-09 01:55:29] OrderCest::checkOneFile.INFO: see file found "order.txt","tests/_log" [] []
[2013-05-09 01:55:29] OrderCest::checkOneFile.INFO: see in this file "IB([BT])" [] []
[2013-05-09 01:55:29] OrderCest::checkOneFile.ALERT: text IB([BT]) in currently opened file
Failed asserting that 'IB[BT])' contains "IB([BT])". [] []
[2013-05-09 01:55:29] OrderCest::checkOneFile.INFO: # FAILED # [] []
[2013-05-09 01:55:29] OrderCest::checkOneFile.INFO: PASSED [] []
[2013-05-09 01:55:29] OrderCest::checkForFails.INFO: am in path "tests/data/sandbox" [] []
[2013-05-09 01:55:29] OrderCest::checkForFails.INFO: execute command "run order FailedCept.php" [] []
[2013-05-09 01:55:29] OrderCest::checkForFails.ALERT: Result code was 255.

Codeception PHP Testing Framework v1.6.1
Powered by PHPUnit 3.7.19 by Sebastian Bergmann.

Suite order started
Trying to write a marker and fail (FailedCept.php)
Scenario:
* I append to file "T"
* I fail



FATAL ERROR. TESTS NOT FINISHED.
Maximum function nesting level of '100' reached, aborting!
in /home/davert/Codeception/tests/data/sandbox/tests/_helpers/OrderHelper.php:36 [] []
[2013-05-09 01:55:29] OrderCest::checkForFails.INFO: # FAILED # [] []
[2013-05-09 01:55:29] OrderCest::checkForFails.INFO: PASSED [] []
[2013-05-09 01:55:29] OrderCest::checkTwoFiles.INFO: am in path "tests/data/sandbox" [] []
[2013-05-09 01:55:29] OrderCest::checkTwoFiles.INFO: execute command "run order" [] []
[2013-05-09 01:55:30] OrderCest::checkTwoFiles.ALERT: Result code was 255.

Codeception PHP Testing Framework v1.6.1
Powered by PHPUnit 3.7.19 by Sebastian Bergmann.

Suite order started
Trying to write a marker to file to determine loading order (AnotherCept.php) - Ok
Trying to write a marker and fail (FailedCept.php)


FATAL ERROR. TESTS NOT FINISHED.
Maximum function nesting level of '100' reached, aborting!
in /home/davert/Codeception/tests/data/sandbox/tests/_helpers/OrderHelper.php:36 [] []
[2013-05-09 01:55:30] OrderCest::checkTwoFiles.INFO: # FAILED # [] []
[2013-05-09 01:55:30] OrderCest::checkTwoFiles.INFO: PASSED [] []
[2013-05-09 01:57:36] OrderCest::checkOneFile.INFO: am in path "tests/data/sandbox" [] []
[2013-05-09 01:57:36] OrderCest::checkOneFile.INFO: execute command "run order LoadingOrderCept.php" [] []
[2013-05-09 01:57:37] OrderCest::checkOneFile.INFO: i expect initialization, bootstrap(b), before suite, before, bootstrap(b), test(t), after, after suite  [] []
[2013-05-09 01:57:37] OrderCest::checkOneFile.INFO: see file found "order.txt","tests/_log" [] []
[2013-05-09 01:57:37] OrderCest::checkOneFile.INFO: see in this file "IB([BT])" [] []
[2013-05-09 01:57:37] OrderCest::checkOneFile.ALERT: text IB([BT]) in currently opened file
Failed asserting that 'IB[BT])' contains "IB([BT])". [] []
[2013-05-09 01:57:37] OrderCest::checkOneFile.INFO: # FAILED # [] []
[2013-05-09 01:57:37] OrderCest::checkOneFile.INFO: PASSED [] []
[2013-05-09 01:57:37] OrderCest::checkForFails.INFO: am in path "tests/data/sandbox" [] []
[2013-05-09 01:57:37] OrderCest::checkForFails.INFO: execute command "run order FailedCept.php" [] []
[2013-05-09 01:57:37] OrderCest::checkForFails.ALERT: Result code was 1.

Codeception PHP Testing Framework v1.6.1
Powered by PHPUnit 3.7.19 by Sebastian Bergmann.

Suite order started
Trying to write a marker and fail (FailedCept.php)
Scenario:
* I append to file "T"
* I fail
  FAILED



Time: 0 seconds, Memory: 4.25Mb

There was 1 failure:

---------
1) Couldn't write a marker and fail in FailedCept.php
Guy couldn't fail : intentionally

Scenario Steps:
2. I fail
1. I append to file "T"

FAILURES!
Tests: 1, Assertions: 0, Failures: 1. [] []
[2013-05-09 01:57:37] OrderCest::checkForFails.INFO: # FAILED # [] []
[2013-05-09 01:57:37] OrderCest::checkForFails.INFO: PASSED [] []
[2013-05-09 01:57:37] OrderCest::checkTwoFiles.INFO: am in path "tests/data/sandbox" [] []
[2013-05-09 01:57:37] OrderCest::checkTwoFiles.INFO: execute command "run order" [] []
[2013-05-09 01:57:37] OrderCest::checkTwoFiles.ALERT: Result code was 1.

Codeception PHP Testing Framework v1.6.1
Powered by PHPUnit 3.7.19 by Sebastian Bergmann.

Suite order started
Trying to write a marker to file to determine loading order (AnotherCept.php) - Ok
Trying to write a marker and fail (FailedCept.php) - Failed
Trying to write a marker to file to determine loading order (LoadingOrderCept.php) - Ok


Time: 0 seconds, Memory: 4.25Mb

There was 1 failure:

---------
1) Couldn't write a marker and fail in FailedCept.php
Guy couldn't fail : intentionally

Scenario Steps:
2. I fail
1. I append to file "T"

FAILURES!
Tests: 3, Assertions: 0, Failures: 1. [] []
[2013-05-09 01:57:37] OrderCest::checkTwoFiles.INFO: # FAILED # [] []
[2013-05-09 01:57:37] OrderCest::checkTwoFiles.INFO: PASSED [] []
[2013-05-09 01:58:45] OrderCest::checkOneFile.INFO: am in path "tests/data/sandbox" [] []
[2013-05-09 01:58:45] OrderCest::checkOneFile.INFO: execute command "run order LoadingOrderCept.php" [] []
[2013-05-09 01:58:45] OrderCest::checkOneFile.INFO: i expect initialization, bootstrap(b), before suite, before, bootstrap(b), test(t), after, after suite  [] []
[2013-05-09 01:58:45] OrderCest::checkOneFile.INFO: see file found "order.txt","tests/_log" [] []
[2013-05-09 01:58:45] OrderCest::checkOneFile.INFO: see in this file "IB([BT])" [] []
[2013-05-09 01:58:45] OrderCest::checkOneFile.INFO: PASSED [] []
[2013-05-09 01:58:45] OrderCest::checkForFails.INFO: am in path "tests/data/sandbox" [] []
[2013-05-09 01:58:45] OrderCest::checkForFails.INFO: execute command "run order FailedCept.php" [] []
[2013-05-09 01:58:46] OrderCest::checkForFails.ALERT: Result code was 1.

Codeception PHP Testing Framework v1.6.1
Powered by PHPUnit 3.7.19 by Sebastian Bergmann.

Suite order started
Trying to write a marker and fail (FailedCept.php)
Scenario:
* I append to file "T"
* I fail
  FAILED



Time: 0 seconds, Memory: 4.00Mb

There was 1 failure:

---------
1) Couldn't write a marker and fail in FailedCept.php
Guy couldn't fail : intentionally

Scenario Steps:
2. I fail
1. I append to file "T"

FAILURES!
Tests: 1, Assertions: 0, Failures: 1. [] []
[2013-05-09 01:58:46] OrderCest::checkForFails.INFO: # FAILED # [] []
[2013-05-09 01:58:46] OrderCest::checkForFails.INFO: PASSED [] []
[2013-05-09 01:58:46] OrderCest::checkTwoFiles.INFO: am in path "tests/data/sandbox" [] []
[2013-05-09 01:58:46] OrderCest::checkTwoFiles.INFO: execute command "run order" [] []
[2013-05-09 01:58:46] OrderCest::checkTwoFiles.ALERT: Result code was 1.

Codeception PHP Testing Framework v1.6.1
Powered by PHPUnit 3.7.19 by Sebastian Bergmann.

Suite order started
Trying to write a marker to file to determine loading order (AnotherCept.php) - Ok
Trying to write a marker and fail (FailedCept.php) - Failed
Trying to write a marker to file to determine loading order (LoadingOrderCept.php) - Ok


Time: 0 seconds, Memory: 4.50Mb

There was 1 failure:

---------
1) Couldn't write a marker and fail in FailedCept.php
Guy couldn't fail : intentionally

Scenario Steps:
2. I fail
1. I append to file "T"

FAILURES!
Tests: 3, Assertions: 0, Failures: 1. [] []
[2013-05-09 01:58:46] OrderCest::checkTwoFiles.INFO: # FAILED # [] []
[2013-05-09 01:58:46] OrderCest::checkTwoFiles.INFO: PASSED [] []
[2013-05-09 01:59:04] OrderCest::checkOneFile.INFO: am in path "tests/data/sandbox" [] []
[2013-05-09 01:59:04] OrderCest::checkOneFile.INFO: execute command "run order LoadingOrderCept.php" [] []
[2013-05-09 01:59:04] OrderCest::checkOneFile.INFO: i expect initialization, bootstrap(b), before suite, before, bootstrap(b), test(t), after, after suite  [] []
[2013-05-09 01:59:04] OrderCest::checkOneFile.INFO: see file found "order.txt","tests/_log" [] []
[2013-05-09 01:59:04] OrderCest::checkOneFile.INFO: see in this file "IB([BT])" [] []
[2013-05-09 01:59:04] OrderCest::checkOneFile.INFO: PASSED [] []
[2013-05-09 01:59:04] OrderCest::checkForFails.INFO: am in path "tests/data/sandbox" [] []
[2013-05-09 01:59:04] OrderCest::checkForFails.INFO: execute command "run order FailedCept.php" [] []
[2013-05-09 01:59:04] OrderCest::checkForFails.ALERT: Result code was 1.

Codeception PHP Testing Framework v1.6.1
Powered by PHPUnit 3.7.19 by Sebastian Bergmann.

Suite order started
Trying to write a marker and fail (FailedCept.php)
Scenario:
* I append to file "T"
* I fail
  FAILED



Time: 0 seconds, Memory: 4.00Mb

There was 1 failure:

---------
1) Couldn't write a marker and fail in FailedCept.php
Guy couldn't fail : intentionally

Scenario Steps:
2. I fail
1. I append to file "T"

FAILURES!
Tests: 1, Assertions: 0, Failures: 1. [] []
[2013-05-09 01:59:04] OrderCest::checkForFails.INFO: # FAILED # [] []
[2013-05-09 01:59:04] OrderCest::checkForFails.INFO: PASSED [] []
[2013-05-09 01:59:04] OrderCest::checkTwoFiles.INFO: am in path "tests/data/sandbox" [] []
[2013-05-09 01:59:04] OrderCest::checkTwoFiles.INFO: execute command "run order" [] []
[2013-05-09 01:59:04] OrderCest::checkTwoFiles.ALERT: Result code was 1.

Codeception PHP Testing Framework v1.6.1
Powered by PHPUnit 3.7.19 by Sebastian Bergmann.

Suite order started
Trying to write a marker to file to determine loading order (AnotherCept.php) - Ok
Trying to write a marker and fail (FailedCept.php) - Failed
Trying to write a marker to file to determine loading order (LoadingOrderCept.php) - Ok


Time: 0 seconds, Memory: 4.50Mb

There was 1 failure:

---------
1) Couldn't write a marker and fail in FailedCept.php
Guy couldn't fail : intentionally

Scenario Steps:
2. I fail
1. I append to file "T"

FAILURES!
Tests: 3, Assertions: 0, Failures: 1. [] []
[2013-05-09 01:59:04] OrderCest::checkTwoFiles.INFO: # FAILED # [] []
[2013-05-09 01:59:04] OrderCest::checkTwoFiles.INFO: PASSED [] []
[2013-05-09 01:59:37] OrderCest::checkOneFile.INFO: am in path "tests/data/sandbox" [] []
[2013-05-09 01:59:37] OrderCest::checkOneFile.INFO: execute command "run order LoadingOrderCept.php" [] []
[2013-05-09 01:59:37] OrderCest::checkOneFile.INFO: i expect initialization, bootstrap(b), before suite, before, bootstrap(b), test(t), after, after suite  [] []
[2013-05-09 01:59:37] OrderCest::checkOneFile.INFO: see file found "order.txt","tests/_log" [] []
[2013-05-09 01:59:37] OrderCest::checkOneFile.INFO: see in this file "IB([BT])" [] []
[2013-05-09 01:59:37] OrderCest::checkOneFile.INFO: PASSED [] []
[2013-05-09 01:59:37] OrderCest::checkForFails.INFO: am in path "tests/data/sandbox" [] []
[2013-05-09 01:59:37] OrderCest::checkForFails.INFO: execute command "run order FailedCept.php" [] []
[2013-05-09 01:59:37] OrderCest::checkForFails.ALERT: Result code was 1.

Codeception PHP Testing Framework v1.6.1
Powered by PHPUnit 3.7.19 by Sebastian Bergmann.

Suite order started
Trying to write a marker and fail (FailedCept.php)
Scenario:
* I append to file "T"
* I fail
  FAILED



Time: 0 seconds, Memory: 4.00Mb

There was 1 failure:

---------
1) Couldn't write a marker and fail in FailedCept.php
Guy couldn't fail : intentionally

Scenario Steps:
2. I fail
1. I append to file "T"

FAILURES!
Tests: 1, Assertions: 0, Failures: 1. [] []
[2013-05-09 01:59:37] OrderCest::checkForFails.INFO: # FAILED # [] []
[2013-05-09 01:59:37] OrderCest::checkForFails.INFO: PASSED [] []
[2013-05-09 01:59:37] OrderCest::checkTwoFiles.INFO: am in path "tests/data/sandbox" [] []
[2013-05-09 01:59:37] OrderCest::checkTwoFiles.INFO: execute command "run order" [] []
[2013-05-09 01:59:37] OrderCest::checkTwoFiles.ALERT: Result code was 1.

Codeception PHP Testing Framework v1.6.1
Powered by PHPUnit 3.7.19 by Sebastian Bergmann.

Suite order started
Trying to write a marker to file to determine loading order (AnotherCept.php) - Ok
Trying to write a marker and fail (FailedCept.php) - Failed
Trying to write a marker to file to determine loading order (LoadingOrderCept.php) - Ok


Time: 0 seconds, Memory: 4.50Mb

There was 1 failure:

---------
1) Couldn't write a marker and fail in FailedCept.php
Guy couldn't fail : intentionally

Scenario Steps:
2. I fail
1. I append to file "T"

FAILURES!
Tests: 3, Assertions: 0, Failures: 1. [] []
[2013-05-09 01:59:37] OrderCest::checkTwoFiles.INFO: # FAILED # [] []
[2013-05-09 01:59:37] OrderCest::checkTwoFiles.INFO: PASSED [] []
[2013-05-09 01:59:59] OrderCest::checkOneFile.INFO: am in path "tests/data/sandbox" [] []
[2013-05-09 01:59:59] OrderCest::checkOneFile.INFO: execute command "run order LoadingOrderCept.php" [] []
[2013-05-09 02:00:00] OrderCest::checkOneFile.INFO: i expect initialization, bootstrap(b), before suite, before, bootstrap(b), test(t), after, after suite  [] []
[2013-05-09 02:00:00] OrderCest::checkOneFile.INFO: see file found "order.txt","tests/_log" [] []
[2013-05-09 02:00:00] OrderCest::checkOneFile.INFO: see in this file "IB([BT])" [] []
[2013-05-09 02:00:00] OrderCest::checkOneFile.INFO: PASSED [] []
[2013-05-09 02:00:00] OrderCest::checkForFails.INFO: am in path "tests/data/sandbox" [] []
[2013-05-09 02:00:00] OrderCest::checkForFails.INFO: execute command "run order FailedCept.php --no-exit" [] []
[2013-05-09 02:00:00] OrderCest::checkForFails.INFO: see file found "order.txt","tests/_log" [] []
[2013-05-09 02:00:00] OrderCest::checkForFails.INFO: i expect initialization, bootstrap, before suite, before, bootstrap, test, after, fail, after suite  [] []
[2013-05-09 02:00:00] OrderCest::checkForFails.INFO: see in this file "IB([BT]F)" [] []
[2013-05-09 02:00:00] OrderCest::checkForFails.INFO: PASSED [] []
[2013-05-09 02:00:00] OrderCest::checkTwoFiles.INFO: am in path "tests/data/sandbox" [] []
[2013-05-09 02:00:00] OrderCest::checkTwoFiles.INFO: execute command "run order" [] []
[2013-05-09 02:00:00] OrderCest::checkTwoFiles.ALERT: Result code was 1.

Codeception PHP Testing Framework v1.6.1
Powered by PHPUnit 3.7.19 by Sebastian Bergmann.

Suite order started
Trying to write a marker to file to determine loading order (AnotherCept.php) - Ok
Trying to write a marker and fail (FailedCept.php) - Failed
Trying to write a marker to file to determine loading order (LoadingOrderCept.php) - Ok


Time: 0 seconds, Memory: 4.50Mb

There was 1 failure:

---------
1) Couldn't write a marker and fail in FailedCept.php
Guy couldn't fail : intentionally

Scenario Steps:
2. I fail
1. I append to file "T"

FAILURES!
Tests: 3, Assertions: 0, Failures: 1. [] []
[2013-05-09 02:00:00] OrderCest::checkTwoFiles.INFO: # FAILED # [] []
[2013-05-09 02:00:00] OrderCest::checkTwoFiles.INFO: PASSED [] []
[2013-05-09 02:00:26] OrderCest::checkOneFile.INFO: am in path "tests/data/sandbox" [] []
[2013-05-09 02:00:26] OrderCest::checkOneFile.INFO: execute command "run order LoadingOrderCept.php" [] []
[2013-05-09 02:00:26] OrderCest::checkOneFile.INFO: i expect initialization, bootstrap(b), before suite, before, bootstrap(b), test(t), after, after suite  [] []
[2013-05-09 02:00:26] OrderCest::checkOneFile.INFO: see file found "order.txt","tests/_log" [] []
[2013-05-09 02:00:26] OrderCest::checkOneFile.INFO: see in this file "IB([BT])" [] []
[2013-05-09 02:00:26] OrderCest::checkOneFile.INFO: PASSED [] []
[2013-05-09 02:00:26] OrderCest::checkForFails.INFO: am in path "tests/data/sandbox" [] []
[2013-05-09 02:00:26] OrderCest::checkForFails.INFO: execute command "run order FailedCept.php --no-exit" [] []
[2013-05-09 02:00:26] OrderCest::checkForFails.INFO: see file found "order.txt","tests/_log" [] []
[2013-05-09 02:00:26] OrderCest::checkForFails.INFO: i expect initialization, bootstrap, before suite, before, bootstrap, test, after, fail, after suite  [] []
[2013-05-09 02:00:26] OrderCest::checkForFails.INFO: see in this file "IB([BT]F)" [] []
[2013-05-09 02:00:26] OrderCest::checkForFails.INFO: PASSED [] []
[2013-05-09 02:00:26] OrderCest::checkTwoFiles.INFO: am in path "tests/data/sandbox" [] []
[2013-05-09 02:00:26] OrderCest::checkTwoFiles.INFO: execute command "run order" [] []
[2013-05-09 02:00:26] OrderCest::checkTwoFiles.ALERT: Result code was 1.

Codeception PHP Testing Framework v1.6.1
Powered by PHPUnit 3.7.19 by Sebastian Bergmann.

Suite order started
Trying to write a marker to file to determine loading order (AnotherCept.php) - Ok
Trying to write a marker and fail (FailedCept.php) - Failed
Trying to write a marker to file to determine loading order (LoadingOrderCept.php) - Ok


Time: 0 seconds, Memory: 4.50Mb

There was 1 failure:

---------
1) Couldn't write a marker and fail in FailedCept.php
Guy couldn't fail : intentionally

Scenario Steps:
2. I fail
1. I append to file "T"

FAILURES!
Tests: 3, Assertions: 0, Failures: 1. [] []
[2013-05-09 02:00:26] OrderCest::checkTwoFiles.INFO: # FAILED # [] []
[2013-05-09 02:00:26] OrderCest::checkTwoFiles.INFO: PASSED [] []
[2013-05-09 02:00:38] OrderCest::checkOneFile.INFO: am in path "tests/data/sandbox" [] []
[2013-05-09 02:00:38] OrderCest::checkOneFile.INFO: execute command "run order LoadingOrderCept.php" [] []
[2013-05-09 02:00:38] OrderCest::checkOneFile.INFO: i expect initialization, bootstrap(b), before suite, before, bootstrap(b), test(t), after, after suite  [] []
[2013-05-09 02:00:38] OrderCest::checkOneFile.INFO: see file found "order.txt","tests/_log" [] []
[2013-05-09 02:00:38] OrderCest::checkOneFile.INFO: see in this file "IB([BT])" [] []
[2013-05-09 02:00:38] OrderCest::checkOneFile.INFO: PASSED [] []
[2013-05-09 02:00:38] OrderCest::checkForFails.INFO: am in path "tests/data/sandbox" [] []
[2013-05-09 02:00:38] OrderCest::checkForFails.INFO: execute command "run order FailedCept.php --no-exit" [] []
[2013-05-09 02:00:38] OrderCest::checkForFails.INFO: see file found "order.txt","tests/_log" [] []
[2013-05-09 02:00:38] OrderCest::checkForFails.INFO: i expect initialization, bootstrap, before suite, before, bootstrap, test, after, fail, after suite  [] []
[2013-05-09 02:00:38] OrderCest::checkForFails.INFO: see in this file "IB([BT]F)" [] []
[2013-05-09 02:00:38] OrderCest::checkForFails.INFO: PASSED [] []
[2013-05-09 02:00:38] OrderCest::checkTwoFiles.INFO: am in path "tests/data/sandbox" [] []
[2013-05-09 02:00:38] OrderCest::checkTwoFiles.INFO: execute command "run order --no-exit" [] []
[2013-05-09 02:00:38] OrderCest::checkTwoFiles.INFO: see file found "order.txt","tests/_log" [] []
[2013-05-09 02:00:38] OrderCest::checkTwoFiles.INFO: see in this file "IBBB([BT][BT][BT]F)" [] []
[2013-05-09 02:00:38] OrderCest::checkTwoFiles.ALERT: text IBBB([BT][BT][BT]F) in currently opened file
Failed asserting that 'IBBB([BT][BT]F[BT])' contains "IBBB([BT][BT][BT]F)". [] []
[2013-05-09 02:00:38] OrderCest::checkTwoFiles.INFO: # FAILED # [] []
[2013-05-09 02:00:38] OrderCest::checkTwoFiles.INFO: PASSED [] []
[2013-05-09 02:00:56] OrderCest::checkOneFile.INFO: am in path "tests/data/sandbox" [] []
[2013-05-09 02:00:56] OrderCest::checkOneFile.INFO: execute command "run order LoadingOrderCept.php" [] []
[2013-05-09 02:00:56] OrderCest::checkOneFile.INFO: i expect initialization, bootstrap(b), before suite, before, bootstrap(b), test(t), after, after suite  [] []
[2013-05-09 02:00:56] OrderCest::checkOneFile.INFO: see file found "order.txt","tests/_log" [] []
[2013-05-09 02:00:56] OrderCest::checkOneFile.INFO: see in this file "IB([BT])" [] []
[2013-05-09 02:00:56] OrderCest::checkOneFile.INFO: PASSED [] []
[2013-05-09 02:00:56] OrderCest::checkForFails.INFO: am in path "tests/data/sandbox" [] []
[2013-05-09 02:00:56] OrderCest::checkForFails.INFO: execute command "run order FailedCept.php --no-exit" [] []
[2013-05-09 02:00:56] OrderCest::checkForFails.INFO: see file found "order.txt","tests/_log" [] []
[2013-05-09 02:00:56] OrderCest::checkForFails.INFO: i expect initialization, bootstrap, before suite, before, bootstrap, test, after, fail, after suite  [] []
[2013-05-09 02:00:56] OrderCest::checkForFails.INFO: see in this file "IB([BT]F)" [] []
[2013-05-09 02:00:56] OrderCest::checkForFails.INFO: PASSED [] []
[2013-05-09 02:00:56] OrderCest::checkTwoFiles.INFO: am in path "tests/data/sandbox" [] []
[2013-05-09 02:00:56] OrderCest::checkTwoFiles.INFO: execute command "run order --no-exit" [] []
[2013-05-09 02:00:57] OrderCest::checkTwoFiles.INFO: see file found "order.txt","tests/_log" [] []
[2013-05-09 02:00:57] OrderCest::checkTwoFiles.INFO: see in this file "IBBB([BT][BT]F[BT])" [] []
[2013-05-09 02:00:57] OrderCest::checkTwoFiles.INFO: PASSED [] []
[2013-05-09 02:07:42] OrderCest::checkOneFile.INFO: am in path "tests/data/sandbox" [] []
[2013-05-09 02:07:42] OrderCest::checkOneFile.INFO: execute command "run order LoadingOrderCept.php" [] []
[2013-05-09 02:07:42] OrderCest::checkOneFile.INFO: i expect initialization, bootstrap(b), before suite, before, bootstrap(b), test(t), after, after suite  [] []
[2013-05-09 02:07:42] OrderCest::checkOneFile.INFO: see file found "order.txt","tests/_log" [] []
[2013-05-09 02:07:42] OrderCest::checkOneFile.INFO: see in this file "IB([BT])" [] []
[2013-05-09 02:07:42] OrderCest::checkOneFile.INFO: PASSED [] []
[2013-05-09 02:07:42] OrderCest::checkForFails.INFO: am in path "tests/data/sandbox" [] []
[2013-05-09 02:07:42] OrderCest::checkForFails.INFO: execute command "run order FailedCept.php --no-exit" [] []
[2013-05-09 02:07:42] OrderCest::checkForFails.INFO: see file found "order.txt","tests/_log" [] []
[2013-05-09 02:07:42] OrderCest::checkForFails.INFO: i expect initialization, bootstrap, before suite, before, bootstrap, test, after, fail, after suite  [] []
[2013-05-09 02:07:42] OrderCest::checkForFails.INFO: see in this file "IB([BTF])" [] []
[2013-05-09 02:07:42] OrderCest::checkForFails.INFO: PASSED [] []
[2013-05-09 02:07:42] OrderCest::checkTwoFiles.INFO: am in path "tests/data/sandbox" [] []
[2013-05-09 02:07:42] OrderCest::checkTwoFiles.INFO: execute command "run order --no-exit" [] []
[2013-05-09 02:07:42] OrderCest::checkTwoFiles.INFO: see file found "order.txt","tests/_log" [] []
[2013-05-09 02:07:42] OrderCest::checkTwoFiles.INFO: see in this file "IBBB([BT][BTF][BT])" [] []
[2013-05-09 02:07:42] OrderCest::checkTwoFiles.INFO: PASSED [] []
