[2013-05-08 01:08:38] BuildCept.php.INFO: run shell commmand "php codecept build" [] []
[2013-05-08 01:08:39] BuildCept.php.INFO: see in shell output "generated successfully" [] []
[2013-05-08 01:08:39] BuildCept.php.INFO: see file found "CodeGuy.php","tests/unit" [] []
[2013-05-08 01:08:39] BuildCept.php.INFO: see file found "CliGuy.php","tests/cli" [] []
[2013-05-08 01:08:39] BuildCept.php.INFO: see in this file "seeFileFound(" [] []
[2013-05-08 01:08:39] BuildCept.php.INFO: PASSED [] []
[2013-05-08 01:08:39] GenerateCeptCept.php.INFO: am in path "tests/data/sandbox" [] []
[2013-05-08 01:08:39] GenerateCeptCept.php.INFO: execute command "generate:cept dummy DummyCept" [] []
[2013-05-08 01:08:40] GenerateCeptCept.php.INFO: see file found "DummyCept.php","tests/dummy" [] []
[2013-05-08 01:08:40] GenerateCeptCept.php.INFO: see in this file "$I = new DumbGuy($scenario);" [] []
[2013-05-08 01:08:40] GenerateCeptCept.php.INFO: delete this file  [] []
[2013-05-08 01:08:40] GenerateCeptCept.php.INFO: i am going to create scenario in folder  [] []
[2013-05-08 01:08:40] GenerateCeptCept.php.INFO: execute command "generate:cept dummy path/DummyCept" [] []
[2013-05-08 01:08:41] GenerateCeptCept.php.INFO: see file found "DummyCept.php","tests/dummy/path" [] []
[2013-05-08 01:08:41] GenerateCeptCept.php.INFO: delete this file  [] []
[2013-05-08 01:08:41] GenerateCeptCept.php.INFO: i am going to create file with cept.php suffix  [] []
[2013-05-08 01:08:41] GenerateCeptCept.php.INFO: execute command "generate:cept dummy DummyCept.php" [] []
[2013-05-08 01:08:41] GenerateCeptCept.php.INFO: see file found "DummyCept.php" [] []
[2013-05-08 01:08:41] GenerateCeptCept.php.INFO: delete this file  [] []
[2013-05-08 01:08:41] GenerateCeptCept.php.INFO: i am going to create file without any suffix  [] []
[2013-05-08 01:08:41] GenerateCeptCept.php.INFO: execute command "generate:cept dummy Dummy" [] []
[2013-05-08 02:49:48] BuildCept.php.INFO: run shell commmand "php codecept build" [] []
[2013-05-08 02:49:49] BuildCept.php.INFO: see in shell output "generated successfully" [] []
[2013-05-08 02:49:49] BuildCept.php.INFO: see file found "CodeGuy.php","tests/unit" [] []
[2013-05-08 02:49:49] BuildCept.php.INFO: see file found "CliGuy.php","tests/cli" [] []
[2013-05-08 02:49:49] BuildCept.php.INFO: see in this file "seeFileFound(" [] []
[2013-05-08 02:49:49] BuildCept.php.INFO: PASSED [] []
[2013-05-08 02:49:49] GenerateCeptCept.php.INFO: am in path "tests/data/sandbox" [] []
[2013-05-08 02:49:49] GenerateCeptCept.php.INFO: execute command "generate:cept dummy DummyCept" [] []
[2013-05-08 02:49:50] GenerateCeptCept.php.INFO: see file found "DummyCept.php","tests/dummy" [] []
[2013-05-08 02:49:50] GenerateCeptCept.php.INFO: see in this file "$I = new DumbGuy($scenario);" [] []
[2013-05-08 02:49:50] GenerateCeptCept.php.INFO: delete this file  [] []
[2013-05-08 02:49:50] GenerateCeptCept.php.INFO: i am going to create scenario in folder  [] []
[2013-05-08 02:49:50] GenerateCeptCept.php.INFO: execute command "generate:cept dummy path/DummyCept" [] []
[2013-05-08 02:49:50] GenerateCeptCept.php.INFO: see file found "DummyCept.php","tests/dummy/path" [] []
[2013-05-08 02:49:50] GenerateCeptCept.php.INFO: delete this file  [] []
[2013-05-08 02:49:50] GenerateCeptCept.php.INFO: i am going to create file with cept.php suffix  [] []
[2013-05-08 02:49:50] GenerateCeptCept.php.INFO: execute command "generate:cept dummy DummyCept.php" [] []
[2013-05-08 02:49:51] GenerateCeptCept.php.INFO: see file found "DummyCept.php" [] []
[2013-05-08 02:49:51] GenerateCeptCept.php.INFO: delete this file  [] []
[2013-05-08 02:49:51] GenerateCeptCept.php.INFO: i am going to create file without any suffix  [] []
[2013-05-08 02:49:51] GenerateCeptCept.php.INFO: execute command "generate:cept dummy Dummy" [] []
[2013-05-08 02:49:51] GenerateCeptCept.php.INFO: see file found "DummyCept.php" [] []
[2013-05-08 02:49:52] GenerateCeptCept.php.INFO: PASSED [] []
[2013-05-08 02:49:52] GenerateCestCept.php.INFO: am in path "tests/data/sandbox" [] []
[2013-05-08 02:49:52] GenerateCestCept.php.INFO: execute command "generate:cest dummy DummyClass" [] []
[2013-05-08 02:49:52] GenerateCestCept.php.INFO: see file found "DummyClassCest.php" [] []
[2013-05-08 02:49:52] GenerateCestCept.php.INFO: see in this file "class DummyClassCest" [] []
[2013-05-08 02:49:52] GenerateCestCept.php.INFO: PASSED [] []
[2013-05-08 02:49:52] GeneratePhpUnitCept.php.INFO: am in path "tests/data/sandbox" [] []
[2013-05-08 02:49:52] GeneratePhpUnitCept.php.INFO: execute command "generate:phpunit dummy Dummy" [] []
[2013-05-08 02:49:53] GeneratePhpUnitCept.php.INFO: see file found "DummyTest.php" [] []
[2013-05-08 02:49:53] GeneratePhpUnitCept.php.INFO: see in this file "class DummyTest extends \PHPUnit_Framework_TestCase" [] []
[2013-05-08 02:49:53] GeneratePhpUnitCept.php.INFO: see in this file "function setUp()" [] []
[2013-05-08 02:49:53] GeneratePhpUnitCept.php.INFO: PASSED [] []
[2013-05-08 02:49:53] GenerateScenariosCept.php.INFO: am in path "tests/data/sandbox" [] []
[2013-05-08 02:49:53] GenerateScenariosCept.php.INFO: execute command "generate:scenarios dummy" [] []
[2013-05-08 02:49:53] GenerateScenariosCept.php.INFO: see file found "File_Exists.txt","tests/_data/scenarios" [] []
[2013-05-08 02:49:53] GenerateScenariosCept.php.INFO: see in this file "I WANT TO CHECK CONFIG EXISTS" [] []
[2013-05-08 02:49:53] GenerateScenariosCept.php.INFO: see in this file "I see file found "codeception.yml"" [] []
[2013-05-08 02:49:53] GenerateScenariosCept.php.INFO: PASSED [] []
[2013-05-08 02:49:53] GenerateSuiteCept.php.INFO: as a developer who likes testing  [] []
[2013-05-08 02:49:53] GenerateSuiteCept.php.INFO: so that i have a better tests categorization  [] []
[2013-05-08 02:49:53] GenerateSuiteCept.php.INFO: am in path "tests/data/sandbox" [] []
[2013-05-08 02:49:53] GenerateSuiteCept.php.INFO: execute command "generate:suite house HouseGuy" [] []
[2013-05-08 02:49:54] GenerateSuiteCept.php.INFO: see file found "house.suite.yml" [] []
[2013-05-08 02:49:54] GenerateSuiteCept.php.INFO: i expect guy class is generated  [] []
[2013-05-08 02:49:54] GenerateSuiteCept.php.INFO: see in this file "class_name: HouseGuy" [] []
[2013-05-08 02:49:54] GenerateSuiteCept.php.INFO: see file found "HouseHelper.php" [] []
[2013-05-08 02:49:54] GenerateSuiteCept.php.INFO: see file found "_bootstrap.php","tests/house" [] []
[2013-05-08 02:49:54] GenerateSuiteCept.php.INFO: PASSED [] []
[2013-05-08 02:49:54] GenerateTestCept.php.INFO: am in path "tests/data/sandbox" [] []
[2013-05-08 02:49:54] GenerateTestCept.php.INFO: execute command "generate:test dummy Dummy" [] []
[2013-05-08 02:49:55] GenerateTestCept.php.INFO: see file found "DummyTest.php" [] []
[2013-05-08 02:49:55] GenerateTestCept.php.INFO: see in this file "class DummyTest extends \Codeception\TestCase\Test" [] []
[2013-05-08 02:49:55] GenerateTestCept.php.INFO: see in this file "protected $dumbGuy" [] []
[2013-05-08 02:49:55] GenerateTestCept.php.INFO: see in this file "function _before(" [] []
[2013-05-08 02:49:55] GenerateTestCept.php.INFO: PASSED [] []
[2013-05-08 02:49:55] RunIncompleteCept.php.INFO: am in path "tests/data/sandbox" [] []
[2013-05-08 02:49:55] RunIncompleteCept.php.INFO: execute command "run skipped IncompleteMeCept.php" [] []
[2013-05-08 02:49:55] RunIncompleteCept.php.INFO: see in shell output "(IncompleteMeCept.php)  INCOMPLETE" [] []
[2013-05-08 02:49:55] RunIncompleteCept.php.INFO: see in shell output "OK, but incomplete or skipped tests!" [] []
[2013-05-08 02:49:55] RunIncompleteCept.php.INFO: PASSED [] []
[2013-05-08 02:49:55] RunSkippedCept.php.INFO: am in path "tests/data/sandbox" [] []
[2013-05-08 02:49:55] RunSkippedCept.php.INFO: execute command "run skipped SkipMeCept.php" [] []
[2013-05-08 02:49:55] RunSkippedCept.php.INFO: see in shell output "(SkipMeCept.php)  SKIPPED" [] []
[2013-05-08 02:49:55] RunSkippedCept.php.INFO: see in shell output "OK, but incomplete or skipped tests!" [] []
[2013-05-08 02:49:55] RunSkippedCept.php.INFO: PASSED [] []
[2013-05-08 02:49:55] RunCest::runOneFile.INFO: am in path "tests/data/sandbox" [] []
[2013-05-08 02:49:55] RunCest::runOneFile.INFO: execute command "run tests/dummy/FileExistsCept.php" [] []
[2013-05-08 02:49:55] RunCest::runOneFile.INFO: see file found "report.html","tests/_log" [] []
[2013-05-08 02:49:55] RunCest::runOneFile.INFO: see in shell output "OK (" [] []
[2013-05-08 02:49:55] RunCest::runOneFile.INFO: PASSED [] []
[2013-05-08 02:49:55] RunCest::runHtml.INFO: am in path "tests/data/sandbox" [] []
[2013-05-08 02:49:55] RunCest::runHtml.INFO: execute command "run dummy --html" [] []
[2013-05-08 02:49:55] RunCest::runHtml.INFO: see file found "report.html","tests/_log" [] []
[2013-05-08 02:49:55] RunCest::runHtml.INFO: PASSED [] []
[2013-05-08 02:49:55] RunCest::runJsonReport.INFO: am in path "tests/data/sandbox" [] []
[2013-05-08 02:49:55] RunCest::runJsonReport.INFO: execute command "run dummy --json" [] []
[2013-05-08 02:49:55] RunCest::runJsonReport.INFO: see file found "report.json","tests/_log" [] []
[2013-05-08 02:49:55] RunCest::runJsonReport.INFO: see in this file ""suite":" [] []
[2013-05-08 02:49:55] RunCest::runJsonReport.INFO: see in this file ""dummy"" [] []
[2013-05-08 02:49:55] RunCest::runJsonReport.INFO: PASSED [] []
[2013-05-08 02:49:56] RunCest::runTapReport.INFO: am in path "tests/data/sandbox" [] []
[2013-05-08 02:49:56] RunCest::runTapReport.INFO: execute command "run dummy --tap" [] []
[2013-05-08 02:49:56] RunCest::runTapReport.INFO: see file found "report.tap.log","tests/_log" [] []
[2013-05-08 02:49:56] RunCest::runTapReport.INFO: PASSED [] []
[2013-05-08 02:49:56] RunCest::runXmlReport.INFO: am in path "tests/data/sandbox" [] []
[2013-05-08 02:49:56] RunCest::runXmlReport.INFO: execute command "run dummy --xml" [] []
[2013-05-08 02:49:56] RunCest::runXmlReport.INFO: see file found "report.xml","tests/_log" [] []
[2013-05-08 02:49:56] RunCest::runXmlReport.INFO: see in this file "<?xml" [] []
[2013-05-08 02:49:56] RunCest::runXmlReport.INFO: see in this file "<testsuite name="dummy"" [] []
[2013-05-08 02:49:56] RunCest::runXmlReport.INFO: see in this file "<testcase file="FileExistsCept.php"" [] []
[2013-05-08 02:49:56] RunCest::runXmlReport.INFO: PASSED [] []
[2013-05-08 02:49:56] RunCest::runOneGroup.INFO: am in path "tests/data/sandbox" [] []
[2013-05-08 02:49:56] RunCest::runOneGroup.INFO: execute command "run skipped -g nottorun" [] []
[2013-05-08 02:49:56] RunCest::runOneGroup.INFO: see in shell output "Incomplete" [] []
[2013-05-08 02:49:56] RunCest::runOneGroup.ALERT: Failed asserting that 'Codeception PHP Testing Framework v1.6.1
Powered by PHPUnit 3.7.19 by Sebastian Bergmann.
[Groups] nottorun

Suite skipped started


Time: 0 seconds, Memory: 3.50Mb

No tests executed!' contains "Incomplete". [] []
[2013-05-08 02:49:56] RunCest::runOneGroup.INFO: # FAILED # [] []
[2013-05-08 02:49:56] RunCest::runOneGroup.INFO: PASSED [] []
[2013-05-08 02:50:15] BuildCept.php.INFO: run shell commmand "php codecept build" [] []
[2013-05-08 02:50:15] BuildCept.php.INFO: see in shell output "generated successfully" [] []
[2013-05-08 02:50:15] BuildCept.php.INFO: see file found "CodeGuy.php","tests/unit" [] []
[2013-05-08 02:50:15] BuildCept.php.INFO: see file found "CliGuy.php","tests/cli" [] []
[2013-05-08 02:50:15] BuildCept.php.INFO: see in this file "seeFileFound(" [] []
[2013-05-08 02:50:15] BuildCept.php.INFO: PASSED [] []
[2013-05-08 02:50:15] GenerateCeptCept.php.INFO: am in path "tests/data/sandbox" [] []
[2013-05-08 02:50:15] GenerateCeptCept.php.INFO: execute command "generate:cept dummy DummyCept" [] []
[2013-05-08 02:50:16] GenerateCeptCept.php.INFO: see file found "DummyCept.php","tests/dummy" [] []
[2013-05-08 02:50:16] GenerateCeptCept.php.INFO: see in this file "$I = new DumbGuy($scenario);" [] []
[2013-05-08 02:50:16] GenerateCeptCept.php.INFO: delete this file  [] []
[2013-05-08 02:50:16] GenerateCeptCept.php.INFO: i am going to create scenario in folder  [] []
[2013-05-08 02:50:16] GenerateCeptCept.php.INFO: execute command "generate:cept dummy path/DummyCept" [] []
[2013-05-08 02:50:17] GenerateCeptCept.php.INFO: see file found "DummyCept.php","tests/dummy/path" [] []
[2013-05-08 02:50:17] GenerateCeptCept.php.INFO: delete this file  [] []
[2013-05-08 02:50:17] GenerateCeptCept.php.INFO: i am going to create file with cept.php suffix  [] []
[2013-05-08 02:50:17] GenerateCeptCept.php.INFO: execute command "generate:cept dummy DummyCept.php" [] []
[2013-05-08 02:50:17] GenerateCeptCept.php.INFO: see file found "DummyCept.php" [] []
[2013-05-08 02:50:17] GenerateCeptCept.php.INFO: delete this file  [] []
[2013-05-08 02:50:17] GenerateCeptCept.php.INFO: i am going to create file without any suffix  [] []
[2013-05-08 02:50:17] GenerateCeptCept.php.INFO: execute command "generate:cept dummy Dummy" [] []
[2013-05-08 02:50:18] GenerateCeptCept.php.INFO: see file found "DummyCept.php" [] []
[2013-05-08 02:50:18] GenerateCeptCept.php.INFO: PASSED [] []
[2013-05-08 02:50:18] GenerateCestCept.php.INFO: am in path "tests/data/sandbox" [] []
[2013-05-08 02:50:18] GenerateCestCept.php.INFO: execute command "generate:cest dummy DummyClass" [] []
[2013-05-08 02:50:19] GenerateCestCept.php.INFO: see file found "DummyClassCest.php" [] []
[2013-05-08 02:50:19] GenerateCestCept.php.INFO: see in this file "class DummyClassCest" [] []
[2013-05-08 02:50:19] GenerateCestCept.php.INFO: PASSED [] []
[2013-05-08 02:50:19] GeneratePhpUnitCept.php.INFO: am in path "tests/data/sandbox" [] []
[2013-05-08 02:50:19] GeneratePhpUnitCept.php.INFO: execute command "generate:phpunit dummy Dummy" [] []
[2013-05-08 02:50:19] GeneratePhpUnitCept.php.INFO: see file found "DummyTest.php" [] []
[2013-05-08 02:50:19] GeneratePhpUnitCept.php.INFO: see in this file "class DummyTest extends \PHPUnit_Framework_TestCase" [] []
[2013-05-08 02:50:19] GeneratePhpUnitCept.php.INFO: see in this file "function setUp()" [] []
[2013-05-08 02:50:19] GeneratePhpUnitCept.php.INFO: PASSED [] []
[2013-05-08 02:50:19] GenerateScenariosCept.php.INFO: am in path "tests/data/sandbox" [] []
[2013-05-08 02:50:19] GenerateScenariosCept.php.INFO: execute command "generate:scenarios dummy" [] []
[2013-05-08 02:50:20] GenerateScenariosCept.php.INFO: see file found "File_Exists.txt","tests/_data/scenarios" [] []
[2013-05-08 02:50:20] GenerateScenariosCept.php.INFO: see in this file "I WANT TO CHECK CONFIG EXISTS" [] []
[2013-05-08 02:50:20] GenerateScenariosCept.php.INFO: see in this file "I see file found "codeception.yml"" [] []
[2013-05-08 02:50:20] GenerateScenariosCept.php.INFO: PASSED [] []
[2013-05-08 02:50:20] GenerateSuiteCept.php.INFO: as a developer who likes testing  [] []
[2013-05-08 02:50:20] GenerateSuiteCept.php.INFO: so that i have a better tests categorization  [] []
[2013-05-08 02:50:20] GenerateSuiteCept.php.INFO: am in path "tests/data/sandbox" [] []
[2013-05-08 02:50:20] GenerateSuiteCept.php.INFO: execute command "generate:suite house HouseGuy" [] []
[2013-05-08 02:50:21] GenerateSuiteCept.php.INFO: see file found "house.suite.yml" [] []
[2013-05-08 02:50:21] GenerateSuiteCept.php.INFO: i expect guy class is generated  [] []
[2013-05-08 02:50:21] GenerateSuiteCept.php.INFO: see in this file "class_name: HouseGuy" [] []
[2013-05-08 02:50:21] GenerateSuiteCept.php.INFO: see file found "HouseHelper.php" [] []
[2013-05-08 02:50:21] GenerateSuiteCept.php.INFO: see file found "_bootstrap.php","tests/house" [] []
[2013-05-08 02:50:21] GenerateSuiteCept.php.INFO: PASSED [] []
[2013-05-08 02:50:21] GenerateTestCept.php.INFO: am in path "tests/data/sandbox" [] []
[2013-05-08 02:50:21] GenerateTestCept.php.INFO: execute command "generate:test dummy Dummy" [] []
[2013-05-08 02:50:21] GenerateTestCept.php.INFO: see file found "DummyTest.php" [] []
[2013-05-08 02:50:21] GenerateTestCept.php.INFO: see in this file "class DummyTest extends \Codeception\TestCase\Test" [] []
[2013-05-08 02:50:21] GenerateTestCept.php.INFO: see in this file "protected $dumbGuy" [] []
[2013-05-08 02:50:21] GenerateTestCept.php.INFO: see in this file "function _before(" [] []
[2013-05-08 02:50:21] GenerateTestCept.php.INFO: PASSED [] []
[2013-05-08 02:50:21] RunIncompleteCept.php.INFO: am in path "tests/data/sandbox" [] []
[2013-05-08 02:50:21] RunIncompleteCept.php.INFO: execute command "run skipped IncompleteMeCept.php" [] []
[2013-05-08 02:50:21] RunIncompleteCept.php.INFO: see in shell output "(IncompleteMeCept.php)  INCOMPLETE" [] []
[2013-05-08 02:50:21] RunIncompleteCept.php.INFO: see in shell output "OK, but incomplete or skipped tests!" [] []
[2013-05-08 02:50:21] RunIncompleteCept.php.INFO: PASSED [] []
[2013-05-08 02:50:21] RunSkippedCept.php.INFO: am in path "tests/data/sandbox" [] []
[2013-05-08 02:50:21] RunSkippedCept.php.INFO: execute command "run skipped SkipMeCept.php" [] []
[2013-05-08 02:50:21] RunSkippedCept.php.INFO: see in shell output "(SkipMeCept.php)  SKIPPED" [] []
[2013-05-08 02:50:21] RunSkippedCept.php.INFO: see in shell output "OK, but incomplete or skipped tests!" [] []
[2013-05-08 02:50:22] RunSkippedCept.php.INFO: PASSED [] []
[2013-05-08 02:50:22] RunCest::runOneFile.INFO: am in path "tests/data/sandbox" [] []
[2013-05-08 02:50:22] RunCest::runOneFile.INFO: execute command "run tests/dummy/FileExistsCept.php" [] []
[2013-05-08 02:50:22] RunCest::runOneFile.INFO: see file found "report.html","tests/_log" [] []
[2013-05-08 02:50:22] RunCest::runOneFile.INFO: see in shell output "OK (" [] []
[2013-05-08 02:50:22] RunCest::runOneFile.INFO: PASSED [] []
[2013-05-08 02:50:22] RunCest::runHtml.INFO: am in path "tests/data/sandbox" [] []
[2013-05-08 02:50:22] RunCest::runHtml.INFO: execute command "run dummy --html" [] []
[2013-05-08 02:50:22] RunCest::runHtml.INFO: see file found "report.html","tests/_log" [] []
[2013-05-08 02:50:22] RunCest::runHtml.INFO: PASSED [] []
[2013-05-08 02:50:22] RunCest::runJsonReport.INFO: am in path "tests/data/sandbox" [] []
[2013-05-08 02:50:22] RunCest::runJsonReport.INFO: execute command "run dummy --json" [] []
[2013-05-08 02:50:22] RunCest::runJsonReport.INFO: see file found "report.json","tests/_log" [] []
[2013-05-08 02:50:22] RunCest::runJsonReport.INFO: see in this file ""suite":" [] []
[2013-05-08 02:50:22] RunCest::runJsonReport.INFO: see in this file ""dummy"" [] []
[2013-05-08 02:50:22] RunCest::runJsonReport.INFO: PASSED [] []
[2013-05-08 02:50:22] RunCest::runTapReport.INFO: am in path "tests/data/sandbox" [] []
[2013-05-08 02:50:22] RunCest::runTapReport.INFO: execute command "run dummy --tap" [] []
[2013-05-08 02:50:22] RunCest::runTapReport.INFO: see file found "report.tap.log","tests/_log" [] []
[2013-05-08 02:50:22] RunCest::runTapReport.INFO: PASSED [] []
[2013-05-08 02:50:22] RunCest::runXmlReport.INFO: am in path "tests/data/sandbox" [] []
[2013-05-08 02:50:22] RunCest::runXmlReport.INFO: execute command "run dummy --xml" [] []
[2013-05-08 02:50:22] RunCest::runXmlReport.INFO: see file found "report.xml","tests/_log" [] []
[2013-05-08 02:50:22] RunCest::runXmlReport.INFO: see in this file "<?xml" [] []
[2013-05-08 02:50:22] RunCest::runXmlReport.INFO: see in this file "<testsuite name="dummy"" [] []
[2013-05-08 02:50:22] RunCest::runXmlReport.INFO: see in this file "<testcase file="FileExistsCept.php"" [] []
[2013-05-08 02:50:22] RunCest::runXmlReport.INFO: PASSED [] []
[2013-05-08 02:50:22] RunCest::runOneGroup.INFO: am in path "tests/data/sandbox" [] []
[2013-05-08 02:50:22] RunCest::runOneGroup.INFO: execute command "run skipped" [] []
[2013-05-08 02:50:22] RunCest::runOneGroup.INFO: see in shell output "Incomplete" [] []
[2013-05-08 02:50:22] RunCest::runOneGroup.INFO: don't see in shell output "Skipped" [] []
[2013-05-08 02:50:22] RunCest::runOneGroup.ALERT: Failed asserting that 'Codeception PHP Testing Framework v1.6.1
Powered by PHPUnit 3.7.19 by Sebastian Bergmann.

Suite skipped started
Trying to make it incomplete (IncompleteMeCept.php) - Incomplete
Trying to skip it (SkipMeCept.php) - Skipped


Time: 0 seconds, Memory: 4.50Mb

OK, but incomplete or skipped tests!
Tests: 2, Assertions: 0, Incomplete: 1, Skipped: 1.' does not contain "Skipped". [] []
[2013-05-08 02:50:22] RunCest::runOneGroup.INFO: # FAILED # [] []
[2013-05-08 02:50:22] RunCest::runOneGroup.INFO: PASSED [] []
[2013-05-08 02:51:00] BuildCept.php.INFO: run shell commmand "php codecept build" [] []
[2013-05-08 02:51:01] BuildCept.php.INFO: see in shell output "generated successfully" [] []
[2013-05-08 02:51:01] BuildCept.php.INFO: see file found "CodeGuy.php","tests/unit" [] []
[2013-05-08 02:51:01] BuildCept.php.INFO: see file found "CliGuy.php","tests/cli" [] []
[2013-05-08 02:51:01] BuildCept.php.INFO: see in this file "seeFileFound(" [] []
[2013-05-08 02:51:01] BuildCept.php.INFO: PASSED [] []
[2013-05-08 02:51:01] GenerateCeptCept.php.INFO: am in path "tests/data/sandbox" [] []
[2013-05-08 02:51:01] GenerateCeptCept.php.INFO: execute command "generate:cept dummy DummyCept" [] []
[2013-05-08 02:51:01] GenerateCeptCept.php.INFO: see file found "DummyCept.php","tests/dummy" [] []
[2013-05-08 02:51:01] GenerateCeptCept.php.INFO: see in this file "$I = new DumbGuy($scenario);" [] []
[2013-05-08 02:51:01] GenerateCeptCept.php.INFO: delete this file  [] []
[2013-05-08 02:51:01] GenerateCeptCept.php.INFO: i am going to create scenario in folder  [] []
[2013-05-08 02:51:01] GenerateCeptCept.php.INFO: execute command "generate:cept dummy path/DummyCept" [] []
[2013-05-08 02:51:02] GenerateCeptCept.php.INFO: see file found "DummyCept.php","tests/dummy/path" [] []
[2013-05-08 02:51:02] GenerateCeptCept.php.INFO: delete this file  [] []
[2013-05-08 02:51:02] GenerateCeptCept.php.INFO: i am going to create file with cept.php suffix  [] []
[2013-05-08 02:51:02] GenerateCeptCept.php.INFO: execute command "generate:cept dummy DummyCept.php" [] []
[2013-05-08 02:51:03] GenerateCeptCept.php.INFO: see file found "DummyCept.php" [] []
[2013-05-08 02:51:03] GenerateCeptCept.php.INFO: delete this file  [] []
[2013-05-08 02:51:03] GenerateCeptCept.php.INFO: i am going to create file without any suffix  [] []
[2013-05-08 02:51:03] GenerateCeptCept.php.INFO: execute command "generate:cept dummy Dummy" [] []
[2013-05-08 02:51:03] GenerateCeptCept.php.INFO: see file found "DummyCept.php" [] []
[2013-05-08 02:51:03] GenerateCeptCept.php.INFO: PASSED [] []
[2013-05-08 02:51:03] GenerateCestCept.php.INFO: am in path "tests/data/sandbox" [] []
[2013-05-08 02:51:03] GenerateCestCept.php.INFO: execute command "generate:cest dummy DummyClass" [] []
[2013-05-08 02:51:04] GenerateCestCept.php.INFO: see file found "DummyClassCest.php" [] []
[2013-05-08 02:51:04] GenerateCestCept.php.INFO: see in this file "class DummyClassCest" [] []
[2013-05-08 02:51:04] GenerateCestCept.php.INFO: PASSED [] []
[2013-05-08 02:51:04] GeneratePhpUnitCept.php.INFO: am in path "tests/data/sandbox" [] []
[2013-05-08 02:51:04] GeneratePhpUnitCept.php.INFO: execute command "generate:phpunit dummy Dummy" [] []
[2013-05-08 02:51:05] GeneratePhpUnitCept.php.INFO: see file found "DummyTest.php" [] []
[2013-05-08 02:51:05] GeneratePhpUnitCept.php.INFO: see in this file "class DummyTest extends \PHPUnit_Framework_TestCase" [] []
[2013-05-08 02:51:05] GeneratePhpUnitCept.php.INFO: see in this file "function setUp()" [] []
[2013-05-08 02:51:05] GeneratePhpUnitCept.php.INFO: PASSED [] []
[2013-05-08 02:51:05] GenerateScenariosCept.php.INFO: am in path "tests/data/sandbox" [] []
[2013-05-08 02:51:05] GenerateScenariosCept.php.INFO: execute command "generate:scenarios dummy" [] []
[2013-05-08 02:51:05] GenerateScenariosCept.php.INFO: see file found "File_Exists.txt","tests/_data/scenarios" [] []
[2013-05-08 02:51:05] GenerateScenariosCept.php.INFO: see in this file "I WANT TO CHECK CONFIG EXISTS" [] []
[2013-05-08 02:51:05] GenerateScenariosCept.php.INFO: see in this file "I see file found "codeception.yml"" [] []
[2013-05-08 02:51:05] GenerateScenariosCept.php.INFO: PASSED [] []
[2013-05-08 02:51:05] GenerateSuiteCept.php.INFO: as a developer who likes testing  [] []
[2013-05-08 02:51:05] GenerateSuiteCept.php.INFO: so that i have a better tests categorization  [] []
[2013-05-08 02:51:05] GenerateSuiteCept.php.INFO: am in path "tests/data/sandbox" [] []
[2013-05-08 02:51:05] GenerateSuiteCept.php.INFO: execute command "generate:suite house HouseGuy" [] []
[2013-05-08 02:51:06] GenerateSuiteCept.php.INFO: see file found "house.suite.yml" [] []
[2013-05-08 02:51:06] GenerateSuiteCept.php.INFO: i expect guy class is generated  [] []
[2013-05-08 02:51:06] GenerateSuiteCept.php.INFO: see in this file "class_name: HouseGuy" [] []
[2013-05-08 02:51:06] GenerateSuiteCept.php.INFO: see file found "HouseHelper.php" [] []
[2013-05-08 02:51:06] GenerateSuiteCept.php.INFO: see file found "_bootstrap.php","tests/house" [] []
[2013-05-08 02:51:06] GenerateSuiteCept.php.INFO: PASSED [] []
[2013-05-08 02:51:06] GenerateTestCept.php.INFO: am in path "tests/data/sandbox" [] []
[2013-05-08 02:51:06] GenerateTestCept.php.INFO: execute command "generate:test dummy Dummy" [] []
[2013-05-08 02:51:07] GenerateTestCept.php.INFO: see file found "DummyTest.php" [] []
[2013-05-08 02:51:07] GenerateTestCept.php.INFO: see in this file "class DummyTest extends \Codeception\TestCase\Test" [] []
[2013-05-08 02:51:07] GenerateTestCept.php.INFO: see in this file "protected $dumbGuy" [] []
[2013-05-08 02:51:07] GenerateTestCept.php.INFO: see in this file "function _before(" [] []
[2013-05-08 02:51:07] GenerateTestCept.php.INFO: PASSED [] []
[2013-05-08 02:51:07] RunIncompleteCept.php.INFO: am in path "tests/data/sandbox" [] []
[2013-05-08 02:51:07] RunIncompleteCept.php.INFO: execute command "run skipped IncompleteMeCept.php" [] []
[2013-05-08 02:51:07] RunIncompleteCept.php.INFO: see in shell output "(IncompleteMeCept.php)  INCOMPLETE" [] []
[2013-05-08 02:51:07] RunIncompleteCept.php.INFO: see in shell output "OK, but incomplete or skipped tests!" [] []
[2013-05-08 02:51:07] RunIncompleteCept.php.INFO: PASSED [] []
[2013-05-08 02:51:07] RunSkippedCept.php.INFO: am in path "tests/data/sandbox" [] []
[2013-05-08 02:51:07] RunSkippedCept.php.INFO: execute command "run skipped SkipMeCept.php" [] []
[2013-05-08 02:51:07] RunSkippedCept.php.INFO: see in shell output "(SkipMeCept.php)  SKIPPED" [] []
[2013-05-08 02:51:07] RunSkippedCept.php.INFO: see in shell output "OK, but incomplete or skipped tests!" [] []
[2013-05-08 02:51:07] RunSkippedCept.php.INFO: PASSED [] []
[2013-05-08 02:51:07] RunCest::runOneFile.INFO: am in path "tests/data/sandbox" [] []
[2013-05-08 02:51:07] RunCest::runOneFile.INFO: execute command "run tests/dummy/FileExistsCept.php" [] []
[2013-05-08 02:51:07] RunCest::runOneFile.INFO: see file found "report.html","tests/_log" [] []
[2013-05-08 02:51:07] RunCest::runOneFile.INFO: see in shell output "OK (" [] []
[2013-05-08 02:51:07] RunCest::runOneFile.INFO: PASSED [] []
[2013-05-08 02:51:07] RunCest::runHtml.INFO: am in path "tests/data/sandbox" [] []
[2013-05-08 02:51:07] RunCest::runHtml.INFO: execute command "run dummy --html" [] []
[2013-05-08 02:51:07] RunCest::runHtml.INFO: see file found "report.html","tests/_log" [] []
[2013-05-08 02:51:07] RunCest::runHtml.INFO: PASSED [] []
[2013-05-08 02:51:07] RunCest::runJsonReport.INFO: am in path "tests/data/sandbox" [] []
[2013-05-08 02:51:07] RunCest::runJsonReport.INFO: execute command "run dummy --json" [] []
[2013-05-08 02:51:07] RunCest::runJsonReport.INFO: see file found "report.json","tests/_log" [] []
[2013-05-08 02:51:07] RunCest::runJsonReport.INFO: see in this file ""suite":" [] []
[2013-05-08 02:51:07] RunCest::runJsonReport.INFO: see in this file ""dummy"" [] []
[2013-05-08 02:51:07] RunCest::runJsonReport.INFO: PASSED [] []
[2013-05-08 02:51:07] RunCest::runTapReport.INFO: am in path "tests/data/sandbox" [] []
[2013-05-08 02:51:07] RunCest::runTapReport.INFO: execute command "run dummy --tap" [] []
[2013-05-08 02:51:07] RunCest::runTapReport.INFO: see file found "report.tap.log","tests/_log" [] []
[2013-05-08 02:51:07] RunCest::runTapReport.INFO: PASSED [] []
[2013-05-08 02:51:08] RunCest::runXmlReport.INFO: am in path "tests/data/sandbox" [] []
[2013-05-08 02:51:08] RunCest::runXmlReport.INFO: execute command "run dummy --xml" [] []
[2013-05-08 02:51:08] RunCest::runXmlReport.INFO: see file found "report.xml","tests/_log" [] []
[2013-05-08 02:51:08] RunCest::runXmlReport.INFO: see in this file "<?xml" [] []
[2013-05-08 02:51:08] RunCest::runXmlReport.INFO: see in this file "<testsuite name="dummy"" [] []
[2013-05-08 02:51:08] RunCest::runXmlReport.INFO: see in this file "<testcase file="FileExistsCept.php"" [] []
[2013-05-08 02:51:08] RunCest::runXmlReport.INFO: PASSED [] []
[2013-05-08 02:51:08] RunCest::runOneGroup.INFO: am in path "tests/data/sandbox" [] []
[2013-05-08 02:51:08] RunCest::runOneGroup.INFO: execute command "run skipped" [] []
[2013-05-08 02:51:08] RunCest::runOneGroup.INFO: see in shell output "Incomplete" [] []
[2013-05-08 02:51:08] RunCest::runOneGroup.INFO: don't see in shell output "Skipped" [] []
[2013-05-08 02:51:08] RunCest::runOneGroup.ALERT: Failed asserting that 'Codeception PHP Testing Framework v1.6.1
Powered by PHPUnit 3.7.19 by Sebastian Bergmann.

Suite skipped started
Trying to make it incomplete (IncompleteMeCept.php) - Incomplete
Trying to skip it (SkipMeCept.php) - Skipped


Time: 0 seconds, Memory: 4.50Mb

OK, but incomplete or skipped tests!
Tests: 2, Assertions: 0, Incomplete: 1, Skipped: 1.' does not contain "Skipped". [] []
[2013-05-08 02:51:08] RunCest::runOneGroup.INFO: # FAILED # [] []
[2013-05-08 02:51:08] RunCest::runOneGroup.INFO: PASSED [] []
[2013-05-08 02:52:45] RunCest::runOneFile.INFO: am in path "tests/data/sandbox" [] []
[2013-05-08 02:52:45] RunCest::runOneFile.INFO: execute command "run tests/dummy/FileExistsCept.php" [] []
[2013-05-08 02:52:45] RunCest::runOneFile.INFO: see file found "report.html","tests/_log" [] []
[2013-05-08 02:52:45] RunCest::runOneFile.INFO: see in shell output "OK (" [] []
[2013-05-08 02:52:45] RunCest::runOneFile.INFO: PASSED [] []
[2013-05-08 02:52:45] RunCest::runHtml.INFO: am in path "tests/data/sandbox" [] []
[2013-05-08 02:52:45] RunCest::runHtml.INFO: execute command "run dummy --html" [] []
[2013-05-08 02:52:45] RunCest::runHtml.INFO: see file found "report.html","tests/_log" [] []
[2013-05-08 02:52:45] RunCest::runHtml.INFO: PASSED [] []
[2013-05-08 02:52:45] RunCest::runJsonReport.INFO: am in path "tests/data/sandbox" [] []
[2013-05-08 02:52:45] RunCest::runJsonReport.INFO: execute command "run dummy --json" [] []
[2013-05-08 02:52:45] RunCest::runJsonReport.INFO: see file found "report.json","tests/_log" [] []
[2013-05-08 02:52:45] RunCest::runJsonReport.INFO: see in this file ""suite":" [] []
[2013-05-08 02:52:45] RunCest::runJsonReport.INFO: see in this file ""dummy"" [] []
[2013-05-08 02:52:45] RunCest::runJsonReport.INFO: PASSED [] []
[2013-05-08 02:52:45] RunCest::runTapReport.INFO: am in path "tests/data/sandbox" [] []
[2013-05-08 02:52:45] RunCest::runTapReport.INFO: execute command "run dummy --tap" [] []
[2013-05-08 02:52:46] RunCest::runTapReport.INFO: see file found "report.tap.log","tests/_log" [] []
[2013-05-08 02:52:46] RunCest::runTapReport.INFO: PASSED [] []
[2013-05-08 02:52:46] RunCest::runXmlReport.INFO: am in path "tests/data/sandbox" [] []
[2013-05-08 02:52:46] RunCest::runXmlReport.INFO: execute command "run dummy --xml" [] []
[2013-05-08 02:52:46] RunCest::runXmlReport.INFO: see file found "report.xml","tests/_log" [] []
[2013-05-08 02:52:46] RunCest::runXmlReport.INFO: see in this file "<?xml" [] []
[2013-05-08 02:52:46] RunCest::runXmlReport.INFO: see in this file "<testsuite name="dummy"" [] []
[2013-05-08 02:52:46] RunCest::runXmlReport.INFO: see in this file "<testcase file="FileExistsCept.php"" [] []
[2013-05-08 02:52:46] RunCest::runXmlReport.INFO: PASSED [] []
[2013-05-08 02:52:46] RunCest::runOneGroup.INFO: am in path "tests/data/sandbox" [] []
[2013-05-08 02:52:46] RunCest::runOneGroup.INFO: execute command "run skipped" [] []
[2013-05-08 02:52:46] RunCest::runOneGroup.INFO: see in shell output "Incomplete" [] []
[2013-05-08 02:52:46] RunCest::runOneGroup.INFO: don't see in shell output "Skipped" [] []
[2013-05-08 02:52:46] RunCest::runOneGroup.ALERT: Failed asserting that 'Codeception PHP Testing Framework v1.6.1
Powered by PHPUnit 3.7.19 by Sebastian Bergmann.

Suite skipped started
Trying to make it incomplete (IncompleteMeCept.php) - Incomplete
Trying to skip it (SkipMeCept.php) - Skipped


Time: 0 seconds, Memory: 4.50Mb

OK, but incomplete or skipped tests!
Tests: 2, Assertions: 0, Incomplete: 1, Skipped: 1.' does not contain "Skipped". [] []
[2013-05-08 02:52:46] RunCest::runOneGroup.INFO: # FAILED # [] []
[2013-05-08 02:52:46] RunCest::runOneGroup.INFO: PASSED [] []
[2013-05-08 02:53:13] RunCest::runOneFile.INFO: am in path "tests/data/sandbox" [] []
[2013-05-08 02:53:13] RunCest::runOneFile.INFO: execute command "run tests/dummy/FileExistsCept.php" [] []
[2013-05-08 02:53:13] RunCest::runOneFile.INFO: see file found "report.html","tests/_log" [] []
[2013-05-08 02:53:13] RunCest::runOneFile.INFO: see in shell output "OK (" [] []
[2013-05-08 02:53:15] RunCest::runOneFile.INFO: PASSED [] []
[2013-05-08 02:53:15] RunCest::runHtml.INFO: am in path "tests/data/sandbox" [] []
[2013-05-08 02:53:15] RunCest::runHtml.INFO: execute command "run dummy --html" [] []
[2013-05-08 02:53:15] RunCest::runHtml.INFO: see file found "report.html","tests/_log" [] []
[2013-05-08 02:53:18] RunCest::runHtml.INFO: PASSED [] []
[2013-05-08 02:53:18] RunCest::runJsonReport.INFO: am in path "tests/data/sandbox" [] []
[2013-05-08 02:53:18] RunCest::runJsonReport.INFO: execute command "run dummy --json" [] []
[2013-05-08 02:53:18] RunCest::runJsonReport.INFO: see file found "report.json","tests/_log" [] []
[2013-05-08 02:53:18] RunCest::runJsonReport.INFO: see in this file ""suite":" [] []
[2013-05-08 02:53:18] RunCest::runJsonReport.INFO: see in this file ""dummy"" [] []
[2013-05-08 02:53:18] RunCest::runJsonReport.INFO: PASSED [] []
[2013-05-08 02:53:18] RunCest::runTapReport.INFO: am in path "tests/data/sandbox" [] []
[2013-05-08 02:53:18] RunCest::runTapReport.INFO: execute command "run dummy --tap" [] []
[2013-05-08 02:53:18] RunCest::runTapReport.INFO: see file found "report.tap.log","tests/_log" [] []
[2013-05-08 02:53:18] RunCest::runTapReport.INFO: PASSED [] []
[2013-05-08 02:53:18] RunCest::runXmlReport.INFO: am in path "tests/data/sandbox" [] []
[2013-05-08 02:53:18] RunCest::runXmlReport.INFO: execute command "run dummy --xml" [] []
[2013-05-08 02:53:18] RunCest::runXmlReport.INFO: see file found "report.xml","tests/_log" [] []
[2013-05-08 02:53:18] RunCest::runXmlReport.INFO: see in this file "<?xml" [] []
[2013-05-08 02:53:18] RunCest::runXmlReport.INFO: see in this file "<testsuite name="dummy"" [] []
[2013-05-08 02:53:18] RunCest::runXmlReport.INFO: see in this file "<testcase file="FileExistsCept.php"" [] []
[2013-05-08 02:53:18] RunCest::runXmlReport.INFO: PASSED [] []
[2013-05-08 02:53:18] RunCest::runOneGroup.INFO: am in path "tests/data/sandbox" [] []
[2013-05-08 02:53:18] RunCest::runOneGroup.INFO: execute command "run skipped" [] []
[2013-05-08 02:53:18] RunCest::runOneGroup.INFO: see in shell output "Incomplete" [] []
[2013-05-08 02:53:18] RunCest::runOneGroup.INFO: don't see in shell output "Skipped" [] []
[2013-05-08 02:54:16] RunCest::runOneFile.INFO: am in path "tests/data/sandbox" [] []
[2013-05-08 02:54:16] RunCest::runOneFile.INFO: execute command "run tests/dummy/FileExistsCept.php" [] []
[2013-05-08 02:54:16] RunCest::runOneFile.INFO: see file found "report.html","tests/_log" [] []
[2013-05-08 02:54:16] RunCest::runOneFile.INFO: see in shell output "OK (" [] []
[2013-05-08 02:54:16] RunCest::runOneFile.ALERT: Failed asserting that 'Codeception PHP Testing Framework v1.6.1
Powered by PHPUnit 3.7.19 by Sebastian Bergmann.
Array
(
)' contains "OK (". [] []
[2013-05-08 02:54:16] RunCest::runOneFile.INFO: # FAILED # [] []
[2013-05-08 02:54:16] RunCest::runOneFile.INFO: PASSED [] []
[2013-05-08 02:54:16] RunCest::runHtml.INFO: am in path "tests/data/sandbox" [] []
[2013-05-08 02:54:16] RunCest::runHtml.INFO: execute command "run dummy --html" [] []
[2013-05-08 02:54:16] RunCest::runHtml.INFO: see file found "report.html","tests/_log" [] []
[2013-05-08 02:54:16] RunCest::runHtml.INFO: PASSED [] []
[2013-05-08 02:54:16] RunCest::runJsonReport.INFO: am in path "tests/data/sandbox" [] []
[2013-05-08 02:54:16] RunCest::runJsonReport.INFO: execute command "run dummy --json" [] []
[2013-05-08 02:54:16] RunCest::runJsonReport.INFO: see file found "report.json","tests/_log" [] []
[2013-05-08 02:54:16] RunCest::runJsonReport.ALERT: report.json in /home/davert/Codeception//tests/data/sandbox/tests/_log [] []
[2013-05-08 02:54:16] RunCest::runJsonReport.INFO: # FAILED # [] []
[2013-05-08 02:54:16] RunCest::runJsonReport.INFO: PASSED [] []
[2013-05-08 02:54:16] RunCest::runTapReport.INFO: am in path "tests/data/sandbox" [] []
[2013-05-08 02:54:16] RunCest::runTapReport.INFO: execute command "run dummy --tap" [] []
[2013-05-08 02:54:16] RunCest::runTapReport.INFO: see file found "report.tap.log","tests/_log" [] []
[2013-05-08 02:54:16] RunCest::runTapReport.ALERT: report.tap.log in /home/davert/Codeception//tests/data/sandbox/tests/_log [] []
[2013-05-08 02:54:16] RunCest::runTapReport.INFO: # FAILED # [] []
[2013-05-08 02:54:16] RunCest::runTapReport.INFO: PASSED [] []
[2013-05-08 02:54:16] RunCest::runXmlReport.INFO: am in path "tests/data/sandbox" [] []
[2013-05-08 02:54:16] RunCest::runXmlReport.INFO: execute command "run dummy --xml" [] []
[2013-05-08 02:54:17] RunCest::runXmlReport.INFO: see file found "report.xml","tests/_log" [] []
[2013-05-08 02:54:17] RunCest::runXmlReport.INFO: see in this file "<?xml" [] []
[2013-05-08 02:54:17] RunCest::runXmlReport.INFO: see in this file "<testsuite name="dummy"" [] []
[2013-05-08 02:54:17] RunCest::runXmlReport.ALERT: text <testsuite name="dummy" in currently opened file
Failed asserting that '<?xml version="1.0" encoding="UTF-8"?>
<testsuites>
  <testsuite name="remote" tests="1" assertions="1" failures="0" errors="0" time="0.105324">
    <testcase file="DemoCept.php" name=" (DemoCept.php)" assertions="1" time="0.105324"/>
  </testsuite>
</testsuites>
' contains "<testsuite name="dummy"". [] []
[2013-05-08 02:54:17] RunCest::runXmlReport.INFO: # FAILED # [] []
[2013-05-08 02:54:17] RunCest::runXmlReport.INFO: PASSED [] []
[2013-05-08 02:54:17] RunCest::runOneGroup.INFO: am in path "tests/data/sandbox" [] []
[2013-05-08 02:54:17] RunCest::runOneGroup.INFO: execute command "run skipped" [] []
[2013-05-08 02:54:17] RunCest::runOneGroup.INFO: see in shell output "Incomplete" [] []
[2013-05-08 02:54:17] RunCest::runOneGroup.ALERT: Failed asserting that 'Codeception PHP Testing Framework v1.6.1
Powered by PHPUnit 3.7.19 by Sebastian Bergmann.
Array
(
    [0] => notorun
)' contains "Incomplete". [] []
[2013-05-08 02:54:17] RunCest::runOneGroup.INFO: # FAILED # [] []
[2013-05-08 02:54:17] RunCest::runOneGroup.INFO: PASSED [] []
[2013-05-08 02:54:55] RunCest::runOneFile.INFO: am in path "tests/data/sandbox" [] []
[2013-05-08 02:54:55] RunCest::runOneFile.INFO: execute command "run tests/dummy/FileExistsCept.php" [] []
[2013-05-08 02:54:55] RunCest::runOneFile.INFO: see file found "report.html","tests/_log" [] []
[2013-05-08 02:54:55] RunCest::runOneFile.INFO: see in shell output "OK (" [] []
[2013-05-08 02:54:55] RunCest::runOneFile.INFO: PASSED [] []
[2013-05-08 02:54:55] RunCest::runHtml.INFO: am in path "tests/data/sandbox" [] []
[2013-05-08 02:54:55] RunCest::runHtml.INFO: execute command "run dummy --html" [] []
[2013-05-08 02:54:55] RunCest::runHtml.INFO: see file found "report.html","tests/_log" [] []
[2013-05-08 02:54:55] RunCest::runHtml.INFO: PASSED [] []
[2013-05-08 02:54:55] RunCest::runJsonReport.INFO: am in path "tests/data/sandbox" [] []
[2013-05-08 02:54:55] RunCest::runJsonReport.INFO: execute command "run dummy --json" [] []
[2013-05-08 02:54:56] RunCest::runJsonReport.INFO: see file found "report.json","tests/_log" [] []
[2013-05-08 02:54:56] RunCest::runJsonReport.INFO: see in this file ""suite":" [] []
[2013-05-08 02:54:56] RunCest::runJsonReport.INFO: see in this file ""dummy"" [] []
[2013-05-08 02:54:56] RunCest::runJsonReport.INFO: PASSED [] []
[2013-05-08 02:54:56] RunCest::runTapReport.INFO: am in path "tests/data/sandbox" [] []
[2013-05-08 02:54:56] RunCest::runTapReport.INFO: execute command "run dummy --tap" [] []
[2013-05-08 02:54:56] RunCest::runTapReport.INFO: see file found "report.tap.log","tests/_log" [] []
[2013-05-08 02:54:56] RunCest::runTapReport.INFO: PASSED [] []
[2013-05-08 02:54:56] RunCest::runXmlReport.INFO: am in path "tests/data/sandbox" [] []
[2013-05-08 02:54:56] RunCest::runXmlReport.INFO: execute command "run dummy --xml" [] []
[2013-05-08 02:54:56] RunCest::runXmlReport.INFO: see file found "report.xml","tests/_log" [] []
[2013-05-08 02:54:56] RunCest::runXmlReport.INFO: see in this file "<?xml" [] []
[2013-05-08 02:54:56] RunCest::runXmlReport.INFO: see in this file "<testsuite name="dummy"" [] []
[2013-05-08 02:54:56] RunCest::runXmlReport.INFO: see in this file "<testcase file="FileExistsCept.php"" [] []
[2013-05-08 02:54:56] RunCest::runXmlReport.INFO: PASSED [] []
[2013-05-08 02:54:56] RunCest::runOneGroup.INFO: am in path "tests/data/sandbox" [] []
[2013-05-08 02:54:56] RunCest::runOneGroup.INFO: execute command "run skipped -g notorun" [] []
[2013-05-08 02:54:56] RunCest::runOneGroup.INFO: see in shell output "Incomplete" [] []
[2013-05-08 02:54:56] RunCest::runOneGroup.INFO: don't see in shell output "Skipped" [] []
[2013-05-08 02:54:56] RunCest::runOneGroup.INFO: PASSED [] []
[2013-05-08 02:54:59] RunCest::runOneFile.INFO: am in path "tests/data/sandbox" [] []
[2013-05-08 02:54:59] RunCest::runOneFile.INFO: execute command "run tests/dummy/FileExistsCept.php" [] []
[2013-05-08 02:54:59] RunCest::runOneFile.INFO: see file found "report.html","tests/_log" [] []
[2013-05-08 02:54:59] RunCest::runOneFile.INFO: see in shell output "OK (" [] []
[2013-05-08 02:54:59] RunCest::runOneFile.INFO: PASSED [] []
[2013-05-08 02:54:59] RunCest::runHtml.INFO: am in path "tests/data/sandbox" [] []
[2013-05-08 02:54:59] RunCest::runHtml.INFO: execute command "run dummy --html" [] []
[2013-05-08 02:55:00] RunCest::runHtml.INFO: see file found "report.html","tests/_log" [] []
[2013-05-08 02:55:00] RunCest::runHtml.INFO: PASSED [] []
[2013-05-08 02:55:00] RunCest::runJsonReport.INFO: am in path "tests/data/sandbox" [] []
[2013-05-08 02:55:00] RunCest::runJsonReport.INFO: execute command "run dummy --json" [] []
[2013-05-08 02:55:00] RunCest::runJsonReport.INFO: see file found "report.json","tests/_log" [] []
[2013-05-08 02:55:00] RunCest::runJsonReport.INFO: see in this file ""suite":" [] []
[2013-05-08 02:55:00] RunCest::runJsonReport.INFO: see in this file ""dummy"" [] []
[2013-05-08 02:55:00] RunCest::runJsonReport.INFO: PASSED [] []
[2013-05-08 02:55:00] RunCest::runTapReport.INFO: am in path "tests/data/sandbox" [] []
[2013-05-08 02:55:00] RunCest::runTapReport.INFO: execute command "run dummy --tap" [] []
[2013-05-08 02:55:00] RunCest::runTapReport.INFO: see file found "report.tap.log","tests/_log" [] []
[2013-05-08 02:55:00] RunCest::runTapReport.INFO: PASSED [] []
[2013-05-08 02:55:00] RunCest::runXmlReport.INFO: am in path "tests/data/sandbox" [] []
[2013-05-08 02:55:00] RunCest::runXmlReport.INFO: execute command "run dummy --xml" [] []
[2013-05-08 02:55:00] RunCest::runXmlReport.INFO: see file found "report.xml","tests/_log" [] []
[2013-05-08 02:55:00] RunCest::runXmlReport.INFO: see in this file "<?xml" [] []
[2013-05-08 02:55:00] RunCest::runXmlReport.INFO: see in this file "<testsuite name="dummy"" [] []
[2013-05-08 02:55:00] RunCest::runXmlReport.INFO: see in this file "<testcase file="FileExistsCept.php"" [] []
[2013-05-08 02:55:00] RunCest::runXmlReport.INFO: PASSED [] []
[2013-05-08 02:55:00] RunCest::runOneGroup.INFO: am in path "tests/data/sandbox" [] []
[2013-05-08 02:55:00] RunCest::runOneGroup.INFO: execute command "run skipped -g notorun" [] []
[2013-05-08 02:55:00] RunCest::runOneGroup.INFO: see in shell output "Incomplete" [] []
[2013-05-08 02:55:00] RunCest::runOneGroup.INFO: don't see in shell output "Skipped" [] []
[2013-05-08 02:55:00] RunCest::runOneGroup.INFO: PASSED [] []
