[2013-05-05 02:03:20] BuildCept.php.INFO: run shell commmand "php codecept build" [] []
[2013-05-05 02:03:20] BuildCept.php.INFO: see in shell output "generated successfully" [] []
[2013-05-05 02:03:20] BuildCept.php.INFO: see file found "CodeGuy.php","tests/unit" [] []
[2013-05-05 02:03:20] BuildCept.php.INFO: see file found "CliGuy.php","tests/cli" [] []
[2013-05-05 02:03:20] BuildCept.php.INFO: see in this file "seeFileFound(" [] []
[2013-05-05 02:03:20] BuildCept.php.INFO: PASSED [] []
[2013-05-05 02:03:20] GenerateCeptCept.php.INFO: am in path "tests/data/sandbox" [] []
[2013-05-05 02:03:20] GenerateCeptCept.php.INFO: execute command "generate:cept dummy DummyCept" [] []
[2013-05-05 02:03:21] GenerateCeptCept.php.INFO: see file found "DummyCept.php","tests/dummy" [] []
[2013-05-05 02:03:21] GenerateCeptCept.php.ALERT: DummyCept.php in /home/davert/Codeception//tests/data/sandbox/tests/dummy [] []
[2013-05-05 02:03:21] GenerateCeptCept.php.INFO: # FAILED # [] []
[2013-05-05 02:03:21] GenerateCeptCept.php.INFO: PASSED [] []
[2013-05-05 02:03:21] GenerateCestCept.php.INFO: am in path "tests/data/sandbox" [] []
[2013-05-05 02:03:21] GenerateCestCept.php.INFO: execute command "generate:cest dummy DummyClass" [] []
[2013-05-05 02:03:22] GenerateCestCept.php.INFO: see file found "DummyClassCest.php" [] []
[2013-05-05 02:03:22] GenerateCestCept.php.INFO: see in this file "class DummyClassCest" [] []
[2013-05-05 02:03:22] GenerateCestCept.php.ALERT: text class DummyClassCest in currently opened file
Failed asserting that '' contains "class DummyClassCest". [] []
[2013-05-05 02:03:22] GenerateCestCept.php.INFO: # FAILED # [] []
[2013-05-05 02:03:22] GenerateCestCept.php.INFO: PASSED [] []
[2013-05-05 02:03:22] GeneratePhpUnitCept.php.INFO: am in path "tests/data/sandbox" [] []
[2013-05-05 02:03:22] GeneratePhpUnitCept.php.INFO: execute command "generate:phpunit dummy Dummy" [] []
[2013-05-05 02:03:22] GeneratePhpUnitCept.php.INFO: see file found "DummyTest.php" [] []
[2013-05-05 02:03:22] GeneratePhpUnitCept.php.ALERT: DummyTest.php in /home/davert/Codeception//tests/data/sandbox/ [] []
[2013-05-05 02:03:22] GeneratePhpUnitCept.php.INFO: # FAILED # [] []
[2013-05-05 02:03:22] GeneratePhpUnitCept.php.INFO: PASSED [] []
[2013-05-05 02:03:22] GenerateScenariosCept.php.INFO: am in path "tests/data/sandbox" [] []
[2013-05-05 02:03:22] GenerateScenariosCept.php.INFO: execute command "generate:scenarios dummy" [] []
[2013-05-05 02:03:23] GenerateScenariosCept.php.INFO: see file found "File_Exists.txt","tests/_data/scenarios" [] []
[2013-05-05 02:03:23] GenerateScenariosCept.php.INFO: see in this file "I WANT TO CHECK CONFIG EXISTS" [] []
[2013-05-05 02:03:23] GenerateScenariosCept.php.INFO: see in this file "I see file found "codeception.yml"" [] []
[2013-05-05 02:03:23] GenerateScenariosCept.php.INFO: PASSED [] []
[2013-05-05 02:03:23] GenerateSuiteCept.php.INFO: as a developer who likes testing  [] []
[2013-05-05 02:03:23] GenerateSuiteCept.php.INFO: so that i have a better tests categorization  [] []
[2013-05-05 02:03:23] GenerateSuiteCept.php.INFO: am in path "tests/data/sandbox" [] []
[2013-05-05 02:03:23] GenerateSuiteCept.php.INFO: execute command "generate:suite house HouseGuy" [] []
[2013-05-05 02:03:23] GenerateSuiteCept.php.INFO: see file found "house.suite.yml" [] []
[2013-05-05 02:03:24] GenerateSuiteCept.php.INFO: i expect guy class is generated  [] []
[2013-05-05 02:03:24] GenerateSuiteCept.php.INFO: see in this file "class_name: HouseGuy" [] []
[2013-05-05 02:03:24] GenerateSuiteCept.php.INFO: see file found "HouseHelper.php" [] []
[2013-05-05 02:03:24] GenerateSuiteCept.php.INFO: see file found "_bootstrap.php","tests/house" [] []
[2013-05-05 02:03:24] GenerateSuiteCept.php.INFO: PASSED [] []
[2013-05-05 02:03:24] GenerateTestCept.php.INFO: am in path "tests/data/sandbox" [] []
[2013-05-05 02:03:24] GenerateTestCept.php.INFO: execute command "generate:test dummy Dummy" [] []
[2013-05-05 02:03:24] GenerateTestCept.php.INFO: see file found "DummyTest.php" [] []
[2013-05-05 02:03:24] GenerateTestCept.php.INFO: see in this file "class DummyTest extends \Codeception\TestCase\Test" [] []
[2013-05-05 02:03:24] GenerateTestCept.php.INFO: see in this file "protected $dumbGuy" [] []
[2013-05-05 02:03:24] GenerateTestCept.php.INFO: see in this file "function _before(" [] []
[2013-05-05 02:03:24] GenerateTestCept.php.INFO: PASSED [] []
[2013-05-05 02:03:24] RunIncompleteCept.php.INFO: am in path "tests/data/sandbox" [] []
[2013-05-05 02:03:24] RunIncompleteCept.php.INFO: execute command "run skipped IncompleteMeCept.php" [] []
[2013-05-05 02:03:24] RunIncompleteCept.php.INFO: see in shell output "(IncompleteMeCept.php)  INCOMPLETE" [] []
[2013-05-05 02:03:24] RunIncompleteCept.php.ALERT: Failed asserting that 'Codeception PHP Testing Framework v1.6.0.4
Powered by PHPUnit 3.7.19 by Sebastian Bergmann.
Trying to make it incomplete (IncompleteMeCept.php)
Suite skipped started
  INCOMPLETE



Time: 0 seconds, Memory: 4.00Mb

There was 1 incomplete test:

---------
1) make it incomplete in IncompleteMeCept.php

OK, but incomplete or skipped tests!
Tests: 1, Assertions: 0, Incomplete: 1.' contains "(IncompleteMeCept.php)  INCOMPLETE". [] []
[2013-05-05 02:03:24] RunIncompleteCept.php.INFO: # FAILED # [] []
[2013-05-05 02:03:24] RunIncompleteCept.php.INFO: PASSED [] []
[2013-05-05 02:03:24] RunSkippedCept.php.INFO: am in path "tests/data/sandbox" [] []
[2013-05-05 02:03:24] RunSkippedCept.php.INFO: execute command "run skipped SkipMeCept.php" [] []
[2013-05-05 02:03:24] RunSkippedCept.php.INFO: see in shell output "(SkipMeCept.php)  SKIPPED" [] []
[2013-05-05 02:03:25] RunSkippedCept.php.ALERT: Failed asserting that 'Codeception PHP Testing Framework v1.6.0.4
Powered by PHPUnit 3.7.19 by Sebastian Bergmann.
Trying to skip it (SkipMeCept.php)
Suite skipped started
  SKIPPED



Time: 0 seconds, Memory: 4.00Mb

There was 1 skipped test:

---------
1) skip it in SkipMeCept.php

OK, but incomplete or skipped tests!
Tests: 1, Assertions: 0, Skipped: 1.' contains "(SkipMeCept.php)  SKIPPED". [] []
[2013-05-05 02:03:25] RunSkippedCept.php.INFO: # FAILED # [] []
[2013-05-05 02:03:25] RunSkippedCept.php.INFO: PASSED [] []
[2013-05-05 02:03:25] RunCest::runOneFile.INFO: am in path "tests/data/sandbox" [] []
[2013-05-05 02:03:25] RunCest::runOneFile.INFO: execute command "run tests/dummy/FileExistsCept.php" [] []
[2013-05-05 02:03:25] RunCest::runOneFile.INFO: see file found "report.html","tests/_log" [] []
[2013-05-05 02:03:25] RunCest::runOneFile.INFO: see in shell output "OK (" [] []
[2013-05-05 02:03:25] RunCest::runOneFile.INFO: PASSED [] []
[2013-05-05 02:03:25] RunCest::runHtml.INFO: am in path "tests/data/sandbox" [] []
[2013-05-05 02:03:25] RunCest::runHtml.INFO: execute command "run dummy --html" [] []
[2013-05-05 02:03:25] RunCest::runHtml.INFO: see file found "report.html","tests/_log" [] []
[2013-05-05 02:03:25] RunCest::runHtml.INFO: PASSED [] []
[2013-05-05 02:03:25] RunCest::runJsonReport.INFO: am in path "tests/data/sandbox" [] []
[2013-05-05 02:03:25] RunCest::runJsonReport.INFO: execute command "run dummy --json" [] []
[2013-05-05 02:03:25] RunCest::runJsonReport.INFO: see file found "report.json","tests/_log" [] []
[2013-05-05 02:03:25] RunCest::runJsonReport.INFO: see in this file ""suite":" [] []
[2013-05-05 02:03:25] RunCest::runJsonReport.INFO: see in this file ""dummy"" [] []
[2013-05-05 02:03:25] RunCest::runJsonReport.INFO: PASSED [] []
[2013-05-05 02:03:25] RunCest::runTapReport.INFO: am in path "tests/data/sandbox" [] []
[2013-05-05 02:03:25] RunCest::runTapReport.INFO: execute command "run dummy --tap" [] []
[2013-05-05 02:03:25] RunCest::runTapReport.INFO: see file found "report.tap.log","tests/_log" [] []
[2013-05-05 02:03:25] RunCest::runTapReport.INFO: PASSED [] []
[2013-05-05 02:03:25] RunCest::runXmlReport.INFO: am in path "tests/data/sandbox" [] []
[2013-05-05 02:03:25] RunCest::runXmlReport.INFO: execute command "run dummy --xml" [] []
[2013-05-05 02:03:25] RunCest::runXmlReport.INFO: see file found "report.xml","tests/_log" [] []
[2013-05-05 02:03:25] RunCest::runXmlReport.INFO: see in this file "<?xml" [] []
[2013-05-05 02:03:25] RunCest::runXmlReport.INFO: see in this file "<testsuite name="dummy"" [] []
[2013-05-05 02:03:25] RunCest::runXmlReport.INFO: see in this file "<testcase file="FileExistsCept.php"" [] []
[2013-05-05 02:03:25] RunCest::runXmlReport.INFO: PASSED [] []
[2013-05-05 02:08:32] BuildCept.php.INFO: run shell commmand "php codecept build" [] []
[2013-05-05 02:08:35] BuildCept.php.INFO: see in shell output "generated successfully" [] []
[2013-05-05 02:08:35] BuildCept.php.INFO: see file found "CodeGuy.php","tests/unit" [] []
[2013-05-05 02:08:35] BuildCept.php.INFO: see file found "CliGuy.php","tests/cli" [] []
[2013-05-05 02:08:35] BuildCept.php.INFO: see in this file "seeFileFound(" [] []
[2013-05-05 02:08:35] BuildCept.php.INFO: PASSED [] []
[2013-05-05 02:08:35] GenerateCeptCept.php.INFO: am in path "tests/data/sandbox" [] []
[2013-05-05 02:08:35] GenerateCeptCept.php.INFO: execute command "generate:cept dummy DummyCept" [] []
[2013-05-05 02:08:35] GenerateCeptCept.php.INFO: see file found "DummyCept.php","tests/dummy" [] []
[2013-05-05 02:08:35] GenerateCeptCept.php.ALERT: DummyCept.php in /home/davert/Codeception//tests/data/sandbox/tests/dummy [] []
[2013-05-05 02:08:35] GenerateCeptCept.php.INFO: # FAILED # [] []
[2013-05-05 02:08:35] GenerateCeptCept.php.INFO: PASSED [] []
[2013-05-05 02:08:35] GenerateCestCept.php.INFO: am in path "tests/data/sandbox" [] []
[2013-05-05 02:08:35] GenerateCestCept.php.INFO: execute command "generate:cest dummy DummyClass" [] []
[2013-05-05 02:08:36] GenerateCestCept.php.INFO: see file found "DummyClassCest.php" [] []
[2013-05-05 02:08:36] GenerateCestCept.php.INFO: see in this file "class DummyClassCest" [] []
[2013-05-05 02:08:36] GenerateCestCept.php.ALERT: text class DummyClassCest in currently opened file
Failed asserting that '' contains "class DummyClassCest". [] []
[2013-05-05 02:08:36] GenerateCestCept.php.INFO: # FAILED # [] []
[2013-05-05 02:08:36] GenerateCestCept.php.INFO: PASSED [] []
[2013-05-05 02:08:36] GeneratePhpUnitCept.php.INFO: am in path "tests/data/sandbox" [] []
[2013-05-05 02:08:36] GeneratePhpUnitCept.php.INFO: execute command "generate:phpunit dummy Dummy" [] []
[2013-05-05 02:08:37] GeneratePhpUnitCept.php.INFO: see file found "DummyTest.php" [] []
[2013-05-05 02:08:37] GeneratePhpUnitCept.php.ALERT: DummyTest.php in /home/davert/Codeception//tests/data/sandbox/ [] []
[2013-05-05 02:08:37] GeneratePhpUnitCept.php.INFO: # FAILED # [] []
[2013-05-05 02:08:37] GeneratePhpUnitCept.php.INFO: PASSED [] []
[2013-05-05 02:08:37] GenerateScenariosCept.php.INFO: am in path "tests/data/sandbox" [] []
[2013-05-05 02:08:37] GenerateScenariosCept.php.INFO: execute command "generate:scenarios dummy" [] []
[2013-05-05 02:08:37] GenerateScenariosCept.php.INFO: see file found "File_Exists.txt","tests/_data/scenarios" [] []
[2013-05-05 02:08:37] GenerateScenariosCept.php.INFO: see in this file "I WANT TO CHECK CONFIG EXISTS" [] []
[2013-05-05 02:08:37] GenerateScenariosCept.php.INFO: see in this file "I see file found "codeception.yml"" [] []
[2013-05-05 02:08:37] GenerateScenariosCept.php.INFO: PASSED [] []
[2013-05-05 02:08:37] GenerateSuiteCept.php.INFO: as a developer who likes testing  [] []
[2013-05-05 02:08:37] GenerateSuiteCept.php.INFO: so that i have a better tests categorization  [] []
[2013-05-05 02:08:37] GenerateSuiteCept.php.INFO: am in path "tests/data/sandbox" [] []
[2013-05-05 02:08:37] GenerateSuiteCept.php.INFO: execute command "generate:suite house HouseGuy" [] []
[2013-05-05 02:08:38] GenerateSuiteCept.php.INFO: see file found "house.suite.yml" [] []
[2013-05-05 02:08:38] GenerateSuiteCept.php.INFO: i expect guy class is generated  [] []
[2013-05-05 02:08:38] GenerateSuiteCept.php.INFO: see in this file "class_name: HouseGuy" [] []
[2013-05-05 02:08:38] GenerateSuiteCept.php.INFO: see file found "HouseHelper.php" [] []
[2013-05-05 02:08:38] GenerateSuiteCept.php.INFO: see file found "_bootstrap.php","tests/house" [] []
[2013-05-05 02:08:38] GenerateSuiteCept.php.INFO: PASSED [] []
[2013-05-05 02:08:38] GenerateTestCept.php.INFO: am in path "tests/data/sandbox" [] []
[2013-05-05 02:08:38] GenerateTestCept.php.INFO: execute command "generate:test dummy Dummy" [] []
[2013-05-05 02:08:38] GenerateTestCept.php.INFO: see file found "DummyTest.php" [] []
[2013-05-05 02:08:38] GenerateTestCept.php.INFO: see in this file "class DummyTest extends \Codeception\TestCase\Test" [] []
[2013-05-05 02:08:38] GenerateTestCept.php.INFO: see in this file "protected $dumbGuy" [] []
[2013-05-05 02:08:38] GenerateTestCept.php.INFO: see in this file "function _before(" [] []
[2013-05-05 02:08:38] GenerateTestCept.php.INFO: PASSED [] []
[2013-05-05 02:08:38] RunIncompleteCept.php.INFO: am in path "tests/data/sandbox" [] []
[2013-05-05 02:08:38] RunIncompleteCept.php.INFO: execute command "run skipped IncompleteMeCept.php" [] []
[2013-05-05 02:08:39] RunIncompleteCept.php.INFO: see in shell output "(IncompleteMeCept.php)  INCOMPLETE" [] []
[2013-05-05 02:08:39] RunIncompleteCept.php.ALERT: Failed asserting that 'Codeception PHP Testing Framework v1.6.0.4
Powered by PHPUnit 3.7.19 by Sebastian Bergmann.

Suite skipped started
  INCOMPLETE



Time: 0 seconds, Memory: 4.00Mb

There was 1 incomplete test:

---------
1) make it incomplete in IncompleteMeCept.php

OK, but incomplete or skipped tests!
Tests: 1, Assertions: 0, Incomplete: 1.' contains "(IncompleteMeCept.php)  INCOMPLETE". [] []
[2013-05-05 02:08:39] RunIncompleteCept.php.INFO: # FAILED # [] []
[2013-05-05 02:08:39] RunIncompleteCept.php.INFO: PASSED [] []
[2013-05-05 02:08:39] RunSkippedCept.php.INFO: am in path "tests/data/sandbox" [] []
[2013-05-05 02:08:39] RunSkippedCept.php.INFO: execute command "run skipped SkipMeCept.php" [] []
[2013-05-05 02:08:39] RunSkippedCept.php.INFO: see in shell output "(SkipMeCept.php)  SKIPPED" [] []
[2013-05-05 02:08:39] RunSkippedCept.php.ALERT: Failed asserting that 'Codeception PHP Testing Framework v1.6.0.4
Powered by PHPUnit 3.7.19 by Sebastian Bergmann.

Suite skipped started
  SKIPPED



Time: 0 seconds, Memory: 4.00Mb

There was 1 skipped test:

---------
1) skip it in SkipMeCept.php

OK, but incomplete or skipped tests!
Tests: 1, Assertions: 0, Skipped: 1.' contains "(SkipMeCept.php)  SKIPPED". [] []
[2013-05-05 02:08:39] RunSkippedCept.php.INFO: # FAILED # [] []
[2013-05-05 02:08:39] RunSkippedCept.php.INFO: PASSED [] []
[2013-05-05 02:08:39] RunCest::runOneFile.INFO: am in path "tests/data/sandbox" [] []
[2013-05-05 02:08:39] RunCest::runOneFile.INFO: execute command "run tests/dummy/FileExistsCept.php" [] []
[2013-05-05 02:08:39] RunCest::runOneFile.INFO: see file found "report.html","tests/_log" [] []
[2013-05-05 02:08:39] RunCest::runOneFile.INFO: see in shell output "OK (" [] []
[2013-05-05 02:08:39] RunCest::runOneFile.INFO: PASSED [] []
[2013-05-05 02:08:39] RunCest::runHtml.INFO: am in path "tests/data/sandbox" [] []
[2013-05-05 02:08:39] RunCest::runHtml.INFO: execute command "run dummy --html" [] []
[2013-05-05 02:08:39] RunCest::runHtml.INFO: see file found "report.html","tests/_log" [] []
[2013-05-05 02:08:39] RunCest::runHtml.INFO: PASSED [] []
[2013-05-05 02:08:39] RunCest::runJsonReport.INFO: am in path "tests/data/sandbox" [] []
[2013-05-05 02:08:39] RunCest::runJsonReport.INFO: execute command "run dummy --json" [] []
[2013-05-05 02:08:39] RunCest::runJsonReport.INFO: see file found "report.json","tests/_log" [] []
[2013-05-05 02:08:39] RunCest::runJsonReport.INFO: see in this file ""suite":" [] []
[2013-05-05 02:08:39] RunCest::runJsonReport.INFO: see in this file ""dummy"" [] []
[2013-05-05 02:08:39] RunCest::runJsonReport.INFO: PASSED [] []
[2013-05-05 02:08:39] RunCest::runTapReport.INFO: am in path "tests/data/sandbox" [] []
[2013-05-05 02:08:39] RunCest::runTapReport.INFO: execute command "run dummy --tap" [] []
[2013-05-05 02:08:39] RunCest::runTapReport.INFO: see file found "report.tap.log","tests/_log" [] []
[2013-05-05 02:08:39] RunCest::runTapReport.INFO: PASSED [] []
[2013-05-05 02:08:39] RunCest::runXmlReport.INFO: am in path "tests/data/sandbox" [] []
[2013-05-05 02:08:39] RunCest::runXmlReport.INFO: execute command "run dummy --xml" [] []
[2013-05-05 02:08:39] RunCest::runXmlReport.INFO: see file found "report.xml","tests/_log" [] []
[2013-05-05 02:08:39] RunCest::runXmlReport.INFO: see in this file "<?xml" [] []
[2013-05-05 02:08:39] RunCest::runXmlReport.INFO: see in this file "<testsuite name="dummy"" [] []
[2013-05-05 02:08:39] RunCest::runXmlReport.INFO: see in this file "<testcase file="FileExistsCept.php"" [] []
[2013-05-05 02:08:39] RunCest::runXmlReport.INFO: PASSED [] []
[2013-05-05 02:10:18] BuildCept.php.INFO: run shell commmand "php codecept build" [] []
[2013-05-05 02:10:21] BuildCept.php.INFO: see in shell output "generated successfully" [] []
[2013-05-05 02:10:21] BuildCept.php.INFO: see file found "CodeGuy.php","tests/unit" [] []
[2013-05-05 02:10:21] BuildCept.php.INFO: see file found "CliGuy.php","tests/cli" [] []
[2013-05-05 02:10:21] BuildCept.php.INFO: see in this file "seeFileFound(" [] []
[2013-05-05 02:10:21] BuildCept.php.INFO: PASSED [] []
[2013-05-05 02:10:21] GenerateCeptCept.php.INFO: am in path "tests/data/sandbox" [] []
[2013-05-05 02:10:21] GenerateCeptCept.php.INFO: execute command "generate:cept dummy DummyCept" [] []
[2013-05-05 02:10:21] GenerateCeptCept.php.INFO: see file found "DummyCept.php","tests/dummy" [] []
[2013-05-05 02:10:21] GenerateCeptCept.php.ALERT: DummyCept.php in /home/davert/Codeception//tests/data/sandbox/tests/dummy [] []
[2013-05-05 02:10:21] GenerateCeptCept.php.INFO: # FAILED # [] []
[2013-05-05 02:10:21] GenerateCeptCept.php.INFO: PASSED [] []
[2013-05-05 02:10:21] GenerateCestCept.php.INFO: am in path "tests/data/sandbox" [] []
[2013-05-05 02:10:21] GenerateCestCept.php.INFO: execute command "generate:cest dummy DummyClass" [] []
[2013-05-05 02:10:22] GenerateCestCept.php.INFO: see file found "DummyClassCest.php" [] []
[2013-05-05 02:10:22] GenerateCestCept.php.INFO: see in this file "class DummyClassCest" [] []
[2013-05-05 02:10:22] GenerateCestCept.php.ALERT: text class DummyClassCest in currently opened file
Failed asserting that '' contains "class DummyClassCest". [] []
[2013-05-05 02:10:22] GenerateCestCept.php.INFO: # FAILED # [] []
[2013-05-05 02:10:22] GenerateCestCept.php.INFO: PASSED [] []
[2013-05-05 02:10:22] GeneratePhpUnitCept.php.INFO: am in path "tests/data/sandbox" [] []
[2013-05-05 02:10:22] GeneratePhpUnitCept.php.INFO: execute command "generate:phpunit dummy Dummy" [] []
[2013-05-05 02:10:23] GeneratePhpUnitCept.php.INFO: see file found "DummyTest.php" [] []
[2013-05-05 02:10:23] GeneratePhpUnitCept.php.ALERT: DummyTest.php in /home/davert/Codeception//tests/data/sandbox/ [] []
[2013-05-05 02:10:23] GeneratePhpUnitCept.php.INFO: # FAILED # [] []
[2013-05-05 02:10:23] GeneratePhpUnitCept.php.INFO: PASSED [] []
[2013-05-05 02:10:23] GenerateScenariosCept.php.INFO: am in path "tests/data/sandbox" [] []
[2013-05-05 02:10:23] GenerateScenariosCept.php.INFO: execute command "generate:scenarios dummy" [] []
[2013-05-05 02:10:23] GenerateScenariosCept.php.INFO: see file found "File_Exists.txt","tests/_data/scenarios" [] []
[2013-05-05 02:10:23] GenerateScenariosCept.php.INFO: see in this file "I WANT TO CHECK CONFIG EXISTS" [] []
[2013-05-05 02:10:23] GenerateScenariosCept.php.INFO: see in this file "I see file found "codeception.yml"" [] []
[2013-05-05 02:10:23] GenerateScenariosCept.php.INFO: PASSED [] []
[2013-05-05 02:10:23] GenerateSuiteCept.php.INFO: as a developer who likes testing  [] []
[2013-05-05 02:10:23] GenerateSuiteCept.php.INFO: so that i have a better tests categorization  [] []
[2013-05-05 02:10:23] GenerateSuiteCept.php.INFO: am in path "tests/data/sandbox" [] []
[2013-05-05 02:10:23] GenerateSuiteCept.php.INFO: execute command "generate:suite house HouseGuy" [] []
[2013-05-05 02:10:24] GenerateSuiteCept.php.INFO: see file found "house.suite.yml" [] []
[2013-05-05 02:10:24] GenerateSuiteCept.php.INFO: i expect guy class is generated  [] []
[2013-05-05 02:10:24] GenerateSuiteCept.php.INFO: see in this file "class_name: HouseGuy" [] []
[2013-05-05 02:10:24] GenerateSuiteCept.php.INFO: see file found "HouseHelper.php" [] []
[2013-05-05 02:10:24] GenerateSuiteCept.php.INFO: see file found "_bootstrap.php","tests/house" [] []
[2013-05-05 02:10:24] GenerateSuiteCept.php.INFO: PASSED [] []
[2013-05-05 02:10:24] GenerateTestCept.php.INFO: am in path "tests/data/sandbox" [] []
[2013-05-05 02:10:24] GenerateTestCept.php.INFO: execute command "generate:test dummy Dummy" [] []
[2013-05-05 02:10:25] GenerateTestCept.php.INFO: see file found "DummyTest.php" [] []
[2013-05-05 02:10:25] GenerateTestCept.php.INFO: see in this file "class DummyTest extends \Codeception\TestCase\Test" [] []
[2013-05-05 02:10:25] GenerateTestCept.php.INFO: see in this file "protected $dumbGuy" [] []
[2013-05-05 02:10:25] GenerateTestCept.php.INFO: see in this file "function _before(" [] []
[2013-05-05 02:10:25] GenerateTestCept.php.INFO: PASSED [] []
[2013-05-05 02:10:25] RunIncompleteCept.php.INFO: am in path "tests/data/sandbox" [] []
[2013-05-05 02:10:25] RunIncompleteCept.php.INFO: execute command "run skipped IncompleteMeCept.php" [] []
[2013-05-05 02:10:25] RunIncompleteCept.php.INFO: see in shell output "(IncompleteMeCept.php)  INCOMPLETE" [] []
[2013-05-05 02:10:25] RunIncompleteCept.php.ALERT: Failed asserting that 'Codeception PHP Testing Framework v1.6.0.4
Powered by PHPUnit 3.7.19 by Sebastian Bergmann.

Suite skipped started
  INCOMPLETE



Time: 0 seconds, Memory: 4.00Mb

There was 1 incomplete test:

---------
1) make it incomplete in IncompleteMeCept.php

OK, but incomplete or skipped tests!
Tests: 1, Assertions: 0, Incomplete: 1.' contains "(IncompleteMeCept.php)  INCOMPLETE". [] []
[2013-05-05 02:10:25] RunIncompleteCept.php.INFO: # FAILED # [] []
[2013-05-05 02:10:25] RunIncompleteCept.php.INFO: PASSED [] []
[2013-05-05 02:10:25] RunSkippedCept.php.INFO: am in path "tests/data/sandbox" [] []
[2013-05-05 02:10:25] RunSkippedCept.php.INFO: execute command "run skipped SkipMeCept.php" [] []
[2013-05-05 02:10:25] RunSkippedCept.php.INFO: see in shell output "(SkipMeCept.php)  SKIPPED" [] []
[2013-05-05 02:10:25] RunSkippedCept.php.ALERT: Failed asserting that 'Codeception PHP Testing Framework v1.6.0.4
Powered by PHPUnit 3.7.19 by Sebastian Bergmann.

Suite skipped started
  SKIPPED



Time: 0 seconds, Memory: 4.00Mb

There was 1 skipped test:

---------
1) skip it in SkipMeCept.php

OK, but incomplete or skipped tests!
Tests: 1, Assertions: 0, Skipped: 1.' contains "(SkipMeCept.php)  SKIPPED". [] []
[2013-05-05 02:10:25] RunSkippedCept.php.INFO: # FAILED # [] []
[2013-05-05 02:10:25] RunSkippedCept.php.INFO: PASSED [] []
[2013-05-05 02:10:25] RunCest::runOneFile.INFO: am in path "tests/data/sandbox" [] []
[2013-05-05 02:10:25] RunCest::runOneFile.INFO: execute command "run tests/dummy/FileExistsCept.php" [] []
[2013-05-05 02:10:25] RunCest::runOneFile.INFO: see file found "report.html","tests/_log" [] []
[2013-05-05 02:10:25] RunCest::runOneFile.INFO: see in shell output "OK (" [] []
[2013-05-05 02:10:25] RunCest::runOneFile.INFO: PASSED [] []
[2013-05-05 02:10:25] RunCest::runHtml.INFO: am in path "tests/data/sandbox" [] []
[2013-05-05 02:10:25] RunCest::runHtml.INFO: execute command "run dummy --html" [] []
[2013-05-05 02:10:25] RunCest::runHtml.INFO: see file found "report.html","tests/_log" [] []
[2013-05-05 02:10:25] RunCest::runHtml.INFO: PASSED [] []
[2013-05-05 02:10:25] RunCest::runJsonReport.INFO: am in path "tests/data/sandbox" [] []
[2013-05-05 02:10:25] RunCest::runJsonReport.INFO: execute command "run dummy --json" [] []
[2013-05-05 02:10:25] RunCest::runJsonReport.INFO: see file found "report.json","tests/_log" [] []
[2013-05-05 02:10:25] RunCest::runJsonReport.INFO: see in this file ""suite":" [] []
[2013-05-05 02:10:25] RunCest::runJsonReport.INFO: see in this file ""dummy"" [] []
[2013-05-05 02:10:25] RunCest::runJsonReport.INFO: PASSED [] []
[2013-05-05 02:10:25] RunCest::runTapReport.INFO: am in path "tests/data/sandbox" [] []
[2013-05-05 02:10:25] RunCest::runTapReport.INFO: execute command "run dummy --tap" [] []
[2013-05-05 02:10:25] RunCest::runTapReport.INFO: see file found "report.tap.log","tests/_log" [] []
[2013-05-05 02:10:25] RunCest::runTapReport.INFO: PASSED [] []
[2013-05-05 02:10:25] RunCest::runXmlReport.INFO: am in path "tests/data/sandbox" [] []
[2013-05-05 02:10:25] RunCest::runXmlReport.INFO: execute command "run dummy --xml" [] []
[2013-05-05 02:10:26] RunCest::runXmlReport.INFO: see file found "report.xml","tests/_log" [] []
[2013-05-05 02:10:26] RunCest::runXmlReport.INFO: see in this file "<?xml" [] []
[2013-05-05 02:10:26] RunCest::runXmlReport.INFO: see in this file "<testsuite name="dummy"" [] []
[2013-05-05 02:10:26] RunCest::runXmlReport.INFO: see in this file "<testcase file="FileExistsCept.php"" [] []
[2013-05-05 02:10:26] RunCest::runXmlReport.INFO: PASSED [] []
[2013-05-05 02:21:46] BuildCept.php.INFO: run shell commmand "php codecept build" [] []
[2013-05-05 02:21:49] BuildCept.php.INFO: see in shell output "generated successfully" [] []
[2013-05-05 02:21:49] BuildCept.php.INFO: see file found "CodeGuy.php","tests/unit" [] []
[2013-05-05 02:21:49] BuildCept.php.INFO: see file found "CliGuy.php","tests/cli" [] []
[2013-05-05 02:21:49] BuildCept.php.INFO: see in this file "seeFileFound(" [] []
[2013-05-05 02:21:49] BuildCept.php.INFO: PASSED [] []
[2013-05-05 02:21:49] GenerateCeptCept.php.INFO: am in path "tests/data/sandbox" [] []
[2013-05-05 02:21:49] GenerateCeptCept.php.INFO: execute command "generate:cept dummy DummyCept" [] []
[2013-05-05 02:21:49] GenerateCeptCept.php.INFO: see file found "DummyCept.php","tests/dummy" [] []
[2013-05-05 02:21:49] GenerateCeptCept.php.ALERT: DummyCept.php in /home/davert/Codeception//tests/data/sandbox/tests/dummy [] []
[2013-05-05 02:21:49] GenerateCeptCept.php.INFO: # FAILED # [] []
[2013-05-05 02:21:49] GenerateCeptCept.php.INFO: PASSED [] []
[2013-05-05 02:21:49] GenerateCestCept.php.INFO: am in path "tests/data/sandbox" [] []
[2013-05-05 02:21:49] GenerateCestCept.php.INFO: execute command "generate:cest dummy DummyClass" [] []
[2013-05-05 02:21:50] GenerateCestCept.php.INFO: see file found "DummyClassCest.php" [] []
[2013-05-05 02:21:50] GenerateCestCept.php.INFO: see in this file "class DummyClassCest" [] []
[2013-05-05 02:21:50] GenerateCestCept.php.INFO: PASSED [] []
[2013-05-05 02:21:50] GeneratePhpUnitCept.php.INFO: am in path "tests/data/sandbox" [] []
[2013-05-05 02:21:50] GeneratePhpUnitCept.php.INFO: execute command "generate:phpunit dummy Dummy" [] []
[2013-05-05 02:21:51] GeneratePhpUnitCept.php.INFO: see file found "DummyTest.php" [] []
[2013-05-05 02:21:51] GeneratePhpUnitCept.php.ALERT: DummyTest.php in /home/davert/Codeception//tests/data/sandbox/ [] []
[2013-05-05 02:21:51] GeneratePhpUnitCept.php.INFO: # FAILED # [] []
[2013-05-05 02:21:51] GeneratePhpUnitCept.php.INFO: PASSED [] []
[2013-05-05 02:21:51] GenerateScenariosCept.php.INFO: am in path "tests/data/sandbox" [] []
[2013-05-05 02:21:51] GenerateScenariosCept.php.INFO: execute command "generate:scenarios dummy" [] []
[2013-05-05 02:21:51] GenerateScenariosCept.php.INFO: see file found "File_Exists.txt","tests/_data/scenarios" [] []
[2013-05-05 02:21:51] GenerateScenariosCept.php.INFO: see in this file "I WANT TO CHECK CONFIG EXISTS" [] []
[2013-05-05 02:21:51] GenerateScenariosCept.php.INFO: see in this file "I see file found "codeception.yml"" [] []
[2013-05-05 02:21:51] GenerateScenariosCept.php.INFO: PASSED [] []
[2013-05-05 02:21:51] GenerateSuiteCept.php.INFO: as a developer who likes testing  [] []
[2013-05-05 02:21:51] GenerateSuiteCept.php.INFO: so that i have a better tests categorization  [] []
[2013-05-05 02:21:51] GenerateSuiteCept.php.INFO: am in path "tests/data/sandbox" [] []
[2013-05-05 02:21:51] GenerateSuiteCept.php.INFO: execute command "generate:suite house HouseGuy" [] []
[2013-05-05 02:21:52] GenerateSuiteCept.php.INFO: see file found "house.suite.yml" [] []
[2013-05-05 02:21:52] GenerateSuiteCept.php.INFO: i expect guy class is generated  [] []
[2013-05-05 02:21:52] GenerateSuiteCept.php.INFO: see in this file "class_name: HouseGuy" [] []
[2013-05-05 02:21:52] GenerateSuiteCept.php.INFO: see file found "HouseHelper.php" [] []
[2013-05-05 02:21:52] GenerateSuiteCept.php.INFO: see file found "_bootstrap.php","tests/house" [] []
[2013-05-05 02:21:52] GenerateSuiteCept.php.INFO: PASSED [] []
[2013-05-05 02:21:52] GenerateTestCept.php.INFO: am in path "tests/data/sandbox" [] []
[2013-05-05 02:21:52] GenerateTestCept.php.INFO: execute command "generate:test dummy Dummy" [] []
[2013-05-05 02:21:53] GenerateTestCept.php.INFO: see file found "DummyTest.php" [] []
[2013-05-05 02:21:53] GenerateTestCept.php.INFO: see in this file "class DummyTest extends \Codeception\TestCase\Test" [] []
[2013-05-05 02:21:53] GenerateTestCept.php.INFO: see in this file "protected $dumbGuy" [] []
[2013-05-05 02:21:53] GenerateTestCept.php.INFO: see in this file "function _before(" [] []
[2013-05-05 02:21:53] GenerateTestCept.php.INFO: PASSED [] []
[2013-05-05 02:21:53] RunIncompleteCept.php.INFO: am in path "tests/data/sandbox" [] []
[2013-05-05 02:21:53] RunIncompleteCept.php.INFO: execute command "run skipped IncompleteMeCept.php" [] []
[2013-05-05 02:21:53] RunIncompleteCept.php.INFO: see in shell output "(IncompleteMeCept.php)  INCOMPLETE" [] []
[2013-05-05 02:21:53] RunIncompleteCept.php.ALERT: Failed asserting that 'Codeception PHP Testing Framework v1.6.0.4
Powered by PHPUnit 3.7.19 by Sebastian Bergmann.

Suite skipped started
  INCOMPLETE



Time: 0 seconds, Memory: 4.00Mb

There was 1 incomplete test:

---------
1) make it incomplete in IncompleteMeCept.php

OK, but incomplete or skipped tests!
Tests: 1, Assertions: 0, Incomplete: 1.' contains "(IncompleteMeCept.php)  INCOMPLETE". [] []
[2013-05-05 02:21:53] RunIncompleteCept.php.INFO: # FAILED # [] []
[2013-05-05 02:21:53] RunIncompleteCept.php.INFO: PASSED [] []
[2013-05-05 02:21:53] RunSkippedCept.php.INFO: am in path "tests/data/sandbox" [] []
[2013-05-05 02:21:53] RunSkippedCept.php.INFO: execute command "run skipped SkipMeCept.php" [] []
[2013-05-05 02:21:53] RunSkippedCept.php.INFO: see in shell output "(SkipMeCept.php)  SKIPPED" [] []
[2013-05-05 02:21:53] RunSkippedCept.php.ALERT: Failed asserting that 'Codeception PHP Testing Framework v1.6.0.4
Powered by PHPUnit 3.7.19 by Sebastian Bergmann.

Suite skipped started
  SKIPPED



Time: 0 seconds, Memory: 4.00Mb

There was 1 skipped test:

---------
1) skip it in SkipMeCept.php

OK, but incomplete or skipped tests!
Tests: 1, Assertions: 0, Skipped: 1.' contains "(SkipMeCept.php)  SKIPPED". [] []
[2013-05-05 02:21:53] RunSkippedCept.php.INFO: # FAILED # [] []
[2013-05-05 02:21:53] RunSkippedCept.php.INFO: PASSED [] []
[2013-05-05 02:21:53] RunCest::runOneFile.INFO: am in path "tests/data/sandbox" [] []
[2013-05-05 02:21:53] RunCest::runOneFile.INFO: execute command "run tests/dummy/FileExistsCept.php" [] []
[2013-05-05 02:21:53] RunCest::runOneFile.INFO: see file found "report.html","tests/_log" [] []
[2013-05-05 02:21:53] RunCest::runOneFile.INFO: see in shell output "OK (" [] []
[2013-05-05 02:21:53] RunCest::runOneFile.INFO: PASSED [] []
[2013-05-05 02:21:53] RunCest::runHtml.INFO: am in path "tests/data/sandbox" [] []
[2013-05-05 02:21:53] RunCest::runHtml.INFO: execute command "run dummy --html" [] []
[2013-05-05 02:21:53] RunCest::runHtml.INFO: see file found "report.html","tests/_log" [] []
[2013-05-05 02:21:53] RunCest::runHtml.INFO: PASSED [] []
[2013-05-05 02:21:53] RunCest::runJsonReport.INFO: am in path "tests/data/sandbox" [] []
[2013-05-05 02:21:53] RunCest::runJsonReport.INFO: execute command "run dummy --json" [] []
[2013-05-05 02:21:53] RunCest::runJsonReport.INFO: see file found "report.json","tests/_log" [] []
[2013-05-05 02:21:53] RunCest::runJsonReport.INFO: see in this file ""suite":" [] []
[2013-05-05 02:21:53] RunCest::runJsonReport.INFO: see in this file ""dummy"" [] []
[2013-05-05 02:21:53] RunCest::runJsonReport.INFO: PASSED [] []
[2013-05-05 02:21:53] RunCest::runTapReport.INFO: am in path "tests/data/sandbox" [] []
[2013-05-05 02:21:53] RunCest::runTapReport.INFO: execute command "run dummy --tap" [] []
[2013-05-05 02:21:53] RunCest::runTapReport.INFO: see file found "report.tap.log","tests/_log" [] []
[2013-05-05 02:21:53] RunCest::runTapReport.INFO: PASSED [] []
[2013-05-05 02:21:53] RunCest::runXmlReport.INFO: am in path "tests/data/sandbox" [] []
[2013-05-05 02:21:53] RunCest::runXmlReport.INFO: execute command "run dummy --xml" [] []
[2013-05-05 02:21:53] RunCest::runXmlReport.INFO: see file found "report.xml","tests/_log" [] []
[2013-05-05 02:21:53] RunCest::runXmlReport.INFO: see in this file "<?xml" [] []
[2013-05-05 02:21:53] RunCest::runXmlReport.INFO: see in this file "<testsuite name="dummy"" [] []
[2013-05-05 02:21:53] RunCest::runXmlReport.INFO: see in this file "<testcase file="FileExistsCept.php"" [] []
[2013-05-05 02:21:54] RunCest::runXmlReport.INFO: PASSED [] []
[2013-05-05 02:22:07] BuildCept.php.INFO: run shell commmand "php codecept build" [] []
[2013-05-05 02:22:07] BuildCept.php.INFO: see in shell output "generated successfully" [] []
[2013-05-05 02:22:07] BuildCept.php.INFO: see file found "CodeGuy.php","tests/unit" [] []
[2013-05-05 02:22:07] BuildCept.php.INFO: see file found "CliGuy.php","tests/cli" [] []
[2013-05-05 02:22:07] BuildCept.php.INFO: see in this file "seeFileFound(" [] []
[2013-05-05 02:22:07] BuildCept.php.INFO: PASSED [] []
[2013-05-05 02:22:07] GenerateCeptCept.php.INFO: am in path "tests/data/sandbox" [] []
[2013-05-05 02:22:07] GenerateCeptCept.php.INFO: execute command "generate:cept dummy DummyCept" [] []
[2013-05-05 02:22:08] GenerateCeptCept.php.INFO: see file found "DummyCept.php","tests/dummy" [] []
[2013-05-05 02:22:08] GenerateCeptCept.php.ALERT: DummyCept.php in /home/davert/Codeception//tests/data/sandbox/tests/dummy [] []
[2013-05-05 02:22:08] GenerateCeptCept.php.INFO: # FAILED # [] []
[2013-05-05 02:22:08] GenerateCeptCept.php.INFO: PASSED [] []
[2013-05-05 02:22:08] GenerateCestCept.php.INFO: am in path "tests/data/sandbox" [] []
[2013-05-05 02:22:08] GenerateCestCept.php.INFO: execute command "generate:cest dummy DummyClass" [] []
[2013-05-05 02:22:08] GenerateCestCept.php.INFO: see file found "DummyClassCest.php" [] []
[2013-05-05 02:22:08] GenerateCestCept.php.INFO: see in this file "class DummyClassCest" [] []
[2013-05-05 02:22:08] GenerateCestCept.php.INFO: PASSED [] []
[2013-05-05 02:22:08] GeneratePhpUnitCept.php.INFO: am in path "tests/data/sandbox" [] []
[2013-05-05 02:22:08] GeneratePhpUnitCept.php.INFO: execute command "generate:phpunit dummy Dummy" [] []
[2013-05-05 02:22:09] GeneratePhpUnitCept.php.INFO: see file found "DummyTest.php" [] []
[2013-05-05 02:22:09] GeneratePhpUnitCept.php.ALERT: DummyTest.php in /home/davert/Codeception//tests/data/sandbox/ [] []
[2013-05-05 02:22:09] GeneratePhpUnitCept.php.INFO: # FAILED # [] []
[2013-05-05 02:22:09] GeneratePhpUnitCept.php.INFO: PASSED [] []
[2013-05-05 02:22:09] GenerateScenariosCept.php.INFO: am in path "tests/data/sandbox" [] []
[2013-05-05 02:22:09] GenerateScenariosCept.php.INFO: execute command "generate:scenarios dummy" [] []
[2013-05-05 02:22:10] GenerateScenariosCept.php.INFO: see file found "File_Exists.txt","tests/_data/scenarios" [] []
[2013-05-05 02:22:10] GenerateScenariosCept.php.INFO: see in this file "I WANT TO CHECK CONFIG EXISTS" [] []
[2013-05-05 02:22:10] GenerateScenariosCept.php.INFO: see in this file "I see file found "codeception.yml"" [] []
[2013-05-05 02:22:10] GenerateScenariosCept.php.INFO: PASSED [] []
[2013-05-05 02:22:10] GenerateSuiteCept.php.INFO: as a developer who likes testing  [] []
[2013-05-05 02:22:10] GenerateSuiteCept.php.INFO: so that i have a better tests categorization  [] []
[2013-05-05 02:22:10] GenerateSuiteCept.php.INFO: am in path "tests/data/sandbox" [] []
[2013-05-05 02:22:10] GenerateSuiteCept.php.INFO: execute command "generate:suite house HouseGuy" [] []
[2013-05-05 02:22:10] GenerateSuiteCept.php.INFO: see file found "house.suite.yml" [] []
[2013-05-05 02:22:10] GenerateSuiteCept.php.INFO: i expect guy class is generated  [] []
[2013-05-05 02:22:10] GenerateSuiteCept.php.INFO: see in this file "class_name: HouseGuy" [] []
[2013-05-05 02:22:10] GenerateSuiteCept.php.INFO: see file found "HouseHelper.php" [] []
[2013-05-05 02:22:10] GenerateSuiteCept.php.INFO: see file found "_bootstrap.php","tests/house" [] []
[2013-05-05 02:22:10] GenerateSuiteCept.php.INFO: PASSED [] []
[2013-05-05 02:22:10] GenerateTestCept.php.INFO: am in path "tests/data/sandbox" [] []
[2013-05-05 02:22:10] GenerateTestCept.php.INFO: execute command "generate:test dummy Dummy" [] []
[2013-05-05 02:22:11] GenerateTestCept.php.INFO: see file found "DummyTest.php" [] []
[2013-05-05 02:22:11] GenerateTestCept.php.INFO: see in this file "class DummyTest extends \Codeception\TestCase\Test" [] []
[2013-05-05 02:22:11] GenerateTestCept.php.INFO: see in this file "protected $dumbGuy" [] []
[2013-05-05 02:22:11] GenerateTestCept.php.INFO: see in this file "function _before(" [] []
[2013-05-05 02:22:11] GenerateTestCept.php.INFO: PASSED [] []
[2013-05-05 02:22:11] RunIncompleteCept.php.INFO: am in path "tests/data/sandbox" [] []
[2013-05-05 02:22:11] RunIncompleteCept.php.INFO: execute command "run skipped IncompleteMeCept.php" [] []
[2013-05-05 02:22:11] RunIncompleteCept.php.INFO: see in shell output "(IncompleteMeCept.php)  INCOMPLETE" [] []
[2013-05-05 02:22:11] RunIncompleteCept.php.ALERT: Failed asserting that 'Codeception PHP Testing Framework v1.6.0.4
Powered by PHPUnit 3.7.19 by Sebastian Bergmann.

Suite skipped started
  INCOMPLETE



Time: 0 seconds, Memory: 4.00Mb

There was 1 incomplete test:

---------
1) make it incomplete in IncompleteMeCept.php

OK, but incomplete or skipped tests!
Tests: 1, Assertions: 0, Incomplete: 1.' contains "(IncompleteMeCept.php)  INCOMPLETE". [] []
[2013-05-05 02:22:11] RunIncompleteCept.php.INFO: # FAILED # [] []
[2013-05-05 02:22:11] RunIncompleteCept.php.INFO: PASSED [] []
[2013-05-05 02:22:11] RunSkippedCept.php.INFO: am in path "tests/data/sandbox" [] []
[2013-05-05 02:22:11] RunSkippedCept.php.INFO: execute command "run skipped SkipMeCept.php" [] []
[2013-05-05 02:22:11] RunSkippedCept.php.INFO: see in shell output "(SkipMeCept.php)  SKIPPED" [] []
[2013-05-05 02:22:11] RunSkippedCept.php.ALERT: Failed asserting that 'Codeception PHP Testing Framework v1.6.0.4
Powered by PHPUnit 3.7.19 by Sebastian Bergmann.

Suite skipped started
  SKIPPED



Time: 0 seconds, Memory: 4.00Mb

There was 1 skipped test:

---------
1) skip it in SkipMeCept.php

OK, but incomplete or skipped tests!
Tests: 1, Assertions: 0, Skipped: 1.' contains "(SkipMeCept.php)  SKIPPED". [] []
[2013-05-05 02:22:11] RunSkippedCept.php.INFO: # FAILED # [] []
[2013-05-05 02:22:11] RunSkippedCept.php.INFO: PASSED [] []
[2013-05-05 02:22:11] RunCest::runOneFile.INFO: am in path "tests/data/sandbox" [] []
[2013-05-05 02:22:11] RunCest::runOneFile.INFO: execute command "run tests/dummy/FileExistsCept.php" [] []
[2013-05-05 02:22:11] RunCest::runOneFile.INFO: see file found "report.html","tests/_log" [] []
[2013-05-05 02:22:11] RunCest::runOneFile.INFO: see in shell output "OK (" [] []
[2013-05-05 02:22:11] RunCest::runOneFile.INFO: PASSED [] []
[2013-05-05 02:22:11] RunCest::runHtml.INFO: am in path "tests/data/sandbox" [] []
[2013-05-05 02:22:11] RunCest::runHtml.INFO: execute command "run dummy --html" [] []
[2013-05-05 02:22:12] RunCest::runHtml.INFO: see file found "report.html","tests/_log" [] []
[2013-05-05 02:22:12] RunCest::runHtml.INFO: PASSED [] []
[2013-05-05 02:22:12] RunCest::runJsonReport.INFO: am in path "tests/data/sandbox" [] []
[2013-05-05 02:22:12] RunCest::runJsonReport.INFO: execute command "run dummy --json" [] []
[2013-05-05 02:22:12] RunCest::runJsonReport.INFO: see file found "report.json","tests/_log" [] []
[2013-05-05 02:22:12] RunCest::runJsonReport.INFO: see in this file ""suite":" [] []
[2013-05-05 02:22:12] RunCest::runJsonReport.INFO: see in this file ""dummy"" [] []
[2013-05-05 02:22:12] RunCest::runJsonReport.INFO: PASSED [] []
[2013-05-05 02:22:12] RunCest::runTapReport.INFO: am in path "tests/data/sandbox" [] []
[2013-05-05 02:22:12] RunCest::runTapReport.INFO: execute command "run dummy --tap" [] []
[2013-05-05 02:22:12] RunCest::runTapReport.INFO: see file found "report.tap.log","tests/_log" [] []
[2013-05-05 02:22:12] RunCest::runTapReport.INFO: PASSED [] []
[2013-05-05 02:22:12] RunCest::runXmlReport.INFO: am in path "tests/data/sandbox" [] []
[2013-05-05 02:22:12] RunCest::runXmlReport.INFO: execute command "run dummy --xml" [] []
[2013-05-05 02:22:12] RunCest::runXmlReport.INFO: see file found "report.xml","tests/_log" [] []
[2013-05-05 02:22:12] RunCest::runXmlReport.INFO: see in this file "<?xml" [] []
[2013-05-05 02:22:12] RunCest::runXmlReport.INFO: see in this file "<testsuite name="dummy"" [] []
[2013-05-05 02:22:12] RunCest::runXmlReport.INFO: see in this file "<testcase file="FileExistsCept.php"" [] []
[2013-05-05 02:22:12] RunCest::runXmlReport.INFO: PASSED [] []
[2013-05-05 02:30:12] RunIncompleteCept.php.INFO: am in path "tests/data/sandbox" [] []
[2013-05-05 02:30:12] RunIncompleteCept.php.INFO: execute command "run skipped IncompleteMeCept.php" [] []
[2013-05-05 02:30:12] RunIncompleteCept.php.INFO: see in shell output "(IncompleteMeCept.php)  INCOMPLETE" [] []
[2013-05-05 02:30:12] RunIncompleteCept.php.ALERT: Failed asserting that 'Codeception PHP Testing Framework v1.6.0.4
Powered by PHPUnit 3.7.19 by Sebastian Bergmann.

Suite skipped started
  INCOMPLETE



Time: 0 seconds, Memory: 4.00Mb

There was 1 incomplete test:

---------
1) make it incomplete in IncompleteMeCept.php

OK, but incomplete or skipped tests!
Tests: 1, Assertions: 0, Incomplete: 1.' contains "(IncompleteMeCept.php)  INCOMPLETE". [] []
[2013-05-05 02:30:12] RunIncompleteCept.php.INFO: # FAILED # [] []
[2013-05-05 02:30:12] RunIncompleteCept.php.INFO: PASSED [] []
[2013-05-05 02:30:16] RunIncompleteCept.php.INFO: am in path "tests/data/sandbox" [] []
[2013-05-05 02:30:16] RunIncompleteCept.php.INFO: execute command "run skipped IncompleteMeCept.php" [] []
[2013-05-05 02:30:16] RunIncompleteCept.php.INFO: see in shell output "(IncompleteMeCept.php)  INCOMPLETE" [] []
[2013-05-05 02:30:16] RunIncompleteCept.php.ALERT: Failed asserting that 'Codeception PHP Testing Framework v1.6.0.4
Powered by PHPUnit 3.7.19 by Sebastian Bergmann.

Suite skipped started
  INCOMPLETE



Time: 0 seconds, Memory: 4.00Mb

There was 1 incomplete test:

---------
1) make it incomplete in IncompleteMeCept.php

OK, but incomplete or skipped tests!
Tests: 1, Assertions: 0, Incomplete: 1.' contains "(IncompleteMeCept.php)  INCOMPLETE". [] []
[2013-05-05 02:30:16] RunIncompleteCept.php.INFO: # FAILED # [] []
[2013-05-05 02:30:16] RunIncompleteCept.php.INFO: PASSED [] []
[2013-05-05 02:42:19] RunIncompleteCept.php.INFO: am in path "tests/data/sandbox" [] []
[2013-05-05 02:42:19] RunIncompleteCept.php.INFO: execute command "run skipped IncompleteMeCept.php" [] []
[2013-05-05 02:42:19] RunIncompleteCept.php.INFO: see in shell output "(IncompleteMeCept.php)  INCOMPLETE" [] []
[2013-05-05 02:42:19] RunIncompleteCept.php.INFO: see in shell output "OK, but incomplete or skipped tests!" [] []
[2013-05-05 02:42:19] RunIncompleteCept.php.INFO: PASSED [] []
[2013-05-05 02:42:33] BuildCept.php.INFO: run shell commmand "php codecept build" [] []
[2013-05-05 02:42:33] BuildCept.php.INFO: see in shell output "generated successfully" [] []
[2013-05-05 02:42:33] BuildCept.php.INFO: see file found "CodeGuy.php","tests/unit" [] []
[2013-05-05 02:42:33] BuildCept.php.INFO: see file found "CliGuy.php","tests/cli" [] []
[2013-05-05 02:42:33] BuildCept.php.INFO: see in this file "seeFileFound(" [] []
[2013-05-05 02:42:33] BuildCept.php.INFO: PASSED [] []
[2013-05-05 02:42:33] GenerateCeptCept.php.INFO: am in path "tests/data/sandbox" [] []
[2013-05-05 02:42:33] GenerateCeptCept.php.INFO: execute command "generate:cept dummy DummyCept" [] []
[2013-05-05 02:42:34] GenerateCeptCept.php.INFO: see file found "DummyCept.php","tests/dummy" [] []
[2013-05-05 02:42:34] GenerateCeptCept.php.ALERT: DummyCept.php in /home/davert/Codeception//tests/data/sandbox/tests/dummy [] []
[2013-05-05 02:42:34] GenerateCeptCept.php.INFO: # FAILED # [] []
[2013-05-05 02:42:34] GenerateCeptCept.php.INFO: PASSED [] []
[2013-05-05 02:42:34] GenerateCestCept.php.INFO: am in path "tests/data/sandbox" [] []
[2013-05-05 02:42:34] GenerateCestCept.php.INFO: execute command "generate:cest dummy DummyClass" [] []
[2013-05-05 02:42:35] GenerateCestCept.php.INFO: see file found "DummyClassCest.php" [] []
[2013-05-05 02:42:35] GenerateCestCept.php.INFO: see in this file "class DummyClassCest" [] []
[2013-05-05 02:42:35] GenerateCestCept.php.INFO: PASSED [] []
[2013-05-05 02:42:35] GeneratePhpUnitCept.php.INFO: am in path "tests/data/sandbox" [] []
[2013-05-05 02:42:35] GeneratePhpUnitCept.php.INFO: execute command "generate:phpunit dummy Dummy" [] []
[2013-05-05 02:42:35] GeneratePhpUnitCept.php.INFO: see file found "DummyTest.php" [] []
[2013-05-05 02:42:35] GeneratePhpUnitCept.php.ALERT: DummyTest.php in /home/davert/Codeception//tests/data/sandbox/ [] []
[2013-05-05 02:42:35] GeneratePhpUnitCept.php.INFO: # FAILED # [] []
[2013-05-05 02:42:35] GeneratePhpUnitCept.php.INFO: PASSED [] []
[2013-05-05 02:42:35] GenerateScenariosCept.php.INFO: am in path "tests/data/sandbox" [] []
[2013-05-05 02:42:35] GenerateScenariosCept.php.INFO: execute command "generate:scenarios dummy" [] []
[2013-05-05 02:42:36] GenerateScenariosCept.php.INFO: see file found "File_Exists.txt","tests/_data/scenarios" [] []
[2013-05-05 02:42:36] GenerateScenariosCept.php.INFO: see in this file "I WANT TO CHECK CONFIG EXISTS" [] []
[2013-05-05 02:42:36] GenerateScenariosCept.php.INFO: see in this file "I see file found "codeception.yml"" [] []
[2013-05-05 02:42:36] GenerateScenariosCept.php.INFO: PASSED [] []
[2013-05-05 02:42:36] GenerateSuiteCept.php.INFO: as a developer who likes testing  [] []
[2013-05-05 02:42:36] GenerateSuiteCept.php.INFO: so that i have a better tests categorization  [] []
[2013-05-05 02:42:36] GenerateSuiteCept.php.INFO: am in path "tests/data/sandbox" [] []
[2013-05-05 02:42:36] GenerateSuiteCept.php.INFO: execute command "generate:suite house HouseGuy" [] []
[2013-05-05 02:42:36] GenerateSuiteCept.php.INFO: see file found "house.suite.yml" [] []
[2013-05-05 02:42:36] GenerateSuiteCept.php.INFO: i expect guy class is generated  [] []
[2013-05-05 02:42:36] GenerateSuiteCept.php.INFO: see in this file "class_name: HouseGuy" [] []
[2013-05-05 02:42:36] GenerateSuiteCept.php.INFO: see file found "HouseHelper.php" [] []
[2013-05-05 02:42:36] GenerateSuiteCept.php.INFO: see file found "_bootstrap.php","tests/house" [] []
[2013-05-05 02:42:36] GenerateSuiteCept.php.INFO: PASSED [] []
[2013-05-05 02:42:36] GenerateTestCept.php.INFO: am in path "tests/data/sandbox" [] []
[2013-05-05 02:42:36] GenerateTestCept.php.INFO: execute command "generate:test dummy Dummy" [] []
[2013-05-05 02:42:37] GenerateTestCept.php.INFO: see file found "DummyTest.php" [] []
[2013-05-05 02:42:37] GenerateTestCept.php.INFO: see in this file "class DummyTest extends \Codeception\TestCase\Test" [] []
[2013-05-05 02:42:37] GenerateTestCept.php.INFO: see in this file "protected $dumbGuy" [] []
[2013-05-05 02:42:37] GenerateTestCept.php.INFO: see in this file "function _before(" [] []
[2013-05-05 02:42:37] GenerateTestCept.php.INFO: PASSED [] []
[2013-05-05 02:42:37] RunIncompleteCept.php.INFO: am in path "tests/data/sandbox" [] []
[2013-05-05 02:42:37] RunIncompleteCept.php.INFO: execute command "run skipped IncompleteMeCept.php" [] []
[2013-05-05 02:42:37] RunIncompleteCept.php.INFO: see in shell output "(IncompleteMeCept.php)  INCOMPLETE" [] []
[2013-05-05 02:42:37] RunIncompleteCept.php.INFO: see in shell output "OK, but incomplete or skipped tests!" [] []
[2013-05-05 02:42:37] RunIncompleteCept.php.INFO: PASSED [] []
[2013-05-05 02:42:37] RunSkippedCept.php.INFO: am in path "tests/data/sandbox" [] []
[2013-05-05 02:42:37] RunSkippedCept.php.INFO: execute command "run skipped SkipMeCept.php" [] []
[2013-05-05 02:42:37] RunSkippedCept.php.INFO: see in shell output "(SkipMeCept.php)  SKIPPED" [] []
[2013-05-05 02:42:37] RunSkippedCept.php.INFO: see in shell output "OK, but incomplete or skipped tests!" [] []
[2013-05-05 02:42:37] RunSkippedCept.php.INFO: PASSED [] []
[2013-05-05 02:42:37] RunCest::runOneFile.INFO: am in path "tests/data/sandbox" [] []
[2013-05-05 02:42:37] RunCest::runOneFile.INFO: execute command "run tests/dummy/FileExistsCept.php" [] []
[2013-05-05 02:42:37] RunCest::runOneFile.INFO: see file found "report.html","tests/_log" [] []
[2013-05-05 02:42:37] RunCest::runOneFile.INFO: see in shell output "OK (" [] []
[2013-05-05 02:42:37] RunCest::runOneFile.INFO: PASSED [] []
[2013-05-05 02:42:37] RunCest::runHtml.INFO: am in path "tests/data/sandbox" [] []
[2013-05-05 02:42:37] RunCest::runHtml.INFO: execute command "run dummy --html" [] []
[2013-05-05 02:42:38] RunCest::runHtml.INFO: see file found "report.html","tests/_log" [] []
[2013-05-05 02:42:38] RunCest::runHtml.INFO: PASSED [] []
[2013-05-05 02:42:38] RunCest::runJsonReport.INFO: am in path "tests/data/sandbox" [] []
[2013-05-05 02:42:38] RunCest::runJsonReport.INFO: execute command "run dummy --json" [] []
[2013-05-05 02:42:38] RunCest::runJsonReport.INFO: see file found "report.json","tests/_log" [] []
[2013-05-05 02:42:38] RunCest::runJsonReport.INFO: see in this file ""suite":" [] []
[2013-05-05 02:42:38] RunCest::runJsonReport.INFO: see in this file ""dummy"" [] []
[2013-05-05 02:42:38] RunCest::runJsonReport.INFO: PASSED [] []
[2013-05-05 02:42:38] RunCest::runTapReport.INFO: am in path "tests/data/sandbox" [] []
[2013-05-05 02:42:38] RunCest::runTapReport.INFO: execute command "run dummy --tap" [] []
[2013-05-05 02:42:38] RunCest::runTapReport.INFO: see file found "report.tap.log","tests/_log" [] []
[2013-05-05 02:42:38] RunCest::runTapReport.INFO: PASSED [] []
[2013-05-05 02:42:38] RunCest::runXmlReport.INFO: am in path "tests/data/sandbox" [] []
[2013-05-05 02:42:38] RunCest::runXmlReport.INFO: execute command "run dummy --xml" [] []
[2013-05-05 02:42:38] RunCest::runXmlReport.INFO: see file found "report.xml","tests/_log" [] []
[2013-05-05 02:42:38] RunCest::runXmlReport.INFO: see in this file "<?xml" [] []
[2013-05-05 02:42:38] RunCest::runXmlReport.INFO: see in this file "<testsuite name="dummy"" [] []
[2013-05-05 02:42:38] RunCest::runXmlReport.INFO: see in this file "<testcase file="FileExistsCept.php"" [] []
[2013-05-05 02:42:38] RunCest::runXmlReport.INFO: PASSED [] []
[2013-05-05 02:44:27] BuildCept.php.INFO: run shell commmand "php codecept build" [] []
[2013-05-05 02:44:28] BuildCept.php.INFO: see in shell output "generated successfully" [] []
[2013-05-05 02:44:28] BuildCept.php.INFO: see file found "CodeGuy.php","tests/unit" [] []
[2013-05-05 02:44:28] BuildCept.php.INFO: see file found "CliGuy.php","tests/cli" [] []
[2013-05-05 02:44:28] BuildCept.php.INFO: see in this file "seeFileFound(" [] []
[2013-05-05 02:44:28] BuildCept.php.INFO: PASSED [] []
[2013-05-05 02:44:28] GenerateCeptCept.php.INFO: am in path "tests/data/sandbox" [] []
[2013-05-05 02:44:28] GenerateCeptCept.php.INFO: execute command "generate:cept dummy DummyCept" [] []
[2013-05-05 02:44:28] GenerateCeptCept.php.INFO: see file found "DummyCept.php","tests/dummy" [] []
[2013-05-05 02:44:28] GenerateCeptCept.php.ALERT: DummyCept.php in /home/davert/Codeception//tests/data/sandbox/tests/dummy [] []
[2013-05-05 02:44:28] GenerateCeptCept.php.INFO: # FAILED # [] []
[2013-05-05 02:44:28] GenerateCeptCept.php.INFO: PASSED [] []
[2013-05-05 02:44:28] GenerateCestCept.php.INFO: am in path "tests/data/sandbox" [] []
[2013-05-05 02:44:28] GenerateCestCept.php.INFO: execute command "generate:cest dummy DummyClass" [] []
[2013-05-05 02:44:31] GenerateCestCept.php.INFO: see file found "DummyClassCest.php" [] []
[2013-05-05 02:44:31] GenerateCestCept.php.INFO: see in this file "class DummyClassCest" [] []
[2013-05-05 02:44:31] GenerateCestCept.php.INFO: PASSED [] []
[2013-05-05 02:44:31] GeneratePhpUnitCept.php.INFO: am in path "tests/data/sandbox" [] []
[2013-05-05 02:44:31] GeneratePhpUnitCept.php.INFO: execute command "generate:phpunit dummy Dummy" [] []
[2013-05-05 02:44:31] GeneratePhpUnitCept.php.INFO: see file found "DummyTest.php" [] []
[2013-05-05 02:44:31] GeneratePhpUnitCept.php.ALERT: DummyTest.php in /home/davert/Codeception//tests/data/sandbox/ [] []
[2013-05-05 02:44:31] GeneratePhpUnitCept.php.INFO: # FAILED # [] []
[2013-05-05 02:44:31] GeneratePhpUnitCept.php.INFO: PASSED [] []
[2013-05-05 02:44:31] GenerateScenariosCept.php.INFO: am in path "tests/data/sandbox" [] []
[2013-05-05 02:44:31] GenerateScenariosCept.php.INFO: execute command "generate:scenarios dummy" [] []
[2013-05-05 02:44:32] GenerateScenariosCept.php.INFO: see file found "File_Exists.txt","tests/_data/scenarios" [] []
[2013-05-05 02:44:32] GenerateScenariosCept.php.INFO: see in this file "I WANT TO CHECK CONFIG EXISTS" [] []
[2013-05-05 02:44:32] GenerateScenariosCept.php.INFO: see in this file "I see file found "codeception.yml"" [] []
[2013-05-05 02:44:32] GenerateScenariosCept.php.INFO: PASSED [] []
[2013-05-05 02:44:32] GenerateSuiteCept.php.INFO: as a developer who likes testing  [] []
[2013-05-05 02:44:32] GenerateSuiteCept.php.INFO: so that i have a better tests categorization  [] []
[2013-05-05 02:44:32] GenerateSuiteCept.php.INFO: am in path "tests/data/sandbox" [] []
[2013-05-05 02:44:32] GenerateSuiteCept.php.INFO: execute command "generate:suite house HouseGuy" [] []
[2013-05-05 02:44:33] GenerateSuiteCept.php.INFO: see file found "house.suite.yml" [] []
[2013-05-05 02:44:33] GenerateSuiteCept.php.INFO: i expect guy class is generated  [] []
[2013-05-05 02:44:33] GenerateSuiteCept.php.INFO: see in this file "class_name: HouseGuy" [] []
[2013-05-05 02:44:33] GenerateSuiteCept.php.INFO: see file found "HouseHelper.php" [] []
[2013-05-05 02:44:33] GenerateSuiteCept.php.INFO: see file found "_bootstrap.php","tests/house" [] []
[2013-05-05 02:44:33] GenerateSuiteCept.php.INFO: PASSED [] []
[2013-05-05 02:44:33] GenerateTestCept.php.INFO: am in path "tests/data/sandbox" [] []
[2013-05-05 02:44:33] GenerateTestCept.php.INFO: execute command "generate:test dummy Dummy" [] []
[2013-05-05 02:44:33] GenerateTestCept.php.INFO: see file found "DummyTest.php" [] []
[2013-05-05 02:44:33] GenerateTestCept.php.INFO: see in this file "class DummyTest extends \Codeception\TestCase\Test" [] []
[2013-05-05 02:44:33] GenerateTestCept.php.INFO: see in this file "protected $dumbGuy" [] []
[2013-05-05 02:44:33] GenerateTestCept.php.INFO: see in this file "function _before(" [] []
[2013-05-05 02:44:33] GenerateTestCept.php.INFO: PASSED [] []
[2013-05-05 02:44:33] RunIncompleteCept.php.INFO: am in path "tests/data/sandbox" [] []
[2013-05-05 02:44:33] RunIncompleteCept.php.INFO: execute command "run skipped IncompleteMeCept.php" [] []
[2013-05-05 02:44:33] RunIncompleteCept.php.INFO: see in shell output "(IncompleteMeCept.php)  INCOMPLETE" [] []
[2013-05-05 02:44:33] RunIncompleteCept.php.INFO: see in shell output "OK, but incomplete or skipped tests!" [] []
[2013-05-05 02:44:33] RunIncompleteCept.php.INFO: PASSED [] []
[2013-05-05 02:44:33] RunSkippedCept.php.INFO: am in path "tests/data/sandbox" [] []
[2013-05-05 02:44:33] RunSkippedCept.php.INFO: execute command "run skipped SkipMeCept.php" [] []
[2013-05-05 02:44:33] RunSkippedCept.php.INFO: see in shell output "(SkipMeCept.php)  SKIPPED" [] []
[2013-05-05 02:44:33] RunSkippedCept.php.INFO: see in shell output "OK, but incomplete or skipped tests!" [] []
[2013-05-05 02:44:33] RunSkippedCept.php.INFO: PASSED [] []
[2013-05-05 02:44:33] RunCest::runOneFile.INFO: am in path "tests/data/sandbox" [] []
[2013-05-05 02:44:33] RunCest::runOneFile.INFO: execute command "run tests/dummy/FileExistsCept.php" [] []
[2013-05-05 02:44:34] RunCest::runOneFile.INFO: see file found "report.html","tests/_log" [] []
[2013-05-05 02:44:34] RunCest::runOneFile.INFO: see in shell output "OK (" [] []
[2013-05-05 02:44:34] RunCest::runOneFile.INFO: PASSED [] []
[2013-05-05 02:44:34] RunCest::runHtml.INFO: am in path "tests/data/sandbox" [] []
[2013-05-05 02:44:34] RunCest::runHtml.INFO: execute command "run dummy --html" [] []
[2013-05-05 02:44:34] RunCest::runHtml.INFO: see file found "report.html","tests/_log" [] []
[2013-05-05 02:44:34] RunCest::runHtml.INFO: PASSED [] []
[2013-05-05 02:44:34] RunCest::runJsonReport.INFO: am in path "tests/data/sandbox" [] []
[2013-05-05 02:44:34] RunCest::runJsonReport.INFO: execute command "run dummy --json" [] []
[2013-05-05 02:44:34] RunCest::runJsonReport.INFO: see file found "report.json","tests/_log" [] []
[2013-05-05 02:44:34] RunCest::runJsonReport.INFO: see in this file ""suite":" [] []
[2013-05-05 02:44:34] RunCest::runJsonReport.INFO: see in this file ""dummy"" [] []
[2013-05-05 02:44:34] RunCest::runJsonReport.INFO: PASSED [] []
[2013-05-05 02:44:34] RunCest::runTapReport.INFO: am in path "tests/data/sandbox" [] []
[2013-05-05 02:44:34] RunCest::runTapReport.INFO: execute command "run dummy --tap" [] []
[2013-05-05 02:44:34] RunCest::runTapReport.INFO: see file found "report.tap.log","tests/_log" [] []
[2013-05-05 02:44:34] RunCest::runTapReport.INFO: PASSED [] []
[2013-05-05 02:44:34] RunCest::runXmlReport.INFO: am in path "tests/data/sandbox" [] []
[2013-05-05 02:44:34] RunCest::runXmlReport.INFO: execute command "run dummy --xml" [] []
[2013-05-05 02:44:34] RunCest::runXmlReport.INFO: see file found "report.xml","tests/_log" [] []
[2013-05-05 02:44:34] RunCest::runXmlReport.INFO: see in this file "<?xml" [] []
[2013-05-05 02:44:34] RunCest::runXmlReport.INFO: see in this file "<testsuite name="dummy"" [] []
[2013-05-05 02:44:34] RunCest::runXmlReport.INFO: see in this file "<testcase file="FileExistsCept.php"" [] []
[2013-05-05 02:44:34] RunCest::runXmlReport.INFO: PASSED [] []
[2013-05-05 02:46:43] BuildCept.php.INFO: run shell commmand "php codecept build" [] []
[2013-05-05 02:46:43] BuildCept.php.INFO: see in shell output "generated successfully" [] []
[2013-05-05 02:46:43] BuildCept.php.INFO: see file found "CodeGuy.php","tests/unit" [] []
[2013-05-05 02:46:43] BuildCept.php.INFO: see file found "CliGuy.php","tests/cli" [] []
[2013-05-05 02:46:43] BuildCept.php.INFO: see in this file "seeFileFound(" [] []
[2013-05-05 02:46:43] BuildCept.php.INFO: PASSED [] []
[2013-05-05 02:46:43] GenerateCeptCept.php.INFO: am in path "tests/data/sandbox" [] []
[2013-05-05 02:46:43] GenerateCeptCept.php.INFO: execute command "generate:cept dummy DummyCept" [] []
[2013-05-05 02:46:44] GenerateCeptCept.php.INFO: see file found "DummyCept.php","tests/dummy" [] []
[2013-05-05 02:46:44] GenerateCeptCept.php.INFO: see in this file "$I = new DumbGuy($scenario);" [] []
[2013-05-05 02:46:44] GenerateCeptCept.php.INFO: delete this file  [] []
[2013-05-05 02:46:44] GenerateCeptCept.php.INFO: i am going to create scenario in folder  [] []
[2013-05-05 02:46:44] GenerateCeptCept.php.INFO: execute command "generate:cept dummy path/DummyCept" [] []
[2013-05-05 02:46:45] GenerateCeptCept.php.INFO: see file found "DummyCept.php","tests/dummy/path" [] []
[2013-05-05 02:46:45] GenerateCeptCept.php.INFO: delete this file  [] []
[2013-05-05 02:46:45] GenerateCeptCept.php.INFO: i am going to create file with cept.php suffix  [] []
[2013-05-05 02:46:45] GenerateCeptCept.php.INFO: execute command "generate:cept dummy DummyCept.php" [] []
[2013-05-05 02:46:45] GenerateCeptCept.php.INFO: see file found "DummyCept.php" [] []
[2013-05-05 02:46:45] GenerateCeptCept.php.INFO: delete this file  [] []
[2013-05-05 02:46:45] GenerateCeptCept.php.INFO: i am going to create file without any suffix  [] []
[2013-05-05 02:46:45] GenerateCeptCept.php.INFO: execute command "generate:cept dummy Dummy" [] []
[2013-05-05 02:46:46] GenerateCeptCept.php.INFO: see file found "DummyCept.php" [] []
[2013-05-05 02:46:46] GenerateCeptCept.php.INFO: PASSED [] []
[2013-05-05 02:46:46] GenerateCestCept.php.INFO: am in path "tests/data/sandbox" [] []
[2013-05-05 02:46:46] GenerateCestCept.php.INFO: execute command "generate:cest dummy DummyClass" [] []
[2013-05-05 02:46:46] GenerateCestCept.php.INFO: see file found "DummyClassCest.php" [] []
[2013-05-05 02:46:46] GenerateCestCept.php.INFO: see in this file "class DummyClassCest" [] []
[2013-05-05 02:46:47] GenerateCestCept.php.INFO: PASSED [] []
[2013-05-05 02:46:47] GeneratePhpUnitCept.php.INFO: am in path "tests/data/sandbox" [] []
[2013-05-05 02:46:47] GeneratePhpUnitCept.php.INFO: execute command "generate:phpunit dummy Dummy" [] []
[2013-05-05 02:46:47] GeneratePhpUnitCept.php.INFO: see file found "DummyTest.php" [] []
[2013-05-05 02:46:47] GeneratePhpUnitCept.php.INFO: see in this file "class DummyTest extends \PHPUnit_Framework_TestCase" [] []
[2013-05-05 02:46:47] GeneratePhpUnitCept.php.INFO: see in this file "function setUp()" [] []
[2013-05-05 02:46:47] GeneratePhpUnitCept.php.INFO: PASSED [] []
[2013-05-05 02:46:47] GenerateScenariosCept.php.INFO: am in path "tests/data/sandbox" [] []
[2013-05-05 02:46:47] GenerateScenariosCept.php.INFO: execute command "generate:scenarios dummy" [] []
[2013-05-05 02:46:48] GenerateScenariosCept.php.INFO: see file found "File_Exists.txt","tests/_data/scenarios" [] []
[2013-05-05 02:46:48] GenerateScenariosCept.php.INFO: see in this file "I WANT TO CHECK CONFIG EXISTS" [] []
[2013-05-05 02:46:48] GenerateScenariosCept.php.INFO: see in this file "I see file found "codeception.yml"" [] []
[2013-05-05 02:46:48] GenerateScenariosCept.php.INFO: PASSED [] []
[2013-05-05 02:46:48] GenerateSuiteCept.php.INFO: as a developer who likes testing  [] []
[2013-05-05 02:46:48] GenerateSuiteCept.php.INFO: so that i have a better tests categorization  [] []
[2013-05-05 02:46:48] GenerateSuiteCept.php.INFO: am in path "tests/data/sandbox" [] []
[2013-05-05 02:46:48] GenerateSuiteCept.php.INFO: execute command "generate:suite house HouseGuy" [] []
[2013-05-05 02:46:48] GenerateSuiteCept.php.INFO: see file found "house.suite.yml" [] []
[2013-05-05 02:46:48] GenerateSuiteCept.php.INFO: i expect guy class is generated  [] []
[2013-05-05 02:46:48] GenerateSuiteCept.php.INFO: see in this file "class_name: HouseGuy" [] []
[2013-05-05 02:46:48] GenerateSuiteCept.php.INFO: see file found "HouseHelper.php" [] []
[2013-05-05 02:46:48] GenerateSuiteCept.php.INFO: see file found "_bootstrap.php","tests/house" [] []
[2013-05-05 02:46:48] GenerateSuiteCept.php.INFO: PASSED [] []
[2013-05-05 02:46:48] GenerateTestCept.php.INFO: am in path "tests/data/sandbox" [] []
[2013-05-05 02:46:48] GenerateTestCept.php.INFO: execute command "generate:test dummy Dummy" [] []
[2013-05-05 02:46:49] GenerateTestCept.php.INFO: see file found "DummyTest.php" [] []
[2013-05-05 02:46:49] GenerateTestCept.php.INFO: see in this file "class DummyTest extends \Codeception\TestCase\Test" [] []
[2013-05-05 02:46:49] GenerateTestCept.php.INFO: see in this file "protected $dumbGuy" [] []
[2013-05-05 02:46:49] GenerateTestCept.php.INFO: see in this file "function _before(" [] []
[2013-05-05 02:46:49] GenerateTestCept.php.INFO: PASSED [] []
[2013-05-05 02:46:49] RunIncompleteCept.php.INFO: am in path "tests/data/sandbox" [] []
[2013-05-05 02:46:49] RunIncompleteCept.php.INFO: execute command "run skipped IncompleteMeCept.php" [] []
[2013-05-05 02:46:49] RunIncompleteCept.php.INFO: see in shell output "(IncompleteMeCept.php)  INCOMPLETE" [] []
[2013-05-05 02:46:49] RunIncompleteCept.php.INFO: see in shell output "OK, but incomplete or skipped tests!" [] []
[2013-05-05 02:46:49] RunIncompleteCept.php.INFO: PASSED [] []
[2013-05-05 02:46:49] RunSkippedCept.php.INFO: am in path "tests/data/sandbox" [] []
[2013-05-05 02:46:49] RunSkippedCept.php.INFO: execute command "run skipped SkipMeCept.php" [] []
[2013-05-05 02:46:49] RunSkippedCept.php.INFO: see in shell output "(SkipMeCept.php)  SKIPPED" [] []
[2013-05-05 02:46:49] RunSkippedCept.php.INFO: see in shell output "OK, but incomplete or skipped tests!" [] []
[2013-05-05 02:46:49] RunSkippedCept.php.INFO: PASSED [] []
[2013-05-05 02:46:49] RunCest::runOneFile.INFO: am in path "tests/data/sandbox" [] []
[2013-05-05 02:46:49] RunCest::runOneFile.INFO: execute command "run tests/dummy/FileExistsCept.php" [] []
[2013-05-05 02:46:49] RunCest::runOneFile.INFO: see file found "report.html","tests/_log" [] []
[2013-05-05 02:46:49] RunCest::runOneFile.INFO: see in shell output "OK (" [] []
[2013-05-05 02:46:49] RunCest::runOneFile.INFO: PASSED [] []
[2013-05-05 02:46:49] RunCest::runHtml.INFO: am in path "tests/data/sandbox" [] []
[2013-05-05 02:46:50] RunCest::runHtml.INFO: execute command "run dummy --html" [] []
[2013-05-05 02:46:50] RunCest::runHtml.INFO: see file found "report.html","tests/_log" [] []
[2013-05-05 02:46:50] RunCest::runHtml.INFO: PASSED [] []
[2013-05-05 02:46:50] RunCest::runJsonReport.INFO: am in path "tests/data/sandbox" [] []
[2013-05-05 02:46:50] RunCest::runJsonReport.INFO: execute command "run dummy --json" [] []
[2013-05-05 02:46:50] RunCest::runJsonReport.INFO: see file found "report.json","tests/_log" [] []
[2013-05-05 02:46:50] RunCest::runJsonReport.INFO: see in this file ""suite":" [] []
[2013-05-05 02:46:50] RunCest::runJsonReport.INFO: see in this file ""dummy"" [] []
[2013-05-05 02:46:50] RunCest::runJsonReport.INFO: PASSED [] []
[2013-05-05 02:46:50] RunCest::runTapReport.INFO: am in path "tests/data/sandbox" [] []
[2013-05-05 02:46:50] RunCest::runTapReport.INFO: execute command "run dummy --tap" [] []
[2013-05-05 02:46:50] RunCest::runTapReport.INFO: see file found "report.tap.log","tests/_log" [] []
[2013-05-05 02:46:50] RunCest::runTapReport.INFO: PASSED [] []
[2013-05-05 02:46:50] RunCest::runXmlReport.INFO: am in path "tests/data/sandbox" [] []
[2013-05-05 02:46:50] RunCest::runXmlReport.INFO: execute command "run dummy --xml" [] []
[2013-05-05 02:46:50] RunCest::runXmlReport.INFO: see file found "report.xml","tests/_log" [] []
[2013-05-05 02:46:50] RunCest::runXmlReport.INFO: see in this file "<?xml" [] []
[2013-05-05 02:46:50] RunCest::runXmlReport.INFO: see in this file "<testsuite name="dummy"" [] []
[2013-05-05 02:46:50] RunCest::runXmlReport.INFO: see in this file "<testcase file="FileExistsCept.php"" [] []
[2013-05-05 02:46:50] RunCest::runXmlReport.INFO: PASSED [] []
