[2013-06-02 18:50:28] Codeception.ALERT: The "suite" argument does not exist. [] []
[2013-06-02 18:50:28] Codeception.INFO: # ERROR # [] []
[2013-06-02 18:50:28] Codeception.INFO: PASSED [] []
[2013-06-02 18:56:38] Codeception.ALERT: The "suite" argument does not exist. [] []
[2013-06-02 18:56:38] Codeception.INFO: # ERROR # [] []
[2013-06-02 18:56:38] Codeception.INFO: PASSED [] []
[2013-06-02 18:57:25] Codeception.ALERT: The "suite" argument does not exist. [] []
[2013-06-02 18:57:25] Codeception.INFO: # ERROR # [] []
[2013-06-02 18:57:25] Codeception.INFO: PASSED [] []
[2013-06-02 19:27:32] Codeception.ALERT: The "suite" argument does not exist. [] []
[2013-06-02 19:27:32] Codeception.INFO: # ERROR # [] []
[2013-06-02 19:27:32] Codeception.INFO: PASSED [] []
[2013-06-02 19:28:21] Codeception.ALERT: The "suite" argument does not exist. [] []
[2013-06-02 19:28:21] Codeception.INFO: # ERROR # [] []
[2013-06-02 19:28:21] Codeception.INFO: PASSED [] []
[2013-06-02 19:28:38] Codeception.ALERT: The "suite" argument does not exist. [] []
[2013-06-02 19:28:38] Codeception.INFO: # ERROR # [] []
[2013-06-02 19:28:38] Codeception.INFO: PASSED [] []
[2013-06-02 19:28:49] Codeception.ALERT: The "suite" argument does not exist. [] []
[2013-06-02 19:28:49] Codeception.INFO: # ERROR # [] []
[2013-06-02 19:28:49] Codeception.INFO: PASSED [] []
[2013-06-02 19:32:35] Codeception.ALERT: The "suite" argument does not exist. [] []
[2013-06-02 19:32:35] Codeception.INFO: # ERROR # [] []
[2013-06-02 19:32:35] Codeception.INFO: PASSED [] []
[2013-06-02 19:44:58] Codeception.ALERT: Invalid argument supplied for foreach() [] []
[2013-06-02 19:44:58] Codeception.INFO: # ERROR # [] []
[2013-06-02 19:44:58] Codeception.INFO: PASSED [] []
[2013-06-02 19:46:03] Codeception.ALERT: The command name cannot be empty. [] []
[2013-06-02 19:46:03] Codeception.INFO: # ERROR # [] []
[2013-06-02 19:46:03] Codeception.INFO: PASSED [] []
[2013-06-02 19:47:17] Codeception.ALERT: There are no commands defined in the "generate" namespace. [] []
[2013-06-02 19:47:17] Codeception.INFO: # ERROR # [] []
[2013-06-02 19:47:17] Codeception.INFO: PASSED [] []
[2013-06-02 19:48:30] Codeception.ALERT: Not enough arguments. [] []
[2013-06-02 19:48:30] Codeception.INFO: # ERROR # [] []
[2013-06-02 19:48:30] Codeception.INFO: PASSED [] []
[2013-06-02 19:49:17] Codeception.ALERT: Not enough arguments. [] []
[2013-06-02 19:49:17] Codeception.INFO: # ERROR # [] []
[2013-06-02 19:49:17] Codeception.INFO: PASSED [] []
[2013-06-02 19:55:46] Codeception.ALERT: Not enough arguments. [] []
[2013-06-02 19:55:46] Codeception.INFO: # ERROR # [] []
[2013-06-02 19:55:46] Codeception.INFO: PASSED [] []
[2013-06-02 19:58:27] Codeception.ALERT: Undefined index: namespace [] []
[2013-06-02 19:58:27] Codeception.INFO: # ERROR # [] []
[2013-06-02 19:58:27] Codeception.INFO: PASSED [] []
[2013-06-02 20:00:22] Codeception.ALERT: Undefined index: namespace [] []
[2013-06-02 20:00:22] Codeception.INFO: # ERROR # [] []
[2013-06-02 20:00:22] Codeception.INFO: PASSED [] []
[2013-06-02 20:01:33] Codeception.ALERT: Failed asserting that '$I = new HobbitGuy($scenario);' contains "<?php
$I = new HobbitGuy($scenario);
$I->wantTo('perform actions and see result');
". [] []
[2013-06-02 20:01:33] Codeception.INFO: # FAILED # [] []
[2013-06-02 20:01:33] Codeception.INFO: PASSED [] []
[2013-06-02 20:02:02] Codeception.INFO: PASSED [] []
[2013-06-02 20:03:40] Codeception.INFO: PASSED [] []
[2013-06-02 20:03:49] Codeception.INFO: PASSED [] []
[2013-06-02 20:03:49] Codeception.ALERT: Failed asserting that '<?php
$I = new MiddleEarth\HobbitGuy($scenario);
$I->wantTo('perform actions and see result');
' contains "$I = new MiddleEarth/HobbitGuy($scenario);". [] []
[2013-06-02 20:03:49] Codeception.INFO: # FAILED # [] []
[2013-06-02 20:03:49] Codeception.INFO: PASSED [] []
[2013-06-02 20:04:14] Codeception.INFO: PASSED [] []
[2013-06-02 20:04:14] Codeception.INFO: PASSED [] []
[2013-06-02 20:05:41] Codeception.INFO: PASSED [] []
[2013-06-02 20:05:41] Codeception.INFO: PASSED [] []
[2013-06-02 20:05:41] Codeception.INFO: PASSED [] []
[2013-06-02 20:06:03] Codeception.INFO: PASSED [] []
[2013-06-02 20:06:03] Codeception.INFO: PASSED [] []
[2013-06-02 20:06:03] Codeception.INFO: PASSED [] []
[2013-06-02 20:06:03] Codeception.INFO: PASSED [] []
[2013-06-02 20:13:09] Codeception.ALERT: Failed asserting that 'Test HomeCanInclude12DwarfsCept.php already exists
' contains "Test was generated in tests/shire/HomeCanInclude12DwarfsCept.php". [] []
[2013-06-02 20:13:09] Codeception.INFO: # FAILED # [] []
[2013-06-02 20:13:09] Codeception.INFO: PASSED [] []
[2013-06-02 20:13:09] Codeception.INFO: PASSED [] []
[2013-06-02 20:13:09] Codeception.INFO: PASSED [] []
[2013-06-02 20:13:09] Codeception.INFO: PASSED [] []
[2013-06-02 20:14:18] Codeception.ALERT: Failed asserting that 'Test was generated in HomeCanInclude12DwarfsCept.php
' contains "Test was generated in tests/shire/HomeCanInclude12DwarfsCept.php". [] []
[2013-06-02 20:14:18] Codeception.INFO: # FAILED # [] []
[2013-06-02 20:14:18] Codeception.INFO: PASSED [] []
[2013-06-02 20:14:18] Codeception.INFO: PASSED [] []
[2013-06-02 20:14:18] Codeception.INFO: PASSED [] []
[2013-06-02 20:14:18] Codeception.INFO: PASSED [] []
[2013-06-02 20:14:37] Codeception.INFO: PASSED [] []
[2013-06-02 20:14:37] Codeception.INFO: PASSED [] []
[2013-06-02 20:14:37] Codeception.INFO: PASSED [] []
[2013-06-02 20:14:37] Codeception.INFO: PASSED [] []
[2013-06-02 20:22:13] Codeception.INFO: PASSED [] []
[2013-06-02 20:22:13] Codeception.INFO: PASSED [] []
[2013-06-02 20:22:13] Codeception.INFO: PASSED [] []
[2013-06-02 20:22:13] Codeception.INFO: PASSED [] []
[2013-06-02 20:22:27] Codeception.INFO: PASSED [] []
[2013-06-02 20:22:27] Codeception.INFO: PASSED [] []
[2013-06-02 20:22:27] Codeception.INFO: PASSED [] []
[2013-06-02 20:22:27] Codeception.INFO: PASSED [] []
[2013-06-02 20:22:27] Codeception.ALERT: The "test" argument does not exist. [] []
[2013-06-02 20:22:27] Codeception.INFO: # ERROR # [] []
[2013-06-02 20:22:27] Codeception.INFO: PASSED [] []
[2013-06-02 20:23:08] Codeception.INFO: PASSED [] []
[2013-06-02 20:23:08] Codeception.INFO: PASSED [] []
[2013-06-02 20:23:08] Codeception.INFO: PASSED [] []
[2013-06-02 20:23:08] Codeception.INFO: PASSED [] []
[2013-06-02 20:23:08] Codeception.ALERT: Failed asserting that two strings are equal. [] []
[2013-06-02 20:23:08] Codeception.INFO: # FAILED # [] []
[2013-06-02 20:23:08] Codeception.INFO: PASSED [] []
[2013-06-02 20:24:48] Codeception.INFO: PASSED [] []
[2013-06-02 20:24:48] Codeception.INFO: PASSED [] []
[2013-06-02 20:24:48] Codeception.INFO: PASSED [] []
[2013-06-02 20:24:48] Codeception.INFO: PASSED [] []
[2013-06-02 20:24:48] Codeception.ALERT: Failed asserting that two strings are equal. [] []
[2013-06-02 20:24:48] Codeception.INFO: # FAILED # [] []
[2013-06-02 20:24:48] Codeception.INFO: PASSED [] []
[2013-06-02 20:25:07] Codeception.INFO: PASSED [] []
[2013-06-02 20:25:07] Codeception.INFO: PASSED [] []
[2013-06-02 20:25:07] Codeception.INFO: PASSED [] []
[2013-06-02 20:25:07] Codeception.INFO: PASSED [] []
[2013-06-02 20:25:07] Codeception.ALERT: Failed asserting that two strings are equal. [] []
[2013-06-02 20:25:07] Codeception.INFO: # FAILED # [] []
[2013-06-02 20:25:07] Codeception.INFO: PASSED [] []
[2013-06-02 20:25:37] Codeception.INFO: PASSED [] []
[2013-06-02 20:25:37] Codeception.INFO: PASSED [] []
[2013-06-02 20:25:37] Codeception.INFO: PASSED [] []
[2013-06-02 20:25:37] Codeception.INFO: PASSED [] []
[2013-06-02 20:25:37] Codeception.ALERT: Failed asserting that two strings are equal. [] []
[2013-06-02 20:25:37] Codeception.INFO: # FAILED # [] []
[2013-06-02 20:25:37] Codeception.INFO: PASSED [] []
[2013-06-02 20:28:13] Codeception.INFO: PASSED [] []
[2013-06-02 20:28:13] Codeception.INFO: PASSED [] []
[2013-06-02 20:28:13] Codeception.INFO: PASSED [] []
[2013-06-02 20:28:13] Codeception.INFO: PASSED [] []
[2013-06-02 20:28:13] Codeception.ALERT: Failed asserting that 'Cest was created in tests/shire/HallUnderTheHillCest.php
' contains "Test was generated in HomeCanInclude12DwarfsCest.php". [] []
[2013-06-02 20:28:13] Codeception.INFO: # FAILED # [] []
[2013-06-02 20:28:13] Codeception.INFO: PASSED [] []
[2013-06-02 20:29:38] Codeception.ALERT: Failed asserting that 'Test was created in HomeCanInclude12DwarfsCept.php
' contains "Test was generated in HomeCanInclude12DwarfsCept.php". [] []
[2013-06-02 20:29:38] Codeception.INFO: # FAILED # [] []
[2013-06-02 20:29:38] Codeception.INFO: PASSED [] []
[2013-06-02 20:29:38] Codeception.INFO: PASSED [] []
[2013-06-02 20:29:38] Codeception.INFO: PASSED [] []
[2013-06-02 20:29:38] Codeception.INFO: PASSED [] []
[2013-06-02 20:29:38] Codeception.ALERT: Failed asserting that 'Cest was created in tests/shire/HallUnderTheHillCest.php
' contains "Test was created in tests/shire/HomeCanInclude12DwarfsCest.php". [] []
[2013-06-02 20:29:38] Codeception.INFO: # FAILED # [] []
[2013-06-02 20:29:38] Codeception.INFO: PASSED [] []
[2013-06-02 20:30:16] Codeception.INFO: PASSED [] []
[2013-06-02 20:30:16] Codeception.INFO: PASSED [] []
[2013-06-02 20:30:16] Codeception.INFO: PASSED [] []
[2013-06-02 20:30:16] Codeception.INFO: PASSED [] []
[2013-06-02 20:30:16] Codeception.ALERT: Failed asserting that 'Cest was created in tests/shire/HallUnderTheHillCest.php
' contains "Test was created in tests/shire/HallUnderTheHillCest.php". [] []
[2013-06-02 20:30:16] Codeception.INFO: # FAILED # [] []
[2013-06-02 20:30:16] Codeception.INFO: PASSED [] []
[2013-06-02 20:30:33] Codeception.INFO: PASSED [] []
[2013-06-02 20:30:33] Codeception.INFO: PASSED [] []
[2013-06-02 20:30:33] Codeception.INFO: PASSED [] []
[2013-06-02 20:30:33] Codeception.INFO: PASSED [] []
[2013-06-02 20:30:33] Codeception.INFO: PASSED [] []
[2013-06-02 20:32:08] Codeception.INFO: PASSED [] []
[2013-06-02 20:32:08] Codeception.INFO: PASSED [] []
[2013-06-02 20:32:08] Codeception.INFO: PASSED [] []
[2013-06-02 20:32:08] Codeception.INFO: PASSED [] []
[2013-06-02 20:32:08] Codeception.INFO: PASSED [] []
[2013-06-02 20:38:46] Codeception.INFO: PASSED [] []
[2013-06-02 20:38:46] Codeception.INFO: PASSED [] []
[2013-06-02 20:38:46] Codeception.INFO: PASSED [] []
[2013-06-02 20:38:46] Codeception.INFO: PASSED [] []
[2013-06-02 20:38:46] Codeception.INFO: PASSED [] []
[2013-06-02 20:38:46] Codeception.ALERT: Failed asserting that two strings are equal. [] []
[2013-06-02 20:38:46] Codeception.INFO: # FAILED # [] []
[2013-06-02 20:38:46] Codeception.INFO: PASSED [] []
[2013-06-02 20:38:56] Codeception.INFO: PASSED [] []
[2013-06-02 20:38:56] Codeception.INFO: PASSED [] []
[2013-06-02 20:38:56] Codeception.INFO: PASSED [] []
[2013-06-02 20:38:56] Codeception.INFO: PASSED [] []
[2013-06-02 20:38:56] Codeception.INFO: PASSED [] []
[2013-06-02 20:38:56] Codeception.ALERT: Failed asserting that '<?php


class HallUnderTheHillCest
{

    public function _before()
    {
    }

    public function _after()
    {
    }

    // tests
    public function tryToTest(\\MiddleEarth\HobbitGuy $I) {
    
    }

}' contains "public function tryToTest(\MiddleEarth\HobbitGuy $I)". [] []
[2013-06-02 20:38:56] Codeception.INFO: # FAILED # [] []
[2013-06-02 20:38:56] Codeception.INFO: PASSED [] []
[2013-06-02 20:41:58] Codeception.INFO: PASSED [] []
[2013-06-02 20:41:58] Codeception.INFO: PASSED [] []
[2013-06-02 20:41:58] Codeception.INFO: PASSED [] []
[2013-06-02 20:41:58] Codeception.INFO: PASSED [] []
[2013-06-02 20:41:58] Codeception.INFO: PASSED [] []
[2013-06-02 20:41:58] Codeception.INFO: PASSED [] []
[2013-06-02 20:43:43] Codeception.INFO: PASSED [] []
[2013-06-02 20:43:43] Codeception.INFO: PASSED [] []
[2013-06-02 20:43:43] Codeception.INFO: PASSED [] []
[2013-06-02 20:43:43] Codeception.INFO: PASSED [] []
[2013-06-02 20:43:43] Codeception.INFO: PASSED [] []
[2013-06-02 20:43:43] Codeception.ALERT: The "test" argument does not exist. [] []
[2013-06-02 20:43:43] Codeception.INFO: # ERROR # [] []
[2013-06-02 20:43:43] Codeception.INFO: PASSED [] []
[2013-06-02 20:43:43] Codeception.INFO: PASSED [] []
[2013-06-02 20:44:11] Codeception.INFO: PASSED [] []
[2013-06-02 20:44:11] Codeception.INFO: PASSED [] []
[2013-06-02 20:44:11] Codeception.INFO: PASSED [] []
[2013-06-02 20:44:11] Codeception.INFO: PASSED [] []
[2013-06-02 20:44:11] Codeception.INFO: PASSED [] []
[2013-06-02 20:44:11] Codeception.INFO: PASSED [] []
[2013-06-02 20:44:11] Codeception.INFO: PASSED [] []
[2013-06-02 20:44:11] Codeception.INFO: PASSED [] []
[2013-06-02 20:45:08] Codeception.INFO: PASSED [] []
[2013-06-02 20:45:08] Codeception.INFO: PASSED [] []
[2013-06-02 20:45:08] Codeception.INFO: PASSED [] []
[2013-06-02 20:45:08] Codeception.INFO: PASSED [] []
[2013-06-02 20:45:08] Codeception.INFO: PASSED [] []
[2013-06-02 20:45:08] Codeception.INFO: PASSED [] []
[2013-06-02 20:45:08] Codeception.INFO: PASSED [] []
[2013-06-02 20:45:08] Codeception.INFO: PASSED [] []
[2013-06-02 20:45:20] Codeception.INFO: PASSED [] []
[2013-06-02 20:45:20] Codeception.INFO: PASSED [] []
[2013-06-02 20:45:20] Codeception.INFO: PASSED [] []
[2013-06-02 20:45:20] Codeception.INFO: PASSED [] []
[2013-06-02 20:45:20] Codeception.INFO: PASSED [] []
[2013-06-02 20:45:20] Codeception.ALERT: Failed asserting that two strings are equal. [] []
[2013-06-02 20:45:20] Codeception.INFO: # FAILED # [] []
[2013-06-02 20:45:20] Codeception.INFO: PASSED [] []
[2013-06-02 20:45:20] Codeception.INFO: PASSED [] []
[2013-06-02 20:45:20] Codeception.INFO: PASSED [] []
[2013-06-02 20:45:20] Codeception.INFO: PASSED [] []
[2013-06-02 20:45:33] Codeception.INFO: PASSED [] []
[2013-06-02 20:45:33] Codeception.INFO: PASSED [] []
[2013-06-02 20:45:33] Codeception.INFO: PASSED [] []
[2013-06-02 20:45:33] Codeception.INFO: PASSED [] []
[2013-06-02 20:45:33] Codeception.INFO: PASSED [] []
[2013-06-02 20:45:33] Codeception.INFO: PASSED [] []
[2013-06-02 20:45:33] Codeception.INFO: PASSED [] []
[2013-06-02 20:45:33] Codeception.INFO: PASSED [] []
[2013-06-02 20:45:33] Codeception.INFO: PASSED [] []
[2013-06-02 20:45:48] Codeception.INFO: PASSED [] []
[2013-06-02 20:45:48] Codeception.INFO: PASSED [] []
[2013-06-02 20:45:48] Codeception.INFO: PASSED [] []
[2013-06-02 20:45:48] Codeception.INFO: PASSED [] []
[2013-06-02 20:45:48] Codeception.INFO: PASSED [] []
[2013-06-02 20:45:48] Codeception.ALERT: Failed asserting that '<?php
namespace Shire;


class HallUnderTheHillCest
{

    public function _before()
    {
    }

    public function _after()
    {
    }

    // tests
    public function tryToTest(\HobbitGuy $I) {
    
    }

}' contains "namespace Shire1;". [] []
[2013-06-02 20:45:48] Codeception.INFO: # FAILED # [] []
[2013-06-02 20:45:48] Codeception.INFO: PASSED [] []
[2013-06-02 20:45:48] Codeception.INFO: PASSED [] []
[2013-06-02 20:45:48] Codeception.INFO: PASSED [] []
[2013-06-02 20:45:48] Codeception.INFO: PASSED [] []
[2013-06-02 20:48:18] Codeception.INFO: PASSED [] []
[2013-06-02 20:48:18] Codeception.INFO: PASSED [] []
[2013-06-02 20:48:18] Codeception.INFO: PASSED [] []
[2013-06-02 20:48:18] Codeception.INFO: PASSED [] []
[2013-06-02 20:48:18] Codeception.INFO: PASSED [] []
[2013-06-02 20:48:18] Codeception.INFO: PASSED [] []
[2013-06-02 20:48:18] Codeception.INFO: PASSED [] []
[2013-06-02 20:48:18] Codeception.INFO: PASSED [] []
[2013-06-02 20:48:18] Codeception.INFO: PASSED [] []
[2013-06-02 20:48:28] Codeception.INFO: PASSED [] []
[2013-06-02 20:48:28] Codeception.INFO: PASSED [] []
[2013-06-02 20:48:28] Codeception.INFO: PASSED [] []
[2013-06-02 20:48:28] Codeception.INFO: PASSED [] []
[2013-06-02 20:48:28] Codeception.INFO: PASSED [] []
[2013-06-02 20:48:28] Codeception.INFO: PASSED [] []
[2013-06-02 20:48:28] Codeception.INFO: PASSED [] []
[2013-06-02 20:48:28] Codeception.INFO: PASSED [] []
[2013-06-02 20:48:28] Codeception.INFO: PASSED [] []
[2013-06-02 20:48:28] Codeception.ALERT: Failed asserting that false is null. [] []
[2013-06-02 20:48:28] Codeception.INFO: # FAILED # [] []
[2013-06-02 20:48:28] Codeception.INFO: PASSED [] []
[2013-06-02 20:50:49] Codeception.INFO: PASSED [] []
[2013-06-02 20:50:49] Codeception.INFO: PASSED [] []
[2013-06-02 20:50:49] Codeception.INFO: PASSED [] []
[2013-06-02 20:50:49] Codeception.INFO: PASSED [] []
[2013-06-02 20:50:50] Codeception.INFO: PASSED [] []
[2013-06-02 20:50:50] Codeception.INFO: PASSED [] []
[2013-06-02 20:50:50] Codeception.INFO: PASSED [] []
[2013-06-02 20:50:50] Codeception.INFO: PASSED [] []
[2013-06-02 20:50:50] Codeception.INFO: PASSED [] []
[2013-06-02 20:50:50] Codeception.INFO: PASSED [] []
[2013-06-02 20:51:58] Codeception.INFO: PASSED [] []
[2013-06-02 20:51:58] Codeception.INFO: PASSED [] []
[2013-06-02 20:51:58] Codeception.INFO: PASSED [] []
[2013-06-02 20:51:58] Codeception.INFO: PASSED [] []
[2013-06-02 20:51:58] Codeception.ALERT: Failed asserting that false is true. [] []
[2013-06-02 20:51:58] Codeception.INFO: # FAILED # [] []
[2013-06-02 20:51:58] Codeception.INFO: PASSED [] []
[2013-06-02 20:51:58] Codeception.INFO: PASSED [] []
[2013-06-02 20:51:58] Codeception.INFO: PASSED [] []
[2013-06-02 20:51:58] Codeception.INFO: PASSED [] []
[2013-06-02 20:51:58] Codeception.INFO: PASSED [] []
[2013-06-02 20:51:58] Codeception.INFO: PASSED [] []
[2013-06-02 20:51:58] Codeception.INFO: PASSED [] []
[2013-06-02 20:52:01] Codeception.INFO: PASSED [] []
[2013-06-02 20:52:01] Codeception.INFO: PASSED [] []
[2013-06-02 20:52:01] Codeception.INFO: PASSED [] []
[2013-06-02 20:52:01] Codeception.INFO: PASSED [] []
[2013-06-02 20:52:01] Codeception.ALERT: Failed asserting that false is true. [] []
[2013-06-02 20:52:01] Codeception.INFO: # FAILED # [] []
[2013-06-02 20:52:01] Codeception.INFO: PASSED [] []
[2013-06-02 20:52:01] Codeception.INFO: PASSED [] []
[2013-06-02 20:52:01] Codeception.INFO: PASSED [] []
[2013-06-02 20:52:01] Codeception.INFO: PASSED [] []
[2013-06-02 20:52:01] Codeception.INFO: PASSED [] []
[2013-06-02 20:52:01] Codeception.INFO: PASSED [] []
[2013-06-02 20:52:01] Codeception.INFO: PASSED [] []
[2013-06-02 20:52:35] Codeception.INFO: PASSED [] []
[2013-06-02 20:52:35] Codeception.INFO: PASSED [] []
[2013-06-02 20:52:35] Codeception.INFO: PASSED [] []
[2013-06-02 20:52:35] Codeception.INFO: PASSED [] []
[2013-06-02 20:53:12] Codeception.INFO: PASSED [] []
[2013-06-02 20:53:12] Codeception.INFO: PASSED [] []
[2013-06-02 20:53:12] Codeception.INFO: PASSED [] []
[2013-06-02 20:53:12] Codeception.INFO: PASSED [] []
[2013-06-02 20:53:12] Codeception.ALERT: Undefined variable: scenario [] []
[2013-06-02 20:53:12] Codeception.INFO: # ERROR # [] []
[2013-06-02 20:53:12] Codeception.INFO: PASSED [] []
[2013-06-02 20:53:12] Codeception.INFO: PASSED [] []
[2013-06-02 20:53:12] Codeception.INFO: PASSED [] []
[2013-06-02 20:53:12] Codeception.INFO: PASSED [] []
[2013-06-02 20:53:12] Codeception.INFO: PASSED [] []
[2013-06-02 20:53:12] Codeception.INFO: PASSED [] []
[2013-06-02 20:53:12] Codeception.INFO: PASSED [] []
[2013-06-02 20:53:25] Codeception.INFO: PASSED [] []
[2013-06-02 20:53:25] Codeception.INFO: PASSED [] []
[2013-06-02 20:53:25] Codeception.INFO: PASSED [] []
[2013-06-02 20:53:25] Codeception.INFO: PASSED [] []
[2013-06-02 20:53:25] Codeception.ALERT: Undefined variable: scenario [] []
[2013-06-02 20:53:25] Codeception.INFO: # ERROR # [] []
[2013-06-02 20:53:25] Codeception.INFO: PASSED [] []
[2013-06-02 20:53:25] Codeception.INFO: PASSED [] []
[2013-06-02 20:53:25] Codeception.INFO: PASSED [] []
[2013-06-02 20:53:25] Codeception.INFO: PASSED [] []
[2013-06-02 20:53:25] Codeception.INFO: PASSED [] []
[2013-06-02 20:53:25] Codeception.INFO: PASSED [] []
[2013-06-02 20:53:25] Codeception.INFO: PASSED [] []
[2013-06-02 20:53:56] Codeception.INFO: PASSED [] []
[2013-06-02 20:53:56] Codeception.INFO: PASSED [] []
[2013-06-02 20:53:56] Codeception.INFO: PASSED [] []
[2013-06-02 20:53:56] Codeception.INFO: PASSED [] []
[2013-06-02 20:53:56] Codeception.ALERT: call_user_func_array() expects parameter 1 to be a valid callback, class '' not found [] []
[2013-06-02 20:53:56] Codeception.INFO: # ERROR # [] []
[2013-06-02 20:53:56] Codeception.INFO: PASSED [] []
[2013-06-02 20:53:56] Codeception.INFO: PASSED [] []
[2013-06-02 20:53:56] Codeception.INFO: PASSED [] []
[2013-06-02 20:53:56] Codeception.INFO: PASSED [] []
[2013-06-02 20:53:56] Codeception.INFO: PASSED [] []
[2013-06-02 20:53:56] Codeception.INFO: PASSED [] []
[2013-06-02 20:53:56] Codeception.INFO: PASSED [] []
[2013-06-02 20:54:11] Codeception.INFO: PASSED [] []
[2013-06-02 20:54:11] Codeception.INFO: PASSED [] []
[2013-06-02 20:54:11] Codeception.INFO: PASSED [] []
[2013-06-02 20:54:11] Codeception.INFO: PASSED [] []
[2013-06-02 20:54:11] Codeception.INFO: PASSED [] []
[2013-06-02 20:54:11] Codeception.INFO: PASSED [] []
[2013-06-02 20:54:11] Codeception.INFO: PASSED [] []
[2013-06-02 20:54:11] Codeception.INFO: PASSED [] []
[2013-06-02 20:54:11] Codeception.INFO: PASSED [] []
[2013-06-02 20:54:11] Codeception.INFO: PASSED [] []
[2013-06-02 22:03:35] Codeception.INFO: PASSED [] []
[2013-06-02 22:04:11] Codeception.INFO: PASSED [] []
[2013-06-02 22:05:11] Codeception.ALERT: Failed asserting that '<?php
// This class was automatically generated by build task
// You should not change it manually as it will be overwritten on next build
// @codingStandardsIgnoreFile


use \Codeception\Maybe;

/**
 * Inherited methods
 * @method void __construct($scenario)
 * @method void wantToTest($text)
 * @method void wantTo($text)
 * @method void expectTo($prediction)
 * @method void expect($prediction)
 * @method void amGoingTo($argumentation)
 * @method void am($role)
 * @method void lookForwardTo($role)
*/

class HobbitGuy extends \Codeception\AbstractGuy
{
    
}

' contains "public function amInPath($path)". [] []
[2013-06-02 22:05:11] Codeception.INFO: # FAILED # [] []
[2013-06-02 22:05:11] Codeception.INFO: PASSED [] []
[2013-06-02 22:06:22] Codeception.ALERT: Failed asserting that '<?php
// This class was automatically generated by build task
// You should not change it manually as it will be overwritten on next build
// @codingStandardsIgnoreFile


use \Codeception\Maybe;
use \Codeception\Module\Filesystem;
use \Codeception\Module\EmulateModuleHelper;

/**
 * Inherited methods
 * @method void __construct($scenario)
 * @method void wantToTest($text)
 * @method void wantTo($text)
 * @method void expectTo($prediction)
 * @method void expect($prediction)
 * @method void amGoingTo($argumentation)
 * @method void am($role)
 * @method void lookForwardTo($role)
*/

class HobbitGuy extends \Codeception\AbstractGuy
{
    
}

' contains "public function amInPath($path)". [] []
[2013-06-02 22:06:22] Codeception.INFO: # FAILED # [] []
[2013-06-02 22:06:22] Codeception.INFO: PASSED [] []
[2013-06-02 22:11:43] Codeception.ALERT: Failed asserting that '<?php
// This class was automatically generated by build task
// You should not change it manually as it will be overwritten on next build
// @codingStandardsIgnoreFile


use \Codeception\Maybe;
use \Codeception\Module\Filesystem;
use \Codeception\Module\EmulateModuleHelper;

/**
 * Inherited methods
 * @method void __construct($scenario)
 * @method void wantToTest($text)
 * @method void wantTo($text)
 * @method void expectTo($prediction)
 * @method void expect($prediction)
 * @method void amGoingTo($argumentation)
 * @method void am($role)
 * @method void lookForwardTo($role)
*/

class HobbitGuy extends \Codeception\AbstractGuy
{
    
}

' contains "public function amInPath($path)". [] []
[2013-06-02 22:11:43] Codeception.INFO: # FAILED # [] []
[2013-06-02 22:11:43] Codeception.INFO: PASSED [] []
[2013-06-02 22:14:43] Codeception.INFO: PASSED [] []
[2013-06-02 22:15:12] Codeception.INFO: PASSED [] []
[2013-06-02 22:15:43] Codeception.INFO: PASSED [] []
[2013-06-02 22:16:29] Codeception.INFO: PASSED [] []
[2013-06-02 22:20:09] Codeception.INFO: PASSED [] []
[2013-06-02 22:21:09] Codeception.INFO: PASSED [] []
[2013-06-02 22:21:09] Codeception.ALERT: Failed asserting that '' contains "namespace Shire;". [] []
[2013-06-02 22:21:09] Codeception.INFO: # FAILED # [] []
[2013-06-02 22:21:09] Codeception.INFO: PASSED [] []
[2013-06-02 22:21:25] Codeception.INFO: PASSED [] []
[2013-06-02 22:21:25] Codeception.INFO: PASSED [] []
[2013-06-02 22:31:35] Codeception.ALERT: Failed asserting that 'tests/shireHobbitGuy.php generated successfully. 11 methods added
' contains "HobbitGuy generated successfully. 7 methods added". [] []
[2013-06-02 22:31:35] Codeception.INFO: # FAILED # [] []
[2013-06-02 22:31:35] Codeception.INFO: PASSED [] []
[2013-06-02 22:31:35] Codeception.INFO: PASSED [] []
[2013-06-02 22:32:21] Codeception.INFO: PASSED [] []
[2013-06-02 22:32:21] Codeception.INFO: PASSED [] []
[2013-06-02 22:33:27] Codeception.INFO: PASSED [] []
[2013-06-02 22:33:27] Codeception.INFO: PASSED [] []
[2013-06-02 22:39:04] Codeception.INFO: PASSED [] []
[2013-06-02 22:39:04] Codeception.INFO: PASSED [] []
[2013-06-02 22:44:05] Codeception.ALERT: Suite shire was not loaded [] []
[2013-06-02 22:44:05] Codeception.INFO: # ERROR # [] []
[2013-06-02 22:44:05] Codeception.INFO: PASSED [] []
[2013-06-02 22:44:46] Codeception.INFO: PASSED [] []
[2013-06-02 22:44:46] Codeception.INFO: PASSED [] []
[2013-06-02 22:44:46] Codeception.INFO: PASSED [] []
[2013-06-02 22:44:46] Codeception.INFO: PASSED [] []
[2013-06-02 22:44:46] Codeception.INFO: PASSED [] []
[2013-06-02 22:44:46] Codeception.INFO: PASSED [] []
[2013-06-02 22:44:46] Codeception.INFO: PASSED [] []
[2013-06-02 22:44:46] Codeception.INFO: PASSED [] []
[2013-06-02 22:44:46] Codeception.INFO: PASSED [] []
[2013-06-02 22:44:46] Codeception.INFO: PASSED [] []
[2013-06-02 22:44:46] Codeception.INFO: PASSED [] []
[2013-06-02 22:44:46] Codeception.INFO: PASSED [] []
[2013-06-02 22:44:46] Codeception.ALERT: Suite shire was not loaded [] []
[2013-06-02 22:44:46] Codeception.INFO: # ERROR # [] []
[2013-06-02 22:44:46] Codeception.INFO: PASSED [] []
[2013-06-02 22:44:49] Codeception.ALERT: Suite shire was not loaded [] []
[2013-06-02 22:44:49] Codeception.INFO: # ERROR # [] []
[2013-06-02 22:44:49] Codeception.INFO: PASSED [] []
[2013-06-02 22:46:31] Codeception.ALERT: Failed asserting that two strings are equal. [] []
[2013-06-02 22:46:31] Codeception.INFO: # FAILED # [] []
[2013-06-02 22:46:31] Codeception.INFO: PASSED [] []
[2013-06-02 22:46:50] Codeception.INFO: PASSED [] []
[2013-06-02 22:47:48] Codeception.INFO: PASSED [] []
[2013-06-02 22:48:04] Codeception.ALERT: Failed asserting that '<?php
use Codeception\Util\Stub;

class HallUnderTheHillTest extends \Codeception\TestCase\Test
{
   /**
    * @var \HobbitGuy
    */
    protected $hobbitGuy;

    protected function _before()
    {
    }

    protected function _after()
    {
    }

    // tests
    public function testMe()
    {

    }

}' contains "public function _before()". [] []
[2013-06-02 22:48:04] Codeception.INFO: # FAILED # [] []
[2013-06-02 22:48:04] Codeception.INFO: PASSED [] []
[2013-06-02 22:48:23] Codeception.INFO: PASSED [] []
[2013-06-02 22:48:30] Codeception.INFO: PASSED [] []
[2013-06-02 22:49:09] Codeception.INFO: PASSED [] []
[2013-06-02 22:49:09] Codeception.INFO: PASSED [] []
[2013-06-02 22:49:12] Codeception.INFO: PASSED [] []
[2013-06-02 22:49:12] Codeception.INFO: PASSED [] []
[2013-06-02 22:49:12] Codeception.INFO: PASSED [] []
[2013-06-02 22:49:12] Codeception.INFO: PASSED [] []
[2013-06-02 22:49:12] Codeception.INFO: PASSED [] []
[2013-06-02 22:49:12] Codeception.INFO: PASSED [] []
[2013-06-02 22:49:12] Codeception.INFO: PASSED [] []
[2013-06-02 22:49:12] Codeception.INFO: PASSED [] []
[2013-06-02 22:49:12] Codeception.INFO: PASSED [] []
[2013-06-02 22:49:12] Codeception.INFO: PASSED [] []
[2013-06-02 22:49:12] Codeception.INFO: PASSED [] []
[2013-06-02 22:49:12] Codeception.INFO: PASSED [] []
[2013-06-02 22:49:12] Codeception.INFO: PASSED [] []
[2013-06-02 22:49:12] Codeception.INFO: PASSED [] []
[2013-06-02 22:49:46] Codeception.INFO: PASSED [] []
[2013-06-02 22:49:46] Codeception.INFO: PASSED [] []
[2013-06-02 22:49:46] Codeception.INFO: PASSED [] []
[2013-06-02 22:49:46] Codeception.INFO: PASSED [] []
[2013-06-02 22:49:46] Codeception.INFO: PASSED [] []
[2013-06-02 22:49:46] Codeception.INFO: PASSED [] []
[2013-06-02 22:49:46] Codeception.INFO: PASSED [] []
[2013-06-02 22:49:46] Codeception.INFO: PASSED [] []
[2013-06-02 22:49:46] Codeception.INFO: PASSED [] []
[2013-06-02 22:49:46] Codeception.INFO: PASSED [] []
[2013-06-02 22:49:46] Codeception.INFO: PASSED [] []
[2013-06-02 22:49:46] Codeception.INFO: PASSED [] []
[2013-06-02 22:49:46] Codeception.INFO: PASSED [] []
[2013-06-02 22:49:46] Codeception.INFO: PASSED [] []
[2013-06-02 22:49:46] Codeception.INFO: PASSED [] []
[2013-06-02 22:50:56] Codeception.INFO: PASSED [] []
[2013-06-02 22:50:56] Codeception.INFO: PASSED [] []
[2013-06-02 22:50:56] Codeception.INFO: PASSED [] []
[2013-06-02 22:50:56] Codeception.INFO: PASSED [] []
[2013-06-02 22:50:56] Codeception.INFO: PASSED [] []
[2013-06-02 22:50:56] Codeception.INFO: PASSED [] []
[2013-06-02 22:50:56] Codeception.INFO: PASSED [] []
[2013-06-02 22:50:56] Codeception.INFO: PASSED [] []
[2013-06-02 22:50:56] Codeception.INFO: PASSED [] []
[2013-06-02 22:50:56] Codeception.INFO: PASSED [] []
[2013-06-02 22:50:56] Codeception.INFO: PASSED [] []
[2013-06-02 22:50:56] Codeception.INFO: PASSED [] []
[2013-06-02 22:50:56] Codeception.INFO: PASSED [] []
[2013-06-02 22:50:56] Codeception.INFO: PASSED [] []
[2013-06-02 22:50:56] Codeception.ALERT: Failed asserting that '<?php
namespace MiddleEarth;
use Codeception\Util\Stub;

class HallUnderTheHillTestTest extends \Codeception\TestCase\Test
{
   /**
    * @var \HobbitGuy
    */
    protected $hobbitGuy;

    protected function _before()
    {
    }

    protected function _after()
    {
    }

    // tests
    public function testMe()
    {

    }

}' contains "class HallUnderTheHillTest extends \Codeception\TestCase\Test". [] []
[2013-06-02 22:50:56] Codeception.INFO: # FAILED # [] []
[2013-06-02 22:50:56] Codeception.INFO: PASSED [] []
[2013-06-02 22:50:56] Codeception.INFO: PASSED [] []
[2013-06-02 22:50:56] Codeception.INFO: PASSED [] []
[2013-06-02 22:54:41] Codeception.INFO: PASSED [] []
[2013-06-02 22:54:41] Codeception.INFO: PASSED [] []
[2013-06-02 22:54:41] Codeception.INFO: PASSED [] []
[2013-06-02 22:54:41] Codeception.INFO: PASSED [] []
[2013-06-02 22:54:41] Codeception.INFO: PASSED [] []
[2013-06-02 22:54:41] Codeception.INFO: PASSED [] []
[2013-06-02 22:54:41] Codeception.INFO: PASSED [] []
[2013-06-02 22:54:41] Codeception.INFO: PASSED [] []
[2013-06-02 22:54:41] Codeception.INFO: PASSED [] []
[2013-06-02 22:54:41] Codeception.INFO: PASSED [] []
[2013-06-02 22:54:41] Codeception.INFO: PASSED [] []
[2013-06-02 22:54:41] Codeception.INFO: PASSED [] []
[2013-06-02 22:54:41] Codeception.INFO: PASSED [] []
[2013-06-02 22:54:41] Codeception.INFO: PASSED [] []
[2013-06-02 22:54:41] Codeception.INFO: PASSED [] []
[2013-06-02 22:54:41] Codeception.INFO: PASSED [] []
[2013-06-02 22:54:41] Codeception.INFO: PASSED [] []
[2013-06-02 22:55:05] Codeception.INFO: PASSED [] []
[2013-06-02 22:55:05] Codeception.INFO: PASSED [] []
[2013-06-02 22:55:05] Codeception.INFO: PASSED [] []
[2013-06-02 22:55:05] Codeception.INFO: PASSED [] []
[2013-06-02 22:55:05] Codeception.INFO: PASSED [] []
[2013-06-02 22:55:05] Codeception.INFO: PASSED [] []
[2013-06-02 22:55:05] Codeception.INFO: PASSED [] []
[2013-06-02 22:55:05] Codeception.INFO: PASSED [] []
[2013-06-02 22:55:05] Codeception.INFO: PASSED [] []
[2013-06-02 22:55:05] Codeception.INFO: PASSED [] []
[2013-06-02 22:55:05] Codeception.INFO: PASSED [] []
[2013-06-02 22:55:05] Codeception.INFO: PASSED [] []
[2013-06-02 22:55:05] Codeception.INFO: PASSED [] []
[2013-06-02 22:55:05] Codeception.INFO: PASSED [] []
[2013-06-02 22:55:05] Codeception.INFO: PASSED [] []
[2013-06-02 22:55:05] Codeception.INFO: PASSED [] []
[2013-06-02 22:55:05] Codeception.INFO: PASSED [] []
[2013-06-02 23:06:54] Codeception.INFO: PASSED [] []
[2013-06-02 23:06:54] Codeception.INFO: PASSED [] []
[2013-06-02 23:06:54] Codeception.INFO: PASSED [] []
[2013-06-02 23:06:54] Codeception.INFO: PASSED [] []
[2013-06-02 23:06:54] Codeception.INFO: PASSED [] []
[2013-06-02 23:06:54] Codeception.INFO: PASSED [] []
[2013-06-02 23:06:54] Codeception.INFO: PASSED [] []
[2013-06-02 23:06:54] Codeception.INFO: PASSED [] []
[2013-06-02 23:06:54] Codeception.INFO: PASSED [] []
[2013-06-02 23:06:54] Codeception.INFO: PASSED [] []
[2013-06-02 23:06:54] Codeception.INFO: PASSED [] []
[2013-06-02 23:06:54] Codeception.INFO: PASSED [] []
[2013-06-02 23:06:54] Codeception.ALERT: Failed asserting that two strings are equal. [] []
[2013-06-02 23:06:54] Codeception.INFO: # FAILED # [] []
[2013-06-02 23:06:54] Codeception.INFO: PASSED [] []
[2013-06-02 23:06:54] Codeception.ALERT: Failed asserting that two strings are equal. [] []
[2013-06-02 23:06:54] Codeception.INFO: # FAILED # [] []
[2013-06-02 23:06:54] Codeception.INFO: PASSED [] []
[2013-06-02 23:06:54] Codeception.ALERT: Failed asserting that two strings are equal. [] []
[2013-06-02 23:06:54] Codeception.INFO: # FAILED # [] []
[2013-06-02 23:06:54] Codeception.INFO: PASSED [] []
[2013-06-02 23:06:54] Codeception.ALERT: Failed asserting that two strings are equal. [] []
[2013-06-02 23:06:54] Codeception.INFO: # FAILED # [] []
[2013-06-02 23:06:54] Codeception.INFO: PASSED [] []
[2013-06-02 23:06:54] Codeception.INFO: PASSED [] []
[2013-06-02 23:06:54] Codeception.INFO: PASSED [] []
[2013-06-02 23:06:54] Codeception.INFO: PASSED [] []
[2013-06-02 23:06:54] Codeception.INFO: PASSED [] []
[2013-06-02 23:06:54] Codeception.INFO: PASSED [] []
[2013-06-02 23:06:54] Codeception.INFO: PASSED [] []
[2013-06-02 23:07:05] Codeception.INFO: PASSED [] []
[2013-06-02 23:07:05] Codeception.INFO: PASSED [] []
[2013-06-02 23:07:05] Codeception.INFO: PASSED [] []
[2013-06-02 23:07:05] Codeception.INFO: PASSED [] []
[2013-06-02 23:07:05] Codeception.INFO: PASSED [] []
[2013-06-02 23:07:05] Codeception.INFO: PASSED [] []
[2013-06-02 23:07:05] Codeception.INFO: PASSED [] []
[2013-06-02 23:07:05] Codeception.INFO: PASSED [] []
[2013-06-02 23:07:06] Codeception.INFO: PASSED [] []
[2013-06-02 23:07:06] Codeception.INFO: PASSED [] []
[2013-06-02 23:07:06] Codeception.INFO: PASSED [] []
[2013-06-02 23:07:06] Codeception.INFO: PASSED [] []
[2013-06-02 23:07:06] Codeception.ALERT: Failed asserting that 'Test for Pony was created in tests/shire/PonyTest.php
' contains "Test was created in tests/shire/PonyTest.php". [] []
[2013-06-02 23:07:06] Codeception.INFO: # FAILED # [] []
[2013-06-02 23:07:06] Codeception.INFO: PASSED [] []
[2013-06-02 23:07:06] Codeception.ALERT: Failed asserting that '<?php

class PonyTestTest extends \PHPUnit_Framework_TestCase
{
    protected function setUp()
    {
    }

    protected function tearDown()
    {
    }

    // tests
    public function testMe()
    {
    }

}' contains "class PonyTest extends \PHPUnit_Framework_TestCase". [] []
[2013-06-02 23:07:06] Codeception.INFO: # FAILED # [] []
[2013-06-02 23:07:06] Codeception.INFO: PASSED [] []
[2013-06-02 23:07:06] Codeception.ALERT: Failed asserting that '<?php

class PonyTest.phpTest extends \PHPUnit_Framework_TestCase
{
    protected function setUp()
    {
    }

    protected function tearDown()
    {
    }

    // tests
    public function testMe()
    {
    }

}' contains "class PonyTest extends \PHPUnit_Framework_TestCase". [] []
[2013-06-02 23:07:06] Codeception.INFO: # FAILED # [] []
[2013-06-02 23:07:06] Codeception.INFO: PASSED [] []
[2013-06-02 23:07:06] Codeception.ALERT: Failed asserting that 'Test for MiddleEarth\Pony was created in tests/shire/PonyTest.php
' contains "Test was created in tests/shire/PonyTest.php". [] []
[2013-06-02 23:07:06] Codeception.INFO: # FAILED # [] []
[2013-06-02 23:07:06] Codeception.INFO: PASSED [] []
[2013-06-02 23:07:06] Codeception.INFO: PASSED [] []
[2013-06-02 23:07:06] Codeception.INFO: PASSED [] []
[2013-06-02 23:07:06] Codeception.INFO: PASSED [] []
[2013-06-02 23:07:06] Codeception.INFO: PASSED [] []
[2013-06-02 23:07:06] Codeception.INFO: PASSED [] []
[2013-06-02 23:07:06] Codeception.INFO: PASSED [] []
[2013-06-02 23:08:52] Codeception.INFO: PASSED [] []
[2013-06-02 23:08:52] Codeception.INFO: PASSED [] []
[2013-06-02 23:08:52] Codeception.INFO: PASSED [] []
[2013-06-02 23:08:52] Codeception.INFO: PASSED [] []
[2013-06-02 23:08:52] Codeception.INFO: PASSED [] []
[2013-06-02 23:08:52] Codeception.INFO: PASSED [] []
[2013-06-02 23:08:52] Codeception.INFO: PASSED [] []
[2013-06-02 23:08:52] Codeception.INFO: PASSED [] []
[2013-06-02 23:08:52] Codeception.INFO: PASSED [] []
[2013-06-02 23:08:52] Codeception.INFO: PASSED [] []
[2013-06-02 23:08:52] Codeception.INFO: PASSED [] []
[2013-06-02 23:08:52] Codeception.INFO: PASSED [] []
[2013-06-02 23:08:52] Codeception.ALERT: Failed asserting that 'Test for Pony was created in tests/shire/PonyTest.php
' contains "Test was created in tests/shire/PonyTest.php". [] []
[2013-06-02 23:08:52] Codeception.INFO: # FAILED # [] []
[2013-06-02 23:08:52] Codeception.INFO: PASSED [] []
[2013-06-02 23:08:53] Codeception.INFO: PASSED [] []
[2013-06-02 23:08:53] Codeception.ALERT: Failed asserting that '<?php

class PonyTest.phpTest extends \PHPUnit_Framework_TestCase
{
    protected function setUp()
    {
    }

    protected function tearDown()
    {
    }

    // tests
    public function testMe()
    {
    }

}' contains "class PonyTest extends \PHPUnit_Framework_TestCase". [] []
[2013-06-02 23:08:53] Codeception.INFO: # FAILED # [] []
[2013-06-02 23:08:53] Codeception.INFO: PASSED [] []
[2013-06-02 23:08:53] Codeception.ALERT: Failed asserting that 'Test for MiddleEarth\Pony was created in tests/shire/PonyTest.php
' contains "Test was created in tests/shire/PonyTest.php". [] []
[2013-06-02 23:08:53] Codeception.INFO: # FAILED # [] []
[2013-06-02 23:08:53] Codeception.INFO: PASSED [] []
[2013-06-02 23:08:53] Codeception.INFO: PASSED [] []
[2013-06-02 23:08:53] Codeception.INFO: PASSED [] []
[2013-06-02 23:08:53] Codeception.INFO: PASSED [] []
[2013-06-02 23:08:53] Codeception.INFO: PASSED [] []
[2013-06-02 23:08:53] Codeception.INFO: PASSED [] []
[2013-06-02 23:08:53] Codeception.INFO: PASSED [] []
[2013-06-02 23:09:45] Codeception.ALERT: Failed asserting that 'Test for Pony was created in tests/shire/PonyTest.php
' contains "Test was created in tests/shire/PonyTest.php". [] []
[2013-06-02 23:09:45] Codeception.INFO: # FAILED # [] []
[2013-06-02 23:09:45] Codeception.INFO: PASSED [] []
[2013-06-02 23:09:45] Codeception.INFO: PASSED [] []
[2013-06-02 23:09:45] Codeception.ALERT: Failed asserting that '<?php

class PonyTest.phpTest extends \PHPUnit_Framework_TestCase
{
    protected function setUp()
    {
    }

    protected function tearDown()
    {
    }

    // tests
    public function testMe()
    {
    }

}' contains "class PonyTest extends \PHPUnit_Framework_TestCase". [] []
[2013-06-02 23:09:45] Codeception.INFO: # FAILED # [] []
[2013-06-02 23:09:45] Codeception.INFO: PASSED [] []
[2013-06-02 23:09:45] Codeception.ALERT: Failed asserting that 'Test for MiddleEarth\Pony was created in tests/shire/PonyTest.php
' contains "Test was created in tests/shire/PonyTest.php". [] []
[2013-06-02 23:09:45] Codeception.INFO: # FAILED # [] []
[2013-06-02 23:09:45] Codeception.INFO: PASSED [] []
[2013-06-02 23:09:45] Codeception.INFO: PASSED [] []
[2013-06-02 23:10:08] Codeception.INFO: PASSED [] []
[2013-06-02 23:10:08] Codeception.INFO: PASSED [] []
[2013-06-02 23:10:08] Codeception.ALERT: Failed asserting that '<?php

class PonyTest.phpTest extends \PHPUnit_Framework_TestCase
{
    protected function setUp()
    {
    }

    protected function tearDown()
    {
    }

    // tests
    public function testMe()
    {
    }

}' contains "class PonyTest extends \PHPUnit_Framework_TestCase". [] []
[2013-06-02 23:10:08] Codeception.INFO: # FAILED # [] []
[2013-06-02 23:10:08] Codeception.INFO: PASSED [] []
[2013-06-02 23:10:08] Codeception.INFO: PASSED [] []
[2013-06-02 23:10:08] Codeception.INFO: PASSED [] []
[2013-06-02 23:24:18] Codeception.INFO: PASSED [] []
[2013-06-02 23:24:18] Codeception.INFO: PASSED [] []
[2013-06-02 23:24:18] Codeception.ALERT: Failed asserting that '<?php

class PonyTest.phpTest extends \PHPUnit_Framework_TestCase
{
    protected function setUp()
    {
    }

    protected function tearDown()
    {
    }

    // tests
    public function testMe()
    {
    }

}' contains "class PonyTest extends \PHPUnit_Framework_TestCase". [] []
[2013-06-02 23:24:18] Codeception.INFO: # FAILED # [] []
[2013-06-02 23:24:18] Codeception.INFO: PASSED [] []
[2013-06-02 23:24:18] Codeception.INFO: PASSED [] []
[2013-06-02 23:24:18] Codeception.INFO: PASSED [] []
[2013-06-02 23:24:20] Codeception.INFO: PASSED [] []
[2013-06-02 23:24:20] Codeception.INFO: PASSED [] []
[2013-06-02 23:24:20] Codeception.INFO: PASSED [] []
[2013-06-02 23:24:20] Codeception.INFO: PASSED [] []
[2013-06-02 23:24:20] Codeception.INFO: PASSED [] []
[2013-06-02 23:24:20] Codeception.INFO: PASSED [] []
[2013-06-02 23:24:20] Codeception.INFO: PASSED [] []
[2013-06-02 23:24:20] Codeception.INFO: PASSED [] []
[2013-06-02 23:24:20] Codeception.INFO: PASSED [] []
[2013-06-02 23:24:20] Codeception.INFO: PASSED [] []
[2013-06-02 23:24:20] Codeception.INFO: PASSED [] []
[2013-06-02 23:24:20] Codeception.INFO: PASSED [] []
[2013-06-02 23:24:20] Codeception.INFO: PASSED [] []
[2013-06-02 23:24:20] Codeception.INFO: PASSED [] []
[2013-06-02 23:24:20] Codeception.ALERT: Failed asserting that '<?php

class PonyTest.phpTest extends \PHPUnit_Framework_TestCase
{
    protected function setUp()
    {
    }

    protected function tearDown()
    {
    }

    // tests
    public function testMe()
    {
    }

}' contains "class PonyTest extends \PHPUnit_Framework_TestCase". [] []
[2013-06-02 23:24:20] Codeception.INFO: # FAILED # [] []
[2013-06-02 23:24:20] Codeception.INFO: PASSED [] []
[2013-06-02 23:24:20] Codeception.INFO: PASSED [] []
[2013-06-02 23:24:20] Codeception.INFO: PASSED [] []
[2013-06-02 23:24:20] Codeception.INFO: PASSED [] []
[2013-06-02 23:24:20] Codeception.INFO: PASSED [] []
[2013-06-02 23:24:20] Codeception.INFO: PASSED [] []
[2013-06-02 23:24:20] Codeception.ALERT: Failed asserting that '<?php
use Codeception\Util\Stub;

class HallUnderTheHillTest.phpTest extends \Codeception\TestCase\Test
{
   /**
    * @var \HobbitGuy
    */
    protected $hobbitGuy;

    protected function _before()
    {
    }

    protected function _after()
    {
    }

    // tests
    public function testMe()
    {

    }

}' contains "class HallUnderTheHillTest extends \Codeception\TestCase\Test". [] []
[2013-06-02 23:24:20] Codeception.INFO: # FAILED # [] []
[2013-06-02 23:24:20] Codeception.INFO: PASSED [] []
[2013-06-02 23:24:20] Codeception.INFO: PASSED [] []
[2013-06-02 23:25:27] Codeception.INFO: PASSED [] []
[2013-06-02 23:25:27] Codeception.INFO: PASSED [] []
[2013-06-02 23:25:27] Codeception.INFO: PASSED [] []
[2013-06-02 23:25:27] Codeception.INFO: PASSED [] []
[2013-06-02 23:25:27] Codeception.INFO: PASSED [] []
[2013-06-02 23:25:27] Codeception.INFO: PASSED [] []
[2013-06-02 23:25:27] Codeception.INFO: PASSED [] []
[2013-06-02 23:25:27] Codeception.INFO: PASSED [] []
[2013-06-02 23:25:27] Codeception.INFO: PASSED [] []
[2013-06-02 23:25:27] Codeception.INFO: PASSED [] []
[2013-06-02 23:25:27] Codeception.INFO: PASSED [] []
[2013-06-02 23:25:27] Codeception.INFO: PASSED [] []
[2013-06-02 23:25:27] Codeception.INFO: PASSED [] []
[2013-06-02 23:25:27] Codeception.INFO: PASSED [] []
[2013-06-02 23:25:27] Codeception.INFO: PASSED [] []
[2013-06-02 23:25:27] Codeception.INFO: PASSED [] []
[2013-06-02 23:25:27] Codeception.INFO: PASSED [] []
[2013-06-02 23:25:27] Codeception.INFO: PASSED [] []
[2013-06-02 23:25:27] Codeception.INFO: PASSED [] []
[2013-06-02 23:25:27] Codeception.INFO: PASSED [] []
[2013-06-02 23:25:27] Codeception.INFO: PASSED [] []
[2013-06-02 23:25:27] Codeception.INFO: PASSED [] []
[2013-06-02 23:42:28] Codeception.INFO: PASSED [] []
[2013-06-02 23:42:28] Codeception.INFO: PASSED [] []
[2013-06-02 23:42:28] Codeception.INFO: PASSED [] []
[2013-06-02 23:42:28] Codeception.INFO: PASSED [] []
[2013-06-02 23:42:28] Codeception.INFO: PASSED [] []
[2013-06-02 23:42:29] Codeception.INFO: PASSED [] []
[2013-06-02 23:42:29] Codeception.INFO: PASSED [] []
[2013-06-02 23:42:29] Codeception.INFO: PASSED [] []
[2013-06-02 23:42:29] Codeception.INFO: PASSED [] []
[2013-06-02 23:42:29] Codeception.INFO: PASSED [] []
[2013-06-02 23:42:29] Codeception.INFO: PASSED [] []
[2013-06-02 23:42:29] Codeception.INFO: PASSED [] []
[2013-06-02 23:42:29] Codeception.INFO: PASSED [] []
[2013-06-02 23:42:29] Codeception.INFO: PASSED [] []
[2013-06-02 23:42:29] Codeception.INFO: PASSED [] []
[2013-06-02 23:42:29] Codeception.INFO: PASSED [] []
[2013-06-02 23:42:29] Codeception.INFO: PASSED [] []
[2013-06-02 23:42:29] Codeception.ALERT: Failed asserting that two strings are equal. [] []
[2013-06-02 23:42:29] Codeception.INFO: # FAILED # [] []
[2013-06-02 23:42:29] Codeception.INFO: PASSED [] []
[2013-06-02 23:42:29] Codeception.INFO: PASSED [] []
[2013-06-02 23:42:29] Codeception.INFO: PASSED [] []
[2013-06-02 23:42:29] Codeception.INFO: PASSED [] []
[2013-06-02 23:42:29] Codeception.INFO: PASSED [] []
[2013-06-02 23:42:29] Codeception.INFO: PASSED [] []
[2013-06-02 23:42:56] Codeception.INFO: PASSED [] []
[2013-06-02 23:42:56] Codeception.INFO: PASSED [] []
[2013-06-02 23:42:56] Codeception.INFO: PASSED [] []
[2013-06-02 23:42:56] Codeception.INFO: PASSED [] []
[2013-06-02 23:42:56] Codeception.INFO: PASSED [] []
[2013-06-02 23:42:56] Codeception.INFO: PASSED [] []
[2013-06-02 23:42:56] Codeception.INFO: PASSED [] []
[2013-06-02 23:42:56] Codeception.INFO: PASSED [] []
[2013-06-02 23:42:56] Codeception.INFO: PASSED [] []
[2013-06-02 23:42:56] Codeception.INFO: PASSED [] []
[2013-06-02 23:42:56] Codeception.INFO: PASSED [] []
[2013-06-02 23:42:56] Codeception.INFO: PASSED [] []
[2013-06-02 23:42:56] Codeception.INFO: PASSED [] []
[2013-06-02 23:42:56] Codeception.INFO: PASSED [] []
[2013-06-02 23:42:56] Codeception.INFO: PASSED [] []
[2013-06-02 23:42:56] Codeception.INFO: PASSED [] []
[2013-06-02 23:42:56] Codeception.INFO: PASSED [] []
[2013-06-02 23:42:56] Codeception.ALERT: Directory shire already exists. [] []
[2013-06-02 23:42:56] Codeception.INFO: # ERROR # [] []
[2013-06-02 23:42:56] Codeception.INFO: PASSED [] []
[2013-06-02 23:42:56] Codeception.INFO: PASSED [] []
[2013-06-02 23:42:56] Codeception.INFO: PASSED [] []
[2013-06-02 23:42:56] Codeception.INFO: PASSED [] []
[2013-06-02 23:42:56] Codeception.INFO: PASSED [] []
[2013-06-02 23:42:56] Codeception.INFO: PASSED [] []
[2013-06-02 23:45:09] Codeception.INFO: PASSED [] []
[2013-06-02 23:46:52] Codeception.ALERT: Failed asserting that two strings are equal. [] []
[2013-06-02 23:46:52] Codeception.INFO: # FAILED # [] []
[2013-06-02 23:46:52] Codeception.INFO: PASSED [] []
[2013-06-02 23:46:59] Codeception.INFO: PASSED [] []
[2013-06-02 23:47:12] Codeception.INFO: PASSED [] []
[2013-06-02 23:47:36] Codeception.ALERT: Failed asserting that an array contains 'ShireHelper'. [] []
[2013-06-02 23:47:36] Codeception.INFO: # FAILED # [] []
[2013-06-02 23:47:36] Codeception.INFO: PASSED [] []
[2013-06-02 23:47:59] Codeception.INFO: PASSED [] []
[2013-06-02 23:48:38] Codeception.INFO: PASSED [] []
[2013-06-02 23:51:26] Codeception.INFO: PASSED [] []
[2013-06-02 23:52:09] Codeception.INFO: PASSED [] []
[2013-06-02 23:52:09] Codeception.INFO: PASSED [] []
