[2012-01-13 20:53:55] Codeception.ALERT: URL, HTTP://LOCALHOST/, not found. [] []
[2012-01-13 20:53:55] Codeception.INFO: # ERROR # [] []
[2012-01-13 20:53:55] Codeception.INFO: PASSED [] []
[2012-01-13 20:56:10] Codeception.ALERT: Cannot modify header information - headers already sent by (output started at C:\WebServers\usr\local\php5\PEAR\Codeception\src\Codeception\Output.php:21) [] []
[2012-01-13 20:56:10] Codeception.INFO: # ERROR # [] []
[2012-01-13 20:56:10] Codeception.INFO: PASSED [] []
[2012-01-13 20:59:38] Codeception.INFO: PASSED [] []
[2012-01-13 20:59:45] Codeception.INFO: PASSED [] []
[2012-01-13 21:00:42] Codeception.INFO: PASSED [] []
[2012-01-13 21:00:42] Codeception.INFO: PASSED [] []
[2012-01-13 21:01:23] Codeception.INFO: PASSED [] []
[2012-01-13 21:01:23] Codeception.INFO: PASSED [] []
[2012-01-13 21:02:11] Codeception.INFO: PASSED [] []
[2012-01-13 21:02:11] Codeception.INFO: PASSED [] []
[2012-01-13 21:02:11] Codeception.INFO: PASSED [] []
[2012-01-13 21:03:23] Codeception.INFO: PASSED [] []
[2012-01-13 21:03:23] Codeception.INFO: PASSED [] []
[2012-01-13 21:03:23] Codeception.INFO: PASSED [] []
[2012-01-13 21:03:23] Codeception.ALERT: '.info' on page
Failed asserting that 0 is greater than 0. [] []
[2012-01-13 21:03:23] Codeception.INFO: # FAILED # [] []
[2012-01-13 21:03:23] Codeception.INFO: PASSED [] []
[2012-01-13 21:03:55] Codeception.INFO: PASSED [] []
[2012-01-13 21:03:55] Codeception.INFO: PASSED [] []
[2012-01-13 21:03:55] Codeception.INFO: PASSED [] []
[2012-01-13 21:03:55] Codeception.ALERT: '#info' on page
Failed asserting that 0 is greater than 0. [] []
[2012-01-13 21:03:55] Codeception.INFO: # FAILED # [] []
[2012-01-13 21:03:55] Codeception.INFO: PASSED [] []
[2012-01-13 21:04:05] Codeception.INFO: PASSED [] []
[2012-01-13 21:04:05] Codeception.INFO: PASSED [] []
[2012-01-13 21:04:05] Codeception.INFO: PASSED [] []
[2012-01-13 21:04:05] Codeception.ALERT: '/info' on page
Failed asserting that 0 is greater than 0. [] []
[2012-01-13 21:04:05] Codeception.INFO: # FAILED # [] []
[2012-01-13 21:04:05] Codeception.INFO: PASSED [] []
[2012-01-13 21:04:39] Codeception.INFO: PASSED [] []
[2012-01-13 21:04:39] Codeception.INFO: PASSED [] []
[2012-01-13 21:04:39] Codeception.INFO: PASSED [] []
[2012-01-13 21:04:39] Codeception.INFO: PASSED [] []
[2012-01-13 21:05:27] Codeception.INFO: PASSED [] []
[2012-01-13 21:05:27] Codeception.INFO: PASSED [] []
[2012-01-13 21:05:27] Codeception.INFO: PASSED [] []
[2012-01-13 21:05:27] Codeception.INFO: PASSED [] []
[2012-01-13 21:05:27] Codeception.INFO: PASSED [] []
[2012-01-13 21:08:33] Codeception.INFO: PASSED [] []
[2012-01-13 21:08:33] Codeception.INFO: PASSED [] []
[2012-01-13 21:08:33] Codeception.INFO: PASSED [] []
[2012-01-13 21:08:33] Codeception.INFO: PASSED [] []
[2012-01-13 21:08:33] Codeception.INFO: PASSED [] []
[2012-01-13 21:12:01] Codeception.INFO: PASSED [] []
[2012-01-13 21:12:01] Codeception.INFO: PASSED [] []
[2012-01-13 21:12:01] Codeception.INFO: PASSED [] []
[2012-01-13 21:12:01] Codeception.INFO: PASSED [] []
[2012-01-13 21:12:01] Codeception.INFO: PASSED [] []
[2012-01-13 21:12:01] Codeception.ALERT: URL, /FORM/CHECKBOX#, not found. [] []
[2012-01-13 21:12:01] Codeception.INFO: # ERROR # [] []
[2012-01-13 21:12:01] Codeception.INFO: PASSED [] []
[2012-01-13 21:16:45] Codeception.INFO: PASSED [] []
[2012-01-13 21:16:45] Codeception.INFO: PASSED [] []
[2012-01-13 21:16:45] Codeception.INFO: PASSED [] []
[2012-01-13 21:16:45] Codeception.INFO: PASSED [] []
[2012-01-13 21:16:45] Codeception.INFO: PASSED [] []
[2012-01-13 21:16:45] Codeception.ALERT: URL, /FORM/CHECKBOX#, not found. [] []
[2012-01-13 21:16:45] Codeception.INFO: # ERROR # [] []
[2012-01-13 21:16:45] Codeception.INFO: PASSED [] []
[2012-01-13 21:17:57] Codeception.INFO: PASSED [] []
[2012-01-13 21:17:57] Codeception.INFO: PASSED [] []
[2012-01-13 21:17:57] Codeception.INFO: PASSED [] []
[2012-01-13 21:17:57] Codeception.INFO: PASSED [] []
[2012-01-13 21:17:57] Codeception.INFO: PASSED [] []
[2012-01-13 21:17:57] Codeception.ALERT: Failed asserting that null matches expected 'agree'. [] []
[2012-01-13 21:17:57] Codeception.INFO: # FAILED # [] []
[2012-01-13 21:17:57] Codeception.INFO: PASSED [] []
[2012-01-13 21:19:15] Codeception.ALERT: unlink(/db): No such file or directory [] []
[2012-01-13 21:19:16] Codeception.INFO: # ERROR # [] []
[2012-01-13 21:19:16] Codeception.INFO: PASSED [] []
[2012-01-13 21:19:16] Codeception.ALERT: unlink(/db): No such file or directory [] []
[2012-01-13 21:19:16] Codeception.INFO: # ERROR # [] []
[2012-01-13 21:19:16] Codeception.INFO: PASSED [] []
[2012-01-13 21:19:16] Codeception.ALERT: unlink(/db): No such file or directory [] []
[2012-01-13 21:19:16] Codeception.INFO: # ERROR # [] []
[2012-01-13 21:19:16] Codeception.INFO: PASSED [] []
[2012-01-13 21:19:16] Codeception.ALERT: unlink(/db): No such file or directory [] []
[2012-01-13 21:19:16] Codeception.INFO: # ERROR # [] []
[2012-01-13 21:19:16] Codeception.INFO: PASSED [] []
[2012-01-13 21:19:16] Codeception.ALERT: unlink(/db): No such file or directory [] []
[2012-01-13 21:19:16] Codeception.INFO: # ERROR # [] []
[2012-01-13 21:19:16] Codeception.INFO: PASSED [] []
[2012-01-13 21:19:16] Codeception.ALERT: Failed asserting that null matches expected 'agree'. [] []
[2012-01-13 21:19:16] Codeception.INFO: # FAILED # [] []
[2012-01-13 21:19:16] Codeception.INFO: PASSED [] []
[2012-01-13 21:19:57] Codeception.ALERT: unlink(/db): No such file or directory [] []
[2012-01-13 21:19:57] Codeception.INFO: # ERROR # [] []
[2012-01-13 21:19:57] Codeception.INFO: PASSED [] []
[2012-01-13 21:19:57] Codeception.ALERT: unlink(/db): No such file or directory [] []
[2012-01-13 21:19:57] Codeception.INFO: # ERROR # [] []
[2012-01-13 21:19:57] Codeception.INFO: PASSED [] []
[2012-01-13 21:19:57] Codeception.ALERT: unlink(/db): No such file or directory [] []
[2012-01-13 21:19:57] Codeception.INFO: # ERROR # [] []
[2012-01-13 21:19:57] Codeception.INFO: PASSED [] []
[2012-01-13 21:19:57] Codeception.ALERT: unlink(/db): No such file or directory [] []
[2012-01-13 21:19:57] Codeception.INFO: # ERROR # [] []
[2012-01-13 21:19:57] Codeception.INFO: PASSED [] []
[2012-01-13 21:19:57] Codeception.ALERT: unlink(/db): No such file or directory [] []
[2012-01-13 21:19:57] Codeception.INFO: # ERROR # [] []
[2012-01-13 21:19:57] Codeception.INFO: PASSED [] []
[2012-01-13 21:19:57] Codeception.ALERT: Failed asserting that null matches expected 'agree'. [] []
[2012-01-13 21:19:57] Codeception.INFO: # FAILED # [] []
[2012-01-13 21:19:57] Codeception.INFO: PASSED [] []
[2012-01-13 21:20:17] Codeception.ALERT: unlink(/db): No such file or directory [] []
[2012-01-13 21:20:17] Codeception.INFO: # ERROR # [] []
[2012-01-13 21:20:17] Codeception.INFO: PASSED [] []
[2012-01-13 21:20:17] Codeception.ALERT: unlink(/db): No such file or directory [] []
[2012-01-13 21:20:17] Codeception.INFO: # ERROR # [] []
[2012-01-13 21:20:17] Codeception.INFO: PASSED [] []
[2012-01-13 21:20:17] Codeception.ALERT: unlink(/db): No such file or directory [] []
[2012-01-13 21:20:17] Codeception.INFO: # ERROR # [] []
[2012-01-13 21:20:17] Codeception.INFO: PASSED [] []
[2012-01-13 21:20:17] Codeception.ALERT: unlink(/db): No such file or directory [] []
[2012-01-13 21:20:17] Codeception.INFO: # ERROR # [] []
[2012-01-13 21:20:17] Codeception.INFO: PASSED [] []
[2012-01-13 21:20:17] Codeception.ALERT: unlink(/db): No such file or directory [] []
[2012-01-13 21:20:17] Codeception.INFO: # ERROR # [] []
[2012-01-13 21:20:17] Codeception.INFO: PASSED [] []
[2012-01-13 21:20:17] Codeception.ALERT: URL, /FORM/CHECKBOX#, not found. [] []
[2012-01-13 21:20:17] Codeception.INFO: # ERROR # [] []
[2012-01-13 21:20:17] Codeception.INFO: PASSED [] []
[2012-01-13 21:22:15] Codeception.ALERT: unlink(/db): No such file or directory [] []
[2012-01-13 21:22:15] Codeception.INFO: # ERROR # [] []
[2012-01-13 21:22:15] Codeception.INFO: PASSED [] []
[2012-01-13 21:22:15] Codeception.ALERT: unlink(/db): No such file or directory [] []
[2012-01-13 21:22:15] Codeception.INFO: # ERROR # [] []
[2012-01-13 21:22:15] Codeception.INFO: PASSED [] []
[2012-01-13 21:22:15] Codeception.ALERT: unlink(/db): No such file or directory [] []
[2012-01-13 21:22:15] Codeception.INFO: # ERROR # [] []
[2012-01-13 21:22:15] Codeception.INFO: PASSED [] []
[2012-01-13 21:22:15] Codeception.ALERT: unlink(/db): No such file or directory [] []
[2012-01-13 21:22:15] Codeception.INFO: # ERROR # [] []
[2012-01-13 21:22:15] Codeception.INFO: PASSED [] []
[2012-01-13 21:22:15] Codeception.ALERT: unlink(/db): No such file or directory [] []
[2012-01-13 21:22:15] Codeception.INFO: # ERROR # [] []
[2012-01-13 21:22:15] Codeception.INFO: PASSED [] []
[2012-01-13 21:22:15] Codeception.ALERT: Failed asserting that null matches expected 'agree'. [] []
[2012-01-13 21:22:15] Codeception.INFO: # FAILED # [] []
[2012-01-13 21:22:15] Codeception.INFO: PASSED [] []
[2012-01-13 21:22:31] Codeception.INFO: PASSED [] []
[2012-01-13 21:22:31] Codeception.ALERT: unlink(C:\WebServers\usr\local\php5\PEAR\Codeception\tests\data\app/db): No such file or directory [] []
[2012-01-13 21:22:31] Codeception.INFO: # ERROR # [] []
[2012-01-13 21:22:31] Codeception.INFO: PASSED [] []
[2012-01-13 21:22:31] Codeception.ALERT: unlink(C:\WebServers\usr\local\php5\PEAR\Codeception\tests\data\app/db): No such file or directory [] []
[2012-01-13 21:22:31] Codeception.INFO: # ERROR # [] []
[2012-01-13 21:22:31] Codeception.INFO: PASSED [] []
[2012-01-13 21:22:31] Codeception.ALERT: unlink(C:\WebServers\usr\local\php5\PEAR\Codeception\tests\data\app/db): No such file or directory [] []
[2012-01-13 21:22:31] Codeception.INFO: # ERROR # [] []
[2012-01-13 21:22:31] Codeception.INFO: PASSED [] []
[2012-01-13 21:22:31] Codeception.ALERT: unlink(C:\WebServers\usr\local\php5\PEAR\Codeception\tests\data\app/db): No such file or directory [] []
[2012-01-13 21:22:31] Codeception.INFO: # ERROR # [] []
[2012-01-13 21:22:31] Codeception.INFO: PASSED [] []
[2012-01-13 21:22:31] Codeception.ALERT: file_get_contents(C:\WebServers\usr\local\php5\PEAR\Codeception\tests\data\app/db): failed to open stream: No such file or directory [] []
[2012-01-13 21:22:31] Codeception.INFO: # ERROR # [] []
[2012-01-13 21:22:31] Codeception.INFO: PASSED [] []
[2012-01-13 21:23:15] Codeception.INFO: PASSED [] []
[2012-01-13 21:23:15] Codeception.INFO: PASSED [] []
[2012-01-13 21:23:15] Codeception.INFO: PASSED [] []
[2012-01-13 21:23:15] Codeception.INFO: PASSED [] []
[2012-01-13 21:23:15] Codeception.INFO: PASSED [] []
[2012-01-13 21:23:15] Codeception.ALERT: Failed asserting that null matches expected 'agree'. [] []
[2012-01-13 21:23:15] Codeception.INFO: # FAILED # [] []
[2012-01-13 21:23:15] Codeception.INFO: PASSED [] []
[2012-01-13 21:23:28] Codeception.INFO: PASSED [] []
[2012-01-13 21:23:28] Codeception.INFO: PASSED [] []
[2012-01-13 21:23:28] Codeception.INFO: PASSED [] []
[2012-01-13 21:23:28] Codeception.INFO: PASSED [] []
[2012-01-13 21:23:28] Codeception.INFO: PASSED [] []
[2012-01-13 21:25:05] Codeception.INFO: PASSED [] []
[2012-01-13 21:25:05] Codeception.INFO: PASSED [] []
[2012-01-13 21:25:05] Codeception.INFO: PASSED [] []
[2012-01-13 21:25:05] Codeception.INFO: PASSED [] []
[2012-01-13 21:25:05] Codeception.INFO: PASSED [] []
[2012-01-13 21:25:05] Codeception.ALERT: Failed asserting that null matches expected 'agree'. [] []
[2012-01-13 21:25:05] Codeception.INFO: # FAILED # [] []
[2012-01-13 21:25:05] Codeception.INFO: PASSED [] []
[2012-01-13 21:25:38] Codeception.INFO: PASSED [] []
[2012-01-13 21:25:38] Codeception.INFO: PASSED [] []
[2012-01-13 21:25:38] Codeception.INFO: PASSED [] []
[2012-01-13 21:25:38] Codeception.INFO: PASSED [] []
[2012-01-13 21:25:38] Codeception.INFO: PASSED [] []
[2012-01-13 21:28:11] Codeception.INFO: PASSED [] []
[2012-01-13 21:28:11] Codeception.INFO: PASSED [] []
[2012-01-13 21:28:11] Codeception.INFO: PASSED [] []
[2012-01-13 21:28:11] Codeception.INFO: PASSED [] []
[2012-01-13 21:28:11] Codeception.INFO: PASSED [] []
[2012-01-13 21:28:23] Codeception.INFO: PASSED [] []
[2012-01-13 21:28:23] Codeception.INFO: PASSED [] []
[2012-01-13 21:28:23] Codeception.INFO: PASSED [] []
[2012-01-13 21:28:23] Codeception.INFO: PASSED [] []
[2012-01-13 21:28:23] Codeception.INFO: PASSED [] []
[2012-01-13 21:28:34] Codeception.INFO: PASSED [] []
[2012-01-13 21:28:34] Codeception.INFO: PASSED [] []
[2012-01-13 21:28:34] Codeception.INFO: PASSED [] []
[2012-01-13 21:28:34] Codeception.INFO: PASSED [] []
[2012-01-13 21:28:34] Codeception.INFO: PASSED [] []
[2012-01-13 21:28:34] Codeception.ALERT: Undefined variable: form [] []
[2012-01-13 21:28:34] Codeception.INFO: # ERROR # [] []
[2012-01-13 21:28:34] Codeception.INFO: PASSED [] []
[2012-01-13 21:29:03] Codeception.INFO: PASSED [] []
[2012-01-13 21:29:03] Codeception.INFO: PASSED [] []
[2012-01-13 21:29:03] Codeception.INFO: PASSED [] []
[2012-01-13 21:29:03] Codeception.INFO: PASSED [] []
[2012-01-13 21:29:03] Codeception.INFO: PASSED [] []
[2012-01-13 21:29:03] Codeception.INFO: PASSED [] []
[2012-01-13 21:32:42] Codeception.INFO: PASSED [] []
[2012-01-13 21:32:43] Codeception.INFO: PASSED [] []
[2012-01-13 21:32:43] Codeception.INFO: PASSED [] []
[2012-01-13 21:32:43] Codeception.INFO: PASSED [] []
[2012-01-13 21:32:43] Codeception.INFO: PASSED [] []
[2012-01-13 21:32:43] Codeception.INFO: PASSED [] []
[2012-01-13 21:32:43] Codeception.INFO: PASSED [] []
[2012-01-13 21:32:43] Codeception.ALERT: Input "age" cannot take "21-60" as a value (possible values: child, teenage, adult, oldfag, dead). [] []
[2012-01-13 21:32:43] Codeception.INFO: # ERROR # [] []
[2012-01-13 21:32:43] Codeception.INFO: PASSED [] []
[2012-01-13 21:34:11] Codeception.INFO: PASSED [] []
[2012-01-13 21:34:11] Codeception.INFO: PASSED [] []
[2012-01-13 21:34:11] Codeception.INFO: PASSED [] []
[2012-01-13 21:34:11] Codeception.INFO: PASSED [] []
[2012-01-13 21:34:11] Codeception.INFO: PASSED [] []
[2012-01-13 21:34:11] Codeception.INFO: PASSED [] []
[2012-01-13 21:34:11] Codeception.INFO: PASSED [] []
[2012-01-13 21:34:11] Codeception.INFO: PASSED [] []
[2012-01-13 21:35:04] Codeception.INFO: PASSED [] []
[2012-01-13 21:35:04] Codeception.INFO: PASSED [] []
[2012-01-13 21:35:04] Codeception.INFO: PASSED [] []
[2012-01-13 21:35:04] Codeception.INFO: PASSED [] []
[2012-01-13 21:35:04] Codeception.INFO: PASSED [] []
[2012-01-13 21:35:04] Codeception.INFO: PASSED [] []
[2012-01-13 21:35:04] Codeception.INFO: PASSED [] []
[2012-01-13 21:35:04] Codeception.INFO: PASSED [] []
[2012-01-13 21:35:04] Codeception.ALERT: Form field for 'Age' not found on page [] []
[2012-01-13 21:35:04] Codeception.INFO: # FAILED # [] []
[2012-01-13 21:35:04] Codeception.INFO: PASSED [] []
[2012-01-13 21:35:21] Codeception.INFO: PASSED [] []
[2012-01-13 21:35:21] Codeception.INFO: PASSED [] []
[2012-01-13 21:35:21] Codeception.INFO: PASSED [] []
[2012-01-13 21:35:21] Codeception.INFO: PASSED [] []
[2012-01-13 21:35:21] Codeception.INFO: PASSED [] []
[2012-01-13 21:35:21] Codeception.INFO: PASSED [] []
[2012-01-13 21:35:21] Codeception.INFO: PASSED [] []
[2012-01-13 21:35:21] Codeception.INFO: PASSED [] []
[2012-01-13 21:35:21] Codeception.INFO: PASSED [] []
[2012-01-13 21:36:14] Codeception.INFO: PASSED [] []
[2012-01-13 21:36:14] Codeception.INFO: PASSED [] []
[2012-01-13 21:36:14] Codeception.INFO: PASSED [] []
[2012-01-13 21:36:14] Codeception.INFO: PASSED [] []
[2012-01-13 21:36:14] Codeception.INFO: PASSED [] []
[2012-01-13 21:36:14] Codeception.INFO: PASSED [] []
[2012-01-13 21:36:14] Codeception.INFO: PASSED [] []
[2012-01-13 21:36:15] Codeception.INFO: PASSED [] []
[2012-01-13 21:36:15] Codeception.INFO: PASSED [] []
[2012-01-13 21:36:15] Codeception.INFO: PASSED [] []
[2012-01-13 21:37:38] Codeception.INFO: PASSED [] []
[2012-01-13 21:37:38] Codeception.INFO: PASSED [] []
[2012-01-13 21:37:38] Codeception.INFO: PASSED [] []
[2012-01-13 21:37:38] Codeception.INFO: PASSED [] []
[2012-01-13 21:37:38] Codeception.INFO: PASSED [] []
[2012-01-13 21:37:38] Codeception.INFO: PASSED [] []
[2012-01-13 21:37:38] Codeception.INFO: PASSED [] []
[2012-01-13 21:37:38] Codeception.INFO: PASSED [] []
[2012-01-13 21:37:38] Codeception.INFO: PASSED [] []
[2012-01-13 21:37:38] Codeception.INFO: PASSED [] []
[2012-01-13 21:47:36] Codeception.INFO: PASSED [] []
[2012-01-13 21:47:36] Codeception.INFO: PASSED [] []
[2012-01-13 21:47:36] Codeception.INFO: PASSED [] []
[2012-01-13 21:47:36] Codeception.INFO: PASSED [] []
[2012-01-13 21:47:36] Codeception.INFO: PASSED [] []
[2012-01-13 21:47:36] Codeception.INFO: PASSED [] []
[2012-01-13 21:47:36] Codeception.INFO: PASSED [] []
[2012-01-13 21:47:36] Codeception.INFO: PASSED [] []
[2012-01-13 21:47:36] Codeception.INFO: PASSED [] []
[2012-01-13 21:47:36] Codeception.INFO: PASSED [] []
[2012-01-13 21:47:36] Codeception.INFO: PASSED [] []
[2012-01-13 21:47:36] Codeception.INFO: PASSED [] []
[2012-01-13 21:47:36] Codeception.INFO: PASSED [] []
[2012-01-13 21:47:36] Codeception.INFO: PASSED [] []
[2012-01-13 21:47:36] Codeception.INFO: PASSED [] []
[2012-01-13 21:48:33] Codeception.INFO: PASSED [] []
[2012-01-13 21:48:34] Codeception.INFO: PASSED [] []
[2012-01-13 21:48:34] Codeception.INFO: PASSED [] []
[2012-01-13 21:48:34] Codeception.INFO: PASSED [] []
[2012-01-13 21:48:34] Codeception.INFO: PASSED [] []
[2012-01-13 21:48:34] Codeception.INFO: PASSED [] []
[2012-01-13 21:48:34] Codeception.INFO: PASSED [] []
[2012-01-13 21:48:34] Codeception.INFO: PASSED [] []
[2012-01-13 21:48:34] Codeception.INFO: PASSED [] []
[2012-01-13 21:48:34] Codeception.INFO: PASSED [] []
[2012-01-13 21:48:34] Codeception.INFO: PASSED [] []
[2012-01-13 21:48:34] Codeception.INFO: PASSED [] []
[2012-01-13 21:48:34] Codeception.INFO: PASSED [] []
[2012-01-13 21:48:34] Codeception.INFO: PASSED [] []
[2012-01-13 21:48:34] Codeception.ALERT: Undefined offset: 0 [] []
[2012-01-13 21:48:34] Codeception.INFO: # ERROR # [] []
[2012-01-13 21:48:34] Codeception.INFO: PASSED [] []
[2012-01-13 21:48:50] Codeception.INFO: PASSED [] []
[2012-01-13 21:48:50] Codeception.INFO: PASSED [] []
[2012-01-13 21:48:50] Codeception.INFO: PASSED [] []
[2012-01-13 21:48:50] Codeception.INFO: PASSED [] []
[2012-01-13 21:48:50] Codeception.INFO: PASSED [] []
[2012-01-13 21:48:50] Codeception.INFO: PASSED [] []
[2012-01-13 21:48:50] Codeception.INFO: PASSED [] []
[2012-01-13 21:48:50] Codeception.INFO: PASSED [] []
[2012-01-13 21:48:50] Codeception.INFO: PASSED [] []
[2012-01-13 21:48:50] Codeception.INFO: PASSED [] []
[2012-01-13 21:48:50] Codeception.INFO: PASSED [] []
[2012-01-13 21:48:50] Codeception.INFO: PASSED [] []
[2012-01-13 21:48:50] Codeception.INFO: PASSED [] []
[2012-01-13 21:48:50] Codeception.INFO: PASSED [] []
[2012-01-13 21:49:56] Codeception.INFO: PASSED [] []
[2012-01-13 21:49:56] Codeception.INFO: PASSED [] []
[2012-01-13 21:49:56] Codeception.INFO: PASSED [] []
[2012-01-13 21:49:56] Codeception.INFO: PASSED [] []
[2012-01-13 21:49:56] Codeception.INFO: PASSED [] []
[2012-01-13 21:49:56] Codeception.INFO: PASSED [] []
[2012-01-13 21:49:56] Codeception.INFO: PASSED [] []
[2012-01-13 21:49:56] Codeception.INFO: PASSED [] []
[2012-01-13 21:49:56] Codeception.INFO: PASSED [] []
[2012-01-13 21:49:56] Codeception.INFO: PASSED [] []
[2012-01-13 21:49:56] Codeception.INFO: PASSED [] []
[2012-01-13 21:49:56] Codeception.INFO: PASSED [] []
[2012-01-13 21:49:56] Codeception.INFO: PASSED [] []
[2012-01-13 21:49:56] Codeception.INFO: PASSED [] []
[2012-01-13 21:49:56] Codeception.ALERT: file avatar.jpg not found in Codeception data path. Only files stored in data path accepted [] []
[2012-01-13 21:49:56] Codeception.INFO: # FAILED # [] []
[2012-01-13 21:49:56] Codeception.INFO: PASSED [] []
[2012-01-13 21:50:35] Codeception.INFO: PASSED [] []
[2012-01-13 21:50:35] Codeception.INFO: PASSED [] []
[2012-01-13 21:50:35] Codeception.INFO: PASSED [] []
[2012-01-13 21:50:35] Codeception.INFO: PASSED [] []
[2012-01-13 21:50:35] Codeception.INFO: PASSED [] []
[2012-01-13 21:50:35] Codeception.INFO: PASSED [] []
[2012-01-13 21:50:35] Codeception.INFO: PASSED [] []
[2012-01-13 21:50:35] Codeception.INFO: PASSED [] []
[2012-01-13 21:50:35] Codeception.INFO: PASSED [] []
[2012-01-13 21:50:35] Codeception.INFO: PASSED [] []
[2012-01-13 21:50:35] Codeception.INFO: PASSED [] []
[2012-01-13 21:50:35] Codeception.INFO: PASSED [] []
[2012-01-13 21:50:35] Codeception.INFO: PASSED [] []
[2012-01-13 21:50:36] Codeception.INFO: PASSED [] []
[2012-01-13 21:50:36] Codeception.ALERT: file avatar.jpg not found in Codeception data path. Only files stored in data path accepted [] []
[2012-01-13 21:50:36] Codeception.INFO: # FAILED # [] []
[2012-01-13 21:50:36] Codeception.INFO: PASSED [] []
[2012-01-13 21:50:48] Codeception.INFO: PASSED [] []
[2012-01-13 21:50:48] Codeception.INFO: PASSED [] []
[2012-01-13 21:50:48] Codeception.INFO: PASSED [] []
[2012-01-13 21:50:48] Codeception.INFO: PASSED [] []
[2012-01-13 21:50:48] Codeception.INFO: PASSED [] []
[2012-01-13 21:50:48] Codeception.INFO: PASSED [] []
[2012-01-13 21:50:48] Codeception.INFO: PASSED [] []
[2012-01-13 21:50:48] Codeception.INFO: PASSED [] []
[2012-01-13 21:50:48] Codeception.INFO: PASSED [] []
[2012-01-13 21:50:48] Codeception.INFO: PASSED [] []
[2012-01-13 21:50:48] Codeception.INFO: PASSED [] []
[2012-01-13 21:50:48] Codeception.INFO: PASSED [] []
[2012-01-13 21:50:48] Codeception.INFO: PASSED [] []
[2012-01-13 21:50:48] Codeception.INFO: PASSED [] []
[2012-01-13 21:53:03] Codeception.INFO: PASSED [] []
[2012-01-13 21:53:03] Codeception.INFO: PASSED [] []
[2012-01-13 21:53:03] Codeception.INFO: PASSED [] []
[2012-01-13 21:53:03] Codeception.INFO: PASSED [] []
[2012-01-13 21:53:03] Codeception.INFO: PASSED [] []
[2012-01-13 21:53:03] Codeception.INFO: PASSED [] []
[2012-01-13 21:53:03] Codeception.INFO: PASSED [] []
[2012-01-13 21:53:03] Codeception.INFO: PASSED [] []
[2012-01-13 21:53:03] Codeception.INFO: PASSED [] []
[2012-01-13 21:53:03] Codeception.INFO: PASSED [] []
[2012-01-13 21:53:03] Codeception.INFO: PASSED [] []
[2012-01-13 21:53:03] Codeception.INFO: PASSED [] []
[2012-01-13 21:53:03] Codeception.INFO: PASSED [] []
[2012-01-13 21:53:03] Codeception.INFO: PASSED [] []
[2012-01-13 21:54:55] Codeception.INFO: PASSED [] []
[2012-01-13 21:54:55] Codeception.INFO: PASSED [] []
[2012-01-13 21:54:55] Codeception.INFO: PASSED [] []
[2012-01-13 21:54:55] Codeception.INFO: PASSED [] []
[2012-01-13 21:54:55] Codeception.INFO: PASSED [] []
[2012-01-13 21:54:55] Codeception.INFO: PASSED [] []
[2012-01-13 21:54:55] Codeception.INFO: PASSED [] []
[2012-01-13 21:54:55] Codeception.INFO: PASSED [] []
[2012-01-13 21:54:55] Codeception.INFO: PASSED [] []
[2012-01-13 21:54:55] Codeception.INFO: PASSED [] []
[2012-01-13 21:54:55] Codeception.INFO: PASSED [] []
[2012-01-13 21:54:55] Codeception.INFO: PASSED [] []
[2012-01-13 21:54:55] Codeception.INFO: PASSED [] []
[2012-01-13 21:54:55] Codeception.INFO: PASSED [] []
[2012-01-13 22:04:07] Codeception.INFO: PASSED [] []
[2012-01-13 22:04:07] Codeception.INFO: PASSED [] []
[2012-01-13 22:04:07] Codeception.INFO: PASSED [] []
[2012-01-13 22:04:07] Codeception.INFO: PASSED [] []
[2012-01-13 22:04:07] Codeception.INFO: PASSED [] []
[2012-01-13 22:04:07] Codeception.INFO: PASSED [] []
[2012-01-13 22:04:07] Codeception.INFO: PASSED [] []
[2012-01-13 22:04:07] Codeception.INFO: PASSED [] []
[2012-01-13 22:04:07] Codeception.INFO: PASSED [] []
[2012-01-13 22:04:07] Codeception.INFO: PASSED [] []
[2012-01-13 22:04:07] Codeception.INFO: PASSED [] []
[2012-01-13 22:04:07] Codeception.INFO: PASSED [] []
[2012-01-13 22:04:07] Codeception.INFO: PASSED [] []
[2012-01-13 22:04:07] Codeception.INFO: PASSED [] []
[2012-01-13 22:04:07] Codeception.ALERT: Failed asserting that two strings are equal. [] []
[2012-01-13 22:04:07] Codeception.INFO: # FAILED # [] []
[2012-01-13 22:04:07] Codeception.INFO: PASSED [] []
[2012-01-13 22:04:22] Codeception.INFO: PASSED [] []
[2012-01-13 22:04:22] Codeception.INFO: PASSED [] []
[2012-01-13 22:04:22] Codeception.INFO: PASSED [] []
[2012-01-13 22:04:22] Codeception.INFO: PASSED [] []
[2012-01-13 22:04:22] Codeception.INFO: PASSED [] []
[2012-01-13 22:04:22] Codeception.INFO: PASSED [] []
[2012-01-13 22:04:22] Codeception.INFO: PASSED [] []
[2012-01-13 22:04:22] Codeception.INFO: PASSED [] []
[2012-01-13 22:04:22] Codeception.INFO: PASSED [] []
[2012-01-13 22:04:22] Codeception.INFO: PASSED [] []
[2012-01-13 22:04:22] Codeception.INFO: PASSED [] []
[2012-01-13 22:04:22] Codeception.INFO: PASSED [] []
[2012-01-13 22:04:22] Codeception.INFO: PASSED [] []
[2012-01-13 22:04:22] Codeception.INFO: PASSED [] []
[2012-01-13 22:04:22] Codeception.ALERT: Failed asserting that two strings are equal. [] []
[2012-01-13 22:04:22] Codeception.INFO: # FAILED # [] []
[2012-01-13 22:04:22] Codeception.INFO: PASSED [] []
[2012-01-13 22:04:37] Codeception.INFO: PASSED [] []
[2012-01-13 22:04:37] Codeception.INFO: PASSED [] []
[2012-01-13 22:04:37] Codeception.INFO: PASSED [] []
[2012-01-13 22:04:37] Codeception.INFO: PASSED [] []
[2012-01-13 22:04:37] Codeception.INFO: PASSED [] []
[2012-01-13 22:04:37] Codeception.INFO: PASSED [] []
[2012-01-13 22:04:37] Codeception.INFO: PASSED [] []
[2012-01-13 22:04:37] Codeception.INFO: PASSED [] []
[2012-01-13 22:04:37] Codeception.INFO: PASSED [] []
[2012-01-13 22:04:37] Codeception.INFO: PASSED [] []
[2012-01-13 22:04:37] Codeception.INFO: PASSED [] []
[2012-01-13 22:04:37] Codeception.INFO: PASSED [] []
[2012-01-13 22:04:37] Codeception.INFO: PASSED [] []
[2012-01-13 22:04:37] Codeception.INFO: PASSED [] []
[2012-01-13 22:09:22] Codeception.INFO: PASSED [] []
[2012-01-13 22:09:22] Codeception.INFO: PASSED [] []
[2012-01-13 22:09:22] Codeception.INFO: PASSED [] []
[2012-01-13 22:09:22] Codeception.INFO: PASSED [] []
[2012-01-13 22:09:22] Codeception.INFO: PASSED [] []
[2012-01-13 22:09:22] Codeception.INFO: PASSED [] []
[2012-01-13 22:09:22] Codeception.INFO: PASSED [] []
[2012-01-13 22:09:22] Codeception.INFO: PASSED [] []
[2012-01-13 22:09:23] Codeception.INFO: PASSED [] []
[2012-01-13 22:09:23] Codeception.INFO: PASSED [] []
[2012-01-13 22:09:23] Codeception.INFO: PASSED [] []
[2012-01-13 22:09:23] Codeception.INFO: PASSED [] []
[2012-01-13 22:09:23] Codeception.INFO: PASSED [] []
[2012-01-13 22:09:23] Codeception.INFO: PASSED [] []
[2012-01-13 22:13:17] Codeception.INFO: PASSED [] []
[2012-01-13 22:13:17] Codeception.INFO: PASSED [] []
[2012-01-13 22:13:17] Codeception.INFO: PASSED [] []
[2012-01-13 22:13:17] Codeception.INFO: PASSED [] []
[2012-01-13 22:13:17] Codeception.INFO: PASSED [] []
[2012-01-13 22:13:17] Codeception.INFO: PASSED [] []
[2012-01-13 22:13:17] Codeception.INFO: PASSED [] []
[2012-01-13 22:13:17] Codeception.INFO: PASSED [] []
[2012-01-13 22:13:17] Codeception.INFO: PASSED [] []
[2012-01-13 22:13:17] Codeception.INFO: PASSED [] []
[2012-01-13 22:13:17] Codeception.INFO: PASSED [] []
[2012-01-13 22:13:17] Codeception.INFO: PASSED [] []
[2012-01-13 22:13:17] Codeception.INFO: PASSED [] []
[2012-01-13 22:13:17] Codeception.INFO: PASSED [] []
[2012-01-13 22:13:17] Codeception.ALERT: Failed asserting that an array is not empty. [] []
[2012-01-13 22:13:17] Codeception.INFO: # FAILED # [] []
[2012-01-13 22:13:17] Codeception.INFO: PASSED [] []
[2012-01-13 22:14:36] Codeception.INFO: PASSED [] []
[2012-01-13 22:14:36] Codeception.INFO: PASSED [] []
[2012-01-13 22:14:36] Codeception.INFO: PASSED [] []
[2012-01-13 22:14:36] Codeception.INFO: PASSED [] []
[2012-01-13 22:14:36] Codeception.INFO: PASSED [] []
[2012-01-13 22:14:36] Codeception.INFO: PASSED [] []
[2012-01-13 22:14:36] Codeception.INFO: PASSED [] []
[2012-01-13 22:14:36] Codeception.INFO: PASSED [] []
[2012-01-13 22:14:36] Codeception.INFO: PASSED [] []
[2012-01-13 22:14:36] Codeception.INFO: PASSED [] []
[2012-01-13 22:14:36] Codeception.INFO: PASSED [] []
[2012-01-13 22:14:36] Codeception.INFO: PASSED [] []
[2012-01-13 22:14:36] Codeception.INFO: PASSED [] []
[2012-01-13 22:14:36] Codeception.INFO: PASSED [] []
[2012-01-13 22:14:47] Codeception.INFO: PASSED [] []
[2012-01-13 22:14:47] Codeception.INFO: PASSED [] []
[2012-01-13 22:14:47] Codeception.INFO: PASSED [] []
[2012-01-13 22:14:47] Codeception.INFO: PASSED [] []
[2012-01-13 22:14:47] Codeception.INFO: PASSED [] []
[2012-01-13 22:14:47] Codeception.INFO: PASSED [] []
[2012-01-13 22:14:47] Codeception.INFO: PASSED [] []
[2012-01-13 22:14:47] Codeception.INFO: PASSED [] []
[2012-01-13 22:14:47] Codeception.INFO: PASSED [] []
[2012-01-13 22:14:47] Codeception.INFO: PASSED [] []
[2012-01-13 22:14:47] Codeception.INFO: PASSED [] []
[2012-01-13 22:14:47] Codeception.INFO: PASSED [] []
[2012-01-13 22:14:47] Codeception.INFO: PASSED [] []
[2012-01-13 22:14:47] Codeception.INFO: PASSED [] []
[2012-01-13 22:17:39] Codeception.INFO: PASSED [] []
[2012-01-13 22:17:39] Codeception.INFO: PASSED [] []
[2012-01-13 22:17:39] Codeception.INFO: PASSED [] []
[2012-01-13 22:17:39] Codeception.INFO: PASSED [] []
[2012-01-13 22:17:39] Codeception.INFO: PASSED [] []
[2012-01-13 22:17:39] Codeception.INFO: PASSED [] []
[2012-01-13 22:17:39] Codeception.INFO: PASSED [] []
[2012-01-13 22:17:39] Codeception.INFO: PASSED [] []
[2012-01-13 22:17:39] Codeception.INFO: PASSED [] []
[2012-01-13 22:17:39] Codeception.INFO: PASSED [] []
[2012-01-13 22:17:39] Codeception.INFO: PASSED [] []
[2012-01-13 22:17:39] Codeception.INFO: PASSED [] []
[2012-01-13 22:17:39] Codeception.INFO: PASSED [] []
[2012-01-13 22:17:39] Codeception.INFO: PASSED [] []
[2012-01-13 22:17:39] Codeception.ALERT: file app/avatar.jpg not found in Codeception data path. Only files stored in data path accepted [] []
[2012-01-13 22:17:39] Codeception.INFO: # FAILED # [] []
[2012-01-13 22:17:39] Codeception.INFO: PASSED [] []
[2012-01-13 22:19:11] Codeception.INFO: PASSED [] []
[2012-01-13 22:19:11] Codeception.INFO: PASSED [] []
[2012-01-13 22:19:11] Codeception.INFO: PASSED [] []
[2012-01-13 22:19:11] Codeception.INFO: PASSED [] []
[2012-01-13 22:19:11] Codeception.INFO: PASSED [] []
[2012-01-13 22:19:11] Codeception.INFO: PASSED [] []
[2012-01-13 22:19:11] Codeception.INFO: PASSED [] []
[2012-01-13 22:19:11] Codeception.INFO: PASSED [] []
[2012-01-13 22:19:11] Codeception.INFO: PASSED [] []
[2012-01-13 22:19:11] Codeception.INFO: PASSED [] []
[2012-01-13 22:19:11] Codeception.INFO: PASSED [] []
[2012-01-13 22:19:11] Codeception.INFO: PASSED [] []
[2012-01-13 22:19:11] Codeception.INFO: PASSED [] []
[2012-01-13 22:19:11] Codeception.INFO: PASSED [] []
[2012-01-13 22:19:28] Codeception.INFO: PASSED [] []
[2012-01-13 22:19:28] Codeception.INFO: PASSED [] []
[2012-01-13 22:19:28] Codeception.INFO: PASSED [] []
[2012-01-13 22:19:28] Codeception.INFO: PASSED [] []
[2012-01-13 22:19:28] Codeception.INFO: PASSED [] []
[2012-01-13 22:19:28] Codeception.INFO: PASSED [] []
[2012-01-13 22:19:28] Codeception.INFO: PASSED [] []
[2012-01-13 22:19:28] Codeception.INFO: PASSED [] []
[2012-01-13 22:19:28] Codeception.INFO: PASSED [] []
[2012-01-13 22:19:28] Codeception.INFO: PASSED [] []
[2012-01-13 22:19:28] Codeception.INFO: PASSED [] []
[2012-01-13 22:19:28] Codeception.INFO: PASSED [] []
[2012-01-13 22:19:28] Codeception.INFO: PASSED [] []
[2012-01-13 22:19:28] Codeception.INFO: PASSED [] []
[2012-01-13 22:20:02] Codeception.INFO: PASSED [] []
[2012-01-13 22:20:02] Codeception.INFO: PASSED [] []
[2012-01-13 22:20:02] Codeception.INFO: PASSED [] []
[2012-01-13 22:20:02] Codeception.INFO: PASSED [] []
[2012-01-13 22:20:02] Codeception.INFO: PASSED [] []
[2012-01-13 22:20:02] Codeception.INFO: PASSED [] []
[2012-01-13 22:20:02] Codeception.INFO: PASSED [] []
[2012-01-13 22:20:02] Codeception.INFO: PASSED [] []
[2012-01-13 22:20:02] Codeception.INFO: PASSED [] []
[2012-01-13 22:20:02] Codeception.INFO: PASSED [] []
[2012-01-13 22:20:02] Codeception.INFO: PASSED [] []
[2012-01-13 22:20:02] Codeception.INFO: PASSED [] []
[2012-01-13 22:20:02] Codeception.INFO: PASSED [] []
[2012-01-13 22:20:02] Codeception.INFO: PASSED [] []
[2012-01-13 22:20:02] Codeception.INFO: PASSED [] []
[2012-01-13 22:21:07] Codeception.INFO: PASSED [] []
[2012-01-13 22:21:07] Codeception.INFO: PASSED [] []
[2012-01-13 22:21:07] Codeception.INFO: PASSED [] []
[2012-01-13 22:21:07] Codeception.INFO: PASSED [] []
[2012-01-13 22:21:07] Codeception.INFO: PASSED [] []
[2012-01-13 22:21:07] Codeception.INFO: PASSED [] []
[2012-01-13 22:21:07] Codeception.INFO: PASSED [] []
[2012-01-13 22:21:07] Codeception.INFO: PASSED [] []
[2012-01-13 22:21:07] Codeception.INFO: PASSED [] []
[2012-01-13 22:21:07] Codeception.INFO: PASSED [] []
[2012-01-13 22:21:07] Codeception.INFO: PASSED [] []
[2012-01-13 22:21:07] Codeception.INFO: PASSED [] []
[2012-01-13 22:21:07] Codeception.INFO: PASSED [] []
[2012-01-13 22:21:07] Codeception.INFO: PASSED [] []
[2012-01-13 22:21:07] Codeception.INFO: PASSED [] []
[2012-01-13 22:21:07] Codeception.INFO: PASSED [] []
[2012-01-13 22:22:33] Codeception.INFO: PASSED [] []
[2012-01-13 22:22:33] Codeception.INFO: PASSED [] []
[2012-01-13 22:22:33] Codeception.INFO: PASSED [] []
[2012-01-13 22:22:33] Codeception.INFO: PASSED [] []
[2012-01-13 22:22:33] Codeception.INFO: PASSED [] []
[2012-01-13 22:22:33] Codeception.INFO: PASSED [] []
[2012-01-13 22:22:33] Codeception.INFO: PASSED [] []
[2012-01-13 22:22:33] Codeception.INFO: PASSED [] []
[2012-01-13 22:22:33] Codeception.INFO: PASSED [] []
[2012-01-13 22:22:33] Codeception.INFO: PASSED [] []
[2012-01-13 22:22:33] Codeception.INFO: PASSED [] []
[2012-01-13 22:22:33] Codeception.INFO: PASSED [] []
[2012-01-13 22:22:33] Codeception.INFO: PASSED [] []
[2012-01-13 22:22:33] Codeception.INFO: PASSED [] []
[2012-01-13 22:22:33] Codeception.INFO: PASSED [] []
[2012-01-13 22:22:33] Codeception.INFO: PASSED [] []
[2012-01-13 22:22:33] Codeception.INFO: PASSED [] []
[2012-01-13 22:22:34] Codeception.INFO: PASSED [] []
[2012-01-13 22:24:40] Codeception.INFO: PASSED [] []
[2012-01-13 22:24:40] Codeception.INFO: PASSED [] []
[2012-01-13 22:24:40] Codeception.INFO: PASSED [] []
[2012-01-13 22:24:40] Codeception.INFO: PASSED [] []
[2012-01-13 22:24:40] Codeception.INFO: PASSED [] []
[2012-01-13 22:24:40] Codeception.INFO: PASSED [] []
[2012-01-13 22:24:40] Codeception.INFO: PASSED [] []
[2012-01-13 22:24:40] Codeception.INFO: PASSED [] []
[2012-01-13 22:24:40] Codeception.INFO: PASSED [] []
[2012-01-13 22:24:40] Codeception.INFO: PASSED [] []
[2012-01-13 22:24:40] Codeception.INFO: PASSED [] []
[2012-01-13 22:24:40] Codeception.INFO: PASSED [] []
[2012-01-13 22:24:40] Codeception.INFO: PASSED [] []
[2012-01-13 22:24:40] Codeception.INFO: PASSED [] []
[2012-01-13 22:24:40] Codeception.INFO: PASSED [] []
[2012-01-13 22:24:40] Codeception.INFO: PASSED [] []
[2012-01-13 22:24:40] Codeception.INFO: PASSED [] []
[2012-01-13 22:24:40] Codeception.INFO: PASSED [] []
[2012-01-13 22:24:40] Codeception.ALERT: Failed asserting that two strings are equal. [] []
[2012-01-13 22:24:40] Codeception.INFO: # FAILED # [] []
[2012-01-13 22:24:40] Codeception.INFO: PASSED [] []
[2012-01-13 22:26:42] Codeception.INFO: PASSED [] []
[2012-01-13 22:26:42] Codeception.INFO: PASSED [] []
[2012-01-13 22:26:42] Codeception.INFO: PASSED [] []
[2012-01-13 22:26:42] Codeception.INFO: PASSED [] []
[2012-01-13 22:26:42] Codeception.INFO: PASSED [] []
[2012-01-13 22:26:42] Codeception.INFO: PASSED [] []
[2012-01-13 22:26:42] Codeception.INFO: PASSED [] []
[2012-01-13 22:26:42] Codeception.INFO: PASSED [] []
[2012-01-13 22:26:42] Codeception.INFO: PASSED [] []
[2012-01-13 22:26:42] Codeception.INFO: PASSED [] []
[2012-01-13 22:26:42] Codeception.INFO: PASSED [] []
[2012-01-13 22:26:42] Codeception.INFO: PASSED [] []
[2012-01-13 22:26:42] Codeception.INFO: PASSED [] []
[2012-01-13 22:26:42] Codeception.INFO: PASSED [] []
[2012-01-13 22:26:42] Codeception.INFO: PASSED [] []
[2012-01-13 22:26:42] Codeception.INFO: PASSED [] []
[2012-01-13 22:26:42] Codeception.INFO: PASSED [] []
[2012-01-13 22:26:42] Codeception.INFO: PASSED [] []
[2012-01-13 22:28:49] Codeception.INFO: PASSED [] []
[2012-01-13 22:28:49] Codeception.INFO: PASSED [] []
[2012-01-13 22:28:49] Codeception.INFO: PASSED [] []
[2012-01-13 22:28:49] Codeception.INFO: PASSED [] []
[2012-01-13 22:28:49] Codeception.INFO: PASSED [] []
[2012-01-13 22:28:49] Codeception.INFO: PASSED [] []
[2012-01-13 22:28:49] Codeception.INFO: PASSED [] []
[2012-01-13 22:28:49] Codeception.INFO: PASSED [] []
[2012-01-13 22:28:49] Codeception.INFO: PASSED [] []
[2012-01-13 22:28:49] Codeception.INFO: PASSED [] []
[2012-01-13 22:28:49] Codeception.INFO: PASSED [] []
[2012-01-13 22:28:49] Codeception.INFO: PASSED [] []
[2012-01-13 22:28:49] Codeception.INFO: PASSED [] []
[2012-01-13 22:28:49] Codeception.INFO: PASSED [] []
[2012-01-13 22:28:49] Codeception.INFO: PASSED [] []
[2012-01-13 22:28:49] Codeception.INFO: PASSED [] []
[2012-01-13 22:28:49] Codeception.INFO: PASSED [] []
[2012-01-13 22:28:49] Codeception.INFO: PASSED [] []
[2012-01-13 22:28:54] Codeception.INFO: PASSED [] []
[2012-01-13 22:28:54] Codeception.INFO: PASSED [] []
[2012-01-13 22:28:54] Codeception.INFO: PASSED [] []
[2012-01-13 22:28:54] Codeception.INFO: PASSED [] []
[2012-01-13 22:28:54] Codeception.INFO: PASSED [] []
[2012-01-13 22:28:54] Codeception.INFO: PASSED [] []
[2012-01-13 22:28:55] Codeception.INFO: PASSED [] []
[2012-01-13 22:28:55] Codeception.INFO: PASSED [] []
[2012-01-13 22:28:55] Codeception.INFO: PASSED [] []
[2012-01-13 22:28:55] Codeception.INFO: PASSED [] []
[2012-01-13 22:28:55] Codeception.INFO: PASSED [] []
[2012-01-13 22:28:55] Codeception.INFO: PASSED [] []
[2012-01-13 22:28:55] Codeception.INFO: PASSED [] []
[2012-01-13 22:28:55] Codeception.INFO: PASSED [] []
[2012-01-13 22:28:55] Codeception.INFO: PASSED [] []
[2012-01-13 22:28:55] Codeception.INFO: PASSED [] []
[2012-01-13 22:28:55] Codeception.INFO: PASSED [] []
[2012-01-13 22:28:55] Codeception.INFO: PASSED [] []
[2012-01-13 22:28:55] Codeception.INFO: PASSED [] []
[2012-01-13 22:33:21] Codeception.INFO: PASSED [] []
[2012-01-13 22:33:21] Codeception.INFO: PASSED [] []
[2012-01-13 22:33:21] Codeception.INFO: PASSED [] []
[2012-01-13 22:33:21] Codeception.INFO: PASSED [] []
[2012-01-13 22:33:21] Codeception.INFO: PASSED [] []
[2012-01-13 22:33:21] Codeception.INFO: PASSED [] []
[2012-01-13 22:33:21] Codeception.INFO: PASSED [] []
[2012-01-13 22:33:21] Codeception.INFO: PASSED [] []
[2012-01-13 22:33:21] Codeception.INFO: PASSED [] []
[2012-01-13 22:33:21] Codeception.INFO: PASSED [] []
[2012-01-13 22:33:21] Codeception.INFO: PASSED [] []
[2012-01-13 22:33:21] Codeception.INFO: PASSED [] []
[2012-01-13 22:33:21] Codeception.INFO: PASSED [] []
[2012-01-13 22:33:21] Codeception.INFO: PASSED [] []
[2012-01-13 22:33:21] Codeception.INFO: PASSED [] []
[2012-01-13 22:33:21] Codeception.INFO: PASSED [] []
[2012-01-13 22:33:21] Codeception.INFO: PASSED [] []
[2012-01-13 22:33:21] Codeception.INFO: PASSED [] []
[2012-01-13 22:33:21] Codeception.INFO: PASSED [] []
[2012-01-13 22:33:21] Codeception.INFO: PASSED [] []
[2012-01-13 22:33:57] Codeception.INFO: PASSED [] []
[2012-01-13 22:33:57] Codeception.INFO: PASSED [] []
[2012-01-13 22:33:57] Codeception.INFO: PASSED [] []
[2012-01-13 22:33:57] Codeception.INFO: PASSED [] []
[2012-01-13 22:33:57] Codeception.INFO: PASSED [] []
[2012-01-13 22:33:57] Codeception.INFO: PASSED [] []
[2012-01-13 22:33:57] Codeception.INFO: PASSED [] []
[2012-01-13 22:33:58] Codeception.INFO: PASSED [] []
[2012-01-13 22:33:58] Codeception.INFO: PASSED [] []
[2012-01-13 22:33:58] Codeception.INFO: PASSED [] []
[2012-01-13 22:33:58] Codeception.INFO: PASSED [] []
[2012-01-13 22:33:58] Codeception.INFO: PASSED [] []
[2012-01-13 22:33:58] Codeception.INFO: PASSED [] []
[2012-01-13 22:33:58] Codeception.INFO: PASSED [] []
[2012-01-13 22:33:58] Codeception.INFO: PASSED [] []
[2012-01-13 22:33:58] Codeception.INFO: PASSED [] []
[2012-01-13 22:33:58] Codeception.INFO: PASSED [] []
[2012-01-13 22:33:58] Codeception.INFO: PASSED [] []
[2012-01-13 22:33:58] Codeception.INFO: PASSED [] []
[2012-01-13 22:33:58] Codeception.ALERT: Method, POST, not supported. [] []
[2012-01-13 22:33:58] Codeception.INFO: # ERROR # [] []
[2012-01-13 22:33:58] Codeception.INFO: PASSED [] []
[2012-01-13 22:34:20] Codeception.INFO: PASSED [] []
[2012-01-13 22:34:20] Codeception.INFO: PASSED [] []
[2012-01-13 22:34:20] Codeception.INFO: PASSED [] []
[2012-01-13 22:34:20] Codeception.INFO: PASSED [] []
[2012-01-13 22:34:20] Codeception.INFO: PASSED [] []
[2012-01-13 22:34:20] Codeception.INFO: PASSED [] []
[2012-01-13 22:34:20] Codeception.INFO: PASSED [] []
[2012-01-13 22:34:20] Codeception.INFO: PASSED [] []
[2012-01-13 22:34:20] Codeception.INFO: PASSED [] []
[2012-01-13 22:34:20] Codeception.INFO: PASSED [] []
[2012-01-13 22:34:20] Codeception.INFO: PASSED [] []
[2012-01-13 22:34:20] Codeception.INFO: PASSED [] []
[2012-01-13 22:34:20] Codeception.INFO: PASSED [] []
[2012-01-13 22:34:20] Codeception.INFO: PASSED [] []
[2012-01-13 22:34:20] Codeception.INFO: PASSED [] []
[2012-01-13 22:34:20] Codeception.INFO: PASSED [] []
[2012-01-13 22:34:20] Codeception.INFO: PASSED [] []
[2012-01-13 22:34:20] Codeception.INFO: PASSED [] []
[2012-01-13 22:34:20] Codeception.INFO: PASSED [] []
[2012-01-13 22:34:20] Codeception.INFO: PASSED [] []
[2012-01-13 22:53:20] Codeception.ALERT: Argument 1 passed to Codeception\Util\Mink::_before() must be an instance of Codeception\TestCase, instance of PhpBrowserTest given, called in C:\WebServers\usr\local\php5\PEAR\Codeception\tests\unit\Codeception\Module\PhpBrowserTest.php on line 22 and defined [] []
[2012-01-13 22:53:20] Codeception.INFO: # ERROR # [] []
[2012-01-13 22:53:20] Codeception.INFO: PASSED [] []
[2012-01-13 22:54:29] Codeception.ALERT: Argument 1 passed to Codeception\TestCase::__construct() must be an instance of Symfony\Component\EventDispatcher\EventDispatcher, none given, called in C:\WebServers\usr\local\php5\PEAR\Codeception\tests\unit\Codeception\Module\PhpBrowserTest.php on line 22 and defined [] []
[2012-01-13 22:54:29] Codeception.INFO: # ERROR # [] []
[2012-01-13 22:54:29] Codeception.INFO: PASSED [] []
[2012-01-13 22:54:44] Codeception.ALERT: Argument 1 passed to Codeception\Util\Mink::_before() must be an instance of Codeception\TestCase, null given, called in C:\WebServers\usr\local\php5\PEAR\Codeception\tests\unit\Codeception\Module\PhpBrowserTest.php on line 22 and defined [] []
[2012-01-13 22:54:44] Codeception.INFO: # ERROR # [] []
[2012-01-13 22:54:44] Codeception.INFO: PASSED [] []
[2012-01-13 22:57:49] Codeception.ALERT: Host "codeceptin_app" is not valid or is not accepted by Zend\Uri\Http [] []
[2012-01-13 22:57:49] Codeception.INFO: # ERROR # [] []
[2012-01-13 22:57:49] Codeception.INFO: PASSED [] []
[2012-01-13 23:03:33] Codeception.ALERT: A valid response status line was not found in the provided string [] []
[2012-01-13 23:03:33] Codeception.INFO: # ERROR # [] []
[2012-01-13 23:03:33] Codeception.INFO: PASSED [] []
[2012-01-13 23:04:11] Codeception.ALERT: 'Information' in <br />
<font size='1'><table class='xdebug-error' dir='ltr' border='1' cellspacing='0' cellpadding='1'>
<tr><th align='left' bgcolor='#f57900' colspan="5"><span style='background-color: #cc0000; color: #fce94f; font-size: x-large;'>( ! )</span> Fatal error: Uncaught exception 'Exception' with message 'URL, //info, not found.' in C:\WebServers\usr\local\php5\PEAR\Codeception\tests\data\app\glue.php on line <i>72</i></th></tr>
<tr><th align='left' bgcolor='#f57900' colspan="5"><span style='background-color: #cc0000; color: #fce94f; font-size: x-large;'>( ! )</span> Exception: URL, //info, not found. in C:\WebServers\usr\local\php5\PEAR\Codeception\tests\data\app\glue.php on line <i>72</i></th></tr>
<tr><th align='left' bgcolor='#e9b96e' colspan='5'>Call Stack</th></tr>
<tr><th align='center' bgcolor='#eeeeec'>#</th><th align='left' bgcolor='#eeeeec'>Time</th><th align='left' bgcolor='#eeeeec'>Memory</th><th align='left' bgcolor='#eeeeec'>Function</th><th align='left' bgcolor='#eeeeec'>Location</th></tr>
<tr><td bgcolor='#eeeeec' align='center'>1</td><td bgcolor='#eeeeec' align='center'>0.0003</td><td bgcolor='#eeeeec' align='right'>332400</td><td bgcolor='#eeeeec'>{main}(  )</td><td title='c:\WebServers\usr\local\php5\PEAR\Codeception\tests\data\app\index.php' bgcolor='#eeeeec'>..\index.php<b>:</b>0</td></tr>
<tr><td bgcolor='#eeeeec' align='center'>2</td><td bgcolor='#eeeeec' align='center'>0.0011</td><td bgcolor='#eeeeec' align='right'>374824</td><td bgcolor='#eeeeec'>glue::stick(  )</td><td title='c:\WebServers\usr\local\php5\PEAR\Codeception\tests\data\app\index.php' bgcolor='#eeeeec'>..\index.php<b>:</b>12</td></tr>
</table></font>. For more details look for page snapshot in the log directory
Failed asserting that '

( ! ) Fatal error: Uncaught exception 'Exception' with message 'URL, //info, not found.' in C:\WebServers\usr\local\php5\PEAR\Codeception\tests\data\app\glue.php on line 72
( ! ) Exception: URL, //info, not found. in C:\WebServers\usr\local\php5\PEAR\Codeception\tests\data\app\glue.php on line 72
Call Stack
#TimeMemoryFunctionLocation
10.0003332400{main}(  )..\index.php:0
20.0011374824glue::stick(  )..\index.php:12
' contains "Information". [] []
[2012-01-13 23:04:11] Codeception.INFO: # FAILED # [] []
[2012-01-13 23:04:11] Codeception.INFO: PASSED [] []
[2012-01-13 23:04:35] Codeception.ALERT: A valid response status line was not found in the provided string [] []
[2012-01-13 23:04:35] Codeception.INFO: # ERROR # [] []
[2012-01-13 23:04:35] Codeception.INFO: PASSED [] []
[2012-01-13 23:05:22] Codeception.ALERT: A valid response status line was not found in the provided string [] []
[2012-01-13 23:05:22] Codeception.INFO: # ERROR # [] []
[2012-01-13 23:05:22] Codeception.INFO: PASSED [] []
[2012-01-13 23:05:47] Codeception.ALERT: 'Information' in <br />
<font size='1'><table class='xdebug-error' dir='ltr' border='1' cellspacing='0' cellpadding='1'>
<tr><th align='left' bgcolor='#f57900' colspan="5"><span style='background-color: #cc0000; color: #fce94f; font-size: x-large;'>( ! )</span> Fatal error: Uncaught exception 'Exception' with message 'URL, //info, not found.' in C:\WebServers\usr\local\php5\PEAR\Codeception\tests\data\app\glue.php on line <i>72</i></th></tr>
<tr><th align='left' bgcolor='#f57900' colspan="5"><span style='background-color: #cc0000; color: #fce94f; font-size: x-large;'>( ! )</span> Exception: URL, //info, not found. in C:\WebServers\usr\local\php5\PEAR\Codeception\tests\data\app\glue.php on line <i>72</i></th></tr>
<tr><th align='left' bgcolor='#e9b96e' colspan='5'>Call Stack</th></tr>
<tr><th align='center' bgcolor='#eeeeec'>#</th><th align='left' bgcolor='#eeeeec'>Time</th><th align='left' bgcolor='#eeeeec'>Memory</th><th align='left' bgcolor='#eeeeec'>Function</th><th align='left' bgcolor='#eeeeec'>Location</th></tr>
<tr><td bgcolor='#eeeeec' align='center'>1</td><td bgcolor='#eeeeec' align='center'>0.0003</td><td bgcolor='#eeeeec' align='right'>332400</td><td bgcolor='#eeeeec'>{main}(  )</td><td title='c:\WebServers\usr\local\php5\PEAR\Codeception\tests\data\app\index.php' bgcolor='#eeeeec'>..\index.php<b>:</b>0</td></tr>
<tr><td bgcolor='#eeeeec' align='center'>2</td><td bgcolor='#eeeeec' align='center'>0.0011</td><td bgcolor='#eeeeec' align='right'>374824</td><td bgcolor='#eeeeec'>glue::stick(  )</td><td title='c:\WebServers\usr\local\php5\PEAR\Codeception\tests\data\app\index.php' bgcolor='#eeeeec'>..\index.php<b>:</b>12</td></tr>
</table></font>. For more details look for page snapshot in the log directory
Failed asserting that '

( ! ) Fatal error: Uncaught exception 'Exception' with message 'URL, //info, not found.' in C:\WebServers\usr\local\php5\PEAR\Codeception\tests\data\app\glue.php on line 72
( ! ) Exception: URL, //info, not found. in C:\WebServers\usr\local\php5\PEAR\Codeception\tests\data\app\glue.php on line 72
Call Stack
#TimeMemoryFunctionLocation
10.0003332400{main}(  )..\index.php:0
20.0011374824glue::stick(  )..\index.php:12
' contains "Information". [] []
[2012-01-13 23:05:47] Codeception.INFO: # FAILED # [] []
[2012-01-13 23:05:47] Codeception.INFO: PASSED [] []
[2012-01-13 23:06:19] Codeception.INFO: PASSED [] []
[2012-01-13 23:06:40] Codeception.INFO: PASSED [] []
[2012-01-13 23:06:51] Codeception.ALERT: 'Information' in <br />
<font size='1'><table class='xdebug-error' dir='ltr' border='1' cellspacing='0' cellpadding='1'>
<tr><th align='left' bgcolor='#f57900' colspan="5"><span style='background-color: #cc0000; color: #fce94f; font-size: x-large;'>( ! )</span> Fatal error: Uncaught exception 'Exception' with message 'URL, //info, not found.' in C:\WebServers\usr\local\php5\PEAR\Codeception\tests\data\app\glue.php on line <i>72</i></th></tr>
<tr><th align='left' bgcolor='#f57900' colspan="5"><span style='background-color: #cc0000; color: #fce94f; font-size: x-large;'>( ! )</span> Exception: URL, //info, not found. in C:\WebServers\usr\local\php5\PEAR\Codeception\tests\data\app\glue.php on line <i>72</i></th></tr>
<tr><th align='left' bgcolor='#e9b96e' colspan='5'>Call Stack</th></tr>
<tr><th align='center' bgcolor='#eeeeec'>#</th><th align='left' bgcolor='#eeeeec'>Time</th><th align='left' bgcolor='#eeeeec'>Memory</th><th align='left' bgcolor='#eeeeec'>Function</th><th align='left' bgcolor='#eeeeec'>Location</th></tr>
<tr><td bgcolor='#eeeeec' align='center'>1</td><td bgcolor='#eeeeec' align='center'>0.0003</td><td bgcolor='#eeeeec' align='right'>332400</td><td bgcolor='#eeeeec'>{main}(  )</td><td title='c:\WebServers\usr\local\php5\PEAR\Codeception\tests\data\app\index.php' bgcolor='#eeeeec'>..\index.php<b>:</b>0</td></tr>
<tr><td bgcolor='#eeeeec' align='center'>2</td><td bgcolor='#eeeeec' align='center'>0.0011</td><td bgcolor='#eeeeec' align='right'>374824</td><td bgcolor='#eeeeec'>glue::stick(  )</td><td title='c:\WebServers\usr\local\php5\PEAR\Codeception\tests\data\app\index.php' bgcolor='#eeeeec'>..\index.php<b>:</b>12</td></tr>
</table></font>. For more details look for page snapshot in the log directory
Failed asserting that '

( ! ) Fatal error: Uncaught exception 'Exception' with message 'URL, //info, not found.' in C:\WebServers\usr\local\php5\PEAR\Codeception\tests\data\app\glue.php on line 72
( ! ) Exception: URL, //info, not found. in C:\WebServers\usr\local\php5\PEAR\Codeception\tests\data\app\glue.php on line 72
Call Stack
#TimeMemoryFunctionLocation
10.0003332400{main}(  )..\index.php:0
20.0011374824glue::stick(  )..\index.php:12
' contains "Information". [] []
[2012-01-13 23:06:51] Codeception.INFO: # FAILED # [] []
[2012-01-13 23:06:51] Codeception.INFO: PASSED [] []
[2012-01-13 23:07:47] Codeception.ALERT: A valid response status line was not found in the provided string [] []
[2012-01-13 23:07:47] Codeception.INFO: # ERROR # [] []
[2012-01-13 23:07:47] Codeception.INFO: PASSED [] []
[2012-01-13 23:08:10] Codeception.ALERT: stream_socket_client(): php_network_getaddresses: getaddrinfo failed:   .  [] []
[2012-01-13 23:08:10] Codeception.INFO: # ERROR # [] []
[2012-01-13 23:08:10] Codeception.INFO: PASSED [] []
[2012-01-13 23:09:52] Codeception.ALERT: 'Welcome to test app!' in <html>
<head>
<title>    ...</title>
<meta http-equiv=Refresh content="0; url=/denwer/">
</head>
</html>. For more details look for page snapshot in the log directory
Failed asserting that '


    ...



' contains "Welcome to test app!". [] []
[2012-01-13 23:09:52] Codeception.INFO: # FAILED # [] []
[2012-01-13 23:09:52] Codeception.INFO: PASSED [] []
[2012-01-13 23:10:42] Codeception.ALERT: stream_socket_client(): php_network_getaddresses: getaddrinfo failed:   .  [] []
[2012-01-13 23:10:42] Codeception.INFO: # ERROR # [] []
[2012-01-13 23:10:42] Codeception.INFO: PASSED [] []
[2012-01-13 23:11:08] Codeception.ALERT: stream_socket_client(): php_network_getaddresses: getaddrinfo failed:   .  [] []
[2012-01-13 23:11:08] Codeception.INFO: # ERROR # [] []
[2012-01-13 23:11:08] Codeception.INFO: PASSED [] []
[2012-01-13 23:11:55] Codeception.ALERT: A valid response status line was not found in the provided string [] []
[2012-01-13 23:11:55] Codeception.INFO: # ERROR # [] []
[2012-01-13 23:11:55] Codeception.INFO: PASSED [] []
[2012-01-13 23:13:28] Codeception.ALERT: A valid response status line was not found in the provided string [] []
[2012-01-13 23:13:28] Codeception.INFO: # ERROR # [] []
[2012-01-13 23:13:28] Codeception.INFO: PASSED [] []
[2012-01-13 23:13:39] Codeception.INFO: PASSED [] []
[2012-01-13 23:13:55] Codeception.INFO: PASSED [] []
[2012-01-13 23:14:08] Codeception.INFO: PASSED [] []
[2012-01-13 23:14:20] Codeception.ALERT: stream_socket_client(): php_network_getaddresses: getaddrinfo failed:   .  [] []
[2012-01-13 23:14:20] Codeception.INFO: # ERROR # [] []
[2012-01-13 23:14:20] Codeception.INFO: PASSED [] []
[2012-01-13 23:15:50] Codeception.INFO: PASSED [] []
[2012-01-13 23:16:13] Codeception.INFO: PASSED [] []
[2012-01-13 23:16:13] Codeception.INFO: PASSED [] []
[2012-01-13 23:16:25] Codeception.INFO: PASSED [] []
[2012-01-13 23:16:25] Codeception.INFO: PASSED [] []
[2012-01-13 23:16:25] Codeception.INFO: PASSED [] []
[2012-01-13 23:16:25] Codeception.ALERT: 'a' selector. For more details look for page snapshot in the log directory
Failed asserting that '' contains "Back". [] []
[2012-01-13 23:16:25] Codeception.INFO: # FAILED # [] []
[2012-01-13 23:16:25] Codeception.INFO: PASSED [] []
[2012-01-13 23:18:15] Codeception.INFO: PASSED [] []
[2012-01-13 23:18:15] Codeception.INFO: PASSED [] []
[2012-01-13 23:18:15] Codeception.INFO: PASSED [] []
[2012-01-13 23:18:15] Codeception.ALERT: Unknown named selector provided: "More info". Expected one of (fieldset, field, link, button, link_or_button, content, select, checkbox, radio, file, optgroup, option, table) [] []
[2012-01-13 23:18:15] Codeception.INFO: # ERROR # [] []
[2012-01-13 23:18:15] Codeception.INFO: PASSED [] []
[2012-01-13 23:19:12] Codeception.INFO: PASSED [] []
[2012-01-13 23:19:12] Codeception.INFO: PASSED [] []
[2012-01-13 23:19:13] Codeception.INFO: PASSED [] []
[2012-01-13 23:19:13] Codeception.ALERT: Unknown named selector provided: "More info". Expected one of (fieldset, field, link, button, link_or_button, content, select, checkbox, radio, file, optgroup, option, table) [] []
[2012-01-13 23:19:13] Codeception.INFO: # ERROR # [] []
[2012-01-13 23:19:13] Codeception.INFO: PASSED [] []
[2012-01-13 23:20:45] Codeception.INFO: PASSED [] []
[2012-01-13 23:20:45] Codeception.INFO: PASSED [] []
[2012-01-13 23:20:45] Codeception.INFO: PASSED [] []
[2012-01-13 23:20:45] Codeception.INFO: PASSED [] []
[2012-01-13 23:21:21] Codeception.INFO: PASSED [] []
[2012-01-13 23:21:21] Codeception.INFO: PASSED [] []
[2012-01-13 23:21:21] Codeception.INFO: PASSED [] []
[2012-01-13 23:21:21] Codeception.INFO: PASSED [] []
[2012-01-13 23:21:21] Codeception.INFO: PASSED [] []
[2012-01-13 23:21:21] Codeception.ALERT: Form field with id|name|label|value "#checkin" not found [] []
[2012-01-13 23:21:21] Codeception.INFO: # ERROR # [] []
[2012-01-13 23:21:21] Codeception.INFO: PASSED [] []
[2012-01-13 23:41:34] Codeception.INFO: PASSED [] []
[2012-01-13 23:41:34] Codeception.INFO: PASSED [] []
[2012-01-13 23:41:34] Codeception.INFO: PASSED [] []
[2012-01-13 23:41:34] Codeception.INFO: PASSED [] []
[2012-01-13 23:41:34] Codeception.INFO: PASSED [] []
[2012-01-13 23:42:02] Codeception.INFO: PASSED [] []
[2012-01-13 23:42:02] Codeception.INFO: PASSED [] []
[2012-01-13 23:42:02] Codeception.INFO: PASSED [] []
[2012-01-13 23:42:03] Codeception.INFO: PASSED [] []
[2012-01-13 23:42:03] Codeception.INFO: PASSED [] []
[2012-01-13 23:42:03] Codeception.ALERT: Undefined variable: locator [] []
[2012-01-13 23:42:03] Codeception.INFO: # ERROR # [] []
[2012-01-13 23:42:03] Codeception.INFO: PASSED [] []
[2012-01-13 23:42:14] Codeception.INFO: PASSED [] []
[2012-01-13 23:42:14] Codeception.INFO: PASSED [] []
[2012-01-13 23:42:14] Codeception.INFO: PASSED [] []
[2012-01-13 23:42:14] Codeception.INFO: PASSED [] []
[2012-01-13 23:42:14] Codeception.INFO: PASSED [] []
[2012-01-13 23:42:14] Codeception.ALERT: Missing argument 2 for Behat\Mink\Element\Element::find(), called in C:\WebServers\usr\local\php5\PEAR\Codeception\src\Codeception\Util\Mink.php on line 204 and defined [] []
[2012-01-13 23:42:14] Codeception.INFO: # ERROR # [] []
[2012-01-13 23:42:14] Codeception.INFO: PASSED [] []
[2012-01-13 23:42:28] Codeception.INFO: PASSED [] []
[2012-01-13 23:42:28] Codeception.INFO: PASSED [] []
[2012-01-13 23:42:28] Codeception.INFO: PASSED [] []
[2012-01-13 23:42:28] Codeception.INFO: PASSED [] []
[2012-01-13 23:42:28] Codeception.INFO: PASSED [] []
[2012-01-13 23:42:28] Codeception.ALERT: Element for 'Submit' not found' [] []
[2012-01-13 23:42:28] Codeception.INFO: # FAILED # [] []
[2012-01-13 23:42:28] Codeception.INFO: PASSED [] []
[2012-01-13 23:44:13] Codeception.INFO: PASSED [] []
[2012-01-13 23:44:13] Codeception.INFO: PASSED [] []
[2012-01-13 23:44:13] Codeception.INFO: PASSED [] []
[2012-01-13 23:44:13] Codeception.INFO: PASSED [] []
[2012-01-13 23:44:13] Codeception.INFO: PASSED [] []
[2012-01-13 23:44:13] Codeception.ALERT: Element for 'Submit' not found' [] []
[2012-01-13 23:44:13] Codeception.INFO: # FAILED # [] []
[2012-01-13 23:44:13] Codeception.INFO: PASSED [] []
[2012-01-13 23:45:13] Codeception.INFO: PASSED [] []
[2012-01-13 23:45:13] Codeception.INFO: PASSED [] []
[2012-01-13 23:45:13] Codeception.INFO: PASSED [] []
[2012-01-13 23:45:13] Codeception.INFO: PASSED [] []
[2012-01-13 23:45:13] Codeception.INFO: PASSED [] []
[2012-01-13 23:45:13] Codeception.INFO: PASSED [] []
[2012-01-13 23:45:13] Codeception.INFO: PASSED [] []
[2012-01-13 23:45:13] Codeception.INFO: PASSED [] []
[2012-01-13 23:45:13] Codeception.INFO: PASSED [] []
[2012-01-13 23:45:13] Codeception.INFO: PASSED [] []
[2012-01-13 23:45:13] Codeception.INFO: PASSED [] []
[2012-01-13 23:45:13] Codeception.INFO: PASSED [] []
[2012-01-13 23:45:13] Codeception.INFO: PASSED [] []
[2012-01-13 23:45:13] Codeception.INFO: PASSED [] []
[2012-01-13 23:45:13] Codeception.INFO: PASSED [] []
[2012-01-13 23:45:13] Codeception.INFO: PASSED [] []
[2012-01-13 23:45:13] Codeception.INFO: PASSED [] []
[2012-01-13 23:45:13] Codeception.INFO: PASSED [] []
[2012-01-13 23:45:13] Codeception.INFO: PASSED [] []
[2012-01-13 23:45:13] Codeception.INFO: PASSED [] []
[2012-01-13 23:45:27] Codeception.INFO: PASSED [] []
[2012-01-13 23:45:27] Codeception.INFO: PASSED [] []
[2012-01-13 23:45:27] Codeception.INFO: PASSED [] []
[2012-01-13 23:45:27] Codeception.INFO: PASSED [] []
[2012-01-13 23:45:27] Codeception.INFO: PASSED [] []
[2012-01-13 23:45:27] Codeception.INFO: PASSED [] []
[2012-01-13 23:45:27] Codeception.INFO: PASSED [] []
[2012-01-13 23:45:27] Codeception.INFO: PASSED [] []
[2012-01-13 23:45:27] Codeception.INFO: PASSED [] []
[2012-01-13 23:45:27] Codeception.INFO: PASSED [] []
[2012-01-13 23:45:27] Codeception.INFO: PASSED [] []
[2012-01-13 23:45:27] Codeception.INFO: PASSED [] []
[2012-01-13 23:45:27] Codeception.INFO: PASSED [] []
[2012-01-13 23:45:28] Codeception.INFO: PASSED [] []
[2012-01-13 23:45:28] Codeception.INFO: PASSED [] []
[2012-01-13 23:45:28] Codeception.INFO: PASSED [] []
[2012-01-13 23:45:28] Codeception.INFO: PASSED [] []
[2012-01-13 23:45:28] Codeception.INFO: PASSED [] []
[2012-01-13 23:45:28] Codeception.INFO: PASSED [] []
[2012-01-13 23:45:28] Codeception.INFO: PASSED [] []
[2012-01-13 23:45:39] Codeception.INFO: PASSED [] []
[2012-01-13 23:45:40] Codeception.INFO: PASSED [] []
[2012-01-13 23:45:40] Codeception.INFO: PASSED [] []
[2012-01-13 23:45:40] Codeception.INFO: PASSED [] []
[2012-01-13 23:45:40] Codeception.INFO: PASSED [] []
[2012-01-13 23:45:40] Codeception.ALERT: Invalid URI passed as string [] []
[2012-01-13 23:45:40] Codeception.INFO: # ERROR # [] []
[2012-01-13 23:45:40] Codeception.INFO: PASSED [] []
[2012-01-13 23:49:48] Codeception.INFO: PASSED [] []
[2012-01-13 23:49:49] Codeception.INFO: PASSED [] []
[2012-01-13 23:49:49] Codeception.INFO: PASSED [] []
[2012-01-13 23:49:49] Codeception.INFO: PASSED [] []
[2012-01-13 23:49:49] Codeception.ALERT: Missing argument 1 for Behat\Mink\Element\TraversableElement::hasButton(), called in C:\WebServers\usr\local\php5\PEAR\Codeception\src\Codeception\Util\Mink.php on line 104 and defined [] []
[2012-01-13 23:49:49] Codeception.INFO: # ERROR # [] []
[2012-01-13 23:49:49] Codeception.INFO: PASSED [] []
[2012-01-13 23:49:49] Codeception.ALERT: Missing argument 1 for Behat\Mink\Element\TraversableElement::hasButton(), called in C:\WebServers\usr\local\php5\PEAR\Codeception\src\Codeception\Util\Mink.php on line 104 and defined [] []
[2012-01-13 23:49:49] Codeception.INFO: # ERROR # [] []
[2012-01-13 23:49:49] Codeception.INFO: PASSED [] []
[2012-01-13 23:51:58] Codeception.INFO: PASSED [] []
[2012-01-13 23:51:58] Codeception.INFO: PASSED [] []
[2012-01-13 23:51:58] Codeception.INFO: PASSED [] []
[2012-01-13 23:51:58] Codeception.INFO: PASSED [] []
[2012-01-13 23:51:58] Codeception.INFO: PASSED [] []
[2012-01-13 23:51:58] Codeception.ALERT: Invalid URI passed as string [] []
[2012-01-13 23:51:58] Codeception.INFO: # ERROR # [] []
[2012-01-13 23:51:58] Codeception.INFO: PASSED [] []
[2012-01-13 23:54:49] Codeception.INFO: PASSED [] []
[2012-01-13 23:54:49] Codeception.INFO: PASSED [] []
[2012-01-13 23:54:49] Codeception.INFO: PASSED [] []
[2012-01-13 23:54:49] Codeception.INFO: PASSED [] []
[2012-01-13 23:54:49] Codeception.INFO: PASSED [] []
[2012-01-13 23:55:25] Codeception.INFO: PASSED [] []
[2012-01-13 23:55:25] Codeception.INFO: PASSED [] []
[2012-01-13 23:55:26] Codeception.INFO: PASSED [] []
[2012-01-13 23:55:26] Codeception.INFO: PASSED [] []
[2012-01-13 23:55:26] Codeception.INFO: PASSED [] []
[2012-01-13 23:56:19] Codeception.INFO: PASSED [] []
[2012-01-13 23:56:19] Codeception.INFO: PASSED [] []
[2012-01-13 23:56:19] Codeception.INFO: PASSED [] []
[2012-01-13 23:56:19] Codeception.INFO: PASSED [] []
[2012-01-13 23:56:19] Codeception.INFO: PASSED [] []
[2012-01-13 23:56:19] Codeception.ALERT: Undefined variable: form [] []
[2012-01-13 23:56:19] Codeception.INFO: # ERROR # [] []
[2012-01-13 23:56:19] Codeception.INFO: PASSED [] []
[2012-01-13 23:57:08] Codeception.INFO: PASSED [] []
[2012-01-13 23:57:08] Codeception.INFO: PASSED [] []
[2012-01-13 23:57:08] Codeception.INFO: PASSED [] []
[2012-01-13 23:57:08] Codeception.INFO: PASSED [] []
[2012-01-13 23:57:08] Codeception.INFO: PASSED [] []
[2012-01-13 23:57:08] Codeception.INFO: PASSED [] []
[2012-01-13 23:57:22] Codeception.INFO: PASSED [] []
[2012-01-13 23:57:22] Codeception.INFO: PASSED [] []
[2012-01-13 23:57:22] Codeception.INFO: PASSED [] []
[2012-01-13 23:57:22] Codeception.INFO: PASSED [] []
[2012-01-13 23:57:22] Codeception.INFO: PASSED [] []
[2012-01-13 23:57:22] Codeception.INFO: PASSED [] []
[2012-01-13 23:57:43] Codeception.INFO: PASSED [] []
[2012-01-13 23:57:43] Codeception.INFO: PASSED [] []
[2012-01-13 23:57:43] Codeception.INFO: PASSED [] []
[2012-01-13 23:57:43] Codeception.INFO: PASSED [] []
[2012-01-13 23:57:43] Codeception.INFO: PASSED [] []
[2012-01-13 23:57:43] Codeception.INFO: PASSED [] []
[2012-01-13 23:57:43] Codeception.INFO: PASSED [] []
[2012-01-13 23:57:55] Codeception.INFO: PASSED [] []
[2012-01-13 23:57:55] Codeception.INFO: PASSED [] []
[2012-01-13 23:57:55] Codeception.INFO: PASSED [] []
[2012-01-13 23:57:55] Codeception.INFO: PASSED [] []
[2012-01-13 23:57:55] Codeception.INFO: PASSED [] []
[2012-01-13 23:57:56] Codeception.INFO: PASSED [] []
[2012-01-13 23:57:56] Codeception.INFO: PASSED [] []
[2012-01-13 23:57:56] Codeception.INFO: PASSED [] []
[2012-01-13 23:58:10] Codeception.INFO: PASSED [] []
[2012-01-13 23:58:10] Codeception.INFO: PASSED [] []
[2012-01-13 23:58:10] Codeception.INFO: PASSED [] []
[2012-01-13 23:58:10] Codeception.INFO: PASSED [] []
[2012-01-13 23:58:10] Codeception.INFO: PASSED [] []
[2012-01-13 23:58:10] Codeception.INFO: PASSED [] []
[2012-01-13 23:58:10] Codeception.INFO: PASSED [] []
[2012-01-13 23:58:10] Codeception.INFO: PASSED [] []
[2012-01-13 23:58:10] Codeception.INFO: PASSED [] []
[2012-01-13 23:58:42] Codeception.INFO: PASSED [] []
[2012-01-13 23:58:42] Codeception.INFO: PASSED [] []
[2012-01-13 23:58:42] Codeception.INFO: PASSED [] []
[2012-01-13 23:58:42] Codeception.INFO: PASSED [] []
[2012-01-13 23:58:43] Codeception.INFO: PASSED [] []
[2012-01-13 23:58:43] Codeception.INFO: PASSED [] []
[2012-01-13 23:58:43] Codeception.INFO: PASSED [] []
[2012-01-13 23:58:43] Codeception.INFO: PASSED [] []
[2012-01-13 23:58:43] Codeception.INFO: PASSED [] []
[2012-01-13 23:58:43] Codeception.ALERT: Failed asserting that two strings are equal. [] []
[2012-01-13 23:58:43] Codeception.INFO: # FAILED # [] []
[2012-01-13 23:58:43] Codeception.INFO: PASSED [] []
[2012-01-13 23:59:57] Codeception.INFO: PASSED [] []
[2012-01-13 23:59:57] Codeception.INFO: PASSED [] []
[2012-01-13 23:59:57] Codeception.INFO: PASSED [] []
[2012-01-13 23:59:57] Codeception.INFO: PASSED [] []
[2012-01-13 23:59:57] Codeception.INFO: PASSED [] []
[2012-01-13 23:59:57] Codeception.INFO: PASSED [] []
[2012-01-13 23:59:57] Codeception.INFO: PASSED [] []
[2012-01-13 23:59:57] Codeception.INFO: PASSED [] []
[2012-01-13 23:59:57] Codeception.INFO: PASSED [] []
[2012-01-13 23:59:57] Codeception.INFO: PASSED [] []
[2012-01-13 23:59:57] Codeception.INFO: PASSED [] []
[2012-01-13 23:59:57] Codeception.ALERT: Undefined variable: select [] []
[2012-01-13 23:59:57] Codeception.INFO: # ERROR # [] []
[2012-01-13 23:59:57] Codeception.INFO: PASSED [] []
[2012-01-13 23:59:57] Codeception.ALERT: Undefined variable: select [] []
[2012-01-13 23:59:57] Codeception.INFO: # ERROR # [] []
[2012-01-13 23:59:57] Codeception.INFO: PASSED [] []
[2012-01-13 23:59:57] Codeception.ALERT: Undefined variable: select [] []
[2012-01-13 23:59:57] Codeception.INFO: # ERROR # [] []
[2012-01-13 23:59:57] Codeception.INFO: PASSED [] []
[2012-01-13 23:59:57] Codeception.ALERT: Undefined variable: select [] []
[2012-01-13 23:59:57] Codeception.INFO: # ERROR # [] []
[2012-01-13 23:59:57] Codeception.INFO: PASSED [] []
[2012-01-13 23:59:57] Codeception.ALERT: Failed asserting that an array is not empty. [] []
[2012-01-13 23:59:57] Codeception.INFO: # FAILED # [] []
[2012-01-13 23:59:57] Codeception.INFO: PASSED [] []
[2012-01-13 23:59:57] Codeception.ALERT: Failed asserting that an array is not empty. [] []
[2012-01-13 23:59:57] Codeception.INFO: # FAILED # [] []
[2012-01-13 23:59:57] Codeception.INFO: PASSED [] []
