[2013-05-06 00:42:39] Codeception.INFO: PASSED [] []
[2013-05-06 00:44:25] Codeception.INFO: PASSED [] []
[2013-05-06 00:48:20] Codeception.INFO: PASSED [] []
[2013-05-06 00:48:33] Codeception.INFO: PASSED [] []
[2013-05-06 00:48:57] Codeception.INFO: PASSED [] []
[2013-05-06 00:49:23] Codeception.INFO: PASSED [] []
[2013-05-06 00:49:38] Codeception.INFO: PASSED [] []
[2013-05-06 00:50:28] Codeception.INFO: PASSED [] []
[2013-05-06 00:51:02] Codeception.INFO: PASSED [] []
[2013-05-06 00:51:39] Codeception.INFO: PASSED [] []
[2013-05-06 00:51:54] Codeception.INFO: PASSED [] []
[2013-05-06 00:54:01] Codeception.INFO: PASSED [] []
[2013-05-06 00:54:40] Codeception.INFO: PASSED [] []
[2013-05-06 00:54:49] Codeception.INFO: PASSED [] []
[2013-05-06 00:56:21] Codeception.INFO: PASSED [] []
[2013-05-06 00:57:33] Codeception.INFO: PASSED [] []
[2013-05-06 00:58:34] Codeception.INFO: PASSED [] []
[2013-05-06 00:58:52] Codeception.INFO: PASSED [] []
[2013-05-06 01:00:47] Codeception.INFO: PASSED [] []
[2013-05-06 01:01:06] Codeception.INFO: PASSED [] []
[2013-05-06 01:01:10] Codeception.INFO: PASSED [] []
[2013-05-06 01:01:33] Codeception.INFO: PASSED [] []
[2013-05-06 01:01:47] Codeception.INFO: PASSED [] []
[2013-05-06 01:02:15] Codeception.INFO: PASSED [] []
[2013-05-06 01:04:05] Codeception.INFO: PASSED [] []
[2013-05-06 01:04:26] Codeception.INFO: PASSED [] []
[2013-05-06 01:04:45] Codeception.INFO: PASSED [] []
[2013-05-06 01:14:16] Codeception.INFO: PASSED [] []
[2013-05-06 01:15:40] Codeception.INFO: PASSED [] []
[2013-05-06 01:15:40] Codeception.INFO: PASSED [] []
[2013-05-06 01:15:40] Codeception.INFO: PASSED [] []
[2013-05-06 01:15:40] Codeception.INFO: PASSED [] []
[2013-05-06 01:15:40] Codeception.ALERT: Argument 1 passed to Codeception\TestCase::runStep() must be an instance of Codeception\Event\Step, instance of Codeception\Step\Action given, called in /home/davert/Codeception/tests/unit/Codeception/TestCaseTest.php on line 30 and defined [] []
[2013-05-06 01:15:40] Codeception.INFO: # ERROR # [] []
[2013-05-06 01:15:40] Codeception.INFO: PASSED [] []
[2013-05-06 01:15:40] Codeception.INFO: # Skipped # [] []
[2013-05-06 01:15:40] Codeception.INFO: PASSED [] []
[2013-05-06 01:15:40] Codeception.ALERT: Argument 1 passed to Codeception\TestCase::runStep() must be an instance of Codeception\Event\Step, instance of Codeception\Step\Action given, called in /home/davert/Codeception/tests/unit/Codeception/TestCaseTest.php on line 52 and defined [] []
[2013-05-06 01:15:40] Codeception.INFO: # ERROR # [] []
[2013-05-06 01:15:40] Codeception.INFO: PASSED [] []
[2013-05-06 01:15:40] Codeception.ALERT: Argument 1 passed to Codeception\TestCase::runStep() must be an instance of Codeception\Event\Step, instance of Codeception\Step\Action given, called in /home/davert/Codeception/tests/unit/Codeception/TestCaseTest.php on line 68 and defined [] []
[2013-05-06 01:15:40] Codeception.INFO: # ERROR # [] []
[2013-05-06 01:15:40] Codeception.INFO: PASSED [] []
[2013-05-06 01:15:40] Codeception.INFO: # Skipped # [] []
[2013-05-06 01:15:40] Codeception.INFO: PASSED [] []
[2013-05-06 01:15:40] Codeception.INFO: # Skipped # [] []
[2013-05-06 01:15:40] Codeception.INFO: PASSED [] []
[2013-05-06 01:30:33] Codeception.INFO: PASSED [] []
[2013-05-06 01:30:33] Codeception.INFO: PASSED [] []
[2013-05-06 01:30:33] Codeception.INFO: PASSED [] []
[2013-05-06 01:30:33] Codeception.INFO: PASSED [] []
[2013-05-06 01:30:33] Codeception.ALERT: Argument 1 passed to Codeception\TestCase::runStep() must be an instance of Codeception\Event\Step, instance of Codeception\Step\Action given, called in /home/davert/Codeception/tests/unit/Codeception/TestCaseTest.php on line 30 and defined [] []
[2013-05-06 01:30:33] Codeception.INFO: # ERROR # [] []
[2013-05-06 01:30:33] Codeception.INFO: PASSED [] []
[2013-05-06 01:30:33] Codeception.INFO: # Skipped # [] []
[2013-05-06 01:30:33] Codeception.INFO: PASSED [] []
[2013-05-06 01:30:33] Codeception.ALERT: Argument 1 passed to Codeception\TestCase::runStep() must be an instance of Codeception\Event\Step, instance of Codeception\Step\Action given, called in /home/davert/Codeception/tests/unit/Codeception/TestCaseTest.php on line 52 and defined [] []
[2013-05-06 01:30:33] Codeception.INFO: # ERROR # [] []
[2013-05-06 01:30:33] Codeception.INFO: PASSED [] []
[2013-05-06 01:30:33] Codeception.ALERT: Argument 1 passed to Codeception\TestCase::runStep() must be an instance of Codeception\Event\Step, instance of Codeception\Step\Action given, called in /home/davert/Codeception/tests/unit/Codeception/TestCaseTest.php on line 68 and defined [] []
[2013-05-06 01:30:33] Codeception.INFO: # ERROR # [] []
[2013-05-06 01:30:33] Codeception.INFO: PASSED [] []
[2013-05-06 01:30:33] Codeception.INFO: # Skipped # [] []
[2013-05-06 01:30:33] Codeception.INFO: PASSED [] []
[2013-05-06 01:30:33] Codeception.INFO: # Skipped # [] []
[2013-05-06 01:30:33] Codeception.INFO: PASSED [] []
[2013-05-06 01:30:54] Codeception.INFO: PASSED [] []
[2013-05-06 01:30:54] Codeception.INFO: PASSED [] []
[2013-05-06 01:30:54] Codeception.INFO: PASSED [] []
[2013-05-06 01:30:54] Codeception.INFO: PASSED [] []
[2013-05-06 01:30:54] Codeception.ALERT: Argument 1 passed to Codeception\TestCase::runStep() must be an instance of Codeception\Event\Step, instance of Codeception\Step\Action given, called in /home/davert/Codeception/tests/unit/Codeception/TestCaseTest.php on line 30 and defined [] []
[2013-05-06 01:30:54] Codeception.INFO: # ERROR # [] []
[2013-05-06 01:30:54] Codeception.INFO: PASSED [] []
[2013-05-06 01:30:54] Codeception.INFO: # Skipped # [] []
[2013-05-06 01:30:54] Codeception.INFO: PASSED [] []
[2013-05-06 01:30:54] Codeception.ALERT: Argument 1 passed to Codeception\TestCase::runStep() must be an instance of Codeception\Event\Step, instance of Codeception\Step\Action given, called in /home/davert/Codeception/tests/unit/Codeception/TestCaseTest.php on line 52 and defined [] []
[2013-05-06 01:30:54] Codeception.INFO: # ERROR # [] []
[2013-05-06 01:30:54] Codeception.INFO: PASSED [] []
[2013-05-06 01:30:54] Codeception.ALERT: Argument 1 passed to Codeception\TestCase::runStep() must be an instance of Codeception\Event\Step, instance of Codeception\Step\Action given, called in /home/davert/Codeception/tests/unit/Codeception/TestCaseTest.php on line 68 and defined [] []
[2013-05-06 01:30:54] Codeception.INFO: # ERROR # [] []
[2013-05-06 01:30:54] Codeception.INFO: PASSED [] []
[2013-05-06 01:30:54] Codeception.INFO: # Skipped # [] []
[2013-05-06 01:30:54] Codeception.INFO: PASSED [] []
[2013-05-06 01:30:54] Codeception.INFO: # Skipped # [] []
[2013-05-06 01:30:54] Codeception.INFO: PASSED [] []
[2013-05-06 01:31:14] Codeception.INFO: PASSED [] []
[2013-05-06 01:31:14] Codeception.INFO: PASSED [] []
[2013-05-06 01:31:14] Codeception.INFO: PASSED [] []
[2013-05-06 01:31:14] Codeception.INFO: PASSED [] []
[2013-05-06 01:31:14] Codeception.ALERT: Argument 1 passed to Codeception\TestCase::runStep() must be an instance of Codeception\Event\Step, instance of Codeception\Step\Action given, called in /home/davert/Codeception/tests/unit/Codeception/TestCaseTest.php on line 30 and defined [] []
[2013-05-06 01:31:14] Codeception.INFO: # ERROR # [] []
[2013-05-06 01:31:14] Codeception.INFO: PASSED [] []
[2013-05-06 01:31:14] Codeception.INFO: # Skipped # [] []
[2013-05-06 01:31:14] Codeception.INFO: PASSED [] []
[2013-05-06 01:31:14] Codeception.ALERT: Argument 1 passed to Codeception\TestCase::runStep() must be an instance of Codeception\Event\Step, instance of Codeception\Step\Action given, called in /home/davert/Codeception/tests/unit/Codeception/TestCaseTest.php on line 52 and defined [] []
[2013-05-06 01:31:14] Codeception.INFO: # ERROR # [] []
[2013-05-06 01:31:14] Codeception.INFO: PASSED [] []
[2013-05-06 01:31:14] Codeception.ALERT: Argument 1 passed to Codeception\TestCase::runStep() must be an instance of Codeception\Event\Step, instance of Codeception\Step\Action given, called in /home/davert/Codeception/tests/unit/Codeception/TestCaseTest.php on line 68 and defined [] []
[2013-05-06 01:31:14] Codeception.INFO: # ERROR # [] []
[2013-05-06 01:31:14] Codeception.INFO: PASSED [] []
[2013-05-06 01:31:14] Codeception.INFO: # Skipped # [] []
[2013-05-06 01:31:14] Codeception.INFO: PASSED [] []
[2013-05-06 01:31:14] Codeception.INFO: # Skipped # [] []
[2013-05-06 01:31:14] Codeception.INFO: PASSED [] []
[2013-05-06 01:32:03] Codeception.INFO: PASSED [] []
[2013-05-06 01:32:03] Codeception.INFO: PASSED [] []
[2013-05-06 01:32:03] Codeception.INFO: PASSED [] []
[2013-05-06 01:32:03] Codeception.INFO: PASSED [] []
[2013-05-06 01:32:03] Codeception.ALERT: Argument 1 passed to Codeception\TestCase::runStep() must be an instance of Codeception\Event\Step, instance of Codeception\Step\Action given, called in /home/davert/Codeception/tests/unit/Codeception/TestCaseTest.php on line 30 and defined [] []
[2013-05-06 01:32:03] Codeception.INFO: # ERROR # [] []
[2013-05-06 01:32:03] Codeception.INFO: PASSED [] []
[2013-05-06 01:32:03] Codeception.INFO: # Skipped # [] []
[2013-05-06 01:32:03] Codeception.INFO: PASSED [] []
[2013-05-06 01:32:03] Codeception.ALERT: Argument 1 passed to Codeception\TestCase::runStep() must be an instance of Codeception\Event\Step, instance of Codeception\Step\Action given, called in /home/davert/Codeception/tests/unit/Codeception/TestCaseTest.php on line 52 and defined [] []
[2013-05-06 01:32:03] Codeception.INFO: # ERROR # [] []
[2013-05-06 01:32:03] Codeception.INFO: PASSED [] []
[2013-05-06 01:32:03] Codeception.ALERT: Argument 1 passed to Codeception\TestCase::runStep() must be an instance of Codeception\Event\Step, instance of Codeception\Step\Action given, called in /home/davert/Codeception/tests/unit/Codeception/TestCaseTest.php on line 68 and defined [] []
[2013-05-06 01:32:03] Codeception.INFO: # ERROR # [] []
[2013-05-06 01:32:03] Codeception.INFO: PASSED [] []
[2013-05-06 01:32:03] Codeception.INFO: # Skipped # [] []
[2013-05-06 01:32:03] Codeception.INFO: PASSED [] []
[2013-05-06 01:32:03] Codeception.INFO: # Skipped # [] []
[2013-05-06 01:32:03] Codeception.INFO: PASSED [] []
[2013-05-06 01:34:21] Codeception.INFO: PASSED [] []
[2013-05-06 01:34:21] Codeception.INFO: PASSED [] []
[2013-05-06 01:34:21] Codeception.INFO: PASSED [] []
[2013-05-06 01:34:21] Codeception.INFO: PASSED [] []
[2013-05-06 01:34:21] Codeception.ALERT: Argument 1 passed to Codeception\TestCase::runStep() must be an instance of Codeception\Event\Step, instance of Codeception\Step\Action given, called in /home/davert/Codeception/tests/unit/Codeception/TestCaseTest.php on line 30 and defined [] []
[2013-05-06 01:34:21] Codeception.INFO: # ERROR # [] []
[2013-05-06 01:34:21] Codeception.INFO: PASSED [] []
[2013-05-06 01:34:21] Codeception.INFO: # Skipped # [] []
[2013-05-06 01:34:21] Codeception.INFO: PASSED [] []
[2013-05-06 01:34:21] Codeception.ALERT: Argument 1 passed to Codeception\TestCase::runStep() must be an instance of Codeception\Event\Step, instance of Codeception\Step\Action given, called in /home/davert/Codeception/tests/unit/Codeception/TestCaseTest.php on line 52 and defined [] []
[2013-05-06 01:34:21] Codeception.INFO: # ERROR # [] []
[2013-05-06 01:34:21] Codeception.INFO: PASSED [] []
[2013-05-06 01:34:21] Codeception.ALERT: Argument 1 passed to Codeception\TestCase::runStep() must be an instance of Codeception\Event\Step, instance of Codeception\Step\Action given, called in /home/davert/Codeception/tests/unit/Codeception/TestCaseTest.php on line 68 and defined [] []
[2013-05-06 01:34:21] Codeception.INFO: # ERROR # [] []
[2013-05-06 01:34:21] Codeception.INFO: PASSED [] []
[2013-05-06 01:34:21] Codeception.INFO: # Skipped # [] []
[2013-05-06 01:34:21] Codeception.INFO: PASSED [] []
[2013-05-06 01:34:21] Codeception.INFO: # Skipped # [] []
[2013-05-06 01:34:21] Codeception.INFO: PASSED [] []
[2013-05-06 01:38:05] Codeception.INFO: PASSED [] []
[2013-05-06 01:38:05] Codeception.INFO: PASSED [] []
[2013-05-06 01:38:05] Codeception.INFO: PASSED [] []
[2013-05-06 01:38:05] Codeception.INFO: PASSED [] []
[2013-05-06 01:38:05] Codeception.INFO: PASSED [] []
[2013-05-06 01:38:05] Codeception.INFO: # Skipped # [] []
[2013-05-06 01:38:05] Codeception.INFO: PASSED [] []
[2013-05-06 01:38:05] Codeception.INFO: PASSED [] []
[2013-05-06 01:38:05] Codeception.INFO: PASSED [] []
[2013-05-06 01:38:05] Codeception.INFO: # Skipped # [] []
[2013-05-06 01:38:05] Codeception.INFO: PASSED [] []
[2013-05-06 01:38:05] Codeception.INFO: # Skipped # [] []
[2013-05-06 01:38:05] Codeception.INFO: PASSED [] []
[2013-05-06 01:38:50] Codeception.INFO: PASSED [] []
[2013-05-06 01:38:50] Codeception.INFO: PASSED [] []
[2013-05-06 01:38:50] Codeception.INFO: PASSED [] []
[2013-05-06 01:38:50] Codeception.INFO: PASSED [] []
[2013-05-06 01:38:50] Codeception.INFO: PASSED [] []
[2013-05-06 01:38:50] Codeception.INFO: # Skipped # [] []
[2013-05-06 01:38:50] Codeception.INFO: PASSED [] []
[2013-05-06 01:38:50] Codeception.INFO: PASSED [] []
[2013-05-06 01:38:50] Codeception.INFO: PASSED [] []
[2013-05-06 01:38:50] Codeception.INFO: # Skipped # [] []
[2013-05-06 01:38:50] Codeception.INFO: PASSED [] []
[2013-05-06 01:38:50] Codeception.INFO: # Skipped # [] []
[2013-05-06 01:38:50] Codeception.INFO: PASSED [] []
[2013-05-06 01:40:58] Codeception.INFO: PASSED [] []
[2013-05-06 01:40:58] Codeception.INFO: PASSED [] []
[2013-05-06 01:40:58] Codeception.INFO: PASSED [] []
[2013-05-06 01:40:58] Codeception.INFO: PASSED [] []
[2013-05-06 01:40:58] Codeception.INFO: PASSED [] []
[2013-05-06 01:43:18] Codeception.INFO: PASSED [] []
[2013-05-06 01:43:18] Codeception.INFO: PASSED [] []
[2013-05-06 01:43:18] Codeception.INFO: PASSED [] []
[2013-05-06 01:43:18] Codeception.INFO: PASSED [] []
[2013-05-06 01:43:18] Codeception.INFO: PASSED [] []
[2013-05-06 01:43:35] Codeception.INFO: PASSED [] []
[2013-05-06 01:43:35] Codeception.INFO: PASSED [] []
[2013-05-06 01:43:35] Codeception.INFO: PASSED [] []
[2013-05-06 01:43:35] Codeception.INFO: PASSED [] []
[2013-05-06 01:43:35] Codeception.INFO: PASSED [] []
[2013-05-06 01:43:35] Codeception.INFO: PASSED [] []
[2013-05-06 01:43:35] Codeception.INFO: PASSED [] []
[2013-05-06 01:46:55] Codeception.INFO: PASSED [] []
[2013-05-06 01:46:55] Codeception.INFO: PASSED [] []
[2013-05-06 01:46:55] Codeception.INFO: PASSED [] []
[2013-05-06 01:46:55] Codeception.INFO: PASSED [] []
[2013-05-06 01:46:55] Codeception.INFO: PASSED [] []
[2013-05-06 01:47:13] Codeception.INFO: PASSED [] []
[2013-05-06 01:47:13] Codeception.INFO: PASSED [] []
[2013-05-06 01:47:13] Codeception.INFO: PASSED [] []
[2013-05-06 01:47:13] Codeception.INFO: PASSED [] []
[2013-05-06 01:47:13] Codeception.ALERT: File with test scenario not set. Use array(file => filepath) to set a scenario [] []
[2013-05-06 01:47:13] Codeception.INFO: # ERROR # [] []
[2013-05-06 01:47:13] Codeception.INFO: PASSED [] []
[2013-05-06 01:47:13] Codeception.ALERT: File with test scenario not set. Use array(file => filepath) to set a scenario [] []
[2013-05-06 01:47:13] Codeception.INFO: # ERROR # [] []
[2013-05-06 01:47:13] Codeception.INFO: PASSED [] []
[2013-05-06 01:47:13] Codeception.ALERT: File with test scenario not set. Use array(file => filepath) to set a scenario [] []
[2013-05-06 01:47:13] Codeception.INFO: # ERROR # [] []
[2013-05-06 01:47:13] Codeception.INFO: PASSED [] []
[2013-05-06 01:47:13] Codeception.ALERT: File with test scenario not set. Use array(file => filepath) to set a scenario [] []
[2013-05-06 01:47:13] Codeception.INFO: # ERROR # [] []
[2013-05-06 01:47:13] Codeception.INFO: PASSED [] []
[2013-05-06 01:47:18] Codeception.INFO: PASSED [] []
[2013-05-06 01:47:18] Codeception.INFO: PASSED [] []
[2013-05-06 01:47:18] Codeception.INFO: PASSED [] []
[2013-05-06 01:47:18] Codeception.INFO: PASSED [] []
[2013-05-06 01:47:18] Codeception.ALERT: File with test scenario not set. Use array(file => filepath) to set a scenario [] []
[2013-05-06 01:47:18] Codeception.INFO: # ERROR # [] []
[2013-05-06 01:47:18] Codeception.INFO: PASSED [] []
[2013-05-06 01:47:18] Codeception.ALERT: File with test scenario not set. Use array(file => filepath) to set a scenario [] []
[2013-05-06 01:47:18] Codeception.INFO: # ERROR # [] []
[2013-05-06 01:47:18] Codeception.INFO: PASSED [] []
[2013-05-06 01:47:18] Codeception.ALERT: File with test scenario not set. Use array(file => filepath) to set a scenario [] []
[2013-05-06 01:47:18] Codeception.INFO: # ERROR # [] []
[2013-05-06 01:47:18] Codeception.INFO: PASSED [] []
[2013-05-06 01:47:18] Codeception.ALERT: File with test scenario not set. Use array(file => filepath) to set a scenario [] []
[2013-05-06 01:47:18] Codeception.INFO: # ERROR # [] []
[2013-05-06 01:47:18] Codeception.INFO: PASSED [] []
[2013-05-06 01:49:25] Codeception.INFO: PASSED [] []
[2013-05-06 01:49:25] Codeception.INFO: PASSED [] []
[2013-05-06 01:49:25] Codeception.INFO: PASSED [] []
[2013-05-06 01:49:25] Codeception.INFO: PASSED [] []
[2013-05-06 01:49:25] Codeception.INFO: PASSED [] []
[2013-05-06 01:49:25] Codeception.ALERT: Failed asserting that two arrays are equal. [] []
[2013-05-06 01:49:25] Codeception.INFO: # FAILED # [] []
[2013-05-06 01:59:14] Codeception.INFO: PASSED [] []
[2013-05-06 01:59:19] Codeception.INFO: PASSED [] []
[2013-05-06 01:59:19] Codeception.INFO: PASSED [] []
[2013-05-06 01:59:19] Codeception.INFO: PASSED [] []
[2013-05-06 01:59:19] Codeception.INFO: PASSED [] []
[2013-05-06 01:59:31] Codeception.ALERT: Failed asserting that two arrays are equal. [] []
[2013-05-06 01:59:31] Codeception.INFO: # FAILED # [] []
[2013-05-06 01:59:36] Codeception.INFO: PASSED [] []
[2013-05-06 01:59:36] Codeception.INFO: PASSED [] []
[2013-05-06 01:59:36] Codeception.INFO: PASSED [] []
[2013-05-06 01:59:36] Codeception.INFO: PASSED [] []
[2013-05-06 01:59:36] Codeception.INFO: PASSED [] []
[2013-05-06 02:03:44] Codeception.INFO: PASSED [] []
[2013-05-06 02:03:44] Codeception.INFO: PASSED [] []
[2013-05-06 02:03:44] Codeception.INFO: PASSED [] []
[2013-05-06 02:03:44] Codeception.INFO: PASSED [] []
[2013-05-06 02:03:44] Codeception.INFO: PASSED [] []
[2013-05-06 02:03:44] Codeception.INFO: PASSED [] []
[2013-05-06 02:03:44] Codeception.INFO: PASSED [] []
[2013-05-06 02:03:44] Codeception.INFO: PASSED [] []
[2013-05-06 02:05:28] Codeception.INFO: PASSED [] []
[2013-05-06 02:05:28] Codeception.INFO: PASSED [] []
[2013-05-06 02:05:28] Codeception.INFO: PASSED [] []
[2013-05-06 02:05:28] Codeception.INFO: PASSED [] []
[2013-05-06 02:05:28] Codeception.INFO: PASSED [] []
[2013-05-06 02:05:28] Codeception.ALERT: Failed asserting that two arrays are equal. [] []
[2013-05-06 02:05:28] Codeception.INFO: # FAILED # [] []
[2013-05-06 02:10:16] Codeception.INFO: PASSED [] []
[2013-05-06 02:10:16] Codeception.INFO: PASSED [] []
[2013-05-06 02:10:16] Codeception.INFO: PASSED [] []
[2013-05-06 02:10:16] Codeception.INFO: PASSED [] []
[2013-05-06 02:10:16] Codeception.INFO: PASSED [] []
[2013-05-06 02:10:16] Codeception.ALERT: Failed asserting that two arrays are equal. [] []
[2013-05-06 02:10:16] Codeception.INFO: # FAILED # [] []
[2013-05-06 02:11:55] Codeception.INFO: PASSED [] []
[2013-05-06 02:11:55] Codeception.INFO: PASSED [] []
[2013-05-06 02:11:55] Codeception.INFO: PASSED [] []
[2013-05-06 02:11:55] Codeception.INFO: PASSED [] []
[2013-05-06 02:11:55] Codeception.INFO: PASSED [] []
[2013-05-06 02:11:56] Codeception.ALERT: Failed asserting that two arrays are equal. [] []
[2013-05-06 02:11:56] Codeception.INFO: # FAILED # [] []
[2013-05-06 02:11:56] Codeception.INFO: PASSED [] []
[2013-05-06 02:11:56] Codeception.INFO: PASSED [] []
[2013-05-06 02:11:56] Codeception.INFO: PASSED [] []
[2013-05-06 02:11:59] Codeception.INFO: PASSED [] []
[2013-05-06 02:11:59] Codeception.INFO: PASSED [] []
[2013-05-06 02:11:59] Codeception.INFO: PASSED [] []
[2013-05-06 02:11:59] Codeception.INFO: PASSED [] []
[2013-05-06 02:11:59] Codeception.INFO: PASSED [] []
[2013-05-06 02:11:59] Codeception.ALERT: Failed asserting that two arrays are equal. [] []
[2013-05-06 02:11:59] Codeception.INFO: # FAILED # [] []
[2013-05-06 02:11:59] Codeception.INFO: PASSED [] []
[2013-05-06 02:11:59] Codeception.INFO: PASSED [] []
[2013-05-06 02:11:59] Codeception.INFO: PASSED [] []
[2013-05-06 02:18:05] Codeception.INFO: PASSED [] []
[2013-05-06 02:18:05] Codeception.INFO: PASSED [] []
[2013-05-06 02:18:05] Codeception.INFO: PASSED [] []
[2013-05-06 02:18:05] Codeception.INFO: PASSED [] []
[2013-05-06 02:18:05] Codeception.INFO: PASSED [] []
[2013-05-06 02:22:13] Codeception.INFO: PASSED [] []
[2013-05-06 02:22:14] Codeception.INFO: PASSED [] []
[2013-05-06 02:22:15] Codeception.INFO: PASSED [] []
[2013-05-06 02:22:15] Codeception.INFO: PASSED [] []
[2013-05-06 02:22:16] Codeception.INFO: PASSED [] []
[2013-05-06 02:35:39] Codeception.INFO: PASSED [] []
[2013-05-06 02:35:39] Codeception.INFO: PASSED [] []
[2013-05-06 02:35:39] Codeception.INFO: PASSED [] []
[2013-05-06 02:35:39] Codeception.INFO: PASSED [] []
[2013-05-06 02:35:39] Codeception.INFO: PASSED [] []
[2013-05-06 02:35:39] Codeception.INFO: PASSED [] []
[2013-05-06 02:35:39] Codeception.INFO: PASSED [] []
[2013-05-06 02:43:48] Codeception.INFO: PASSED [] []
[2013-05-06 02:43:48] Codeception.INFO: PASSED [] []
[2013-05-06 02:43:48] Codeception.INFO: PASSED [] []
[2013-05-06 02:43:48] Codeception.INFO: PASSED [] []
[2013-05-06 02:43:48] Codeception.INFO: PASSED [] []
[2013-05-06 02:43:48] Codeception.INFO: PASSED [] []
[2013-05-06 02:43:48] Codeception.INFO: PASSED [] []
[2013-05-06 02:44:06] Codeception.INFO: PASSED [] []
[2013-05-06 02:44:06] Codeception.INFO: PASSED [] []
[2013-05-06 02:44:06] Codeception.INFO: PASSED [] []
[2013-05-06 02:44:06] Codeception.INFO: PASSED [] []
[2013-05-06 02:44:06] Codeception.INFO: PASSED [] []
[2013-05-06 02:44:06] Codeception.INFO: PASSED [] []
[2013-05-06 02:44:06] Codeception.INFO: PASSED [] []
[2013-05-06 02:49:59] Codeception.INFO: PASSED [] []
[2013-05-06 02:49:59] Codeception.INFO: PASSED [] []
[2013-05-06 02:49:59] Codeception.INFO: PASSED [] []
[2013-05-06 02:50:00] Codeception.INFO: PASSED [] []
[2013-05-06 02:50:00] Codeception.INFO: PASSED [] []
[2013-05-06 02:50:00] Codeception.INFO: PASSED [] []
[2013-05-06 02:50:00] Codeception.INFO: PASSED [] []
[2013-05-06 02:52:05] Codeception.INFO: PASSED [] []
[2013-05-06 02:52:05] Codeception.INFO: PASSED [] []
[2013-05-06 02:52:05] Codeception.INFO: PASSED [] []
[2013-05-06 02:52:05] Codeception.INFO: PASSED [] []
[2013-05-06 02:52:05] Codeception.INFO: PASSED [] []
[2013-05-06 02:52:05] Codeception.INFO: PASSED [] []
[2013-05-06 02:52:05] Codeception.INFO: PASSED [] []
[2013-05-06 02:52:42] Codeception.INFO: PASSED [] []
[2013-05-06 02:52:42] Codeception.INFO: PASSED [] []
[2013-05-06 02:52:42] Codeception.INFO: PASSED [] []
[2013-05-06 02:52:42] Codeception.INFO: PASSED [] []
[2013-05-06 02:52:42] Codeception.INFO: PASSED [] []
[2013-05-06 02:52:42] Codeception.INFO: PASSED [] []
[2013-05-06 02:52:42] Codeception.INFO: PASSED [] []
[2013-05-06 02:59:59] Codeception.INFO: PASSED [] []
[2013-05-06 02:59:59] Codeception.INFO: PASSED [] []
[2013-05-06 02:59:59] Codeception.INFO: PASSED [] []
[2013-05-06 02:59:59] Codeception.INFO: PASSED [] []
[2013-05-06 02:59:59] Codeception.INFO: PASSED [] []
[2013-05-06 02:59:59] Codeception.INFO: PASSED [] []
[2013-05-06 02:59:59] Codeception.INFO: PASSED [] []
[2013-05-06 03:01:52] Codeception.INFO: PASSED [] []
[2013-05-06 03:01:52] Codeception.INFO: PASSED [] []
[2013-05-06 03:01:52] Codeception.INFO: PASSED [] []
[2013-05-06 03:01:52] Codeception.INFO: PASSED [] []
[2013-05-06 03:01:52] Codeception.INFO: PASSED [] []
[2013-05-06 03:01:52] Codeception.INFO: PASSED [] []
[2013-05-06 03:01:52] Codeception.INFO: PASSED [] []
[2013-05-06 03:02:53] Codeception.INFO: PASSED [] []
[2013-05-06 03:02:53] Codeception.INFO: PASSED [] []
[2013-05-06 03:02:53] Codeception.INFO: PASSED [] []
[2013-05-06 03:02:53] Codeception.INFO: PASSED [] []
[2013-05-06 03:02:53] Codeception.INFO: PASSED [] []
[2013-05-06 03:02:53] Codeception.INFO: PASSED [] []
[2013-05-06 03:02:53] Codeception.INFO: PASSED [] []
[2013-05-06 03:08:31] Codeception.INFO: PASSED [] []
[2013-05-06 03:08:31] Codeception.INFO: PASSED [] []
[2013-05-06 03:08:31] Codeception.INFO: PASSED [] []
[2013-05-06 03:08:31] Codeception.INFO: PASSED [] []
[2013-05-06 03:08:31] Codeception.INFO: PASSED [] []
[2013-05-06 03:08:31] Codeception.INFO: PASSED [] []
[2013-05-06 03:08:31] Codeception.INFO: PASSED [] []
[2013-05-06 03:08:42] Codeception.INFO: test method "Codeception\Command\GenerateCest.execute" [] []
