[2012-02-01 22:50:25] Codeception.INFO: PASSED [] []
[2012-02-01 22:50:39] Codeception.INFO: PASSED [] []
[2012-02-01 22:51:03] Codeception.INFO: PASSED [] []
[2012-02-01 22:53:06] Codeception.INFO: PASSED [] []
[2012-02-01 22:53:06] Codeception.INFO: PASSED [] []
[2012-02-01 22:53:29] Codeception.ALERT: Failed asserting that 2 matches expected 1. [] []
[2012-02-01 22:53:29] Codeception.INFO: # FAILED # [] []
[2012-02-01 22:53:29] Codeception.INFO: PASSED [] []
[2012-02-01 22:53:29] Codeception.INFO: PASSED [] []
[2012-02-01 22:53:59] Codeception.ALERT: Failed asserting that 3 matches expected 1. [] []
[2012-02-01 22:53:59] Codeception.INFO: # FAILED # [] []
[2012-02-01 22:53:59] Codeception.INFO: PASSED [] []
[2012-02-01 22:53:59] Codeception.INFO: PASSED [] []
[2012-02-01 22:55:25] Codeception.INFO: PASSED [] []
[2012-02-01 22:56:17] Codeception.INFO: PASSED [] []
[2012-02-01 22:57:22] Codeception.INFO: PASSED [] []
[2012-02-01 22:57:22] Codeception.ALERT: Failed asserting that a boolean is not empty. [] []
[2012-02-01 22:57:22] Codeception.INFO: # FAILED # [] []
[2012-02-01 22:57:22] Codeception.INFO: PASSED [] []
[2012-02-01 22:57:41] Codeception.INFO: PASSED [] []
[2012-02-01 22:57:41] Codeception.ALERT: Failed asserting that PDOStatement Object (
    'queryString' => 'select * from users where name = 'davert''
) is true. [] []
[2012-02-01 22:57:41] Codeception.INFO: # FAILED # [] []
[2012-02-01 22:57:41] Codeception.INFO: PASSED [] []
[2012-02-01 22:59:54] Codeception.INFO: PASSED [] []
[2012-02-01 23:06:21] Codeception.INFO: PASSED [] []
[2012-02-01 23:06:21] Codeception.ALERT: Failed asserting that false is not equal to false. [] []
[2012-02-01 23:06:21] Codeception.INFO: # FAILED # [] []
[2012-02-01 23:06:21] Codeception.INFO: PASSED [] []
[2012-02-01 23:07:42] Codeception.INFO: PASSED [] []
[2012-02-01 23:07:42] Codeception.ALERT: SQLSTATE[42000]: Syntax error or access violation: 1064 You have an error in your SQL syntax; check the manual that corresponds to your MySQL server version for the right syntax to use near 'CREATE TABLE `groups` (  `id` int(11) NOT NULL AUTO_INCREMENT,  `name` varchar' at line 1 [] []
[2012-02-01 23:07:42] Codeception.INFO: # ERROR # [] []
[2012-02-01 23:07:42] Codeception.INFO: PASSED [] []
[2012-02-01 23:08:34] Codeception.INFO: PASSED [] []
[2012-02-01 23:08:35] Codeception.ALERT: SQLSTATE[HY000]: General error: 1005 Can't create table 'codeception_test.permissions' (errno: 150) [] []
[2012-02-01 23:08:35] Codeception.INFO: # ERROR # [] []
[2012-02-01 23:08:35] Codeception.INFO: PASSED [] []
[2012-02-01 23:09:19] Codeception.INFO: PASSED [] []
[2012-02-01 23:09:19] Codeception.ALERT: SQLSTATE[HY000]: General error: 1005 Can't create table 'codeception_test.permissions' (errno: 150) [] []
[2012-02-01 23:09:19] Codeception.INFO: # ERROR # [] []
[2012-02-01 23:09:19] Codeception.INFO: PASSED [] []
[2012-02-01 23:15:12] Codeception.INFO: PASSED [] []
[2012-02-01 23:15:51] Codeception.INFO: PASSED [] []
[2012-02-01 23:15:51] Codeception.ALERT: SQLSTATE[HY000]: General error: 1005 Can't create table 'codeception_test.permissions' (errno: 150) [] []
[2012-02-01 23:15:51] Codeception.INFO: # ERROR # [] []
[2012-02-01 23:15:51] Codeception.INFO: PASSED [] []
