[2012-02-02 01:07:09] Codeception.INFO: PASSED [] []
[2012-02-02 01:07:10] Codeception.ALERT: SQLSTATE[HY000]: General error: 1005 Can't create table 'codeception_test.permissions' (errno: 150) [] []
[2012-02-02 01:07:10] Codeception.INFO: # ERROR # [] []
[2012-02-02 01:07:10] Codeception.INFO: PASSED [] []
[2012-02-02 01:10:49] Codeception.INFO: PASSED [] []
[2012-02-02 01:13:11] Codeception.INFO: PASSED [] []
[2012-02-02 01:13:12] Codeception.INFO: PASSED [] []
[2012-02-02 01:30:03] Codeception.ALERT: SQLSTATE[HY000]: General error: 1 near "AUTO_INCREMENT": syntax error [] []
[2012-02-02 01:30:03] Codeception.INFO: # ERROR # [] []
[2012-02-02 01:30:03] Codeception.INFO: PASSED [] []
[2012-02-02 01:30:03] Codeception.ALERT: SQLSTATE[HY000]: General error: 1 near "AUTO_INCREMENT": syntax error [] []
[2012-02-02 01:30:03] Codeception.INFO: # ERROR # [] []
[2012-02-02 01:30:03] Codeception.INFO: PASSED [] []
[2012-02-02 01:33:43] Codeception.ALERT: SQLSTATE[HY000]: General error: 1 near "AUTO_INCREMENT": syntax error [] []
[2012-02-02 01:33:43] Codeception.INFO: # ERROR # [] []
[2012-02-02 01:33:43] Codeception.INFO: PASSED [] []
[2012-02-02 01:33:43] Codeception.ALERT: SQLSTATE[HY000]: General error: 1 near "AUTO_INCREMENT": syntax error [] []
[2012-02-02 01:33:43] Codeception.INFO: # ERROR # [] []
[2012-02-02 01:33:43] Codeception.INFO: PASSED [] []
[2012-02-02 01:36:47] Codeception.ALERT: SQLSTATE[HY000]: General error: 1 near "AUTO_INCREMENT": syntax error [] []
[2012-02-02 01:36:47] Codeception.INFO: # ERROR # [] []
[2012-02-02 01:36:47] Codeception.INFO: PASSED [] []
[2012-02-02 01:36:47] Codeception.ALERT: SQLSTATE[HY000]: General error: 1 near "AUTO_INCREMENT": syntax error [] []
[2012-02-02 01:36:47] Codeception.INFO: # ERROR # [] []
[2012-02-02 01:36:47] Codeception.INFO: PASSED [] []
[2012-02-02 01:48:06] Codeception.ALERT: SQLSTATE[HY000]: General error: 1 near "AUTO_INCREMENT": syntax error [] []
[2012-02-02 01:48:06] Codeception.INFO: # ERROR # [] []
[2012-02-02 01:48:06] Codeception.INFO: PASSED [] []
[2012-02-02 01:48:06] Codeception.ALERT: SQLSTATE[HY000]: General error: 1 near "AUTO_INCREMENT": syntax error [] []
[2012-02-02 01:48:06] Codeception.INFO: # ERROR # [] []
[2012-02-02 01:48:06] Codeception.INFO: PASSED [] []
[2012-02-02 01:56:39] Codeception.ALERT: SQLSTATE[HY000]: General error: 1 near "SHOW": syntax error [] []
[2012-02-02 01:56:39] Codeception.INFO: # ERROR # [] []
[2012-02-02 01:56:39] Codeception.INFO: PASSED [] []
[2012-02-02 01:56:39] Codeception.ALERT: SQLSTATE[HY000]: General error: 1 table `groups` already exists [] []
[2012-02-02 01:56:39] Codeception.INFO: # ERROR # [] []
[2012-02-02 01:56:39] Codeception.INFO: PASSED [] []
[2012-02-02 01:57:56] Codeception.ALERT: SQLSTATE[HY000]: General error: 1 table "groups" already exists [] []
[2012-02-02 01:57:56] Codeception.INFO: # ERROR # [] []
[2012-02-02 01:57:56] Codeception.INFO: PASSED [] []
[2012-02-02 01:57:56] Codeception.ALERT: SQLSTATE[HY000]: General error: 1 table `groups` already exists [] []
[2012-02-02 01:57:56] Codeception.INFO: # ERROR # [] []
[2012-02-02 01:57:56] Codeception.INFO: PASSED [] []
[2012-02-02 01:59:07] Codeception.ALERT: SQLSTATE[HY000]: General error: 1 table "groups" already exists [] []
[2012-02-02 01:59:07] Codeception.INFO: # ERROR # [] []
[2012-02-02 01:59:07] Codeception.INFO: PASSED [] []
[2012-02-02 01:59:15] Codeception.ALERT: SQLSTATE[HY000]: General error: 1 table `groups` already exists [] []
[2012-02-02 01:59:15] Codeception.INFO: # ERROR # [] []
[2012-02-02 01:59:15] Codeception.INFO: PASSED [] []
[2012-02-02 01:59:52] Codeception.ALERT: SQLSTATE[HY000]: General error: 1 table "groups" already exists [] []
[2012-02-02 01:59:52] Codeception.INFO: # ERROR # [] []
[2012-02-02 01:59:52] Codeception.INFO: PASSED [] []
[2012-02-02 01:59:52] Codeception.ALERT: SQLSTATE[HY000]: General error: 1 table `groups` already exists [] []
[2012-02-02 01:59:52] Codeception.INFO: # ERROR # [] []
[2012-02-02 01:59:52] Codeception.INFO: PASSED [] []
[2012-02-02 02:00:11] Codeception.ALERT: SQLSTATE[HY000]: General error: 1 table "groups" already exists [] []
[2012-02-02 02:00:11] Codeception.INFO: # ERROR # [] []
[2012-02-02 02:00:11] Codeception.INFO: PASSED [] []
[2012-02-02 02:00:11] Codeception.ALERT: SQLSTATE[HY000]: General error: 1 table `groups` already exists [] []
[2012-02-02 02:00:11] Codeception.INFO: # ERROR # [] []
[2012-02-02 02:00:11] Codeception.INFO: PASSED [] []
[2012-02-02 02:04:10] Codeception.ALERT: SQLSTATE[HY000]: General error: 1 table "groups" already exists [] []
[2012-02-02 02:04:10] Codeception.INFO: # ERROR # [] []
[2012-02-02 02:04:10] Codeception.INFO: PASSED [] []
[2012-02-02 02:04:10] Codeception.ALERT: SQLSTATE[HY000]: General error: 1 table `groups` already exists [] []
[2012-02-02 02:04:10] Codeception.INFO: # ERROR # [] []
[2012-02-02 02:04:10] Codeception.INFO: PASSED [] []
[2012-02-02 02:05:15] Codeception.ALERT: SQLSTATE[HY000]: General error: 1 table "groups" already exists [] []
[2012-02-02 02:05:15] Codeception.INFO: # ERROR # [] []
[2012-02-02 02:05:15] Codeception.INFO: PASSED [] []
[2012-02-02 02:05:15] Codeception.ALERT: SQLSTATE[HY000]: General error: 1 table `groups` already exists [] []
[2012-02-02 02:05:15] Codeception.INFO: # ERROR # [] []
[2012-02-02 02:05:15] Codeception.INFO: PASSED [] []
[2012-02-02 02:08:14] Codeception.ALERT: SQLSTATE[HY000]: General error: 1 table "groups" already exists [] []
[2012-02-02 02:08:14] Codeception.INFO: # ERROR # [] []
[2012-02-02 02:08:14] Codeception.INFO: PASSED [] []
[2012-02-02 02:08:14] Codeception.ALERT: Undefined property: Codeception\Util\Driver\Sqlite::$dbh [] []
[2012-02-02 02:08:14] Codeception.INFO: # ERROR # [] []
[2012-02-02 02:08:14] Codeception.INFO: PASSED [] []
[2012-02-02 02:13:34] Codeception.ALERT: SQLSTATE[HY000]: General error: 1 table "groups" already exists [] []
[2012-02-02 02:13:34] Codeception.INFO: # ERROR # [] []
[2012-02-02 02:13:34] Codeception.INFO: PASSED [] []
[2012-02-02 02:13:34] Codeception.ALERT: SQLSTATE[HY000]: General error: 1 no such table: users [] []
[2012-02-02 02:13:34] Codeception.INFO: # ERROR # [] []
[2012-02-02 02:13:34] Codeception.INFO: PASSED [] []
[2012-02-02 02:14:02] Codeception.ALERT: SQLSTATE[HY000]: General error: 1 table "groups" already exists [] []
[2012-02-02 02:14:02] Codeception.INFO: # ERROR # [] []
[2012-02-02 02:14:02] Codeception.INFO: PASSED [] []
[2012-02-02 02:15:53] Codeception.ALERT: SQLSTATE[HY000]: General error: 1 table "groups" already exists [] []
[2012-02-02 02:15:53] Codeception.INFO: # ERROR # [] []
[2012-02-02 02:15:53] Codeception.INFO: PASSED [] []
[2012-02-02 02:25:13] Codeception.ALERT: unlink(tests/data/sqlite.db): Permission denied [] []
[2012-02-02 02:25:13] Codeception.INFO: # ERROR # [] []
[2012-02-02 02:25:13] Codeception.INFO: PASSED [] []
[2012-02-02 02:25:13] Codeception.ALERT: unlink(tests/data/sqlite.db): Permission denied [] []
[2012-02-02 02:25:13] Codeception.INFO: # ERROR # [] []
[2012-02-02 02:25:13] Codeception.INFO: PASSED [] []
[2012-02-02 02:29:18] Codeception.ALERT: SQLSTATE[HY000]: General error: 1 near "SHOW": syntax error [] []
[2012-02-02 02:29:18] Codeception.INFO: # ERROR # [] []
[2012-02-02 02:29:18] Codeception.INFO: PASSED [] []
[2012-02-02 02:29:46] Codeception.ALERT: unlink(tests/data/sqlite.db): Permission denied [] []
[2012-02-02 02:29:46] Codeception.INFO: # ERROR # [] []
[2012-02-02 02:29:46] Codeception.INFO: PASSED [] []
[2012-02-02 02:29:46] Codeception.ALERT: unlink(tests/data/sqlite.db): Permission denied [] []
[2012-02-02 02:29:46] Codeception.INFO: # ERROR # [] []
[2012-02-02 02:29:46] Codeception.INFO: PASSED [] []
[2012-02-02 02:31:34] Codeception.ALERT: unlink(tests/data/sqlite.db): Permission denied [] []
[2012-02-02 02:31:34] Codeception.INFO: # ERROR # [] []
[2012-02-02 02:31:34] Codeception.INFO: PASSED [] []
[2012-02-02 02:31:37] Codeception.ALERT: unlink(tests/data/sqlite.db): Permission denied [] []
[2012-02-02 02:31:37] Codeception.INFO: # ERROR # [] []
[2012-02-02 02:31:37] Codeception.INFO: PASSED [] []
[2012-02-02 02:58:39] Codeception.ALERT: SQLSTATE[HY000]: General error: 1 near "SHOW": syntax error [] []
[2012-02-02 02:58:39] Codeception.INFO: # ERROR # [] []
[2012-02-02 02:58:39] Codeception.INFO: PASSED [] []
[2012-02-02 02:58:39] Codeception.ALERT: SQLSTATE[HY000]: General error: 1 no such table: users [] []
[2012-02-02 02:58:39] Codeception.INFO: # ERROR # [] []
[2012-02-02 02:58:39] Codeception.INFO: PASSED [] []
[2012-02-02 03:04:19] Codeception.ALERT: SQLSTATE[HY000]: General error: 1 near "SHOW": syntax error [] []
[2012-02-02 03:04:19] Codeception.INFO: # ERROR # [] []
[2012-02-02 03:04:19] Codeception.INFO: PASSED [] []
[2012-02-02 03:04:19] Codeception.ALERT: SQLSTATE[HY000]: General error: 1 no such table: users [] []
[2012-02-02 03:04:19] Codeception.INFO: # ERROR # [] []
[2012-02-02 03:04:19] Codeception.INFO: PASSED [] []
[2012-02-02 03:05:11] Codeception.ALERT: Failed asserting that 2 matches expected 1. [] []
[2012-02-02 03:05:11] Codeception.INFO: # FAILED # [] []
[2012-02-02 03:05:11] Codeception.INFO: PASSED [] []
[2012-02-02 03:05:11] Codeception.ALERT: SQLSTATE[HY000]: General error: 1 no such table: users [] []
[2012-02-02 03:05:11] Codeception.INFO: # ERROR # [] []
[2012-02-02 03:05:11] Codeception.INFO: PASSED [] []
[2012-02-02 03:05:50] Codeception.ALERT: SQLSTATE[HY000]: General error: 17 database schema has changed [] []
[2012-02-02 03:05:50] Codeception.INFO: # ERROR # [] []
[2012-02-02 03:05:50] Codeception.INFO: PASSED [] []
[2012-02-02 03:05:50] Codeception.ALERT: SQLSTATE[HY000]: General error: 1 no such table: users [] []
[2012-02-02 03:05:50] Codeception.INFO: # ERROR # [] []
[2012-02-02 03:05:50] Codeception.INFO: PASSED [] []
[2012-02-02 03:06:47] Codeception.ALERT: SQLSTATE[HY000]: General error: 17 database schema has changed [] []
[2012-02-02 03:06:47] Codeception.INFO: # ERROR # [] []
[2012-02-02 03:06:47] Codeception.INFO: PASSED [] []
[2012-02-02 03:06:47] Codeception.ALERT: SQLSTATE[HY000]: General error: 1 no such table: users [] []
[2012-02-02 03:06:47] Codeception.INFO: # ERROR # [] []
[2012-02-02 03:06:47] Codeception.INFO: PASSED [] []
[2012-02-02 03:15:09] Codeception.INFO: PASSED [] []
[2012-02-02 03:15:09] Codeception.ALERT: SQLSTATE[HY000]: General error: 1 near "AUTO_INCREMENT": syntax error [] []
[2012-02-02 03:15:09] Codeception.INFO: # ERROR # [] []
[2012-02-02 03:15:09] Codeception.INFO: PASSED [] []
[2012-02-02 04:46:06] Codeception.ALERT: Missing argument 3 for Codeception\Util\Driver\Db::create(), called in C:\WebServers\usr\local\php5\PEAR\Codeception\tests\unit\Codeception\Util\Driver\SqliteTest.php on line 24 and defined [] []
[2012-02-02 04:46:06] Codeception.INFO: # ERROR # [] []
[2012-02-02 04:46:06] Codeception.INFO: PASSED [] []
[2012-02-02 04:46:06] Codeception.ALERT: Missing argument 3 for Codeception\Util\Driver\Db::create(), called in C:\WebServers\usr\local\php5\PEAR\Codeception\tests\unit\Codeception\Util\Driver\SqliteTest.php on line 24 and defined [] []
[2012-02-02 04:46:06] Codeception.INFO: # ERROR # [] []
[2012-02-02 04:46:06] Codeception.INFO: PASSED [] []
[2012-02-02 04:48:14] Codeception.INFO: PASSED [] []
[2012-02-02 04:48:37] Codeception.INFO: PASSED [] []
[2012-02-02 04:48:37] Codeception.ALERT: Failed asserting that false is not equal to false. [] []
[2012-02-02 04:48:37] Codeception.INFO: # FAILED # [] []
[2012-02-02 04:48:37] Codeception.INFO: PASSED [] []
[2012-02-02 04:51:45] Codeception.INFO: PASSED [] []
[2012-02-02 04:53:36] Codeception.INFO: PASSED [] []
[2012-02-02 04:54:21] Codeception.INFO: PASSED [] []
[2012-02-02 04:54:22] Codeception.ALERT: Failed asserting that 0 is greater than 0. [] []
[2012-02-02 04:54:22] Codeception.INFO: # FAILED # [] []
[2012-02-02 04:54:22] Codeception.INFO: PASSED [] []
[2012-02-02 04:57:10] Codeception.INFO: PASSED [] []
[2012-02-02 04:57:35] Codeception.INFO: PASSED [] []
[2012-02-02 04:58:40] Codeception.INFO: PASSED [] []
[2012-02-02 04:58:42] Codeception.INFO: PASSED [] []
[2012-02-02 04:59:45] Codeception.INFO: PASSED [] []
[2012-02-02 04:59:46] Codeception.INFO: PASSED [] []
