[2013-05-26 00:47:19] Codeception.ALERT: (Exception in Db) could not find driver while creating PDO connection [] []
[2013-05-26 00:47:19] Codeception.INFO: # ERROR # [] []
[2013-05-26 00:47:19] Codeception.INFO: PASSED [] []
[2013-05-26 00:47:19] Codeception.ALERT: (Exception in Db) could not find driver while creating PDO connection [] []
[2013-05-26 00:47:19] Codeception.INFO: # ERROR # [] []
[2013-05-26 00:47:19] Codeception.INFO: PASSED [] []
[2013-05-26 00:47:19] Codeception.ALERT: (Exception in Db) could not find driver while creating PDO connection [] []
[2013-05-26 00:47:19] Codeception.INFO: # ERROR # [] []
[2013-05-26 00:47:19] Codeception.INFO: PASSED [] []
[2013-05-26 00:47:19] Codeception.ALERT: (Exception in Db) could not find driver while creating PDO connection [] []
[2013-05-26 00:47:19] Codeception.INFO: # ERROR # [] []
[2013-05-26 00:47:19] Codeception.INFO: PASSED [] []
[2013-05-26 00:49:52] Codeception.INFO: PASSED [] []
[2013-05-26 00:49:52] Codeception.INFO: PASSED [] []
[2013-05-26 00:49:52] Codeception.INFO: PASSED [] []
[2013-05-26 00:49:52] Codeception.ALERT: Failed asserting that '0' is greater than 0. [] []
[2013-05-26 00:49:52] Codeception.INFO: # FAILED # [] []
[2013-05-26 00:49:52] Codeception.INFO: PASSED [] []
[2013-05-26 00:50:30] Codeception.INFO: PASSED [] []
[2013-05-26 00:50:30] Codeception.INFO: PASSED [] []
[2013-05-26 00:50:30] Codeception.INFO: PASSED [] []
[2013-05-26 00:50:30] Codeception.ALERT: not found
Failed asserting that '0' is greater than 0. [] []
[2013-05-26 00:50:30] Codeception.INFO: # FAILED # [] []
[2013-05-26 00:50:30] Codeception.INFO: PASSED [] []
[2013-05-26 00:50:43] Codeception.INFO: PASSED [] []
[2013-05-26 00:50:43] Codeception.INFO: PASSED [] []
[2013-05-26 00:50:43] Codeception.INFO: PASSED [] []
[2013-05-26 00:50:44] Codeception.ALERT: no matching records found
Failed asserting that '0' is greater than 0. [] []
[2013-05-26 00:50:44] Codeception.INFO: # FAILED # [] []
[2013-05-26 00:50:44] Codeception.INFO: PASSED [] []
[2013-05-26 00:50:49] Codeception.INFO: PASSED [] []
[2013-05-26 00:50:49] Codeception.INFO: PASSED [] []
[2013-05-26 00:50:49] Codeception.INFO: PASSED [] []
[2013-05-26 00:50:49] Codeception.ALERT: No matching records found
Failed asserting that '0' is greater than 0. [] []
[2013-05-26 00:50:49] Codeception.INFO: # FAILED # [] []
[2013-05-26 00:50:49] Codeception.INFO: PASSED [] []
[2013-05-26 00:58:36] Codeception.INFO: PASSED [] []
[2013-05-26 00:58:36] Codeception.INFO: PASSED [] []
[2013-05-26 00:58:36] Codeception.INFO: PASSED [] []
[2013-05-26 00:58:37] Codeception.INFO: PASSED [] []
