[2013-06-12 01:07:02] Codeception.ALERT: Undefined index: tests [] []
[2013-06-12 01:07:02] Codeception.INFO: # ERROR # [] []
[2013-06-12 01:07:02] Codeception.INFO: PASSED [] []
[2013-06-12 01:07:02] Codeception.ALERT: Undefined index: tests [] []
[2013-06-12 01:07:02] Codeception.INFO: # ERROR # [] []
[2013-06-12 01:07:02] Codeception.INFO: PASSED [] []
[2013-06-12 01:07:02] Codeception.ALERT: Undefined index: tests [] []
[2013-06-12 01:07:02] Codeception.INFO: # ERROR # [] []
[2013-06-12 01:07:02] Codeception.INFO: PASSED [] []
[2013-06-12 01:07:02] Codeception.ALERT: Undefined index: tests [] []
[2013-06-12 01:07:02] Codeception.INFO: # ERROR # [] []
[2013-06-12 01:07:02] Codeception.INFO: PASSED [] []
[2013-06-12 01:07:02] Codeception.ALERT: Undefined index: tests [] []
[2013-06-12 01:07:02] Codeception.INFO: # ERROR # [] []
[2013-06-12 01:07:02] Codeception.INFO: PASSED [] []
[2013-06-12 01:07:02] Codeception.ALERT: Undefined index: tests [] []
[2013-06-12 01:07:02] Codeception.INFO: # ERROR # [] []
[2013-06-12 01:07:02] Codeception.INFO: PASSED [] []
[2013-06-12 01:07:02] Codeception.ALERT: Undefined index: tests [] []
[2013-06-12 01:07:02] Codeception.INFO: # ERROR # [] []
[2013-06-12 01:07:02] Codeception.INFO: PASSED [] []
[2013-06-12 01:07:02] Codeception.ALERT: Undefined index: tests [] []
[2013-06-12 01:07:02] Codeception.INFO: # ERROR # [] []
[2013-06-12 01:07:02] Codeception.INFO: PASSED [] []
[2013-06-12 01:07:02] Codeception.ALERT: Undefined index: tests [] []
[2013-06-12 01:07:02] Codeception.INFO: # ERROR # [] []
[2013-06-12 01:07:02] Codeception.INFO: PASSED [] []
[2013-06-12 01:07:02] Codeception.ALERT: Undefined index: tests [] []
[2013-06-12 01:07:02] Codeception.INFO: # ERROR # [] []
[2013-06-12 01:07:02] Codeception.INFO: PASSED [] []
[2013-06-12 01:07:02] Codeception.ALERT: Undefined index: tests [] []
[2013-06-12 01:07:02] Codeception.INFO: # ERROR # [] []
[2013-06-12 01:07:02] Codeception.INFO: PASSED [] []
[2013-06-12 01:07:02] Codeception.ALERT: Undefined index: tests [] []
[2013-06-12 01:07:02] Codeception.INFO: # ERROR # [] []
[2013-06-12 01:07:02] Codeception.INFO: PASSED [] []
[2013-06-12 01:07:02] Codeception.ALERT: Undefined index: tests [] []
[2013-06-12 01:07:02] Codeception.INFO: # ERROR # [] []
[2013-06-12 01:07:02] Codeception.INFO: PASSED [] []
[2013-06-12 01:07:02] Codeception.ALERT: Undefined index: tests [] []
[2013-06-12 01:07:02] Codeception.INFO: # ERROR # [] []
[2013-06-12 01:07:02] Codeception.INFO: PASSED [] []
[2013-06-12 01:07:02] Codeception.ALERT: Undefined index: tests [] []
[2013-06-12 01:07:02] Codeception.INFO: # ERROR # [] []
[2013-06-12 01:07:02] Codeception.INFO: PASSED [] []
[2013-06-12 01:07:02] Codeception.ALERT: Undefined index: tests [] []
[2013-06-12 01:07:02] Codeception.INFO: # ERROR # [] []
[2013-06-12 01:07:02] Codeception.INFO: PASSED [] []
[2013-06-12 01:07:02] Codeception.ALERT: Undefined index: tests [] []
[2013-06-12 01:07:02] Codeception.INFO: # ERROR # [] []
[2013-06-12 01:07:02] Codeception.INFO: PASSED [] []
[2013-06-12 01:07:02] Codeception.ALERT: Undefined index: tests [] []
[2013-06-12 01:07:02] Codeception.INFO: # ERROR # [] []
[2013-06-12 01:07:02] Codeception.INFO: PASSED [] []
[2013-06-12 01:07:02] Codeception.ALERT: Undefined index: tests [] []
[2013-06-12 01:07:02] Codeception.INFO: # ERROR # [] []
[2013-06-12 01:07:02] Codeception.INFO: PASSED [] []
[2013-06-12 01:07:02] Codeception.ALERT: Undefined index: tests [] []
[2013-06-12 01:07:02] Codeception.INFO: # ERROR # [] []
[2013-06-12 01:07:02] Codeception.INFO: PASSED [] []
[2013-06-12 01:07:02] Codeception.ALERT: Undefined index: tests [] []
[2013-06-12 01:07:02] Codeception.INFO: # ERROR # [] []
[2013-06-12 01:07:02] Codeception.INFO: PASSED [] []
[2013-06-12 01:07:02] Codeception.ALERT: Undefined index: tests [] []
[2013-06-12 01:07:02] Codeception.INFO: # ERROR # [] []
[2013-06-12 01:07:02] Codeception.INFO: PASSED [] []
[2013-06-12 01:07:02] Codeception.ALERT: Undefined index: tests [] []
[2013-06-12 01:07:02] Codeception.INFO: # ERROR # [] []
[2013-06-12 01:07:02] Codeception.INFO: PASSED [] []
[2013-06-12 01:07:02] Codeception.ALERT: Undefined index: tests [] []
[2013-06-12 01:07:02] Codeception.INFO: # ERROR # [] []
[2013-06-12 01:07:02] Codeception.INFO: PASSED [] []
[2013-06-12 01:07:02] Codeception.ALERT: Undefined index: tests [] []
[2013-06-12 01:07:02] Codeception.INFO: # ERROR # [] []
[2013-06-12 01:07:02] Codeception.INFO: PASSED [] []
[2013-06-12 01:12:19] Codeception.ALERT: Undefined index: tests [] []
[2013-06-12 01:12:19] Codeception.INFO: # ERROR # [] []
[2013-06-12 01:12:19] Codeception.INFO: PASSED [] []
[2013-06-12 01:12:19] Codeception.ALERT: Undefined index: tests [] []
[2013-06-12 01:12:19] Codeception.INFO: # ERROR # [] []
[2013-06-12 01:12:19] Codeception.INFO: PASSED [] []
[2013-06-12 01:12:19] Codeception.ALERT: Undefined index: tests [] []
[2013-06-12 01:12:19] Codeception.INFO: # ERROR # [] []
[2013-06-12 01:12:19] Codeception.INFO: PASSED [] []
[2013-06-12 01:12:19] Codeception.ALERT: Undefined index: tests [] []
[2013-06-12 01:12:20] Codeception.INFO: # ERROR # [] []
[2013-06-12 01:12:20] Codeception.INFO: PASSED [] []
[2013-06-12 01:12:20] Codeception.ALERT: Undefined index: tests [] []
[2013-06-12 01:12:20] Codeception.INFO: # ERROR # [] []
[2013-06-12 01:12:20] Codeception.INFO: PASSED [] []
[2013-06-12 01:12:20] Codeception.ALERT: Undefined index: tests [] []
[2013-06-12 01:12:20] Codeception.INFO: # ERROR # [] []
[2013-06-12 01:12:20] Codeception.INFO: PASSED [] []
[2013-06-12 01:12:20] Codeception.ALERT: Undefined index: tests [] []
[2013-06-12 01:12:20] Codeception.INFO: # ERROR # [] []
[2013-06-12 01:12:20] Codeception.INFO: PASSED [] []
[2013-06-12 01:12:20] Codeception.ALERT: Undefined index: tests [] []
[2013-06-12 01:12:20] Codeception.INFO: # ERROR # [] []
[2013-06-12 01:12:20] Codeception.INFO: PASSED [] []
[2013-06-12 01:12:20] Codeception.ALERT: Undefined index: tests [] []
[2013-06-12 01:12:20] Codeception.INFO: # ERROR # [] []
[2013-06-12 01:12:20] Codeception.INFO: PASSED [] []
[2013-06-12 01:12:20] Codeception.ALERT: Undefined index: tests [] []
[2013-06-12 01:12:20] Codeception.INFO: # ERROR # [] []
[2013-06-12 01:12:20] Codeception.INFO: PASSED [] []
[2013-06-12 01:12:20] Codeception.ALERT: Undefined index: tests [] []
[2013-06-12 01:12:20] Codeception.INFO: # ERROR # [] []
[2013-06-12 01:12:20] Codeception.INFO: PASSED [] []
[2013-06-12 01:12:20] Codeception.ALERT: Undefined index: tests [] []
[2013-06-12 01:12:20] Codeception.INFO: # ERROR # [] []
[2013-06-12 01:12:20] Codeception.INFO: PASSED [] []
[2013-06-12 01:12:20] Codeception.ALERT: Undefined index: tests [] []
[2013-06-12 01:12:20] Codeception.INFO: # ERROR # [] []
[2013-06-12 01:12:20] Codeception.INFO: PASSED [] []
[2013-06-12 01:12:20] Codeception.ALERT: Undefined index: tests [] []
[2013-06-12 01:12:20] Codeception.INFO: # ERROR # [] []
[2013-06-12 01:12:20] Codeception.INFO: PASSED [] []
[2013-06-12 01:12:20] Codeception.ALERT: Undefined index: tests [] []
[2013-06-12 01:12:20] Codeception.INFO: # ERROR # [] []
[2013-06-12 01:12:20] Codeception.INFO: PASSED [] []
[2013-06-12 01:12:20] Codeception.ALERT: Undefined index: tests [] []
[2013-06-12 01:12:20] Codeception.INFO: # ERROR # [] []
[2013-06-12 01:12:20] Codeception.INFO: PASSED [] []
[2013-06-12 01:12:20] Codeception.ALERT: Undefined index: tests [] []
[2013-06-12 01:12:20] Codeception.INFO: # ERROR # [] []
[2013-06-12 01:12:20] Codeception.INFO: PASSED [] []
[2013-06-12 01:12:20] Codeception.ALERT: Undefined index: tests [] []
[2013-06-12 01:12:20] Codeception.INFO: # ERROR # [] []
[2013-06-12 01:12:20] Codeception.INFO: PASSED [] []
[2013-06-12 01:12:20] Codeception.ALERT: Undefined index: tests [] []
[2013-06-12 01:12:20] Codeception.INFO: # ERROR # [] []
[2013-06-12 01:12:20] Codeception.INFO: PASSED [] []
[2013-06-12 01:12:20] Codeception.ALERT: Undefined index: tests [] []
[2013-06-12 01:12:20] Codeception.INFO: # ERROR # [] []
[2013-06-12 01:12:20] Codeception.INFO: PASSED [] []
[2013-06-12 01:12:20] Codeception.ALERT: Undefined index: tests [] []
[2013-06-12 01:12:20] Codeception.INFO: # ERROR # [] []
[2013-06-12 01:12:20] Codeception.INFO: PASSED [] []
[2013-06-12 01:12:20] Codeception.ALERT: Undefined index: tests [] []
[2013-06-12 01:12:20] Codeception.INFO: # ERROR # [] []
[2013-06-12 01:12:20] Codeception.INFO: PASSED [] []
[2013-06-12 01:12:20] Codeception.ALERT: Undefined index: tests [] []
[2013-06-12 01:12:20] Codeception.INFO: # ERROR # [] []
[2013-06-12 01:12:20] Codeception.INFO: PASSED [] []
[2013-06-12 01:12:20] Codeception.ALERT: Undefined index: tests [] []
[2013-06-12 01:12:20] Codeception.INFO: # ERROR # [] []
[2013-06-12 01:12:20] Codeception.INFO: PASSED [] []
[2013-06-12 01:12:20] Codeception.ALERT: Undefined index: tests [] []
[2013-06-12 01:12:20] Codeception.INFO: # ERROR # [] []
[2013-06-12 01:12:20] Codeception.INFO: PASSED [] []
[2013-06-12 01:12:31] Codeception.ALERT: Failed asserting that 'Building Guy classes for suites: shire
HobbitGuy includes modules: Filesystem, EmulateModuleHelper
HobbitGuy.php generated successfully. 12 methods added
' contains "tests/shire/HobbitGuy.php generated successfully. 11 methods added". [] []
[2013-06-12 01:12:31] Codeception.INFO: # FAILED # [] []
[2013-06-12 01:12:31] Codeception.INFO: PASSED [] []
[2013-06-12 01:12:31] Codeception.INFO: PASSED [] []
[2013-06-12 01:12:31] Codeception.INFO: PASSED [] []
[2013-06-12 01:12:31] Codeception.INFO: PASSED [] []
[2013-06-12 01:12:31] Codeception.INFO: PASSED [] []
[2013-06-12 01:12:31] Codeception.INFO: PASSED [] []
[2013-06-12 01:12:31] Codeception.INFO: PASSED [] []
[2013-06-12 01:12:31] Codeception.INFO: PASSED [] []
[2013-06-12 01:12:31] Codeception.INFO: PASSED [] []
[2013-06-12 01:12:31] Codeception.INFO: PASSED [] []
[2013-06-12 01:12:31] Codeception.INFO: PASSED [] []
[2013-06-12 01:12:31] Codeception.INFO: PASSED [] []
[2013-06-12 01:12:31] Codeception.INFO: PASSED [] []
[2013-06-12 01:12:31] Codeception.INFO: PASSED [] []
[2013-06-12 01:12:31] Codeception.INFO: PASSED [] []
[2013-06-12 01:12:31] Codeception.INFO: PASSED [] []
[2013-06-12 01:12:31] Codeception.INFO: PASSED [] []
[2013-06-12 01:12:31] Codeception.INFO: PASSED [] []
[2013-06-12 01:12:31] Codeception.INFO: PASSED [] []
[2013-06-12 01:12:31] Codeception.INFO: PASSED [] []
[2013-06-12 01:12:31] Codeception.INFO: PASSED [] []
[2013-06-12 01:12:31] Codeception.INFO: PASSED [] []
[2013-06-12 01:12:31] Codeception.INFO: PASSED [] []
[2013-06-12 01:12:31] Codeception.INFO: PASSED [] []
[2013-06-12 01:12:31] Codeception.INFO: PASSED [] []
[2013-06-12 01:13:45] Codeception.ALERT: Failed asserting that 'Building Guy classes for suites: shire
HobbitGuy includes modules: Filesystem, EmulateModuleHelper
HobbitGuy.php generated successfully. 12 methods added
' contains "tests/shire/HobbitGuy.php generated successfully. 12 methods added". [] []
[2013-06-12 01:13:45] Codeception.INFO: # FAILED # [] []
[2013-06-12 01:13:45] Codeception.INFO: PASSED [] []
[2013-06-12 01:13:45] Codeception.INFO: PASSED [] []
[2013-06-12 01:13:45] Codeception.INFO: PASSED [] []
[2013-06-12 01:13:45] Codeception.INFO: PASSED [] []
[2013-06-12 01:13:45] Codeception.INFO: PASSED [] []
[2013-06-12 01:13:45] Codeception.INFO: PASSED [] []
[2013-06-12 01:13:45] Codeception.INFO: PASSED [] []
[2013-06-12 01:13:45] Codeception.INFO: PASSED [] []
[2013-06-12 01:13:45] Codeception.INFO: PASSED [] []
[2013-06-12 01:13:45] Codeception.INFO: PASSED [] []
[2013-06-12 01:13:45] Codeception.INFO: PASSED [] []
[2013-06-12 01:13:45] Codeception.INFO: PASSED [] []
[2013-06-12 01:13:45] Codeception.INFO: PASSED [] []
[2013-06-12 01:13:45] Codeception.INFO: PASSED [] []
[2013-06-12 01:13:45] Codeception.INFO: PASSED [] []
[2013-06-12 01:13:45] Codeception.INFO: PASSED [] []
[2013-06-12 01:13:45] Codeception.INFO: PASSED [] []
[2013-06-12 01:13:45] Codeception.INFO: PASSED [] []
[2013-06-12 01:13:45] Codeception.INFO: PASSED [] []
[2013-06-12 01:13:45] Codeception.INFO: PASSED [] []
[2013-06-12 01:13:45] Codeception.INFO: PASSED [] []
[2013-06-12 01:13:45] Codeception.INFO: PASSED [] []
[2013-06-12 01:13:45] Codeception.INFO: PASSED [] []
[2013-06-12 01:13:45] Codeception.INFO: PASSED [] []
[2013-06-12 01:13:45] Codeception.INFO: PASSED [] []
[2013-06-12 01:13:54] Codeception.INFO: PASSED [] []
[2013-06-12 01:13:54] Codeception.INFO: PASSED [] []
[2013-06-12 01:13:54] Codeception.INFO: PASSED [] []
[2013-06-12 01:13:54] Codeception.INFO: PASSED [] []
[2013-06-12 01:13:54] Codeception.INFO: PASSED [] []
[2013-06-12 01:13:54] Codeception.INFO: PASSED [] []
[2013-06-12 01:13:54] Codeception.INFO: PASSED [] []
[2013-06-12 01:13:54] Codeception.INFO: PASSED [] []
[2013-06-12 01:13:54] Codeception.INFO: PASSED [] []
[2013-06-12 01:13:54] Codeception.INFO: PASSED [] []
[2013-06-12 01:13:54] Codeception.INFO: PASSED [] []
[2013-06-12 01:13:54] Codeception.INFO: PASSED [] []
[2013-06-12 01:13:54] Codeception.INFO: PASSED [] []
[2013-06-12 01:13:54] Codeception.INFO: PASSED [] []
[2013-06-12 01:13:54] Codeception.INFO: PASSED [] []
[2013-06-12 01:13:54] Codeception.INFO: PASSED [] []
[2013-06-12 01:13:54] Codeception.INFO: PASSED [] []
[2013-06-12 01:13:54] Codeception.INFO: PASSED [] []
[2013-06-12 01:13:54] Codeception.INFO: PASSED [] []
[2013-06-12 01:13:54] Codeception.INFO: PASSED [] []
[2013-06-12 01:13:54] Codeception.INFO: PASSED [] []
[2013-06-12 01:13:54] Codeception.INFO: PASSED [] []
[2013-06-12 01:13:55] Codeception.INFO: PASSED [] []
[2013-06-12 01:13:55] Codeception.INFO: PASSED [] []
[2013-06-12 01:13:55] Codeception.INFO: PASSED [] []
[2013-06-12 01:21:46] Codeception.INFO: PASSED [] []
[2013-06-12 01:21:46] Codeception.INFO: PASSED [] []
[2013-06-12 01:21:46] Codeception.INFO: PASSED [] []
[2013-06-12 01:21:46] Codeception.INFO: PASSED [] []
[2013-06-12 01:21:46] Codeception.INFO: PASSED [] []
[2013-06-12 01:21:46] Codeception.INFO: PASSED [] []
[2013-06-12 01:21:46] Codeception.ALERT: Failed asserting that exception of type "\Codeception\Exception\ModuleConfig" is thrown. [] []
[2013-06-12 01:21:46] Codeception.INFO: # FAILED # [] []
[2013-06-12 01:21:46] Codeception.INFO: PASSED [] []
[2013-06-12 01:21:46] Codeception.INFO: PASSED [] []
[2013-06-12 01:21:46] Codeception.INFO: PASSED [] []
[2013-06-12 01:21:46] Codeception.ALERT: Undefined index: report [] []
[2013-06-12 01:21:46] Codeception.INFO: # ERROR # [] []
[2013-06-12 01:21:46] Codeception.INFO: PASSED [] []
[2013-06-12 01:21:46] Codeception.INFO: PASSED [] []
[2013-06-12 01:21:46] Codeception.INFO: PASSED [] []
[2013-06-12 01:21:46] Codeception.INFO: PASSED [] []
[2013-06-12 01:21:46] Codeception.INFO: PASSED [] []
[2013-06-12 01:21:46] Codeception.INFO: PASSED [] []
[2013-06-12 01:21:46] Codeception.INFO: PASSED [] []
[2013-06-12 01:23:29] Codeception.INFO: PASSED [] []
[2013-06-12 01:23:29] Codeception.INFO: PASSED [] []
[2013-06-12 01:23:29] Codeception.INFO: PASSED [] []
[2013-06-12 01:23:29] Codeception.INFO: PASSED [] []
[2013-06-12 01:23:29] Codeception.INFO: PASSED [] []
[2013-06-12 01:23:29] Codeception.INFO: PASSED [] []
[2013-06-12 01:23:29] Codeception.ALERT: Failed asserting that exception of type "\Codeception\Exception\ModuleConfig" is thrown. [] []
[2013-06-12 01:23:29] Codeception.INFO: # FAILED # [] []
[2013-06-12 01:23:29] Codeception.INFO: PASSED [] []
[2013-06-12 01:23:29] Codeception.INFO: PASSED [] []
[2013-06-12 01:23:29] Codeception.INFO: PASSED [] []
[2013-06-12 01:23:29] Codeception.INFO: PASSED [] []
[2013-06-12 01:23:29] Codeception.INFO: PASSED [] []
[2013-06-12 01:23:29] Codeception.INFO: PASSED [] []
[2013-06-12 01:23:29] Codeception.INFO: PASSED [] []
[2013-06-12 01:23:29] Codeception.INFO: PASSED [] []
[2013-06-12 01:23:29] Codeception.INFO: PASSED [] []
[2013-06-12 01:23:29] Codeception.INFO: PASSED [] []
[2013-06-12 01:24:45] Codeception.INFO: PASSED [] []
[2013-06-12 01:24:45] Codeception.INFO: PASSED [] []
[2013-06-12 01:24:45] Codeception.INFO: PASSED [] []
[2013-06-12 01:24:45] Codeception.INFO: PASSED [] []
[2013-06-12 01:24:45] Codeception.INFO: PASSED [] []
[2013-06-12 01:24:45] Codeception.INFO: PASSED [] []
[2013-06-12 01:24:45] Codeception.ALERT: Failed asserting that exception of type "\Codeception\Exception\ModuleConfig" is thrown. [] []
[2013-06-12 01:24:45] Codeception.INFO: # FAILED # [] []
[2013-06-12 01:24:45] Codeception.INFO: PASSED [] []
[2013-06-12 01:24:45] Codeception.INFO: PASSED [] []
[2013-06-12 01:24:45] Codeception.INFO: PASSED [] []
[2013-06-12 01:24:45] Codeception.INFO: PASSED [] []
[2013-06-12 01:24:45] Codeception.INFO: PASSED [] []
[2013-06-12 01:24:45] Codeception.INFO: PASSED [] []
[2013-06-12 01:24:45] Codeception.INFO: PASSED [] []
[2013-06-12 01:24:45] Codeception.INFO: PASSED [] []
[2013-06-12 01:24:45] Codeception.INFO: PASSED [] []
[2013-06-12 01:24:45] Codeception.INFO: PASSED [] []
[2013-06-12 01:24:54] Codeception.INFO: PASSED [] []
[2013-06-12 01:24:54] Codeception.INFO: PASSED [] []
[2013-06-12 01:24:54] Codeception.INFO: PASSED [] []
[2013-06-12 01:24:54] Codeception.INFO: PASSED [] []
[2013-06-12 01:24:54] Codeception.INFO: PASSED [] []
[2013-06-12 01:24:54] Codeception.INFO: PASSED [] []
[2013-06-12 01:24:54] Codeception.ALERT: Failed asserting that exception of type "\Codeception\Exception\ModuleConfig" is thrown. [] []
[2013-06-12 01:24:54] Codeception.INFO: # FAILED # [] []
[2013-06-12 01:24:54] Codeception.INFO: PASSED [] []
[2013-06-12 01:24:54] Codeception.INFO: PASSED [] []
[2013-06-12 01:24:54] Codeception.INFO: PASSED [] []
[2013-06-12 01:24:54] Codeception.INFO: PASSED [] []
[2013-06-12 01:24:54] Codeception.INFO: PASSED [] []
[2013-06-12 01:24:54] Codeception.INFO: PASSED [] []
[2013-06-12 01:24:54] Codeception.INFO: PASSED [] []
[2013-06-12 01:24:54] Codeception.INFO: PASSED [] []
[2013-06-12 01:24:54] Codeception.INFO: PASSED [] []
[2013-06-12 01:24:54] Codeception.INFO: PASSED [] []
[2013-06-12 01:27:08] Codeception.INFO: PASSED [] []
[2013-06-12 01:27:08] Codeception.INFO: PASSED [] []
[2013-06-12 01:27:08] Codeception.INFO: PASSED [] []
[2013-06-12 01:27:08] Codeception.INFO: PASSED [] []
[2013-06-12 01:27:08] Codeception.INFO: PASSED [] []
[2013-06-12 01:27:08] Codeception.INFO: PASSED [] []
[2013-06-12 01:27:08] Codeception.ALERT: Failed asserting that exception of type "\Codeception\Exception\ModuleConfig" is thrown. [] []
[2013-06-12 01:27:08] Codeception.INFO: # FAILED # [] []
[2013-06-12 01:27:08] Codeception.INFO: PASSED [] []
[2013-06-12 01:27:08] Codeception.INFO: PASSED [] []
[2013-06-12 01:27:08] Codeception.INFO: PASSED [] []
[2013-06-12 01:27:08] Codeception.INFO: PASSED [] []
[2013-06-12 01:27:08] Codeception.INFO: PASSED [] []
[2013-06-12 01:27:08] Codeception.INFO: PASSED [] []
[2013-06-12 01:27:08] Codeception.INFO: PASSED [] []
[2013-06-12 01:27:08] Codeception.INFO: PASSED [] []
[2013-06-12 01:27:08] Codeception.INFO: PASSED [] []
[2013-06-12 01:27:08] Codeception.INFO: PASSED [] []
[2013-06-12 01:28:26] Codeception.INFO: PASSED [] []
[2013-06-12 01:28:26] Codeception.INFO: PASSED [] []
[2013-06-12 01:28:26] Codeception.INFO: PASSED [] []
[2013-06-12 01:28:26] Codeception.INFO: PASSED [] []
[2013-06-12 01:28:26] Codeception.INFO: PASSED [] []
[2013-06-12 01:28:26] Codeception.INFO: PASSED [] []
[2013-06-12 01:28:26] Codeception.ALERT: Failed asserting that exception of type "\Codeception\Exception\ModuleConfig" is thrown. [] []
[2013-06-12 01:28:26] Codeception.INFO: # FAILED # [] []
[2013-06-12 01:28:26] Codeception.INFO: PASSED [] []
[2013-06-12 01:28:26] Codeception.INFO: PASSED [] []
[2013-06-12 01:28:26] Codeception.INFO: PASSED [] []
[2013-06-12 01:28:26] Codeception.INFO: PASSED [] []
[2013-06-12 01:28:26] Codeception.INFO: PASSED [] []
[2013-06-12 01:28:26] Codeception.INFO: PASSED [] []
[2013-06-12 01:28:26] Codeception.INFO: PASSED [] []
[2013-06-12 01:28:26] Codeception.INFO: PASSED [] []
[2013-06-12 01:28:26] Codeception.INFO: PASSED [] []
[2013-06-12 01:28:26] Codeception.INFO: PASSED [] []
[2013-06-12 01:29:16] Codeception.INFO: PASSED [] []
[2013-06-12 01:29:16] Codeception.INFO: PASSED [] []
[2013-06-12 01:29:16] Codeception.INFO: PASSED [] []
[2013-06-12 01:29:16] Codeception.INFO: PASSED [] []
[2013-06-12 01:29:16] Codeception.INFO: PASSED [] []
[2013-06-12 01:29:16] Codeception.INFO: PASSED [] []
[2013-06-12 01:29:16] Codeception.INFO: PASSED [] []
[2013-06-12 01:29:16] Codeception.INFO: PASSED [] []
[2013-06-12 01:29:16] Codeception.INFO: PASSED [] []
[2013-06-12 01:29:16] Codeception.INFO: PASSED [] []
[2013-06-12 01:29:16] Codeception.INFO: PASSED [] []
[2013-06-12 01:29:16] Codeception.INFO: PASSED [] []
[2013-06-12 01:29:16] Codeception.INFO: PASSED [] []
[2013-06-12 01:29:16] Codeception.INFO: PASSED [] []
[2013-06-12 01:29:16] Codeception.INFO: PASSED [] []
[2013-06-12 01:29:16] Codeception.INFO: PASSED [] []
