[2012-01-16 00:49:05] Codeception.ALERT: call_user_func_array() expects exactly 2 parameters, 3 given [] []
[2012-01-16 00:49:05] Codeception.INFO: # ERROR # [] []
[2012-01-16 00:49:05] Codeception.INFO: PASSED [] []
[2012-01-16 00:50:40] Codeception.ALERT: Undefined property: UnitTest::$scenario [] []
[2012-01-16 00:50:40] Codeception.INFO: # ERROR # [] []
[2012-01-16 00:50:40] Codeception.INFO: PASSED [] []
[2012-01-16 00:55:29] Codeception.ALERT: Argument 1 passed to Codeception\AbstractGuy::__construct() must be an instance of Codeception\Scenario, null given, called in /mnt/storage/Work/Codeception/tests/unit/Codeception/Module/UnitTest.php on line 48 and defined [] []
[2012-01-16 00:55:29] Codeception.INFO: # ERROR # [] []
[2012-01-16 00:55:29] Codeception.INFO: PASSED [] []
[2012-01-16 00:55:57] Codeception.ALERT: Invalid argument supplied for foreach() [] []
[2012-01-16 00:55:57] Codeception.INFO: # ERROR # [] []
[2012-01-16 00:55:57] Codeception.INFO: PASSED [] []
[2012-01-16 00:56:17] Codeception.INFO: PASSED [] []
[2012-01-16 00:58:01] Codeception.INFO: PASSED [] []
[2012-01-16 00:58:01] Codeception.ALERT: (Exception in ) UserService::validateName is not valid callable [] []
[2012-01-16 00:58:01] Codeception.INFO: # ERROR # [] []
[2012-01-16 00:58:01] Codeception.INFO: PASSED [] []
[2012-01-16 00:58:19] Codeception.INFO: PASSED [] []
[2012-01-16 00:58:19] Codeception.ALERT: (Exception in ) UserService::validateName is not valid callable [] []
[2012-01-16 00:58:19] Codeception.INFO: # ERROR # [] []
[2012-01-16 00:58:19] Codeception.INFO: PASSED [] []
[2012-01-16 01:00:29] Codeception.INFO: PASSED [] []
[2012-01-16 01:00:29] Codeception.INFO: PASSED [] []
[2012-01-16 01:01:19] Codeception.INFO: PASSED [] []
[2012-01-16 01:01:19] Codeception.ALERT: in 1
Failed asserting that true matches expected false. [] []
[2012-01-16 01:01:19] Codeception.INFO: # FAILED # [] []
[2012-01-16 01:01:19] Codeception.INFO: PASSED [] []
[2012-01-16 01:02:00] Codeception.INFO: PASSED [] []
[2012-01-16 01:02:00] Codeception.ALERT: in 1
Failed asserting that true matches expected false. [] []
[2012-01-16 01:02:00] Codeception.INFO: # FAILED # [] []
[2012-01-16 01:02:00] Codeception.INFO: PASSED [] []
[2012-01-16 01:02:09] Codeception.INFO: PASSED [] []
[2012-01-16 01:02:09] Codeception.ALERT: in 1
Failed asserting that true matches expected false. [] []
[2012-01-16 01:02:09] Codeception.INFO: # FAILED # [] []
[2012-01-16 01:02:09] Codeception.INFO: PASSED [] []
[2012-01-16 01:05:02] Codeception.INFO: PASSED [] []
[2012-01-16 01:05:02] Codeception.INFO: PASSED [] []
[2012-01-16 01:06:32] Codeception.INFO: PASSED [] []
[2012-01-16 01:06:32] Codeception.INFO: PASSED [] []
[2012-01-16 01:10:51] Codeception.INFO: PASSED [] []
[2012-01-16 01:10:51] Codeception.INFO: PASSED [] []
[2012-01-16 01:11:04] Codeception.INFO: PASSED [] []
[2012-01-16 01:11:04] Codeception.INFO: PASSED [] []
[2012-01-16 01:11:04] Codeception.ALERT: in 
Failed asserting that null matches expected true. [] []
[2012-01-16 01:11:04] Codeception.INFO: # FAILED # [] []
[2012-01-16 01:11:04] Codeception.INFO: PASSED [] []
[2012-01-16 01:22:51] Codeception.INFO: PASSED [] []
[2012-01-16 01:22:51] Codeception.INFO: PASSED [] []
[2012-01-16 01:22:51] Codeception.ALERT: in 
Failed asserting that null matches expected true. [] []
[2012-01-16 01:22:51] Codeception.INFO: # FAILED # [] []
[2012-01-16 01:22:51] Codeception.INFO: PASSED [] []
[2012-01-16 01:25:27] Codeception.INFO: PASSED [] []
[2012-01-16 01:25:27] Codeception.INFO: PASSED [] []
[2012-01-16 04:20:29] Codeception.INFO: PASSED [] []
[2012-01-16 04:20:29] Codeception.INFO: PASSED [] []
[2012-01-16 04:20:29] Codeception.ALERT: in 
Failed asserting that null matches expected true. [] []
[2012-01-16 04:20:29] Codeception.INFO: # FAILED # [] []
[2012-01-16 04:20:29] Codeception.INFO: PASSED [] []
[2012-01-16 04:22:29] Codeception.INFO: PASSED [] []
[2012-01-16 04:22:29] Codeception.INFO: PASSED [] []
[2012-01-16 04:22:29] Codeception.INFO: PASSED [] []
[2012-01-16 04:26:30] Codeception.INFO: PASSED [] []
[2012-01-16 04:26:30] Codeception.INFO: PASSED [] []
[2012-01-16 04:26:30] Codeception.INFO: PASSED [] []
[2012-01-16 04:26:30] Codeception.INFO: PASSED [] []
[2012-01-16 04:29:01] Codeception.INFO: PASSED [] []
[2012-01-16 04:29:01] Codeception.INFO: PASSED [] []
[2012-01-16 04:29:01] Codeception.INFO: PASSED [] []
[2012-01-16 04:29:01] Codeception.INFO: PASSED [] []
[2012-01-16 04:29:01] Codeception.INFO: PASSED [] []
[2012-01-16 04:30:05] Codeception.INFO: PASSED [] []
[2012-01-16 04:30:05] Codeception.INFO: PASSED [] []
[2012-01-16 04:30:05] Codeception.INFO: PASSED [] []
[2012-01-16 04:42:38] Codeception.INFO: PASSED [] []
[2012-01-16 04:42:38] Codeception.INFO: PASSED [] []
[2012-01-16 04:42:38] Codeception.INFO: PASSED [] []
[2012-01-16 04:42:38] Codeception.ALERT: Unpredicted exception Missing argument 1 for UserService::create() was thrown [] []
[2012-01-16 04:42:38] Codeception.INFO: # FAILED # [] []
[2012-01-16 04:42:38] Codeception.INFO: PASSED [] []
[2012-01-16 04:42:38] Codeception.ALERT: Unpredicted exception Missing argument 1 for UserModel::get() was thrown [] []
[2012-01-16 04:42:38] Codeception.INFO: # FAILED # [] []
[2012-01-16 04:42:38] Codeception.INFO: PASSED [] []
[2012-01-16 04:43:20] Codeception.INFO: PASSED [] []
[2012-01-16 04:43:20] Codeception.INFO: PASSED [] []
[2012-01-16 04:43:20] Codeception.INFO: PASSED [] []
[2012-01-16 04:43:20] Codeception.ALERT: Missing argument 1 for UserService::create() [] []
[2012-01-16 04:43:20] Codeception.INFO: # ERROR # [] []
[2012-01-16 04:43:20] Codeception.INFO: PASSED [] []
[2012-01-16 04:43:20] Codeception.ALERT: Missing argument 1 for UserModel::get() [] []
[2012-01-16 04:43:20] Codeception.INFO: # ERROR # [] []
[2012-01-16 04:43:20] Codeception.INFO: PASSED [] []
[2012-01-16 04:44:13] Codeception.INFO: PASSED [] []
[2012-01-16 04:44:13] Codeception.INFO: PASSED [] []
[2012-01-16 04:44:13] Codeception.INFO: PASSED [] []
[2012-01-16 04:44:13] Codeception.ALERT: Mock is not registered by 'haveStub' or 'haveFakeClass' methods [] []
[2012-01-16 04:44:13] Codeception.INFO: # ERROR # [] []
[2012-01-16 04:44:13] Codeception.INFO: PASSED [] []
[2012-01-16 04:44:13] Codeception.ALERT: Undefined index: name [] []
[2012-01-16 04:44:13] Codeception.INFO: # ERROR # [] []
[2012-01-16 04:44:13] Codeception.INFO: PASSED [] []
[2012-01-16 04:46:43] Codeception.INFO: PASSED [] []
[2012-01-16 04:46:43] Codeception.INFO: PASSED [] []
[2012-01-16 04:46:43] Codeception.INFO: PASSED [] []
[2012-01-16 04:46:43] Codeception.ALERT: Mock is not registered by 'haveStub' or 'haveFakeClass' methods [] []
[2012-01-16 04:46:43] Codeception.INFO: # ERROR # [] []
[2012-01-16 04:46:43] Codeception.INFO: PASSED [] []
[2012-01-16 04:46:43] Codeception.ALERT: Undefined index: name [] []
[2012-01-16 04:46:43] Codeception.INFO: # ERROR # [] []
[2012-01-16 04:46:43] Codeception.INFO: PASSED [] []
[2012-01-16 04:46:55] Codeception.INFO: PASSED [] []
[2012-01-16 04:46:55] Codeception.INFO: PASSED [] []
[2012-01-16 04:46:55] Codeception.INFO: PASSED [] []
[2012-01-16 04:46:55] Codeception.ALERT: Mock is not registered by 'haveStub' or 'haveFakeClass' methods [] []
[2012-01-16 04:46:55] Codeception.INFO: # ERROR # [] []
[2012-01-16 04:46:55] Codeception.INFO: PASSED [] []
[2012-01-16 04:46:55] Codeception.ALERT: Key does not exists! [] []
[2012-01-16 04:46:55] Codeception.INFO: # ERROR # [] []
[2012-01-16 04:46:55] Codeception.INFO: PASSED [] []
[2012-01-16 04:49:50] Codeception.INFO: PASSED [] []
[2012-01-16 04:49:50] Codeception.INFO: PASSED [] []
[2012-01-16 04:49:50] Codeception.INFO: PASSED [] []
[2012-01-16 04:49:50] Codeception.ALERT: Mock is not registered by 'haveStub' or 'haveFakeClass' methods [] []
[2012-01-16 04:49:50] Codeception.INFO: # ERROR # [] []
[2012-01-16 04:49:50] Codeception.INFO: PASSED [] []
[2012-01-16 04:49:50] Codeception.ALERT: Key does not exists! [] []
[2012-01-16 04:49:50] Codeception.INFO: # ERROR # [] []
[2012-01-16 04:49:50] Codeception.INFO: PASSED [] []
[2012-01-16 04:53:46] Codeception.INFO: PASSED [] []
[2012-01-16 04:53:46] Codeception.INFO: PASSED [] []
[2012-01-16 04:53:46] Codeception.INFO: PASSED [] []
[2012-01-16 04:53:46] Codeception.ALERT: Mock is not registered by 'haveStub' or 'haveFakeClass' methods [] []
[2012-01-16 04:53:46] Codeception.INFO: # ERROR # [] []
[2012-01-16 04:53:46] Codeception.INFO: PASSED [] []
[2012-01-16 04:53:46] Codeception.INFO: PASSED [] []
[2012-01-16 04:54:05] Codeception.INFO: PASSED [] []
[2012-01-16 04:54:05] Codeception.INFO: PASSED [] []
[2012-01-16 04:54:05] Codeception.INFO: PASSED [] []
[2012-01-16 04:54:05] Codeception.ALERT: Mock is not registered by 'haveStub' or 'haveFakeClass' methods [] []
[2012-01-16 04:54:05] Codeception.INFO: # ERROR # [] []
[2012-01-16 04:54:05] Codeception.INFO: PASSED [] []
[2012-01-16 04:54:05] Codeception.INFO: PASSED [] []
[2012-01-16 04:54:09] Codeception.INFO: PASSED [] []
[2012-01-16 04:54:09] Codeception.INFO: PASSED [] []
[2012-01-16 04:54:09] Codeception.INFO: PASSED [] []
[2012-01-16 04:54:09] Codeception.ALERT: Mock is not registered by 'haveStub' or 'haveFakeClass' methods [] []
[2012-01-16 04:54:09] Codeception.INFO: # ERROR # [] []
[2012-01-16 04:54:09] Codeception.INFO: PASSED [] []
[2012-01-16 04:54:09] Codeception.INFO: PASSED [] []
[2012-01-16 05:03:06] Codeception.ALERT: File with test scenario not set. Use array(file => filepath) to set a scenario [] []
[2012-01-16 05:03:06] Codeception.INFO: # ERROR # [] []
[2012-01-16 05:03:06] Codeception.INFO: PASSED [] []
[2012-01-16 05:03:06] Codeception.ALERT: File with test scenario not set. Use array(file => filepath) to set a scenario [] []
[2012-01-16 05:03:06] Codeception.INFO: # ERROR # [] []
[2012-01-16 05:03:06] Codeception.INFO: PASSED [] []
[2012-01-16 05:03:06] Codeception.ALERT: File with test scenario not set. Use array(file => filepath) to set a scenario [] []
[2012-01-16 05:03:06] Codeception.INFO: # ERROR # [] []
[2012-01-16 05:03:06] Codeception.INFO: PASSED [] []
[2012-01-16 05:03:06] Codeception.ALERT: File with test scenario not set. Use array(file => filepath) to set a scenario [] []
[2012-01-16 05:03:06] Codeception.INFO: # ERROR # [] []
[2012-01-16 05:03:06] Codeception.INFO: PASSED [] []
[2012-01-16 05:03:06] Codeception.ALERT: File with test scenario not set. Use array(file => filepath) to set a scenario [] []
[2012-01-16 05:03:06] Codeception.INFO: # ERROR # [] []
[2012-01-16 05:03:06] Codeception.INFO: PASSED [] []
[2012-01-16 05:03:08] Codeception.ALERT: File with test scenario not set. Use array(file => filepath) to set a scenario [] []
[2012-01-16 05:03:08] Codeception.INFO: # ERROR # [] []
[2012-01-16 05:03:08] Codeception.INFO: PASSED [] []
[2012-01-16 05:03:08] Codeception.ALERT: File with test scenario not set. Use array(file => filepath) to set a scenario [] []
[2012-01-16 05:03:08] Codeception.INFO: # ERROR # [] []
[2012-01-16 05:03:08] Codeception.INFO: PASSED [] []
[2012-01-16 05:03:08] Codeception.ALERT: File with test scenario not set. Use array(file => filepath) to set a scenario [] []
[2012-01-16 05:03:08] Codeception.INFO: # ERROR # [] []
[2012-01-16 05:03:08] Codeception.INFO: PASSED [] []
[2012-01-16 05:03:08] Codeception.ALERT: File with test scenario not set. Use array(file => filepath) to set a scenario [] []
[2012-01-16 05:03:08] Codeception.INFO: # ERROR # [] []
[2012-01-16 05:03:08] Codeception.INFO: PASSED [] []
[2012-01-16 05:03:08] Codeception.ALERT: File with test scenario not set. Use array(file => filepath) to set a scenario [] []
[2012-01-16 05:03:08] Codeception.INFO: # ERROR # [] []
[2012-01-16 05:03:08] Codeception.INFO: PASSED [] []
[2012-01-16 05:03:25] Codeception.ALERT: Undefined index: name [] []
[2012-01-16 05:03:25] Codeception.INFO: # ERROR # [] []
[2012-01-16 05:03:25] Codeception.INFO: PASSED [] []
[2012-01-16 05:03:25] Codeception.ALERT: Undefined index: name [] []
[2012-01-16 05:03:25] Codeception.INFO: # ERROR # [] []
[2012-01-16 05:03:25] Codeception.INFO: PASSED [] []
[2012-01-16 05:03:25] Codeception.ALERT: Undefined index: name [] []
[2012-01-16 05:03:25] Codeception.INFO: # ERROR # [] []
[2012-01-16 05:03:25] Codeception.INFO: PASSED [] []
[2012-01-16 05:03:25] Codeception.ALERT: Undefined index: name [] []
[2012-01-16 05:03:25] Codeception.INFO: # ERROR # [] []
[2012-01-16 05:03:25] Codeception.INFO: PASSED [] []
[2012-01-16 05:03:25] Codeception.ALERT: Undefined index: name [] []
[2012-01-16 05:03:25] Codeception.INFO: # ERROR # [] []
[2012-01-16 05:03:25] Codeception.INFO: PASSED [] []
[2012-01-16 05:03:38] Codeception.ALERT: Undefined index: class [] []
[2012-01-16 05:03:38] Codeception.INFO: # ERROR # [] []
[2012-01-16 05:03:38] Codeception.INFO: PASSED [] []
[2012-01-16 05:03:38] Codeception.ALERT: Undefined index: class [] []
[2012-01-16 05:03:38] Codeception.INFO: # ERROR # [] []
[2012-01-16 05:03:38] Codeception.INFO: PASSED [] []
[2012-01-16 05:03:38] Codeception.ALERT: Undefined index: class [] []
[2012-01-16 05:03:38] Codeception.INFO: # ERROR # [] []
[2012-01-16 05:03:38] Codeception.INFO: PASSED [] []
[2012-01-16 05:03:38] Codeception.ALERT: Undefined index: class [] []
[2012-01-16 05:03:38] Codeception.INFO: # ERROR # [] []
[2012-01-16 05:03:38] Codeception.INFO: PASSED [] []
[2012-01-16 05:03:38] Codeception.ALERT: Undefined index: class [] []
[2012-01-16 05:03:38] Codeception.INFO: # ERROR # [] []
[2012-01-16 05:03:38] Codeception.INFO: PASSED [] []
[2012-01-16 05:06:19] Codeception.ALERT: Undefined property: Mock_Cept_aebf38d9::$getScenario [] []
[2012-01-16 05:06:19] Codeception.INFO: # ERROR # [] []
[2012-01-16 05:06:19] Codeception.INFO: PASSED [] []
[2012-01-16 05:06:19] Codeception.ALERT: Undefined property: Mock_Cept_aebf38d9::$getScenario [] []
[2012-01-16 05:06:19] Codeception.INFO: # ERROR # [] []
[2012-01-16 05:06:19] Codeception.INFO: PASSED [] []
[2012-01-16 05:06:19] Codeception.ALERT: Undefined property: Mock_Cept_aebf38d9::$getScenario [] []
[2012-01-16 05:06:19] Codeception.INFO: # ERROR # [] []
[2012-01-16 05:06:19] Codeception.INFO: PASSED [] []
[2012-01-16 05:06:19] Codeception.ALERT: Undefined property: Mock_Cept_aebf38d9::$getScenario [] []
[2012-01-16 05:06:19] Codeception.INFO: # ERROR # [] []
[2012-01-16 05:06:19] Codeception.INFO: PASSED [] []
[2012-01-16 05:06:19] Codeception.ALERT: Undefined property: Mock_Cept_aebf38d9::$getScenario [] []
[2012-01-16 05:06:19] Codeception.INFO: # ERROR # [] []
[2012-01-16 05:06:19] Codeception.INFO: PASSED [] []
[2012-01-16 05:15:04] Codeception.ALERT: Undefined property: UnitTest::$test [] []
[2012-01-16 05:15:04] Codeception.INFO: # ERROR # [] []
[2012-01-16 05:15:04] Codeception.INFO: PASSED [] []
[2012-01-16 05:15:04] Codeception.ALERT: Undefined property: UnitTest::$test [] []
[2012-01-16 05:15:04] Codeception.INFO: # ERROR # [] []
[2012-01-16 05:15:04] Codeception.INFO: PASSED [] []
[2012-01-16 05:15:04] Codeception.ALERT: Undefined property: UnitTest::$test [] []
[2012-01-16 05:15:04] Codeception.INFO: # ERROR # [] []
[2012-01-16 05:15:04] Codeception.INFO: PASSED [] []
[2012-01-16 05:15:04] Codeception.ALERT: Undefined property: UnitTest::$test [] []
[2012-01-16 05:15:04] Codeception.INFO: # ERROR # [] []
[2012-01-16 05:15:04] Codeception.INFO: PASSED [] []
[2012-01-16 05:15:04] Codeception.ALERT: Undefined property: UnitTest::$test [] []
[2012-01-16 05:15:04] Codeception.INFO: # ERROR # [] []
[2012-01-16 05:15:04] Codeception.INFO: PASSED [] []
[2012-01-16 05:20:40] Codeception.INFO: PASSED [] []
[2012-01-16 05:20:40] Codeception.INFO: PASSED [] []
[2012-01-16 05:20:40] Codeception.INFO: PASSED [] []
[2012-01-16 05:20:40] Codeception.INFO: PASSED [] []
[2012-01-16 05:20:40] Codeception.INFO: PASSED [] []
[2012-01-16 05:20:40] Codeception.INFO: PASSED [] []
[2012-01-16 05:20:40] Codeception.INFO: PASSED [] []
[2012-01-16 05:20:40] Codeception.INFO: PASSED [] []
[2012-01-16 05:20:40] Codeception.INFO: PASSED [] []
[2012-01-16 05:20:40] Codeception.INFO: PASSED [] []
[2012-01-16 05:20:40] Codeception.ALERT: Undefined property: Mock_DummyClass_05fa719f::$getCheckMe [] []
[2012-01-16 05:20:40] Codeception.INFO: # ERROR # [] []
[2012-01-16 05:20:40] Codeception.INFO: PASSED [] []
[2012-01-16 05:20:49] Codeception.INFO: PASSED [] []
[2012-01-16 05:20:49] Codeception.INFO: PASSED [] []
[2012-01-16 05:20:49] Codeception.INFO: PASSED [] []
[2012-01-16 05:20:49] Codeception.INFO: PASSED [] []
[2012-01-16 05:20:49] Codeception.INFO: PASSED [] []
[2012-01-16 05:20:49] Codeception.INFO: PASSED [] []
[2012-01-16 05:20:49] Codeception.INFO: PASSED [] []
[2012-01-16 05:20:49] Codeception.INFO: PASSED [] []
[2012-01-16 05:20:49] Codeception.INFO: PASSED [] []
[2012-01-16 05:20:49] Codeception.INFO: PASSED [] []
[2012-01-16 05:20:49] Codeception.ALERT: Failed asserting that null matches expected 'done'. [] []
[2012-01-16 05:20:49] Codeception.INFO: # FAILED # [] []
[2012-01-16 05:20:49] Codeception.INFO: PASSED [] []
[2012-01-16 05:21:44] Codeception.INFO: PASSED [] []
[2012-01-16 05:21:44] Codeception.INFO: PASSED [] []
[2012-01-16 05:21:44] Codeception.INFO: PASSED [] []
[2012-01-16 05:21:44] Codeception.INFO: PASSED [] []
[2012-01-16 05:21:44] Codeception.INFO: PASSED [] []
[2012-01-16 05:21:44] Codeception.INFO: PASSED [] []
[2012-01-16 05:21:44] Codeception.INFO: PASSED [] []
[2012-01-16 05:21:44] Codeception.INFO: PASSED [] []
[2012-01-16 05:21:44] Codeception.INFO: PASSED [] []
[2012-01-16 05:21:44] Codeception.INFO: PASSED [] []
[2012-01-16 05:21:44] Codeception.ALERT: Failed asserting that null matches expected 'done'. [] []
[2012-01-16 05:21:44] Codeception.INFO: # FAILED # [] []
[2012-01-16 05:21:44] Codeception.INFO: PASSED [] []
[2012-01-16 05:23:16] Codeception.INFO: PASSED [] []
[2012-01-16 05:23:16] Codeception.INFO: PASSED [] []
[2012-01-16 05:23:16] Codeception.INFO: PASSED [] []
[2012-01-16 05:23:16] Codeception.INFO: PASSED [] []
[2012-01-16 05:23:16] Codeception.INFO: PASSED [] []
[2012-01-16 05:23:16] Codeception.INFO: PASSED [] []
[2012-01-16 05:23:16] Codeception.INFO: PASSED [] []
[2012-01-16 05:23:16] Codeception.INFO: PASSED [] []
[2012-01-16 05:23:16] Codeception.INFO: PASSED [] []
[2012-01-16 05:23:16] Codeception.INFO: PASSED [] []
[2012-01-16 05:23:16] Codeception.INFO: PASSED [] []
[2012-01-16 05:24:07] Codeception.INFO: PASSED [] []
[2012-01-16 05:24:07] Codeception.INFO: PASSED [] []
[2012-01-16 05:24:07] Codeception.INFO: PASSED [] []
[2012-01-16 05:24:07] Codeception.INFO: PASSED [] []
[2012-01-16 05:24:07] Codeception.INFO: PASSED [] []
[2012-01-16 05:24:07] Codeception.INFO: PASSED [] []
[2012-01-16 05:24:07] Codeception.INFO: PASSED [] []
[2012-01-16 05:24:07] Codeception.INFO: PASSED [] []
[2012-01-16 05:24:07] Codeception.INFO: PASSED [] []
[2012-01-16 05:24:07] Codeception.INFO: PASSED [] []
[2012-01-16 05:24:07] Codeception.INFO: PASSED [] []
[2012-01-16 05:24:10] Codeception.ALERT: Argument 1 passed to Codeception\Scenario::__construct() must be an instance of Codeception\TestCase, instance of Mock_Test_9a20c726 given [] []
[2012-01-16 05:24:10] Codeception.INFO: # ERROR # [] []
[2012-01-16 05:24:10] Codeception.INFO: PASSED [] []
[2012-01-16 05:24:10] Codeception.ALERT: Argument 1 passed to Codeception\Scenario::__construct() must be an instance of Codeception\TestCase, instance of Mock_Test_9a20c726 given [] []
[2012-01-16 05:24:10] Codeception.INFO: # ERROR # [] []
[2012-01-16 05:24:10] Codeception.INFO: PASSED [] []
[2012-01-16 05:24:10] Codeception.ALERT: Argument 1 passed to Codeception\Scenario::__construct() must be an instance of Codeception\TestCase, instance of Mock_Test_9a20c726 given [] []
[2012-01-16 05:24:10] Codeception.INFO: # ERROR # [] []
[2012-01-16 05:24:10] Codeception.INFO: PASSED [] []
[2012-01-16 05:24:10] Codeception.ALERT: Argument 1 passed to Codeception\Scenario::__construct() must be an instance of Codeception\TestCase, instance of Mock_Test_9a20c726 given [] []
[2012-01-16 05:24:10] Codeception.INFO: # ERROR # [] []
[2012-01-16 05:24:10] Codeception.INFO: PASSED [] []
[2012-01-16 05:24:10] Codeception.ALERT: Argument 1 passed to Codeception\Scenario::__construct() must be an instance of Codeception\TestCase, instance of Mock_Test_9a20c726 given [] []
[2012-01-16 05:24:10] Codeception.INFO: # ERROR # [] []
[2012-01-16 05:24:10] Codeception.INFO: PASSED [] []
[2012-01-16 05:29:16] Codeception.INFO: PASSED [] []
[2012-01-16 05:29:16] Codeception.INFO: PASSED [] []
[2012-01-16 05:29:16] Codeception.INFO: PASSED [] []
[2012-01-16 05:30:02] Codeception.INFO: PASSED [] []
[2012-01-16 05:30:02] Codeception.INFO: PASSED [] []
[2012-01-16 05:30:02] Codeception.INFO: PASSED [] []
[2012-01-16 05:30:02] Codeception.ALERT: Probably Internal Error. There is no matchers for current mock [] []
[2012-01-16 05:30:02] Codeception.INFO: # ERROR # [] []
[2012-01-16 05:30:02] Codeception.INFO: PASSED [] []
[2012-01-16 05:30:02] Codeception.INFO: PASSED [] []
[2012-01-16 05:31:14] Codeception.INFO: PASSED [] []
[2012-01-16 05:31:14] Codeception.INFO: PASSED [] []
[2012-01-16 05:31:14] Codeception.INFO: PASSED [] []
[2012-01-16 05:31:14] Codeception.ALERT: Probably Internal Error. There is no matchers for current mock [] []
[2012-01-16 05:31:14] Codeception.INFO: # ERROR # [] []
[2012-01-16 05:31:14] Codeception.INFO: PASSED [] []
[2012-01-16 05:31:14] Codeception.INFO: PASSED [] []
[2012-01-16 05:35:58] Codeception.INFO: PASSED [] []
[2012-01-16 05:35:58] Codeception.INFO: PASSED [] []
[2012-01-16 05:35:58] Codeception.INFO: PASSED [] []
[2012-01-16 05:35:58] Codeception.INFO: # Skipped # [] []
[2012-01-16 05:35:58] Codeception.INFO: PASSED [] []
[2012-01-16 05:35:58] Codeception.INFO: PASSED [] []
[2012-01-16 05:36:05] Codeception.INFO: PASSED [] []
[2012-01-16 05:36:05] Codeception.INFO: PASSED [] []
[2012-01-16 05:36:05] Codeception.INFO: PASSED [] []
[2012-01-16 05:36:05] Codeception.INFO: PASSED [] []
[2012-01-16 05:36:05] Codeception.INFO: PASSED [] []
[2012-01-16 05:38:19] Codeception.INFO: PASSED [] []
[2012-01-16 05:38:19] Codeception.INFO: PASSED [] []
[2012-01-16 05:38:19] Codeception.ALERT: Argument #1 of PHPUnit_Framework_Assert::assertInstanceOf() must be a class or interface name [] []
[2012-01-16 05:38:19] Codeception.INFO: # ERROR # [] []
[2012-01-16 05:38:19] Codeception.INFO: PASSED [] []
[2012-01-16 05:38:19] Codeception.INFO: PASSED [] []
[2012-01-16 05:38:19] Codeception.INFO: PASSED [] []
[2012-01-16 05:38:27] Codeception.INFO: PASSED [] []
[2012-01-16 05:38:27] Codeception.INFO: PASSED [] []
[2012-01-16 05:38:27] Codeception.ALERT: call_user_func_array() expects parameter 1 to be a valid callback, class 'Codeception\Module\Unit' does not have a method 'dontSeeResultIs' [] []
[2012-01-16 05:38:27] Codeception.INFO: # ERROR # [] []
[2012-01-16 05:38:27] Codeception.INFO: PASSED [] []
[2012-01-16 05:38:27] Codeception.INFO: PASSED [] []
[2012-01-16 05:38:27] Codeception.INFO: PASSED [] []
[2012-01-16 05:38:38] Codeception.INFO: PASSED [] []
[2012-01-16 05:38:38] Codeception.INFO: PASSED [] []
[2012-01-16 05:38:38] Codeception.INFO: PASSED [] []
[2012-01-16 05:38:38] Codeception.INFO: PASSED [] []
[2012-01-16 05:38:38] Codeception.INFO: PASSED [] []
[2012-01-16 05:39:01] Codeception.INFO: PASSED [] []
[2012-01-16 05:39:01] Codeception.INFO: PASSED [] []
[2012-01-16 05:39:01] Codeception.ALERT: call_user_func_array() expects parameter 1 to be a valid callback, class 'Codeception\Module\Unit' does not have a method 'dontSeeResulEquals' [] []
[2012-01-16 05:39:01] Codeception.INFO: # ERROR # [] []
[2012-01-16 05:39:01] Codeception.INFO: PASSED [] []
[2012-01-16 05:39:01] Codeception.INFO: PASSED [] []
[2012-01-16 05:39:01] Codeception.INFO: PASSED [] []
[2012-01-16 05:39:11] Codeception.INFO: PASSED [] []
[2012-01-16 05:39:11] Codeception.INFO: PASSED [] []
[2012-01-16 05:39:11] Codeception.INFO: PASSED [] []
[2012-01-16 05:39:11] Codeception.INFO: PASSED [] []
[2012-01-16 05:39:11] Codeception.INFO: PASSED [] []
[2012-01-16 05:41:39] Codeception.INFO: PASSED [] []
[2012-01-16 05:41:39] Codeception.INFO: PASSED [] []
[2012-01-16 05:41:39] Codeception.INFO: PASSED [] []
[2012-01-16 05:41:39] Codeception.INFO: PASSED [] []
[2012-01-16 05:41:39] Codeception.INFO: PASSED [] []
