[2013-04-18 19:38:44] RemoteServerWithHtmlCept.php.INFO: am in path "tests/data/sandbox" [] []
[2013-04-18 19:38:44] RemoteServerWithHtmlCept.php.INFO: execute command "run remote_server --coverage --html" [] []
[2013-04-18 19:38:45] RemoteServerWithHtmlCept.php.ALERT: Result code was 1.

Codeception PHP Testing Framework v1.6.0.3
Powered by PHPUnit 3.7.19 by Sebastian Bergmann.

Suite remote_server started
Running DemoCept.php - Failed [] []
[2013-04-18 19:38:45] RemoteServerWithHtmlCept.php.INFO: # FAILED # [] []
[2013-04-18 19:38:45] RemoteServerWithHtmlCept.php.INFO: PASSED [] []
[2013-04-18 19:38:45] RemoteServerWithXmlCept.php.INFO: am in path "tests/data/sandbox" [] []
[2013-04-18 19:38:45] RemoteServerWithXmlCept.php.INFO: execute command "run remote_server --coverage --xml" [] []
[2013-04-18 19:38:45] RemoteServerWithXmlCept.php.ALERT: Result code was 1.

Codeception PHP Testing Framework v1.6.0.3
Powered by PHPUnit 3.7.19 by Sebastian Bergmann.

Suite remote_server started
Running DemoCept.php - Failed


Time: 0 seconds, Memory: 11.25Mb

There was 1 failure:

---------
1) DemoCept.php
Guy couldn't see "Welcome to test app": 'Welcome to test app' in page..
Failed asserting that response contains "welcome to test app". Response was saved to 'log' directory.

Scenario Steps:
2. I see "Welcome to test app"
1. I am on page "/"

FAILURES!
Tests: 1, Assertions: 1, Failures: 1.


Code Coverage Report
  2013-04-18 19:38:45

 Summary:
  Classes:  (0/0)
  Methods:  (0/0)
  Lines:    (0/0)
 [] []
[2013-04-18 19:38:45] RemoteServerWithXmlCept.php.INFO: # FAILED # [] []
[2013-04-18 19:38:45] RemoteServerWithXmlCept.php.INFO: PASSED [] []
[2013-04-18 19:38:45] RemoteWithHtmlCept.php.INFO: am in path "tests/data/sandbox" [] []
[2013-04-18 19:38:45] RemoteWithHtmlCept.php.INFO: execute command "run remote --coverage --html" [] []
[2013-04-18 19:38:46] RemoteWithHtmlCept.php.ALERT: Result code was 1.

Codeception PHP Testing Framework v1.6.0.3
Powered by PHPUnit 3.7.19 by Sebastian Bergmann.

Suite remote started
Running DemoCept.php - Failed [] []
[2013-04-18 19:38:46] RemoteWithHtmlCept.php.INFO: # FAILED # [] []
[2013-04-18 19:38:46] RemoteWithHtmlCept.php.INFO: PASSED [] []
[2013-04-18 19:38:46] RemoteWithXmlCept.php.INFO: am in path "tests/data/sandbox" [] []
[2013-04-18 19:38:46] RemoteWithXmlCept.php.INFO: execute command "run remote --coverage --xml" [] []
[2013-04-18 19:38:46] RemoteWithXmlCept.php.ALERT: Result code was 1.

Codeception PHP Testing Framework v1.6.0.3
Powered by PHPUnit 3.7.19 by Sebastian Bergmann.

Suite remote started
Running DemoCept.php - Failed [] []
[2013-04-18 19:38:46] RemoteWithXmlCept.php.INFO: # FAILED # [] []
[2013-04-18 19:38:46] RemoteWithXmlCept.php.INFO: PASSED [] []
