[2012-01-03 13:55:46] Codeception/ScenarioCest.php:\Codeception\Scenario.run.INFO: test method "\Codeception\Scenario.run" [] []
[2012-01-03 13:55:46] Codeception/ScenarioCest.php:\Codeception\Scenario.run.INFO: have stub "((\Codeception\TestCase\Cept))" [] []
[2012-01-03 13:55:46] Codeception/ScenarioCest.php:\Codeception\Scenario.run.INFO: have stub "((\Codeception\Scenario))" [] []
[2012-01-03 13:55:46] Codeception/ScenarioCest.php:\Codeception\Scenario.run.INFO: execute tested method on "((\Codeception\Scenario))" [] []
[2012-01-03 13:55:46] Codeception/ScenarioCest.php:\Codeception\Scenario.run.INFO: see method invoked ["((\\Codeception\\TestCase\\Cept))","runStep"] [] []
[2012-01-03 13:55:46] Codeception/ScenarioCest.php:\Codeception\Scenario.run.INFO: see property equals ["((\\Codeception\\Scenario))","currentStep",1] [] []
[2012-01-03 13:55:46] Codeception/ScenarioCest.php:\Codeception\Scenario.run.INFO: PASSED [] []
[2012-01-03 13:55:46] Codeception/ScenarioCest.php:\Codeception\Scenario.run.INFO: PASSED [] []
[2012-01-03 13:55:46] Codeception/ScenarioCest.php:\Codeception\Scenario.run.INFO: PASSED [] []
[2012-01-03 13:55:46] Codeception/ScenarioCest.php:\Codeception\Scenario.run.INFO: PASSED [] []
[2012-01-03 13:55:46] Codeception/ScenarioCest.php:\Codeception\Scenario.run.INFO: PASSED [] []
[2012-01-03 13:55:46] Codeception/ScenarioCest.php:\Codeception\Scenario.run.INFO: PASSED [] []
[2012-01-03 13:55:46] Codeception/ScenarioCest.php:\Codeception\Scenario.run.INFO: PASSED [] []
[2012-01-03 13:55:46] Codeception/ScenarioCest.php:\Codeception\Scenario.run.INFO: PASSED [] []
[2012-01-03 13:55:46] Codeception/ScenarioCest.php:\Codeception\Scenario.run.INFO: PASSED [] []
[2012-01-03 13:55:46] Codeception/ScenarioCest.php:\Codeception\Scenario.run.INFO: PASSED [] []
[2012-01-03 13:55:46] Codeception/ScenarioCest.php:\Codeception\Scenario.run.INFO: PASSED [] []
[2012-01-03 13:55:46] Codeception/ScenarioCest.php:\Codeception\Scenario.run.INFO: PASSED [] []
[2012-01-03 13:55:46] Codeception/ScenarioCest.php:\Codeception\Scenario.run.INFO: PASSED [] []
[2012-01-03 13:55:46] Codeception/ScenarioCest.php:\Codeception\Scenario.run.INFO: PASSED [] []
[2012-01-03 13:55:46] Codeception/ScenarioCest.php:\Codeception\Scenario.run.INFO: PASSED [] []
[2012-01-03 13:55:46] Codeception/ScenarioCest.php:\Codeception\Scenario.run.INFO: PASSED [] []
[2012-01-03 13:55:46] Codeception/ScenarioCest.php:\Codeception\Scenario.run.INFO: PASSED [] []
[2012-01-03 13:55:46] Codeception/ScenarioCest.php:\Codeception\Scenario.run.INFO: PASSED [] []
[2012-01-03 13:55:46] Codeception/ScenarioCest.php:\Codeception\Scenario.run.INFO: PASSED [] []
[2012-01-03 13:55:46] Codeception/ScenarioCest.php:\Codeception\Scenario.run.INFO: PASSED [] []
[2012-01-03 13:55:46] Codeception/ScenarioCest.php:\Codeception\Scenario.run.INFO: PASSED [] []
[2012-01-03 20:18:34] Codeception/ScenarioCest.php:\Codeception\Scenario.run.INFO: test method "\Codeception\Scenario.run" [] []
[2012-01-03 20:18:34] Codeception/ScenarioCest.php:\Codeception\Scenario.run.INFO: have stub "((\Codeception\TestCase\Cept))" [] []
[2012-01-03 20:18:34] Codeception/ScenarioCest.php:\Codeception\Scenario.run.INFO: have stub "((\Codeception\Scenario))" [] []
[2012-01-03 20:18:34] Codeception/ScenarioCest.php:\Codeception\Scenario.run.INFO: execute tested method on "((\Codeception\Scenario))" [] []
[2012-01-03 20:18:34] Codeception/ScenarioCest.php:\Codeception\Scenario.run.INFO: see method invoked ["((\\Codeception\\TestCase\\Cept))","runStep"] [] []
[2012-01-03 20:18:34] Codeception/ScenarioCest.php:\Codeception\Scenario.run.INFO: see property equals ["((\\Codeception\\Scenario))","currentStep",1] [] []
[2012-01-03 20:18:34] Codeception/ScenarioCest.php:\Codeception\Scenario.run.INFO: PASSED [] []
[2012-01-03 20:18:34] Codeception/ScenarioCest.php:\Codeception\Scenario.run.INFO: PASSED [] []
[2012-01-03 20:18:34] Codeception/ScenarioCest.php:\Codeception\Scenario.run.INFO: PASSED [] []
[2012-01-03 20:18:34] Codeception/ScenarioCest.php:\Codeception\Scenario.run.ALERT: Cannot access non-public member Codeception\Module\Unit::testedClass [] []
[2012-01-03 20:18:34] Codeception/ScenarioCest.php:\Codeception\Scenario.run.INFO: # ERROR # [] []
[2012-01-03 20:18:34] Codeception/ScenarioCest.php:\Codeception\Scenario.run.INFO: PASSED [] []
[2012-01-03 20:20:03] Codeception/ScenarioCest.php:\Codeception\Scenario.run.INFO: test method "\Codeception\Scenario.run" [] []
[2012-01-03 20:20:03] Codeception/ScenarioCest.php:\Codeception\Scenario.run.INFO: have stub "((\Codeception\TestCase\Cept))" [] []
[2012-01-03 20:20:03] Codeception/ScenarioCest.php:\Codeception\Scenario.run.INFO: have stub "((\Codeception\Scenario))" [] []
[2012-01-03 20:20:03] Codeception/ScenarioCest.php:\Codeception\Scenario.run.INFO: execute tested method on "((\Codeception\Scenario))" [] []
[2012-01-03 20:20:03] Codeception/ScenarioCest.php:\Codeception\Scenario.run.INFO: see method invoked ["((\\Codeception\\TestCase\\Cept))","runStep"] [] []
[2012-01-03 20:20:03] Codeception/ScenarioCest.php:\Codeception\Scenario.run.INFO: see property equals ["((\\Codeception\\Scenario))","currentStep",1] [] []
[2012-01-03 20:20:03] Codeception/ScenarioCest.php:\Codeception\Scenario.run.INFO: PASSED [] []
[2012-01-03 20:20:03] Codeception/ScenarioCest.php:\Codeception\Scenario.run.INFO: PASSED [] []
[2012-01-03 20:20:03] Codeception/ScenarioCest.php:\Codeception\Scenario.run.INFO: PASSED [] []
[2012-01-03 20:20:03] Codeception/ScenarioCest.php:\Codeception\Scenario.run.ALERT: Cannot access non-public member Codeception\Module\Unit::testedClass [] []
[2012-01-03 20:20:03] Codeception/ScenarioCest.php:\Codeception\Scenario.run.INFO: # ERROR # [] []
[2012-01-03 20:20:03] Codeception/ScenarioCest.php:\Codeception\Scenario.run.INFO: PASSED [] []
[2012-01-03 20:20:03] Codeception/ScenarioCest.php:\Codeception\Scenario.run.ALERT: Cannot access non-public member Codeception\Module\Unit::stubs [] []
[2012-01-03 20:20:03] Codeception/ScenarioCest.php:\Codeception\Scenario.run.INFO: # ERROR # [] []
[2012-01-03 20:20:03] Codeception/ScenarioCest.php:\Codeception\Scenario.run.INFO: PASSED [] []
[2012-01-03 20:22:33] Codeception/ScenarioCest.php:\Codeception\Scenario.run.INFO: test method "\Codeception\Scenario.run" [] []
[2012-01-03 20:22:33] Codeception/ScenarioCest.php:\Codeception\Scenario.run.INFO: have stub "((\Codeception\TestCase\Cept))" [] []
[2012-01-03 20:22:33] Codeception/ScenarioCest.php:\Codeception\Scenario.run.INFO: have stub "((\Codeception\Scenario))" [] []
[2012-01-03 20:22:33] Codeception/ScenarioCest.php:\Codeception\Scenario.run.INFO: execute tested method on "((\Codeception\Scenario))" [] []
[2012-01-03 20:22:33] Codeception/ScenarioCest.php:\Codeception\Scenario.run.INFO: see method invoked ["((\\Codeception\\TestCase\\Cept))","runStep"] [] []
[2012-01-03 20:22:33] Codeception/ScenarioCest.php:\Codeception\Scenario.run.INFO: see property equals ["((\\Codeception\\Scenario))","currentStep",1] [] []
[2012-01-03 20:22:33] Codeception/ScenarioCest.php:\Codeception\Scenario.run.INFO: PASSED [] []
[2012-01-03 20:22:33] Codeception/ScenarioCest.php:\Codeception\Scenario.run.INFO: PASSED [] []
[2012-01-03 20:22:33] Codeception/ScenarioCest.php:\Codeception\Scenario.run.INFO: PASSED [] []
[2012-01-03 20:22:33] Codeception/ScenarioCest.php:\Codeception\Scenario.run.ALERT: Argument 2 passed to PHPUnit_Framework_MockObject_Generator::getMockForAbstractClass() must be an array, null given, called in /usr/share/pear/Codeception/src/Codeception/Util/Stub.php on line 21 and defined [] []
[2012-01-03 20:22:33] Codeception/ScenarioCest.php:\Codeception\Scenario.run.INFO: # ERROR # [] []
[2012-01-03 20:22:33] Codeception/ScenarioCest.php:\Codeception\Scenario.run.INFO: PASSED [] []
[2012-01-03 20:22:33] Codeception/ScenarioCest.php:\Codeception\Scenario.run.ALERT: Argument 2 passed to PHPUnit_Framework_MockObject_Generator::getMockForAbstractClass() must be an array, null given, called in /usr/share/pear/Codeception/src/Codeception/Util/Stub.php on line 21 and defined [] []
[2012-01-03 20:22:33] Codeception/ScenarioCest.php:\Codeception\Scenario.run.INFO: # ERROR # [] []
[2012-01-03 20:22:33] Codeception/ScenarioCest.php:\Codeception\Scenario.run.INFO: PASSED [] []
[2012-01-03 20:22:33] Codeception/ScenarioCest.php:\Codeception\Scenario.run.ALERT: Argument 2 passed to PHPUnit_Framework_MockObject_Generator::getMockForAbstractClass() must be an array, null given, called in /usr/share/pear/Codeception/src/Codeception/Util/Stub.php on line 21 and defined [] []
[2012-01-03 20:22:33] Codeception/ScenarioCest.php:\Codeception\Scenario.run.INFO: # ERROR # [] []
[2012-01-03 20:22:33] Codeception/ScenarioCest.php:\Codeception\Scenario.run.INFO: PASSED [] []
[2012-01-03 20:22:33] Codeception/ScenarioCest.php:\Codeception\Scenario.run.ALERT: Argument 2 passed to PHPUnit_Framework_MockObject_Generator::getMockForAbstractClass() must be an array, null given, called in /usr/share/pear/Codeception/src/Codeception/Util/Stub.php on line 21 and defined [] []
[2012-01-03 20:22:33] Codeception/ScenarioCest.php:\Codeception\Scenario.run.INFO: # ERROR # [] []
[2012-01-03 20:22:33] Codeception/ScenarioCest.php:\Codeception\Scenario.run.INFO: PASSED [] []
[2012-01-03 20:22:33] Codeception/ScenarioCest.php:\Codeception\Scenario.run.INFO: PASSED [] []
[2012-01-03 20:22:33] Codeception/ScenarioCest.php:\Codeception\Scenario.run.INFO: PASSED [] []
[2012-01-03 20:22:33] Codeception/ScenarioCest.php:\Codeception\Scenario.run.INFO: PASSED [] []
[2012-01-03 20:22:33] Codeception/ScenarioCest.php:\Codeception\Scenario.run.INFO: PASSED [] []
[2012-01-03 20:22:33] Codeception/ScenarioCest.php:\Codeception\Scenario.run.INFO: PASSED [] []
[2012-01-03 20:22:33] Codeception/ScenarioCest.php:\Codeception\Scenario.run.INFO: PASSED [] []
[2012-01-03 20:22:33] Codeception/ScenarioCest.php:\Codeception\Scenario.run.INFO: PASSED [] []
[2012-01-03 20:22:33] Codeception/ScenarioCest.php:\Codeception\Scenario.run.INFO: PASSED [] []
[2012-01-03 20:22:33] Codeception/ScenarioCest.php:\Codeception\Scenario.run.INFO: PASSED [] []
[2012-01-03 20:22:33] Codeception/ScenarioCest.php:\Codeception\Scenario.run.INFO: PASSED [] []
[2012-01-03 20:22:33] Codeception/ScenarioCest.php:\Codeception\Scenario.run.INFO: PASSED [] []
[2012-01-03 20:22:33] Codeception/ScenarioCest.php:\Codeception\Scenario.run.INFO: PASSED [] []
[2012-01-03 20:22:33] Codeception/ScenarioCest.php:\Codeception\Scenario.run.INFO: PASSED [] []
[2012-01-03 20:22:33] Codeception/ScenarioCest.php:\Codeception\Scenario.run.INFO: PASSED [] []
[2012-01-03 20:22:33] Codeception/ScenarioCest.php:\Codeception\Scenario.run.INFO: PASSED [] []
[2012-01-03 20:22:33] Codeception/ScenarioCest.php:\Codeception\Scenario.run.INFO: PASSED [] []
[2012-01-03 20:22:33] Codeception/ScenarioCest.php:\Codeception\Scenario.run.INFO: PASSED [] []
[2012-01-03 20:22:33] Codeception/ScenarioCest.php:\Codeception\Scenario.run.INFO: PASSED [] []
[2012-01-03 20:24:21] Codeception/ScenarioCest.php:\Codeception\Scenario.run.INFO: test method "\Codeception\Scenario.run" [] []
[2012-01-03 20:24:21] Codeception/ScenarioCest.php:\Codeception\Scenario.run.INFO: have stub "((\Codeception\TestCase\Cept))" [] []
[2012-01-03 20:24:21] Codeception/ScenarioCest.php:\Codeception\Scenario.run.INFO: have stub "((\Codeception\Scenario))" [] []
[2012-01-03 20:24:21] Codeception/ScenarioCest.php:\Codeception\Scenario.run.INFO: execute tested method on "((\Codeception\Scenario))" [] []
[2012-01-03 20:24:21] Codeception/ScenarioCest.php:\Codeception\Scenario.run.INFO: see method invoked ["((\\Codeception\\TestCase\\Cept))","runStep"] [] []
[2012-01-03 20:24:21] Codeception/ScenarioCest.php:\Codeception\Scenario.run.INFO: see property equals ["((\\Codeception\\Scenario))","currentStep",1] [] []
[2012-01-03 20:24:21] Codeception/ScenarioCest.php:\Codeception\Scenario.run.INFO: PASSED [] []
[2012-01-03 20:24:21] Codeception/ScenarioCest.php:\Codeception\Scenario.run.INFO: PASSED [] []
[2012-01-03 20:24:21] Codeception/ScenarioCest.php:\Codeception\Scenario.run.INFO: PASSED [] []
[2012-01-03 20:24:21] Codeception/ScenarioCest.php:\Codeception\Scenario.run.ALERT: Argument 2 passed to PHPUnit_Framework_MockObject_Generator::getMockForAbstractClass() must be an array, null given, called in /usr/share/pear/Codeception/src/Codeception/Util/Stub.php on line 21 and defined [] []
[2012-01-03 20:24:21] Codeception/ScenarioCest.php:\Codeception\Scenario.run.INFO: # ERROR # [] []
[2012-01-03 20:24:21] Codeception/ScenarioCest.php:\Codeception\Scenario.run.INFO: PASSED [] []
[2012-01-03 20:24:21] Codeception/ScenarioCest.php:\Codeception\Scenario.run.ALERT: Argument 2 passed to PHPUnit_Framework_MockObject_Generator::getMockForAbstractClass() must be an array, null given, called in /usr/share/pear/Codeception/src/Codeception/Util/Stub.php on line 21 and defined [] []
[2012-01-03 20:24:21] Codeception/ScenarioCest.php:\Codeception\Scenario.run.INFO: # ERROR # [] []
[2012-01-03 20:24:21] Codeception/ScenarioCest.php:\Codeception\Scenario.run.INFO: PASSED [] []
[2012-01-03 20:24:21] Codeception/ScenarioCest.php:\Codeception\Scenario.run.ALERT: Argument 2 passed to PHPUnit_Framework_MockObject_Generator::getMockForAbstractClass() must be an array, null given, called in /usr/share/pear/Codeception/src/Codeception/Util/Stub.php on line 21 and defined [] []
[2012-01-03 20:24:21] Codeception/ScenarioCest.php:\Codeception\Scenario.run.INFO: # ERROR # [] []
[2012-01-03 20:24:21] Codeception/ScenarioCest.php:\Codeception\Scenario.run.INFO: PASSED [] []
[2012-01-03 20:24:21] Codeception/ScenarioCest.php:\Codeception\Scenario.run.ALERT: Argument 2 passed to PHPUnit_Framework_MockObject_Generator::getMockForAbstractClass() must be an array, null given, called in /usr/share/pear/Codeception/src/Codeception/Util/Stub.php on line 21 and defined [] []
[2012-01-03 20:24:21] Codeception/ScenarioCest.php:\Codeception\Scenario.run.INFO: # ERROR # [] []
[2012-01-03 20:24:21] Codeception/ScenarioCest.php:\Codeception\Scenario.run.INFO: PASSED [] []
[2012-01-03 20:24:21] Codeception/ScenarioCest.php:\Codeception\Scenario.run.INFO: PASSED [] []
[2012-01-03 20:24:21] Codeception/ScenarioCest.php:\Codeception\Scenario.run.INFO: PASSED [] []
[2012-01-03 20:24:21] Codeception/ScenarioCest.php:\Codeception\Scenario.run.INFO: PASSED [] []
[2012-01-03 20:24:21] Codeception/ScenarioCest.php:\Codeception\Scenario.run.INFO: PASSED [] []
[2012-01-03 20:24:21] Codeception/ScenarioCest.php:\Codeception\Scenario.run.INFO: PASSED [] []
[2012-01-03 20:24:21] Codeception/ScenarioCest.php:\Codeception\Scenario.run.INFO: PASSED [] []
[2012-01-03 20:24:21] Codeception/ScenarioCest.php:\Codeception\Scenario.run.INFO: PASSED [] []
[2012-01-03 20:24:21] Codeception/ScenarioCest.php:\Codeception\Scenario.run.INFO: PASSED [] []
[2012-01-03 20:24:21] Codeception/ScenarioCest.php:\Codeception\Scenario.run.INFO: PASSED [] []
[2012-01-03 20:24:21] Codeception/ScenarioCest.php:\Codeception\Scenario.run.INFO: PASSED [] []
[2012-01-03 20:24:21] Codeception/ScenarioCest.php:\Codeception\Scenario.run.INFO: PASSED [] []
[2012-01-03 20:24:21] Codeception/ScenarioCest.php:\Codeception\Scenario.run.INFO: PASSED [] []
[2012-01-03 20:24:21] Codeception/ScenarioCest.php:\Codeception\Scenario.run.INFO: PASSED [] []
[2012-01-03 20:24:21] Codeception/ScenarioCest.php:\Codeception\Scenario.run.INFO: PASSED [] []
[2012-01-03 20:24:21] Codeception/ScenarioCest.php:\Codeception\Scenario.run.INFO: PASSED [] []
[2012-01-03 20:24:21] Codeception/ScenarioCest.php:\Codeception\Scenario.run.INFO: PASSED [] []
[2012-01-03 20:24:21] Codeception/ScenarioCest.php:\Codeception\Scenario.run.INFO: PASSED [] []
[2012-01-03 20:24:21] Codeception/ScenarioCest.php:\Codeception\Scenario.run.INFO: PASSED [] []
[2012-01-03 20:27:29] Codeception/ScenarioCest.php:\Codeception\Scenario.run.INFO: test method "\Codeception\Scenario.run" [] []
[2012-01-03 20:27:29] Codeception/ScenarioCest.php:\Codeception\Scenario.run.INFO: have stub "((\Codeception\TestCase\Cept))" [] []
[2012-01-03 20:27:29] Codeception/ScenarioCest.php:\Codeception\Scenario.run.INFO: have stub "((\Codeception\Scenario))" [] []
[2012-01-03 20:27:29] Codeception/ScenarioCest.php:\Codeception\Scenario.run.INFO: execute tested method on "((\Codeception\Scenario))" [] []
[2012-01-03 20:27:29] Codeception/ScenarioCest.php:\Codeception\Scenario.run.INFO: see method invoked ["((\\Codeception\\TestCase\\Cept))","runStep"] [] []
[2012-01-03 20:27:29] Codeception/ScenarioCest.php:\Codeception\Scenario.run.INFO: see property equals ["((\\Codeception\\Scenario))","currentStep",1] [] []
[2012-01-03 20:27:29] Codeception/ScenarioCest.php:\Codeception\Scenario.run.INFO: PASSED [] []
[2012-01-03 20:27:29] Codeception/ScenarioCest.php:\Codeception\Scenario.run.INFO: PASSED [] []
[2012-01-03 20:27:29] Codeception/ScenarioCest.php:\Codeception\Scenario.run.INFO: PASSED [] []
[2012-01-03 20:27:29] Codeception/ScenarioCest.php:\Codeception\Scenario.run.ALERT: Argument 2 passed to PHPUnit_Framework_MockObject_Generator::getMockForAbstractClass() must be an array, null given, called in /usr/share/pear/Codeception/src/Codeception/Util/Stub.php on line 21 and defined [] []
[2012-01-03 20:27:29] Codeception/ScenarioCest.php:\Codeception\Scenario.run.INFO: # ERROR # [] []
[2012-01-03 20:27:29] Codeception/ScenarioCest.php:\Codeception\Scenario.run.INFO: PASSED [] []
[2012-01-03 20:27:29] Codeception/ScenarioCest.php:\Codeception\Scenario.run.ALERT: Argument 2 passed to PHPUnit_Framework_MockObject_Generator::getMockForAbstractClass() must be an array, null given, called in /usr/share/pear/Codeception/src/Codeception/Util/Stub.php on line 21 and defined [] []
[2012-01-03 20:27:29] Codeception/ScenarioCest.php:\Codeception\Scenario.run.INFO: # ERROR # [] []
[2012-01-03 20:27:29] Codeception/ScenarioCest.php:\Codeception\Scenario.run.INFO: PASSED [] []
[2012-01-03 20:27:29] Codeception/ScenarioCest.php:\Codeception\Scenario.run.ALERT: Argument 2 passed to PHPUnit_Framework_MockObject_Generator::getMockForAbstractClass() must be an array, null given, called in /usr/share/pear/Codeception/src/Codeception/Util/Stub.php on line 21 and defined [] []
[2012-01-03 20:27:29] Codeception/ScenarioCest.php:\Codeception\Scenario.run.INFO: # ERROR # [] []
[2012-01-03 20:27:29] Codeception/ScenarioCest.php:\Codeception\Scenario.run.INFO: PASSED [] []
[2012-01-03 20:27:29] Codeception/ScenarioCest.php:\Codeception\Scenario.run.ALERT: Argument 2 passed to PHPUnit_Framework_MockObject_Generator::getMockForAbstractClass() must be an array, null given, called in /usr/share/pear/Codeception/src/Codeception/Util/Stub.php on line 21 and defined [] []
[2012-01-03 20:27:29] Codeception/ScenarioCest.php:\Codeception\Scenario.run.INFO: # ERROR # [] []
[2012-01-03 20:27:29] Codeception/ScenarioCest.php:\Codeception\Scenario.run.INFO: PASSED [] []
[2012-01-03 20:27:29] Codeception/ScenarioCest.php:\Codeception\Scenario.run.INFO: PASSED [] []
[2012-01-03 20:27:29] Codeception/ScenarioCest.php:\Codeception\Scenario.run.INFO: PASSED [] []
[2012-01-03 20:27:29] Codeception/ScenarioCest.php:\Codeception\Scenario.run.INFO: PASSED [] []
[2012-01-03 20:27:29] Codeception/ScenarioCest.php:\Codeception\Scenario.run.INFO: PASSED [] []
[2012-01-03 20:27:29] Codeception/ScenarioCest.php:\Codeception\Scenario.run.INFO: PASSED [] []
[2012-01-03 20:27:29] Codeception/ScenarioCest.php:\Codeception\Scenario.run.INFO: PASSED [] []
[2012-01-03 20:27:29] Codeception/ScenarioCest.php:\Codeception\Scenario.run.INFO: PASSED [] []
[2012-01-03 20:27:29] Codeception/ScenarioCest.php:\Codeception\Scenario.run.INFO: PASSED [] []
[2012-01-03 20:27:29] Codeception/ScenarioCest.php:\Codeception\Scenario.run.INFO: PASSED [] []
[2012-01-03 20:27:29] Codeception/ScenarioCest.php:\Codeception\Scenario.run.INFO: PASSED [] []
[2012-01-03 20:27:29] Codeception/ScenarioCest.php:\Codeception\Scenario.run.INFO: PASSED [] []
[2012-01-03 20:27:29] Codeception/ScenarioCest.php:\Codeception\Scenario.run.INFO: PASSED [] []
[2012-01-03 20:27:29] Codeception/ScenarioCest.php:\Codeception\Scenario.run.INFO: PASSED [] []
[2012-01-03 20:27:30] Codeception/ScenarioCest.php:\Codeception\Scenario.run.INFO: PASSED [] []
[2012-01-03 20:27:30] Codeception/ScenarioCest.php:\Codeception\Scenario.run.INFO: PASSED [] []
[2012-01-03 20:27:30] Codeception/ScenarioCest.php:\Codeception\Scenario.run.INFO: PASSED [] []
[2012-01-03 20:27:30] Codeception/ScenarioCest.php:\Codeception\Scenario.run.INFO: PASSED [] []
[2012-01-03 20:27:30] Codeception/ScenarioCest.php:\Codeception\Scenario.run.INFO: PASSED [] []
[2012-01-03 20:28:58] Codeception/ScenarioCest.php:\Codeception\Scenario.run.INFO: test method "\Codeception\Scenario.run" [] []
[2012-01-03 20:28:58] Codeception/ScenarioCest.php:\Codeception\Scenario.run.INFO: have stub "((\Codeception\TestCase\Cept))" [] []
[2012-01-03 20:28:58] Codeception/ScenarioCest.php:\Codeception\Scenario.run.INFO: have stub "((\Codeception\Scenario))" [] []
[2012-01-03 20:28:58] Codeception/ScenarioCest.php:\Codeception\Scenario.run.INFO: execute tested method on "((\Codeception\Scenario))" [] []
[2012-01-03 20:28:58] Codeception/ScenarioCest.php:\Codeception\Scenario.run.INFO: see method invoked ["((\\Codeception\\TestCase\\Cept))","runStep"] [] []
[2012-01-03 20:28:58] Codeception/ScenarioCest.php:\Codeception\Scenario.run.INFO: see property equals ["((\\Codeception\\Scenario))","currentStep",1] [] []
[2012-01-03 20:28:58] Codeception/ScenarioCest.php:\Codeception\Scenario.run.INFO: PASSED [] []
[2012-01-03 20:28:58] Codeception/ScenarioCest.php:\Codeception\Scenario.run.INFO: PASSED [] []
[2012-01-03 20:28:58] Codeception/ScenarioCest.php:\Codeception\Scenario.run.INFO: PASSED [] []
[2012-01-03 20:28:58] Codeception/ScenarioCest.php:\Codeception\Scenario.run.ALERT: Argument 2 passed to PHPUnit_Framework_MockObject_Generator::getMockForAbstractClass() must be an array, null given, called in /usr/share/pear/Codeception/src/Codeception/Util/Stub.php on line 21 and defined [] []
[2012-01-03 20:28:58] Codeception/ScenarioCest.php:\Codeception\Scenario.run.INFO: # ERROR # [] []
[2012-01-03 20:28:58] Codeception/ScenarioCest.php:\Codeception\Scenario.run.INFO: PASSED [] []
[2012-01-03 20:28:58] Codeception/ScenarioCest.php:\Codeception\Scenario.run.ALERT: Argument 2 passed to PHPUnit_Framework_MockObject_Generator::getMockForAbstractClass() must be an array, null given, called in /usr/share/pear/Codeception/src/Codeception/Util/Stub.php on line 21 and defined [] []
[2012-01-03 20:28:58] Codeception/ScenarioCest.php:\Codeception\Scenario.run.INFO: # ERROR # [] []
[2012-01-03 20:28:58] Codeception/ScenarioCest.php:\Codeception\Scenario.run.INFO: PASSED [] []
[2012-01-03 20:28:58] Codeception/ScenarioCest.php:\Codeception\Scenario.run.ALERT: Argument 2 passed to PHPUnit_Framework_MockObject_Generator::getMockForAbstractClass() must be an array, null given, called in /usr/share/pear/Codeception/src/Codeception/Util/Stub.php on line 21 and defined [] []
[2012-01-03 20:28:58] Codeception/ScenarioCest.php:\Codeception\Scenario.run.INFO: # ERROR # [] []
[2012-01-03 20:28:58] Codeception/ScenarioCest.php:\Codeception\Scenario.run.INFO: PASSED [] []
[2012-01-03 20:28:58] Codeception/ScenarioCest.php:\Codeception\Scenario.run.ALERT: Argument 2 passed to PHPUnit_Framework_MockObject_Generator::getMockForAbstractClass() must be an array, null given, called in /usr/share/pear/Codeception/src/Codeception/Util/Stub.php on line 21 and defined [] []
[2012-01-03 20:28:58] Codeception/ScenarioCest.php:\Codeception\Scenario.run.INFO: # ERROR # [] []
[2012-01-03 20:28:58] Codeception/ScenarioCest.php:\Codeception\Scenario.run.INFO: PASSED [] []
[2012-01-03 20:28:58] Codeception/ScenarioCest.php:\Codeception\Scenario.run.INFO: PASSED [] []
[2012-01-03 20:28:58] Codeception/ScenarioCest.php:\Codeception\Scenario.run.INFO: PASSED [] []
[2012-01-03 20:28:58] Codeception/ScenarioCest.php:\Codeception\Scenario.run.INFO: PASSED [] []
[2012-01-03 20:28:58] Codeception/ScenarioCest.php:\Codeception\Scenario.run.INFO: PASSED [] []
[2012-01-03 20:28:58] Codeception/ScenarioCest.php:\Codeception\Scenario.run.INFO: PASSED [] []
[2012-01-03 20:28:58] Codeception/ScenarioCest.php:\Codeception\Scenario.run.INFO: PASSED [] []
[2012-01-03 20:28:58] Codeception/ScenarioCest.php:\Codeception\Scenario.run.INFO: PASSED [] []
[2012-01-03 20:28:58] Codeception/ScenarioCest.php:\Codeception\Scenario.run.INFO: PASSED [] []
[2012-01-03 20:28:58] Codeception/ScenarioCest.php:\Codeception\Scenario.run.INFO: PASSED [] []
[2012-01-03 20:28:58] Codeception/ScenarioCest.php:\Codeception\Scenario.run.INFO: PASSED [] []
[2012-01-03 20:28:58] Codeception/ScenarioCest.php:\Codeception\Scenario.run.INFO: PASSED [] []
[2012-01-03 20:28:58] Codeception/ScenarioCest.php:\Codeception\Scenario.run.INFO: PASSED [] []
[2012-01-03 20:28:58] Codeception/ScenarioCest.php:\Codeception\Scenario.run.INFO: PASSED [] []
[2012-01-03 20:28:58] Codeception/ScenarioCest.php:\Codeception\Scenario.run.INFO: PASSED [] []
[2012-01-03 20:28:58] Codeception/ScenarioCest.php:\Codeception\Scenario.run.INFO: PASSED [] []
[2012-01-03 20:28:58] Codeception/ScenarioCest.php:\Codeception\Scenario.run.INFO: PASSED [] []
[2012-01-03 20:28:58] Codeception/ScenarioCest.php:\Codeception\Scenario.run.INFO: PASSED [] []
[2012-01-03 20:28:58] Codeception/ScenarioCest.php:\Codeception\Scenario.run.INFO: PASSED [] []
[2012-01-03 20:29:27] Codeception/ScenarioCest.php:\Codeception\Scenario.run.INFO: test method "\Codeception\Scenario.run" [] []
[2012-01-03 20:29:27] Codeception/ScenarioCest.php:\Codeception\Scenario.run.INFO: have stub "((\Codeception\TestCase\Cept))" [] []
[2012-01-03 20:29:27] Codeception/ScenarioCest.php:\Codeception\Scenario.run.INFO: have stub "((\Codeception\Scenario))" [] []
[2012-01-03 20:29:27] Codeception/ScenarioCest.php:\Codeception\Scenario.run.INFO: execute tested method on "((\Codeception\Scenario))" [] []
[2012-01-03 20:29:27] Codeception/ScenarioCest.php:\Codeception\Scenario.run.INFO: see method invoked ["((\\Codeception\\TestCase\\Cept))","runStep"] [] []
[2012-01-03 20:29:27] Codeception/ScenarioCest.php:\Codeception\Scenario.run.INFO: see property equals ["((\\Codeception\\Scenario))","currentStep",1] [] []
[2012-01-03 20:29:27] Codeception/ScenarioCest.php:\Codeception\Scenario.run.INFO: PASSED [] []
[2012-01-03 20:29:27] Codeception/ScenarioCest.php:\Codeception\Scenario.run.INFO: PASSED [] []
[2012-01-03 20:29:27] Codeception/ScenarioCest.php:\Codeception\Scenario.run.INFO: PASSED [] []
[2012-01-03 20:29:27] Codeception/ScenarioCest.php:\Codeception\Scenario.run.ALERT: Argument 2 passed to PHPUnit_Framework_MockObject_Generator::getMockForAbstractClass() must be an array, null given, called in /usr/share/pear/Codeception/src/Codeception/Util/Stub.php on line 21 and defined [] []
[2012-01-03 20:29:27] Codeception/ScenarioCest.php:\Codeception\Scenario.run.INFO: # ERROR # [] []
[2012-01-03 20:29:27] Codeception/ScenarioCest.php:\Codeception\Scenario.run.INFO: PASSED [] []
[2012-01-03 20:29:27] Codeception/ScenarioCest.php:\Codeception\Scenario.run.ALERT: Argument 2 passed to PHPUnit_Framework_MockObject_Generator::getMockForAbstractClass() must be an array, null given, called in /usr/share/pear/Codeception/src/Codeception/Util/Stub.php on line 21 and defined [] []
[2012-01-03 20:29:27] Codeception/ScenarioCest.php:\Codeception\Scenario.run.INFO: # ERROR # [] []
[2012-01-03 20:29:27] Codeception/ScenarioCest.php:\Codeception\Scenario.run.INFO: PASSED [] []
[2012-01-03 20:29:28] Codeception/ScenarioCest.php:\Codeception\Scenario.run.ALERT: Argument 2 passed to PHPUnit_Framework_MockObject_Generator::getMockForAbstractClass() must be an array, null given, called in /usr/share/pear/Codeception/src/Codeception/Util/Stub.php on line 21 and defined [] []
[2012-01-03 20:29:28] Codeception/ScenarioCest.php:\Codeception\Scenario.run.INFO: # ERROR # [] []
[2012-01-03 20:29:28] Codeception/ScenarioCest.php:\Codeception\Scenario.run.INFO: PASSED [] []
[2012-01-03 20:29:28] Codeception/ScenarioCest.php:\Codeception\Scenario.run.ALERT: Argument 2 passed to PHPUnit_Framework_MockObject_Generator::getMockForAbstractClass() must be an array, null given, called in /usr/share/pear/Codeception/src/Codeception/Util/Stub.php on line 21 and defined [] []
[2012-01-03 20:29:28] Codeception/ScenarioCest.php:\Codeception\Scenario.run.INFO: # ERROR # [] []
[2012-01-03 20:29:28] Codeception/ScenarioCest.php:\Codeception\Scenario.run.INFO: PASSED [] []
[2012-01-03 20:29:28] Codeception/ScenarioCest.php:\Codeception\Scenario.run.INFO: PASSED [] []
[2012-01-03 20:29:28] Codeception/ScenarioCest.php:\Codeception\Scenario.run.INFO: PASSED [] []
[2012-01-03 20:29:28] Codeception/ScenarioCest.php:\Codeception\Scenario.run.INFO: PASSED [] []
[2012-01-03 20:29:28] Codeception/ScenarioCest.php:\Codeception\Scenario.run.INFO: PASSED [] []
[2012-01-03 20:29:28] Codeception/ScenarioCest.php:\Codeception\Scenario.run.INFO: PASSED [] []
[2012-01-03 20:29:28] Codeception/ScenarioCest.php:\Codeception\Scenario.run.INFO: PASSED [] []
[2012-01-03 20:29:28] Codeception/ScenarioCest.php:\Codeception\Scenario.run.INFO: PASSED [] []
[2012-01-03 20:29:28] Codeception/ScenarioCest.php:\Codeception\Scenario.run.INFO: PASSED [] []
[2012-01-03 20:29:28] Codeception/ScenarioCest.php:\Codeception\Scenario.run.INFO: PASSED [] []
[2012-01-03 20:29:28] Codeception/ScenarioCest.php:\Codeception\Scenario.run.INFO: PASSED [] []
[2012-01-03 20:29:28] Codeception/ScenarioCest.php:\Codeception\Scenario.run.INFO: PASSED [] []
[2012-01-03 20:29:28] Codeception/ScenarioCest.php:\Codeception\Scenario.run.INFO: PASSED [] []
[2012-01-03 20:29:28] Codeception/ScenarioCest.php:\Codeception\Scenario.run.INFO: PASSED [] []
[2012-01-03 20:29:28] Codeception/ScenarioCest.php:\Codeception\Scenario.run.INFO: PASSED [] []
[2012-01-03 20:29:28] Codeception/ScenarioCest.php:\Codeception\Scenario.run.INFO: PASSED [] []
[2012-01-03 20:29:28] Codeception/ScenarioCest.php:\Codeception\Scenario.run.INFO: PASSED [] []
[2012-01-03 20:29:28] Codeception/ScenarioCest.php:\Codeception\Scenario.run.INFO: PASSED [] []
[2012-01-03 20:29:28] Codeception/ScenarioCest.php:\Codeception\Scenario.run.INFO: PASSED [] []
[2012-01-03 20:34:12] Codeception/ScenarioCest.php:\Codeception\Scenario.run.INFO: test method "\Codeception\Scenario.run" [] []
[2012-01-03 20:34:12] Codeception/ScenarioCest.php:\Codeception\Scenario.run.INFO: have stub "((\Codeception\TestCase\Cept))" [] []
[2012-01-03 20:34:12] Codeception/ScenarioCest.php:\Codeception\Scenario.run.INFO: have stub "((\Codeception\Scenario))" [] []
[2012-01-03 20:34:12] Codeception/ScenarioCest.php:\Codeception\Scenario.run.INFO: execute tested method on "((\Codeception\Scenario))" [] []
[2012-01-03 20:34:12] Codeception/ScenarioCest.php:\Codeception\Scenario.run.INFO: see method invoked ["((\\Codeception\\TestCase\\Cept))","runStep"] [] []
[2012-01-03 20:34:12] Codeception/ScenarioCest.php:\Codeception\Scenario.run.INFO: see property equals ["((\\Codeception\\Scenario))","currentStep",1] [] []
[2012-01-03 20:34:12] Codeception/ScenarioCest.php:\Codeception\Scenario.run.INFO: PASSED [] []
[2012-01-03 20:34:12] Codeception/ScenarioCest.php:\Codeception\Scenario.run.INFO: PASSED [] []
[2012-01-03 20:34:12] Codeception/ScenarioCest.php:\Codeception\Scenario.run.INFO: PASSED [] []
[2012-01-03 20:34:12] Codeception/ScenarioCest.php:\Codeception\Scenario.run.ALERT: Cannot access non-public member Codeception\Module\Unit::testedClass [] []
[2012-01-03 20:34:12] Codeception/ScenarioCest.php:\Codeception\Scenario.run.INFO: # ERROR # [] []
[2012-01-03 20:34:12] Codeception/ScenarioCest.php:\Codeception\Scenario.run.INFO: PASSED [] []
[2012-01-03 20:34:12] Codeception/ScenarioCest.php:\Codeception\Scenario.run.ALERT: Cannot access non-public member Codeception\Module\Unit::stubs [] []
[2012-01-03 20:34:12] Codeception/ScenarioCest.php:\Codeception\Scenario.run.INFO: # ERROR # [] []
[2012-01-03 20:34:12] Codeception/ScenarioCest.php:\Codeception\Scenario.run.INFO: PASSED [] []
[2012-01-03 20:34:12] Codeception/ScenarioCest.php:\Codeception\Scenario.run.ALERT: Probably Internal Error. There is no matchers for current mock [] []
[2012-01-03 20:34:12] Codeception/ScenarioCest.php:\Codeception\Scenario.run.INFO: # ERROR # [] []
[2012-01-03 20:34:12] Codeception/ScenarioCest.php:\Codeception\Scenario.run.INFO: PASSED [] []
[2012-01-03 20:34:12] Codeception/ScenarioCest.php:\Codeception\Scenario.run.ALERT: Method exceptionalMethod does not exist [] []
[2012-01-03 20:34:12] Codeception/ScenarioCest.php:\Codeception\Scenario.run.INFO: # ERROR # [] []
[2012-01-03 20:34:12] Codeception/ScenarioCest.php:\Codeception\Scenario.run.INFO: PASSED [] []
[2012-01-03 20:34:12] Codeception/ScenarioCest.php:\Codeception\Scenario.run.INFO: PASSED [] []
[2012-01-03 20:34:12] Codeception/ScenarioCest.php:\Codeception\Scenario.run.INFO: PASSED [] []
[2012-01-03 20:34:12] Codeception/ScenarioCest.php:\Codeception\Scenario.run.INFO: PASSED [] []
[2012-01-03 20:34:12] Codeception/ScenarioCest.php:\Codeception\Scenario.run.INFO: PASSED [] []
[2012-01-03 20:34:12] Codeception/ScenarioCest.php:\Codeception\Scenario.run.INFO: PASSED [] []
[2012-01-03 20:34:12] Codeception/ScenarioCest.php:\Codeception\Scenario.run.INFO: PASSED [] []
[2012-01-03 20:34:12] Codeception/ScenarioCest.php:\Codeception\Scenario.run.INFO: PASSED [] []
[2012-01-03 20:34:12] Codeception/ScenarioCest.php:\Codeception\Scenario.run.INFO: PASSED [] []
[2012-01-03 20:34:12] Codeception/ScenarioCest.php:\Codeception\Scenario.run.INFO: PASSED [] []
[2012-01-03 20:34:12] Codeception/ScenarioCest.php:\Codeception\Scenario.run.INFO: PASSED [] []
[2012-01-03 20:34:12] Codeception/ScenarioCest.php:\Codeception\Scenario.run.INFO: PASSED [] []
[2012-01-03 20:34:12] Codeception/ScenarioCest.php:\Codeception\Scenario.run.INFO: PASSED [] []
[2012-01-03 20:34:12] Codeception/ScenarioCest.php:\Codeception\Scenario.run.INFO: PASSED [] []
[2012-01-03 20:34:12] Codeception/ScenarioCest.php:\Codeception\Scenario.run.INFO: PASSED [] []
[2012-01-03 20:34:12] Codeception/ScenarioCest.php:\Codeception\Scenario.run.INFO: PASSED [] []
[2012-01-03 20:34:12] Codeception/ScenarioCest.php:\Codeception\Scenario.run.INFO: PASSED [] []
[2012-01-03 20:34:12] Codeception/ScenarioCest.php:\Codeception\Scenario.run.INFO: PASSED [] []
[2012-01-03 20:34:12] Codeception/ScenarioCest.php:\Codeception\Scenario.run.INFO: PASSED [] []
[2012-01-03 21:10:39] Codeception/ScenarioCest.php:\Codeception\Scenario.run.INFO: test method "\Codeception\Scenario.run" [] []
[2012-01-03 21:10:39] Codeception/ScenarioCest.php:\Codeception\Scenario.run.INFO: have stub "((\Codeception\TestCase\Cept))" [] []
[2012-01-03 21:10:39] Codeception/ScenarioCest.php:\Codeception\Scenario.run.INFO: have stub "((\Codeception\Scenario))" [] []
[2012-01-03 21:10:39] Codeception/ScenarioCest.php:\Codeception\Scenario.run.INFO: execute tested method on "((\Codeception\Scenario))" [] []
[2012-01-03 21:10:39] Codeception/ScenarioCest.php:\Codeception\Scenario.run.INFO: see method invoked ["((\\Codeception\\TestCase\\Cept))","runStep"] [] []
[2012-01-03 21:10:39] Codeception/ScenarioCest.php:\Codeception\Scenario.run.INFO: see property equals ["((\\Codeception\\Scenario))","currentStep",1] [] []
[2012-01-03 21:10:39] Codeception/ScenarioCest.php:\Codeception\Scenario.run.INFO: PASSED [] []
[2012-01-03 21:10:39] Codeception/ScenarioCest.php:\Codeception\Scenario.run.INFO: PASSED [] []
[2012-01-03 21:10:39] Codeception/ScenarioCest.php:\Codeception\Scenario.run.INFO: PASSED [] []
[2012-01-03 21:10:54] Codeception/ScenarioCest.php:\Codeception\Scenario.run.INFO: test method "\Codeception\Scenario.run" [] []
[2012-01-03 21:10:54] Codeception/ScenarioCest.php:\Codeception\Scenario.run.INFO: have stub "((\Codeception\TestCase\Cept))" [] []
[2012-01-03 21:10:54] Codeception/ScenarioCest.php:\Codeception\Scenario.run.INFO: have stub "((\Codeception\Scenario))" [] []
[2012-01-03 21:10:54] Codeception/ScenarioCest.php:\Codeception\Scenario.run.INFO: execute tested method on "((\Codeception\Scenario))" [] []
[2012-01-03 21:10:54] Codeception/ScenarioCest.php:\Codeception\Scenario.run.INFO: see method invoked ["((\\Codeception\\TestCase\\Cept))","runStep"] [] []
[2012-01-03 21:10:54] Codeception/ScenarioCest.php:\Codeception\Scenario.run.INFO: see property equals ["((\\Codeception\\Scenario))","currentStep",1] [] []
[2012-01-03 21:10:54] Codeception/ScenarioCest.php:\Codeception\Scenario.run.INFO: PASSED [] []
[2012-01-03 21:10:54] Codeception/ScenarioCest.php:\Codeception\Scenario.run.INFO: PASSED [] []
[2012-01-03 21:10:54] Codeception/ScenarioCest.php:\Codeception\Scenario.run.INFO: PASSED [] []
[2012-01-03 21:10:54] Codeception/ScenarioCest.php:\Codeception\Scenario.run.INFO: PASSED [] []
[2012-01-03 21:10:54] Codeception/ScenarioCest.php:\Codeception\Scenario.run.INFO: PASSED [] []
[2012-01-03 21:10:54] Codeception/ScenarioCest.php:\Codeception\Scenario.run.ALERT: Probably Internal Error. There is no matchers for current mock [] []
[2012-01-03 21:10:54] Codeception/ScenarioCest.php:\Codeception\Scenario.run.INFO: # ERROR # [] []
[2012-01-03 21:10:54] Codeception/ScenarioCest.php:\Codeception\Scenario.run.INFO: PASSED [] []
[2012-01-03 21:10:54] Codeception/ScenarioCest.php:\Codeception\Scenario.run.ALERT: Method exceptionalMethod does not exist [] []
[2012-01-03 21:10:54] Codeception/ScenarioCest.php:\Codeception\Scenario.run.INFO: # ERROR # [] []
[2012-01-03 21:10:54] Codeception/ScenarioCest.php:\Codeception\Scenario.run.INFO: PASSED [] []
[2012-01-03 21:10:54] Codeception/ScenarioCest.php:\Codeception\Scenario.run.INFO: PASSED [] []
[2012-01-03 21:10:54] Codeception/ScenarioCest.php:\Codeception\Scenario.run.INFO: PASSED [] []
[2012-01-03 21:10:54] Codeception/ScenarioCest.php:\Codeception\Scenario.run.INFO: PASSED [] []
[2012-01-03 21:10:54] Codeception/ScenarioCest.php:\Codeception\Scenario.run.INFO: PASSED [] []
[2012-01-03 21:10:54] Codeception/ScenarioCest.php:\Codeception\Scenario.run.INFO: PASSED [] []
[2012-01-03 21:10:54] Codeception/ScenarioCest.php:\Codeception\Scenario.run.INFO: PASSED [] []
[2012-01-03 21:10:54] Codeception/ScenarioCest.php:\Codeception\Scenario.run.INFO: PASSED [] []
[2012-01-03 21:10:54] Codeception/ScenarioCest.php:\Codeception\Scenario.run.INFO: PASSED [] []
[2012-01-03 21:10:54] Codeception/ScenarioCest.php:\Codeception\Scenario.run.INFO: PASSED [] []
[2012-01-03 21:10:54] Codeception/ScenarioCest.php:\Codeception\Scenario.run.INFO: PASSED [] []
[2012-01-03 21:10:54] Codeception/ScenarioCest.php:\Codeception\Scenario.run.INFO: PASSED [] []
[2012-01-03 21:10:54] Codeception/ScenarioCest.php:\Codeception\Scenario.run.INFO: PASSED [] []
[2012-01-03 21:10:54] Codeception/ScenarioCest.php:\Codeception\Scenario.run.INFO: PASSED [] []
[2012-01-03 21:10:54] Codeception/ScenarioCest.php:\Codeception\Scenario.run.INFO: PASSED [] []
[2012-01-03 21:10:54] Codeception/ScenarioCest.php:\Codeception\Scenario.run.INFO: PASSED [] []
[2012-01-03 21:10:54] Codeception/ScenarioCest.php:\Codeception\Scenario.run.INFO: PASSED [] []
[2012-01-03 21:10:54] Codeception/ScenarioCest.php:\Codeception\Scenario.run.INFO: PASSED [] []
[2012-01-03 21:10:54] Codeception/ScenarioCest.php:\Codeception\Scenario.run.INFO: PASSED [] []
[2012-01-03 21:13:44] Codeception/ScenarioCest.php:\Codeception\Scenario.run.INFO: test method "\Codeception\Scenario.run" [] []
[2012-01-03 21:13:44] Codeception/ScenarioCest.php:\Codeception\Scenario.run.INFO: have stub "((\Codeception\TestCase\Cept))" [] []
[2012-01-03 21:13:44] Codeception/ScenarioCest.php:\Codeception\Scenario.run.INFO: have stub "((\Codeception\Scenario))" [] []
[2012-01-03 21:13:44] Codeception/ScenarioCest.php:\Codeception\Scenario.run.INFO: execute tested method on "((\Codeception\Scenario))" [] []
[2012-01-03 21:13:44] Codeception/ScenarioCest.php:\Codeception\Scenario.run.INFO: see method invoked ["((\\Codeception\\TestCase\\Cept))","runStep"] [] []
[2012-01-03 21:13:44] Codeception/ScenarioCest.php:\Codeception\Scenario.run.INFO: see property equals ["((\\Codeception\\Scenario))","currentStep",1] [] []
[2012-01-03 21:13:44] Codeception/ScenarioCest.php:\Codeception\Scenario.run.INFO: PASSED [] []
[2012-01-03 21:13:44] Codeception/ScenarioCest.php:\Codeception\Scenario.run.INFO: PASSED [] []
[2012-01-03 21:13:44] Codeception/ScenarioCest.php:\Codeception\Scenario.run.INFO: PASSED [] []
[2012-01-03 21:13:44] Codeception/ScenarioCest.php:\Codeception\Scenario.run.INFO: PASSED [] []
[2012-01-03 21:13:44] Codeception/ScenarioCest.php:\Codeception\Scenario.run.INFO: PASSED [] []
[2012-01-03 21:13:44] Codeception/ScenarioCest.php:\Codeception\Scenario.run.ALERT: Probably Internal Error. There is no matchers for current mock [] []
[2012-01-03 21:13:44] Codeception/ScenarioCest.php:\Codeception\Scenario.run.INFO: # ERROR # [] []
[2012-01-03 21:13:44] Codeception/ScenarioCest.php:\Codeception\Scenario.run.INFO: PASSED [] []
[2012-01-03 21:13:44] Codeception/ScenarioCest.php:\Codeception\Scenario.run.ALERT: Catch it! [] []
[2012-01-03 21:13:44] Codeception/ScenarioCest.php:\Codeception\Scenario.run.INFO: # ERROR # [] []
[2012-01-03 21:13:44] Codeception/ScenarioCest.php:\Codeception\Scenario.run.INFO: PASSED [] []
[2012-01-03 21:13:44] Codeception/ScenarioCest.php:\Codeception\Scenario.run.INFO: PASSED [] []
[2012-01-03 21:13:44] Codeception/ScenarioCest.php:\Codeception\Scenario.run.INFO: PASSED [] []
[2012-01-03 21:13:44] Codeception/ScenarioCest.php:\Codeception\Scenario.run.INFO: PASSED [] []
[2012-01-03 21:13:44] Codeception/ScenarioCest.php:\Codeception\Scenario.run.INFO: PASSED [] []
[2012-01-03 21:13:44] Codeception/ScenarioCest.php:\Codeception\Scenario.run.INFO: PASSED [] []
[2012-01-03 21:13:44] Codeception/ScenarioCest.php:\Codeception\Scenario.run.INFO: PASSED [] []
[2012-01-03 21:13:44] Codeception/ScenarioCest.php:\Codeception\Scenario.run.INFO: PASSED [] []
[2012-01-03 21:13:44] Codeception/ScenarioCest.php:\Codeception\Scenario.run.INFO: PASSED [] []
[2012-01-03 21:13:44] Codeception/ScenarioCest.php:\Codeception\Scenario.run.INFO: PASSED [] []
[2012-01-03 21:13:44] Codeception/ScenarioCest.php:\Codeception\Scenario.run.INFO: PASSED [] []
[2012-01-03 21:13:44] Codeception/ScenarioCest.php:\Codeception\Scenario.run.INFO: PASSED [] []
[2012-01-03 21:13:44] Codeception/ScenarioCest.php:\Codeception\Scenario.run.INFO: PASSED [] []
[2012-01-03 21:13:44] Codeception/ScenarioCest.php:\Codeception\Scenario.run.INFO: PASSED [] []
[2012-01-03 21:13:44] Codeception/ScenarioCest.php:\Codeception\Scenario.run.INFO: PASSED [] []
[2012-01-03 21:13:44] Codeception/ScenarioCest.php:\Codeception\Scenario.run.INFO: PASSED [] []
[2012-01-03 21:13:44] Codeception/ScenarioCest.php:\Codeception\Scenario.run.INFO: PASSED [] []
[2012-01-03 21:13:44] Codeception/ScenarioCest.php:\Codeception\Scenario.run.INFO: PASSED [] []
[2012-01-03 21:13:44] Codeception/ScenarioCest.php:\Codeception\Scenario.run.INFO: PASSED [] []
[2012-01-03 21:14:26] Codeception/ScenarioCest.php:\Codeception\Scenario.run.INFO: test method "\Codeception\Scenario.run" [] []
[2012-01-03 21:14:26] Codeception/ScenarioCest.php:\Codeception\Scenario.run.INFO: have stub "((\Codeception\TestCase\Cept))" [] []
[2012-01-03 21:14:26] Codeception/ScenarioCest.php:\Codeception\Scenario.run.INFO: have stub "((\Codeception\Scenario))" [] []
[2012-01-03 21:14:26] Codeception/ScenarioCest.php:\Codeception\Scenario.run.INFO: execute tested method on "((\Codeception\Scenario))" [] []
[2012-01-03 21:14:26] Codeception/ScenarioCest.php:\Codeception\Scenario.run.INFO: see method invoked ["((\\Codeception\\TestCase\\Cept))","runStep"] [] []
[2012-01-03 21:14:26] Codeception/ScenarioCest.php:\Codeception\Scenario.run.INFO: see property equals ["((\\Codeception\\Scenario))","currentStep",1] [] []
[2012-01-03 21:14:26] Codeception/ScenarioCest.php:\Codeception\Scenario.run.INFO: PASSED [] []
[2012-01-03 21:14:26] Codeception/ScenarioCest.php:\Codeception\Scenario.run.INFO: PASSED [] []
[2012-01-03 21:14:26] Codeception/ScenarioCest.php:\Codeception\Scenario.run.INFO: PASSED [] []
[2012-01-03 21:14:26] Codeception/ScenarioCest.php:\Codeception\Scenario.run.INFO: PASSED [] []
[2012-01-03 21:14:26] Codeception/ScenarioCest.php:\Codeception\Scenario.run.INFO: PASSED [] []
[2012-01-03 21:14:26] Codeception/ScenarioCest.php:\Codeception\Scenario.run.ALERT: Probably Internal Error. There is no matchers for current mock [] []
[2012-01-03 21:14:26] Codeception/ScenarioCest.php:\Codeception\Scenario.run.INFO: # ERROR # [] []
[2012-01-03 21:14:26] Codeception/ScenarioCest.php:\Codeception\Scenario.run.INFO: PASSED [] []
[2012-01-03 21:14:26] Codeception/ScenarioCest.php:\Codeception\Scenario.run.ALERT: Catch it! [] []
[2012-01-03 21:14:26] Codeception/ScenarioCest.php:\Codeception\Scenario.run.INFO: # ERROR # [] []
[2012-01-03 21:14:26] Codeception/ScenarioCest.php:\Codeception\Scenario.run.INFO: PASSED [] []
[2012-01-03 21:14:26] Codeception/ScenarioCest.php:\Codeception\Scenario.run.INFO: PASSED [] []
[2012-01-03 21:14:26] Codeception/ScenarioCest.php:\Codeception\Scenario.run.INFO: PASSED [] []
[2012-01-03 21:14:26] Codeception/ScenarioCest.php:\Codeception\Scenario.run.INFO: PASSED [] []
[2012-01-03 21:14:26] Codeception/ScenarioCest.php:\Codeception\Scenario.run.INFO: PASSED [] []
[2012-01-03 21:14:26] Codeception/ScenarioCest.php:\Codeception\Scenario.run.INFO: PASSED [] []
[2012-01-03 21:14:26] Codeception/ScenarioCest.php:\Codeception\Scenario.run.INFO: PASSED [] []
[2012-01-03 21:14:26] Codeception/ScenarioCest.php:\Codeception\Scenario.run.INFO: PASSED [] []
[2012-01-03 21:14:26] Codeception/ScenarioCest.php:\Codeception\Scenario.run.INFO: PASSED [] []
[2012-01-03 21:14:26] Codeception/ScenarioCest.php:\Codeception\Scenario.run.INFO: PASSED [] []
[2012-01-03 21:14:26] Codeception/ScenarioCest.php:\Codeception\Scenario.run.INFO: PASSED [] []
[2012-01-03 21:14:26] Codeception/ScenarioCest.php:\Codeception\Scenario.run.INFO: PASSED [] []
[2012-01-03 21:14:26] Codeception/ScenarioCest.php:\Codeception\Scenario.run.INFO: PASSED [] []
[2012-01-03 21:14:26] Codeception/ScenarioCest.php:\Codeception\Scenario.run.INFO: PASSED [] []
[2012-01-03 21:14:26] Codeception/ScenarioCest.php:\Codeception\Scenario.run.INFO: PASSED [] []
[2012-01-03 21:14:26] Codeception/ScenarioCest.php:\Codeception\Scenario.run.INFO: PASSED [] []
[2012-01-03 21:14:26] Codeception/ScenarioCest.php:\Codeception\Scenario.run.INFO: PASSED [] []
[2012-01-03 21:14:26] Codeception/ScenarioCest.php:\Codeception\Scenario.run.INFO: PASSED [] []
[2012-01-03 21:14:26] Codeception/ScenarioCest.php:\Codeception\Scenario.run.INFO: PASSED [] []
[2012-01-03 21:17:28] Codeception/ScenarioCest.php:\Codeception\Scenario.run.INFO: test method "\Codeception\Scenario.run" [] []
[2012-01-03 21:17:28] Codeception/ScenarioCest.php:\Codeception\Scenario.run.INFO: have stub "((\Codeception\TestCase\Cept))" [] []
[2012-01-03 21:17:28] Codeception/ScenarioCest.php:\Codeception\Scenario.run.INFO: have stub "((\Codeception\Scenario))" [] []
[2012-01-03 21:17:28] Codeception/ScenarioCest.php:\Codeception\Scenario.run.INFO: execute tested method on "((\Codeception\Scenario))" [] []
[2012-01-03 21:17:28] Codeception/ScenarioCest.php:\Codeception\Scenario.run.INFO: see method invoked ["((\\Codeception\\TestCase\\Cept))","runStep"] [] []
[2012-01-03 21:17:28] Codeception/ScenarioCest.php:\Codeception\Scenario.run.INFO: see property equals ["((\\Codeception\\Scenario))","currentStep",1] [] []
[2012-01-03 21:17:28] Codeception/ScenarioCest.php:\Codeception\Scenario.run.INFO: PASSED [] []
[2012-01-03 21:17:28] Codeception/ScenarioCest.php:\Codeception\Scenario.run.INFO: PASSED [] []
[2012-01-03 21:17:28] Codeception/ScenarioCest.php:\Codeception\Scenario.run.INFO: PASSED [] []
[2012-01-03 21:17:28] Codeception/ScenarioCest.php:\Codeception\Scenario.run.INFO: PASSED [] []
[2012-01-03 21:17:28] Codeception/ScenarioCest.php:\Codeception\Scenario.run.INFO: PASSED [] []
[2012-01-03 21:17:28] Codeception/ScenarioCest.php:\Codeception\Scenario.run.ALERT: Probably Internal Error. There is no matchers for current mock [] []
[2012-01-03 21:17:28] Codeception/ScenarioCest.php:\Codeception\Scenario.run.INFO: # ERROR # [] []
[2012-01-03 21:17:28] Codeception/ScenarioCest.php:\Codeception\Scenario.run.INFO: PASSED [] []
[2012-01-03 21:17:28] Codeception/ScenarioCest.php:\Codeception\Scenario.run.ALERT: Catch it! [] []
[2012-01-03 21:17:28] Codeception/ScenarioCest.php:\Codeception\Scenario.run.INFO: # ERROR # [] []
[2012-01-03 21:17:28] Codeception/ScenarioCest.php:\Codeception\Scenario.run.INFO: PASSED [] []
[2012-01-03 21:17:28] Codeception/ScenarioCest.php:\Codeception\Scenario.run.INFO: PASSED [] []
[2012-01-03 21:17:28] Codeception/ScenarioCest.php:\Codeception\Scenario.run.INFO: PASSED [] []
[2012-01-03 21:17:28] Codeception/ScenarioCest.php:\Codeception\Scenario.run.INFO: PASSED [] []
[2012-01-03 21:17:28] Codeception/ScenarioCest.php:\Codeception\Scenario.run.INFO: PASSED [] []
[2012-01-03 21:17:28] Codeception/ScenarioCest.php:\Codeception\Scenario.run.INFO: PASSED [] []
[2012-01-03 21:17:28] Codeception/ScenarioCest.php:\Codeception\Scenario.run.INFO: PASSED [] []
[2012-01-03 21:17:28] Codeception/ScenarioCest.php:\Codeception\Scenario.run.INFO: PASSED [] []
[2012-01-03 21:17:28] Codeception/ScenarioCest.php:\Codeception\Scenario.run.INFO: PASSED [] []
[2012-01-03 21:17:28] Codeception/ScenarioCest.php:\Codeception\Scenario.run.INFO: PASSED [] []
[2012-01-03 21:17:28] Codeception/ScenarioCest.php:\Codeception\Scenario.run.INFO: PASSED [] []
[2012-01-03 21:17:28] Codeception/ScenarioCest.php:\Codeception\Scenario.run.INFO: PASSED [] []
[2012-01-03 21:17:28] Codeception/ScenarioCest.php:\Codeception\Scenario.run.INFO: PASSED [] []
[2012-01-03 21:17:28] Codeception/ScenarioCest.php:\Codeception\Scenario.run.INFO: PASSED [] []
[2012-01-03 21:17:28] Codeception/ScenarioCest.php:\Codeception\Scenario.run.INFO: PASSED [] []
[2012-01-03 21:17:28] Codeception/ScenarioCest.php:\Codeception\Scenario.run.INFO: PASSED [] []
[2012-01-03 21:17:28] Codeception/ScenarioCest.php:\Codeception\Scenario.run.INFO: PASSED [] []
[2012-01-03 21:17:28] Codeception/ScenarioCest.php:\Codeception\Scenario.run.INFO: PASSED [] []
[2012-01-03 21:17:28] Codeception/ScenarioCest.php:\Codeception\Scenario.run.INFO: PASSED [] []
[2012-01-03 21:19:24] Codeception/ScenarioCest.php:\Codeception\Scenario.run.INFO: test method "\Codeception\Scenario.run" [] []
[2012-01-03 21:19:24] Codeception/ScenarioCest.php:\Codeception\Scenario.run.INFO: have stub "((\Codeception\TestCase\Cept))" [] []
[2012-01-03 21:19:24] Codeception/ScenarioCest.php:\Codeception\Scenario.run.INFO: have stub "((\Codeception\Scenario))" [] []
[2012-01-03 21:19:24] Codeception/ScenarioCest.php:\Codeception\Scenario.run.INFO: execute tested method on "((\Codeception\Scenario))" [] []
[2012-01-03 21:19:24] Codeception/ScenarioCest.php:\Codeception\Scenario.run.INFO: see method invoked ["((\\Codeception\\TestCase\\Cept))","runStep"] [] []
[2012-01-03 21:19:24] Codeception/ScenarioCest.php:\Codeception\Scenario.run.INFO: see property equals ["((\\Codeception\\Scenario))","currentStep",1] [] []
[2012-01-03 21:19:24] Codeception/ScenarioCest.php:\Codeception\Scenario.run.INFO: PASSED [] []
[2012-01-03 21:19:24] Codeception/ScenarioCest.php:\Codeception\Scenario.run.INFO: PASSED [] []
[2012-01-03 21:19:24] Codeception/ScenarioCest.php:\Codeception\Scenario.run.INFO: PASSED [] []
[2012-01-03 21:19:24] Codeception/ScenarioCest.php:\Codeception\Scenario.run.INFO: PASSED [] []
[2012-01-03 21:19:24] Codeception/ScenarioCest.php:\Codeception\Scenario.run.INFO: PASSED [] []
[2012-01-03 21:19:24] Codeception/ScenarioCest.php:\Codeception\Scenario.run.ALERT: Probably Internal Error. There is no matchers for current mock [] []
[2012-01-03 21:19:24] Codeception/ScenarioCest.php:\Codeception\Scenario.run.INFO: # ERROR # [] []
[2012-01-03 21:19:24] Codeception/ScenarioCest.php:\Codeception\Scenario.run.INFO: PASSED [] []
[2012-01-03 21:19:24] Codeception/ScenarioCest.php:\Codeception\Scenario.run.ALERT: Catch it! [] []
[2012-01-03 21:19:24] Codeception/ScenarioCest.php:\Codeception\Scenario.run.INFO: # ERROR # [] []
[2012-01-03 21:19:24] Codeception/ScenarioCest.php:\Codeception\Scenario.run.INFO: PASSED [] []
[2012-01-03 21:19:24] Codeception/ScenarioCest.php:\Codeception\Scenario.run.INFO: PASSED [] []
[2012-01-03 21:19:24] Codeception/ScenarioCest.php:\Codeception\Scenario.run.INFO: PASSED [] []
[2012-01-03 21:19:24] Codeception/ScenarioCest.php:\Codeception\Scenario.run.INFO: PASSED [] []
[2012-01-03 21:19:24] Codeception/ScenarioCest.php:\Codeception\Scenario.run.INFO: PASSED [] []
[2012-01-03 21:19:24] Codeception/ScenarioCest.php:\Codeception\Scenario.run.INFO: PASSED [] []
[2012-01-03 21:19:24] Codeception/ScenarioCest.php:\Codeception\Scenario.run.INFO: PASSED [] []
[2012-01-03 21:19:24] Codeception/ScenarioCest.php:\Codeception\Scenario.run.INFO: PASSED [] []
[2012-01-03 21:19:24] Codeception/ScenarioCest.php:\Codeception\Scenario.run.INFO: PASSED [] []
[2012-01-03 21:19:24] Codeception/ScenarioCest.php:\Codeception\Scenario.run.INFO: PASSED [] []
[2012-01-03 21:19:24] Codeception/ScenarioCest.php:\Codeception\Scenario.run.INFO: PASSED [] []
[2012-01-03 21:19:24] Codeception/ScenarioCest.php:\Codeception\Scenario.run.INFO: PASSED [] []
[2012-01-03 21:19:24] Codeception/ScenarioCest.php:\Codeception\Scenario.run.INFO: PASSED [] []
[2012-01-03 21:19:24] Codeception/ScenarioCest.php:\Codeception\Scenario.run.INFO: PASSED [] []
[2012-01-03 21:19:24] Codeception/ScenarioCest.php:\Codeception\Scenario.run.INFO: PASSED [] []
[2012-01-03 21:19:24] Codeception/ScenarioCest.php:\Codeception\Scenario.run.INFO: PASSED [] []
[2012-01-03 21:19:24] Codeception/ScenarioCest.php:\Codeception\Scenario.run.INFO: PASSED [] []
[2012-01-03 21:19:24] Codeception/ScenarioCest.php:\Codeception\Scenario.run.INFO: PASSED [] []
[2012-01-03 21:19:24] Codeception/ScenarioCest.php:\Codeception\Scenario.run.INFO: PASSED [] []
[2012-01-03 21:19:31] Codeception/ScenarioCest.php:\Codeception\Scenario.run.INFO: test method "\Codeception\Scenario.run" [] []
[2012-01-03 21:19:31] Codeception/ScenarioCest.php:\Codeception\Scenario.run.INFO: have stub "((\Codeception\TestCase\Cept))" [] []
[2012-01-03 21:19:31] Codeception/ScenarioCest.php:\Codeception\Scenario.run.INFO: have stub "((\Codeception\Scenario))" [] []
[2012-01-03 21:19:31] Codeception/ScenarioCest.php:\Codeception\Scenario.run.INFO: execute tested method on "((\Codeception\Scenario))" [] []
[2012-01-03 21:19:31] Codeception/ScenarioCest.php:\Codeception\Scenario.run.INFO: see method invoked ["((\\Codeception\\TestCase\\Cept))","runStep"] [] []
[2012-01-03 21:19:31] Codeception/ScenarioCest.php:\Codeception\Scenario.run.INFO: see property equals ["((\\Codeception\\Scenario))","currentStep",1] [] []
[2012-01-03 21:19:31] Codeception/ScenarioCest.php:\Codeception\Scenario.run.INFO: PASSED [] []
[2012-01-03 21:19:31] Codeception/ScenarioCest.php:\Codeception\Scenario.run.INFO: PASSED [] []
[2012-01-03 21:19:31] Codeception/ScenarioCest.php:\Codeception\Scenario.run.INFO: PASSED [] []
[2012-01-03 21:19:31] Codeception/ScenarioCest.php:\Codeception\Scenario.run.INFO: PASSED [] []
[2012-01-03 21:19:31] Codeception/ScenarioCest.php:\Codeception\Scenario.run.INFO: PASSED [] []
[2012-01-03 21:25:06] Codeception/ScenarioCest.php:\Codeception\Scenario.run.INFO: test method "\Codeception\Scenario.run" [] []
[2012-01-03 21:25:06] Codeception/ScenarioCest.php:\Codeception\Scenario.run.INFO: have stub "((\Codeception\TestCase\Cept))" [] []
[2012-01-03 21:25:06] Codeception/ScenarioCest.php:\Codeception\Scenario.run.INFO: have stub "((\Codeception\Scenario))" [] []
[2012-01-03 21:25:06] Codeception/ScenarioCest.php:\Codeception\Scenario.run.INFO: execute tested method on "((\Codeception\Scenario))" [] []
[2012-01-03 21:25:06] Codeception/ScenarioCest.php:\Codeception\Scenario.run.INFO: see method invoked ["((\\Codeception\\TestCase\\Cept))","runStep"] [] []
[2012-01-03 21:25:06] Codeception/ScenarioCest.php:\Codeception\Scenario.run.INFO: see property equals ["((\\Codeception\\Scenario))","currentStep",1] [] []
[2012-01-03 21:25:06] Codeception/ScenarioCest.php:\Codeception\Scenario.run.INFO: PASSED [] []
[2012-01-03 21:25:06] Codeception/ScenarioCest.php:\Codeception\Scenario.run.INFO: PASSED [] []
[2012-01-03 21:25:06] Codeception/ScenarioCest.php:\Codeception\Scenario.run.INFO: PASSED [] []
[2012-01-03 21:25:06] Codeception/ScenarioCest.php:\Codeception\Scenario.run.ALERT: Argument 2 passed to PHPUnit_Framework_MockObject_Generator::getMockForAbstractClass() must be an array, null given, called in /usr/share/pear/Codeception/src/Codeception/Util/Stub.php on line 21 and defined [] []
[2012-01-03 21:25:06] Codeception/ScenarioCest.php:\Codeception\Scenario.run.INFO: # ERROR # [] []
[2012-01-03 21:25:06] Codeception/ScenarioCest.php:\Codeception\Scenario.run.INFO: PASSED [] []
[2012-01-03 21:25:06] Codeception/ScenarioCest.php:\Codeception\Scenario.run.ALERT: Argument 2 passed to PHPUnit_Framework_MockObject_Generator::getMockForAbstractClass() must be an array, null given, called in /usr/share/pear/Codeception/src/Codeception/Util/Stub.php on line 21 and defined [] []
[2012-01-03 21:25:06] Codeception/ScenarioCest.php:\Codeception\Scenario.run.INFO: # ERROR # [] []
[2012-01-03 21:25:06] Codeception/ScenarioCest.php:\Codeception\Scenario.run.INFO: PASSED [] []
[2012-01-03 21:25:06] Codeception/ScenarioCest.php:\Codeception\Scenario.run.ALERT: Argument 2 passed to PHPUnit_Framework_MockObject_Generator::getMockForAbstractClass() must be an array, null given, called in /usr/share/pear/Codeception/src/Codeception/Util/Stub.php on line 21 and defined [] []
[2012-01-03 21:25:06] Codeception/ScenarioCest.php:\Codeception\Scenario.run.INFO: # ERROR # [] []
[2012-01-03 21:25:06] Codeception/ScenarioCest.php:\Codeception\Scenario.run.INFO: PASSED [] []
[2012-01-03 21:25:06] Codeception/ScenarioCest.php:\Codeception\Scenario.run.ALERT: Argument 2 passed to PHPUnit_Framework_MockObject_Generator::getMockForAbstractClass() must be an array, null given, called in /usr/share/pear/Codeception/src/Codeception/Util/Stub.php on line 21 and defined [] []
[2012-01-03 21:25:06] Codeception/ScenarioCest.php:\Codeception\Scenario.run.INFO: # ERROR # [] []
[2012-01-03 21:25:06] Codeception/ScenarioCest.php:\Codeception\Scenario.run.INFO: PASSED [] []
[2012-01-03 21:25:06] Codeception/ScenarioCest.php:\Codeception\Scenario.run.INFO: PASSED [] []
[2012-01-03 21:25:06] Codeception/ScenarioCest.php:\Codeception\Scenario.run.INFO: PASSED [] []
[2012-01-03 21:25:06] Codeception/ScenarioCest.php:\Codeception\Scenario.run.INFO: PASSED [] []
[2012-01-03 21:25:06] Codeception/ScenarioCest.php:\Codeception\Scenario.run.INFO: PASSED [] []
[2012-01-03 21:25:06] Codeception/ScenarioCest.php:\Codeception\Scenario.run.INFO: PASSED [] []
[2012-01-03 21:25:06] Codeception/ScenarioCest.php:\Codeception\Scenario.run.INFO: PASSED [] []
[2012-01-03 21:25:06] Codeception/ScenarioCest.php:\Codeception\Scenario.run.INFO: PASSED [] []
[2012-01-03 21:25:06] Codeception/ScenarioCest.php:\Codeception\Scenario.run.INFO: PASSED [] []
[2012-01-03 21:25:06] Codeception/ScenarioCest.php:\Codeception\Scenario.run.INFO: PASSED [] []
[2012-01-03 21:25:06] Codeception/ScenarioCest.php:\Codeception\Scenario.run.INFO: PASSED [] []
[2012-01-03 21:25:06] Codeception/ScenarioCest.php:\Codeception\Scenario.run.INFO: PASSED [] []
[2012-01-03 21:25:06] Codeception/ScenarioCest.php:\Codeception\Scenario.run.INFO: PASSED [] []
[2012-01-03 21:25:06] Codeception/ScenarioCest.php:\Codeception\Scenario.run.INFO: PASSED [] []
[2012-01-03 21:25:06] Codeception/ScenarioCest.php:\Codeception\Scenario.run.INFO: PASSED [] []
[2012-01-03 21:25:06] Codeception/ScenarioCest.php:\Codeception\Scenario.run.INFO: PASSED [] []
[2012-01-03 21:25:06] Codeception/ScenarioCest.php:\Codeception\Scenario.run.INFO: PASSED [] []
[2012-01-03 21:25:06] Codeception/ScenarioCest.php:\Codeception\Scenario.run.INFO: PASSED [] []
[2012-01-03 21:25:06] Codeception/ScenarioCest.php:\Codeception\Scenario.run.INFO: PASSED [] []
[2012-01-03 21:25:20] Codeception/ScenarioCest.php:\Codeception\Scenario.run.INFO: test method "\Codeception\Scenario.run" [] []
[2012-01-03 21:25:20] Codeception/ScenarioCest.php:\Codeception\Scenario.run.INFO: have stub "((\Codeception\TestCase\Cept))" [] []
[2012-01-03 21:25:20] Codeception/ScenarioCest.php:\Codeception\Scenario.run.INFO: have stub "((\Codeception\Scenario))" [] []
[2012-01-03 21:25:20] Codeception/ScenarioCest.php:\Codeception\Scenario.run.INFO: execute tested method on "((\Codeception\Scenario))" [] []
[2012-01-03 21:25:20] Codeception/ScenarioCest.php:\Codeception\Scenario.run.INFO: see method invoked ["((\\Codeception\\TestCase\\Cept))","runStep"] [] []
[2012-01-03 21:25:20] Codeception/ScenarioCest.php:\Codeception\Scenario.run.INFO: see property equals ["((\\Codeception\\Scenario))","currentStep",1] [] []
[2012-01-03 21:25:20] Codeception/ScenarioCest.php:\Codeception\Scenario.run.INFO: PASSED [] []
[2012-01-03 21:25:20] Codeception/ScenarioCest.php:\Codeception\Scenario.run.INFO: PASSED [] []
[2012-01-03 21:25:20] Codeception/ScenarioCest.php:\Codeception\Scenario.run.INFO: PASSED [] []
[2012-01-03 21:25:20] Codeception/ScenarioCest.php:\Codeception\Scenario.run.INFO: PASSED [] []
[2012-01-03 21:25:20] Codeception/ScenarioCest.php:\Codeception\Scenario.run.INFO: PASSED [] []
[2012-01-03 21:25:20] Codeception/ScenarioCest.php:\Codeception\Scenario.run.ALERT: Property scenario does not exist [] []
[2012-01-03 21:25:20] Codeception/ScenarioCest.php:\Codeception\Scenario.run.INFO: # ERROR # [] []
[2012-01-03 21:25:20] Codeception/ScenarioCest.php:\Codeception\Scenario.run.INFO: PASSED [] []
[2012-01-03 21:25:20] Codeception/ScenarioCest.php:\Codeception\Scenario.run.ALERT: Catch it! [] []
[2012-01-03 21:25:20] Codeception/ScenarioCest.php:\Codeception\Scenario.run.INFO: # ERROR # [] []
[2012-01-03 21:25:20] Codeception/ScenarioCest.php:\Codeception\Scenario.run.INFO: PASSED [] []
[2012-01-03 21:25:20] Codeception/ScenarioCest.php:\Codeception\Scenario.run.INFO: PASSED [] []
[2012-01-03 21:25:20] Codeception/ScenarioCest.php:\Codeception\Scenario.run.INFO: PASSED [] []
[2012-01-03 21:25:20] Codeception/ScenarioCest.php:\Codeception\Scenario.run.INFO: PASSED [] []
[2012-01-03 21:25:20] Codeception/ScenarioCest.php:\Codeception\Scenario.run.INFO: PASSED [] []
[2012-01-03 21:25:20] Codeception/ScenarioCest.php:\Codeception\Scenario.run.INFO: PASSED [] []
[2012-01-03 21:25:20] Codeception/ScenarioCest.php:\Codeception\Scenario.run.INFO: PASSED [] []
[2012-01-03 21:25:20] Codeception/ScenarioCest.php:\Codeception\Scenario.run.INFO: PASSED [] []
[2012-01-03 21:25:20] Codeception/ScenarioCest.php:\Codeception\Scenario.run.INFO: PASSED [] []
[2012-01-03 21:25:20] Codeception/ScenarioCest.php:\Codeception\Scenario.run.INFO: PASSED [] []
[2012-01-03 21:25:20] Codeception/ScenarioCest.php:\Codeception\Scenario.run.INFO: PASSED [] []
[2012-01-03 21:25:20] Codeception/ScenarioCest.php:\Codeception\Scenario.run.INFO: PASSED [] []
[2012-01-03 21:25:20] Codeception/ScenarioCest.php:\Codeception\Scenario.run.INFO: PASSED [] []
[2012-01-03 21:25:20] Codeception/ScenarioCest.php:\Codeception\Scenario.run.INFO: PASSED [] []
[2012-01-03 21:25:20] Codeception/ScenarioCest.php:\Codeception\Scenario.run.INFO: PASSED [] []
[2012-01-03 21:25:20] Codeception/ScenarioCest.php:\Codeception\Scenario.run.INFO: PASSED [] []
[2012-01-03 21:25:20] Codeception/ScenarioCest.php:\Codeception\Scenario.run.INFO: PASSED [] []
[2012-01-03 21:25:20] Codeception/ScenarioCest.php:\Codeception\Scenario.run.INFO: PASSED [] []
[2012-01-03 21:25:20] Codeception/ScenarioCest.php:\Codeception\Scenario.run.INFO: PASSED [] []
[2012-01-03 21:25:42] Codeception/ScenarioCest.php:\Codeception\Scenario.run.INFO: test method "\Codeception\Scenario.run" [] []
[2012-01-03 21:25:42] Codeception/ScenarioCest.php:\Codeception\Scenario.run.INFO: have stub "((\Codeception\TestCase\Cept))" [] []
[2012-01-03 21:25:42] Codeception/ScenarioCest.php:\Codeception\Scenario.run.INFO: have stub "((\Codeception\Scenario))" [] []
[2012-01-03 21:25:42] Codeception/ScenarioCest.php:\Codeception\Scenario.run.INFO: execute tested method on "((\Codeception\Scenario))" [] []
[2012-01-03 21:25:42] Codeception/ScenarioCest.php:\Codeception\Scenario.run.INFO: see method invoked ["((\\Codeception\\TestCase\\Cept))","runStep"] [] []
[2012-01-03 21:25:42] Codeception/ScenarioCest.php:\Codeception\Scenario.run.INFO: see property equals ["((\\Codeception\\Scenario))","currentStep",1] [] []
[2012-01-03 21:25:42] Codeception/ScenarioCest.php:\Codeception\Scenario.run.INFO: PASSED [] []
[2012-01-03 21:25:42] Codeception/ScenarioCest.php:\Codeception\Scenario.run.INFO: PASSED [] []
[2012-01-03 21:25:42] Codeception/ScenarioCest.php:\Codeception\Scenario.run.INFO: PASSED [] []
[2012-01-03 21:25:42] Codeception/ScenarioCest.php:\Codeception\Scenario.run.INFO: PASSED [] []
[2012-01-03 21:25:42] Codeception/ScenarioCest.php:\Codeception\Scenario.run.INFO: PASSED [] []
[2012-01-03 21:25:57] Codeception/ScenarioCest.php:\Codeception\Scenario.run.INFO: test method "\Codeception\Scenario.run" [] []
[2012-01-03 21:25:57] Codeception/ScenarioCest.php:\Codeception\Scenario.run.INFO: have stub "((\Codeception\TestCase\Cept))" [] []
[2012-01-03 21:25:57] Codeception/ScenarioCest.php:\Codeception\Scenario.run.INFO: have stub "((\Codeception\Scenario))" [] []
[2012-01-03 21:25:57] Codeception/ScenarioCest.php:\Codeception\Scenario.run.INFO: execute tested method on "((\Codeception\Scenario))" [] []
[2012-01-03 21:25:57] Codeception/ScenarioCest.php:\Codeception\Scenario.run.INFO: see method invoked ["((\\Codeception\\TestCase\\Cept))","runStep"] [] []
[2012-01-03 21:25:57] Codeception/ScenarioCest.php:\Codeception\Scenario.run.INFO: see property equals ["((\\Codeception\\Scenario))","currentStep",1] [] []
[2012-01-03 21:25:57] Codeception/ScenarioCest.php:\Codeception\Scenario.run.INFO: PASSED [] []
[2012-01-03 21:25:57] Codeception/ScenarioCest.php:\Codeception\Scenario.run.INFO: PASSED [] []
[2012-01-03 21:25:57] Codeception/ScenarioCest.php:\Codeception\Scenario.run.INFO: PASSED [] []
[2012-01-03 21:25:57] Codeception/ScenarioCest.php:\Codeception\Scenario.run.INFO: PASSED [] []
[2012-01-03 21:25:57] Codeception/ScenarioCest.php:\Codeception\Scenario.run.INFO: PASSED [] []
[2012-01-03 21:25:57] Codeception/ScenarioCest.php:\Codeception\Scenario.run.ALERT: Argument 1 passed to Codeception\Step::__construct() must be an array, string given, called in /home/davert/codeception/src/Codeception/Scenario.php on line 49 and defined [] []
[2012-01-03 21:25:57] Codeception/ScenarioCest.php:\Codeception\Scenario.run.INFO: # ERROR # [] []
[2012-01-03 21:25:57] Codeception/ScenarioCest.php:\Codeception\Scenario.run.INFO: PASSED [] []
[2012-01-03 21:25:57] Codeception/ScenarioCest.php:\Codeception\Scenario.run.ALERT: Catch it! [] []
[2012-01-03 21:25:57] Codeception/ScenarioCest.php:\Codeception\Scenario.run.INFO: # ERROR # [] []
[2012-01-03 21:25:57] Codeception/ScenarioCest.php:\Codeception\Scenario.run.INFO: PASSED [] []
[2012-01-03 21:25:57] Codeception/ScenarioCest.php:\Codeception\Scenario.run.INFO: PASSED [] []
[2012-01-03 21:25:57] Codeception/ScenarioCest.php:\Codeception\Scenario.run.INFO: PASSED [] []
[2012-01-03 21:25:57] Codeception/ScenarioCest.php:\Codeception\Scenario.run.INFO: PASSED [] []
[2012-01-03 21:25:57] Codeception/ScenarioCest.php:\Codeception\Scenario.run.INFO: PASSED [] []
[2012-01-03 21:25:57] Codeception/ScenarioCest.php:\Codeception\Scenario.run.INFO: PASSED [] []
[2012-01-03 21:25:57] Codeception/ScenarioCest.php:\Codeception\Scenario.run.INFO: PASSED [] []
[2012-01-03 21:25:57] Codeception/ScenarioCest.php:\Codeception\Scenario.run.INFO: PASSED [] []
[2012-01-03 21:25:57] Codeception/ScenarioCest.php:\Codeception\Scenario.run.INFO: PASSED [] []
[2012-01-03 21:25:57] Codeception/ScenarioCest.php:\Codeception\Scenario.run.INFO: PASSED [] []
[2012-01-03 21:25:57] Codeception/ScenarioCest.php:\Codeception\Scenario.run.INFO: PASSED [] []
[2012-01-03 21:25:57] Codeception/ScenarioCest.php:\Codeception\Scenario.run.INFO: PASSED [] []
[2012-01-03 21:25:57] Codeception/ScenarioCest.php:\Codeception\Scenario.run.INFO: PASSED [] []
[2012-01-03 21:25:57] Codeception/ScenarioCest.php:\Codeception\Scenario.run.INFO: PASSED [] []
[2012-01-03 21:25:57] Codeception/ScenarioCest.php:\Codeception\Scenario.run.INFO: PASSED [] []
[2012-01-03 21:25:57] Codeception/ScenarioCest.php:\Codeception\Scenario.run.INFO: PASSED [] []
[2012-01-03 21:25:57] Codeception/ScenarioCest.php:\Codeception\Scenario.run.INFO: PASSED [] []
[2012-01-03 21:25:57] Codeception/ScenarioCest.php:\Codeception\Scenario.run.INFO: PASSED [] []
[2012-01-03 21:25:57] Codeception/ScenarioCest.php:\Codeception\Scenario.run.INFO: PASSED [] []
[2012-01-03 21:26:10] Codeception/ScenarioCest.php:\Codeception\Scenario.run.INFO: test method "\Codeception\Scenario.run" [] []
[2012-01-03 21:26:10] Codeception/ScenarioCest.php:\Codeception\Scenario.run.INFO: have stub "((\Codeception\TestCase\Cept))" [] []
[2012-01-03 21:26:10] Codeception/ScenarioCest.php:\Codeception\Scenario.run.INFO: have stub "((\Codeception\Scenario))" [] []
[2012-01-03 21:26:10] Codeception/ScenarioCest.php:\Codeception\Scenario.run.INFO: execute tested method on "((\Codeception\Scenario))" [] []
[2012-01-03 21:26:10] Codeception/ScenarioCest.php:\Codeception\Scenario.run.INFO: see method invoked ["((\\Codeception\\TestCase\\Cept))","runStep"] [] []
[2012-01-03 21:26:10] Codeception/ScenarioCest.php:\Codeception\Scenario.run.INFO: see property equals ["((\\Codeception\\Scenario))","currentStep",1] [] []
[2012-01-03 21:26:10] Codeception/ScenarioCest.php:\Codeception\Scenario.run.INFO: PASSED [] []
[2012-01-03 21:26:10] Codeception/ScenarioCest.php:\Codeception\Scenario.run.INFO: PASSED [] []
[2012-01-03 21:26:10] Codeception/ScenarioCest.php:\Codeception\Scenario.run.INFO: PASSED [] []
[2012-01-03 21:26:10] Codeception/ScenarioCest.php:\Codeception\Scenario.run.INFO: PASSED [] []
[2012-01-03 21:26:10] Codeception/ScenarioCest.php:\Codeception\Scenario.run.INFO: PASSED [] []
[2012-01-03 21:26:10] Codeception/ScenarioCest.php:\Codeception\Scenario.run.ALERT: Probably Internal Error. There is no matchers for current mock [] []
[2012-01-03 21:26:10] Codeception/ScenarioCest.php:\Codeception\Scenario.run.INFO: # ERROR # [] []
[2012-01-03 21:26:10] Codeception/ScenarioCest.php:\Codeception\Scenario.run.INFO: PASSED [] []
[2012-01-03 21:26:10] Codeception/ScenarioCest.php:\Codeception\Scenario.run.ALERT: Catch it! [] []
[2012-01-03 21:26:10] Codeception/ScenarioCest.php:\Codeception\Scenario.run.INFO: # ERROR # [] []
[2012-01-03 21:26:10] Codeception/ScenarioCest.php:\Codeception\Scenario.run.INFO: PASSED [] []
[2012-01-03 21:26:10] Codeception/ScenarioCest.php:\Codeception\Scenario.run.INFO: PASSED [] []
[2012-01-03 21:26:10] Codeception/ScenarioCest.php:\Codeception\Scenario.run.INFO: PASSED [] []
[2012-01-03 21:26:10] Codeception/ScenarioCest.php:\Codeception\Scenario.run.INFO: PASSED [] []
[2012-01-03 21:26:10] Codeception/ScenarioCest.php:\Codeception\Scenario.run.INFO: PASSED [] []
[2012-01-03 21:26:10] Codeception/ScenarioCest.php:\Codeception\Scenario.run.INFO: PASSED [] []
[2012-01-03 21:26:10] Codeception/ScenarioCest.php:\Codeception\Scenario.run.INFO: PASSED [] []
[2012-01-03 21:26:10] Codeception/ScenarioCest.php:\Codeception\Scenario.run.INFO: PASSED [] []
[2012-01-03 21:26:10] Codeception/ScenarioCest.php:\Codeception\Scenario.run.INFO: PASSED [] []
[2012-01-03 21:26:10] Codeception/ScenarioCest.php:\Codeception\Scenario.run.INFO: PASSED [] []
[2012-01-03 21:26:10] Codeception/ScenarioCest.php:\Codeception\Scenario.run.INFO: PASSED [] []
[2012-01-03 21:26:10] Codeception/ScenarioCest.php:\Codeception\Scenario.run.INFO: PASSED [] []
[2012-01-03 21:26:10] Codeception/ScenarioCest.php:\Codeception\Scenario.run.INFO: PASSED [] []
[2012-01-03 21:26:10] Codeception/ScenarioCest.php:\Codeception\Scenario.run.INFO: PASSED [] []
[2012-01-03 21:26:10] Codeception/ScenarioCest.php:\Codeception\Scenario.run.INFO: PASSED [] []
[2012-01-03 21:26:10] Codeception/ScenarioCest.php:\Codeception\Scenario.run.INFO: PASSED [] []
[2012-01-03 21:26:10] Codeception/ScenarioCest.php:\Codeception\Scenario.run.INFO: PASSED [] []
[2012-01-03 21:26:10] Codeception/ScenarioCest.php:\Codeception\Scenario.run.INFO: PASSED [] []
[2012-01-03 21:26:10] Codeception/ScenarioCest.php:\Codeception\Scenario.run.INFO: PASSED [] []
[2012-01-03 21:27:52] Codeception/ScenarioCest.php:\Codeception\Scenario.run.INFO: test method "\Codeception\Scenario.run" [] []
[2012-01-03 21:27:52] Codeception/ScenarioCest.php:\Codeception\Scenario.run.INFO: have stub "((\Codeception\TestCase\Cept))" [] []
[2012-01-03 21:27:52] Codeception/ScenarioCest.php:\Codeception\Scenario.run.INFO: have stub "((\Codeception\Scenario))" [] []
[2012-01-03 21:27:52] Codeception/ScenarioCest.php:\Codeception\Scenario.run.INFO: execute tested method on "((\Codeception\Scenario))" [] []
[2012-01-03 21:27:52] Codeception/ScenarioCest.php:\Codeception\Scenario.run.INFO: see method invoked ["((\\Codeception\\TestCase\\Cept))","runStep"] [] []
[2012-01-03 21:27:52] Codeception/ScenarioCest.php:\Codeception\Scenario.run.INFO: see property equals ["((\\Codeception\\Scenario))","currentStep",1] [] []
[2012-01-03 21:27:52] Codeception/ScenarioCest.php:\Codeception\Scenario.run.INFO: PASSED [] []
[2012-01-03 21:27:52] Codeception/ScenarioCest.php:\Codeception\Scenario.run.INFO: PASSED [] []
[2012-01-03 21:27:52] Codeception/ScenarioCest.php:\Codeception\Scenario.run.INFO: PASSED [] []
[2012-01-03 21:27:52] Codeception/ScenarioCest.php:\Codeception\Scenario.run.INFO: PASSED [] []
[2012-01-03 21:27:52] Codeception/ScenarioCest.php:\Codeception\Scenario.run.INFO: PASSED [] []
[2012-01-03 21:27:52] Codeception/ScenarioCest.php:\Codeception\Scenario.run.ALERT: Probably Internal Error. There is no matchers for current mock [] []
[2012-01-03 21:27:52] Codeception/ScenarioCest.php:\Codeception\Scenario.run.INFO: # ERROR # [] []
[2012-01-03 21:27:52] Codeception/ScenarioCest.php:\Codeception\Scenario.run.INFO: PASSED [] []
[2012-01-03 21:27:52] Codeception/ScenarioCest.php:\Codeception\Scenario.run.ALERT: Catch it! [] []
[2012-01-03 21:27:52] Codeception/ScenarioCest.php:\Codeception\Scenario.run.INFO: # ERROR # [] []
[2012-01-03 21:27:52] Codeception/ScenarioCest.php:\Codeception\Scenario.run.INFO: PASSED [] []
[2012-01-03 21:27:53] Codeception/ScenarioCest.php:\Codeception\Scenario.run.INFO: PASSED [] []
[2012-01-03 21:27:53] Codeception/ScenarioCest.php:\Codeception\Scenario.run.INFO: PASSED [] []
[2012-01-03 21:27:53] Codeception/ScenarioCest.php:\Codeception\Scenario.run.INFO: PASSED [] []
[2012-01-03 21:27:53] Codeception/ScenarioCest.php:\Codeception\Scenario.run.INFO: PASSED [] []
[2012-01-03 21:27:53] Codeception/ScenarioCest.php:\Codeception\Scenario.run.INFO: PASSED [] []
[2012-01-03 21:27:53] Codeception/ScenarioCest.php:\Codeception\Scenario.run.INFO: PASSED [] []
[2012-01-03 21:27:53] Codeception/ScenarioCest.php:\Codeception\Scenario.run.INFO: PASSED [] []
[2012-01-03 21:27:53] Codeception/ScenarioCest.php:\Codeception\Scenario.run.INFO: PASSED [] []
[2012-01-03 21:27:53] Codeception/ScenarioCest.php:\Codeception\Scenario.run.INFO: PASSED [] []
[2012-01-03 21:27:53] Codeception/ScenarioCest.php:\Codeception\Scenario.run.INFO: PASSED [] []
[2012-01-03 21:27:53] Codeception/ScenarioCest.php:\Codeception\Scenario.run.INFO: PASSED [] []
[2012-01-03 21:27:53] Codeception/ScenarioCest.php:\Codeception\Scenario.run.INFO: PASSED [] []
[2012-01-03 21:27:53] Codeception/ScenarioCest.php:\Codeception\Scenario.run.INFO: PASSED [] []
[2012-01-03 21:27:53] Codeception/ScenarioCest.php:\Codeception\Scenario.run.INFO: PASSED [] []
[2012-01-03 21:27:53] Codeception/ScenarioCest.php:\Codeception\Scenario.run.INFO: PASSED [] []
[2012-01-03 21:27:53] Codeception/ScenarioCest.php:\Codeception\Scenario.run.INFO: PASSED [] []
[2012-01-03 21:27:53] Codeception/ScenarioCest.php:\Codeception\Scenario.run.INFO: PASSED [] []
[2012-01-03 21:27:53] Codeception/ScenarioCest.php:\Codeception\Scenario.run.INFO: PASSED [] []
[2012-01-03 21:36:40] Codeception/ScenarioCest.php:\Codeception\Scenario.run.INFO: test method "\Codeception\Scenario.run" [] []
[2012-01-03 21:36:40] Codeception/ScenarioCest.php:\Codeception\Scenario.run.INFO: have stub "((\Codeception\TestCase\Cept))" [] []
[2012-01-03 21:36:40] Codeception/ScenarioCest.php:\Codeception\Scenario.run.INFO: have stub "((\Codeception\Scenario))" [] []
[2012-01-03 21:36:40] Codeception/ScenarioCest.php:\Codeception\Scenario.run.INFO: execute tested method on "((\Codeception\Scenario))" [] []
[2012-01-03 21:36:40] Codeception/ScenarioCest.php:\Codeception\Scenario.run.INFO: see method invoked ["((\\Codeception\\TestCase\\Cept))","runStep"] [] []
[2012-01-03 21:36:40] Codeception/ScenarioCest.php:\Codeception\Scenario.run.INFO: see property equals ["((\\Codeception\\Scenario))","currentStep",1] [] []
[2012-01-03 21:36:40] Codeception/ScenarioCest.php:\Codeception\Scenario.run.INFO: PASSED [] []
[2012-01-03 21:36:40] Codeception/ScenarioCest.php:\Codeception\Scenario.run.INFO: PASSED [] []
[2012-01-03 21:36:40] Codeception/ScenarioCest.php:\Codeception\Scenario.run.INFO: PASSED [] []
[2012-01-03 21:36:40] Codeception/ScenarioCest.php:\Codeception\Scenario.run.INFO: PASSED [] []
[2012-01-03 21:36:40] Codeception/ScenarioCest.php:\Codeception\Scenario.run.INFO: PASSED [] []
[2012-01-03 21:36:40] Codeception/ScenarioCest.php:\Codeception\Scenario.run.ALERT: 
Expectation failed for method name is equal to <string:targetMethod> when invoked at least once.
Expected invocation at least once but it never occured. [] []
[2012-01-03 21:36:40] Codeception/ScenarioCest.php:\Codeception\Scenario.run.INFO: # FAILED # [] []
[2012-01-03 21:36:40] Codeception/ScenarioCest.php:\Codeception\Scenario.run.INFO: PASSED [] []
[2012-01-03 21:36:40] Codeception/ScenarioCest.php:\Codeception\Scenario.run.ALERT: Catch it! [] []
[2012-01-03 21:36:40] Codeception/ScenarioCest.php:\Codeception\Scenario.run.INFO: # ERROR # [] []
[2012-01-03 21:36:40] Codeception/ScenarioCest.php:\Codeception\Scenario.run.INFO: PASSED [] []
[2012-01-03 21:36:40] Codeception/ScenarioCest.php:\Codeception\Scenario.run.INFO: PASSED [] []
[2012-01-03 21:36:40] Codeception/ScenarioCest.php:\Codeception\Scenario.run.INFO: PASSED [] []
[2012-01-03 21:36:40] Codeception/ScenarioCest.php:\Codeception\Scenario.run.INFO: PASSED [] []
[2012-01-03 21:36:40] Codeception/ScenarioCest.php:\Codeception\Scenario.run.INFO: PASSED [] []
[2012-01-03 21:36:40] Codeception/ScenarioCest.php:\Codeception\Scenario.run.INFO: PASSED [] []
[2012-01-03 21:36:40] Codeception/ScenarioCest.php:\Codeception\Scenario.run.INFO: PASSED [] []
[2012-01-03 21:36:40] Codeception/ScenarioCest.php:\Codeception\Scenario.run.INFO: PASSED [] []
[2012-01-03 21:36:40] Codeception/ScenarioCest.php:\Codeception\Scenario.run.INFO: PASSED [] []
[2012-01-03 21:36:40] Codeception/ScenarioCest.php:\Codeception\Scenario.run.INFO: PASSED [] []
[2012-01-03 21:36:40] Codeception/ScenarioCest.php:\Codeception\Scenario.run.INFO: PASSED [] []
[2012-01-03 21:36:40] Codeception/ScenarioCest.php:\Codeception\Scenario.run.INFO: PASSED [] []
[2012-01-03 21:36:40] Codeception/ScenarioCest.php:\Codeception\Scenario.run.INFO: PASSED [] []
[2012-01-03 21:36:40] Codeception/ScenarioCest.php:\Codeception\Scenario.run.INFO: PASSED [] []
[2012-01-03 21:36:40] Codeception/ScenarioCest.php:\Codeception\Scenario.run.INFO: PASSED [] []
[2012-01-03 21:36:40] Codeception/ScenarioCest.php:\Codeception\Scenario.run.INFO: PASSED [] []
[2012-01-03 21:36:40] Codeception/ScenarioCest.php:\Codeception\Scenario.run.INFO: PASSED [] []
[2012-01-03 21:36:40] Codeception/ScenarioCest.php:\Codeception\Scenario.run.INFO: PASSED [] []
[2012-01-03 21:36:40] Codeception/ScenarioCest.php:\Codeception\Scenario.run.INFO: PASSED [] []
[2012-01-03 21:37:19] Codeception/ScenarioCest.php:\Codeception\Scenario.run.INFO: test method "\Codeception\Scenario.run" [] []
[2012-01-03 21:37:19] Codeception/ScenarioCest.php:\Codeception\Scenario.run.INFO: have stub "((\Codeception\TestCase\Cept))" [] []
[2012-01-03 21:37:19] Codeception/ScenarioCest.php:\Codeception\Scenario.run.INFO: have stub "((\Codeception\Scenario))" [] []
[2012-01-03 21:37:19] Codeception/ScenarioCest.php:\Codeception\Scenario.run.INFO: execute tested method on "((\Codeception\Scenario))" [] []
[2012-01-03 21:37:19] Codeception/ScenarioCest.php:\Codeception\Scenario.run.INFO: see method invoked ["((\\Codeception\\TestCase\\Cept))","runStep"] [] []
[2012-01-03 21:37:19] Codeception/ScenarioCest.php:\Codeception\Scenario.run.INFO: see property equals ["((\\Codeception\\Scenario))","currentStep",1] [] []
[2012-01-03 21:37:19] Codeception/ScenarioCest.php:\Codeception\Scenario.run.INFO: PASSED [] []
[2012-01-03 21:37:19] Codeception/ScenarioCest.php:\Codeception\Scenario.run.INFO: PASSED [] []
[2012-01-03 21:37:19] Codeception/ScenarioCest.php:\Codeception\Scenario.run.INFO: PASSED [] []
[2012-01-03 21:37:19] Codeception/ScenarioCest.php:\Codeception\Scenario.run.INFO: PASSED [] []
[2012-01-03 21:37:19] Codeception/ScenarioCest.php:\Codeception\Scenario.run.INFO: PASSED [] []
[2012-01-03 21:37:19] Codeception/ScenarioCest.php:\Codeception\Scenario.run.ALERT: 
Expectation failed for method name is equal to <string:targetMethod> when invoked at least once.
Expected invocation at least once but it never occured. [] []
[2012-01-03 21:37:19] Codeception/ScenarioCest.php:\Codeception\Scenario.run.INFO: # FAILED # [] []
[2012-01-03 21:37:19] Codeception/ScenarioCest.php:\Codeception\Scenario.run.INFO: PASSED [] []
[2012-01-03 21:37:19] Codeception/ScenarioCest.php:\Codeception\Scenario.run.ALERT: Catch it! [] []
[2012-01-03 21:37:19] Codeception/ScenarioCest.php:\Codeception\Scenario.run.INFO: # ERROR # [] []
[2012-01-03 21:37:19] Codeception/ScenarioCest.php:\Codeception\Scenario.run.INFO: PASSED [] []
[2012-01-03 21:37:19] Codeception/ScenarioCest.php:\Codeception\Scenario.run.INFO: PASSED [] []
[2012-01-03 21:37:19] Codeception/ScenarioCest.php:\Codeception\Scenario.run.INFO: PASSED [] []
[2012-01-03 21:37:19] Codeception/ScenarioCest.php:\Codeception\Scenario.run.INFO: PASSED [] []
[2012-01-03 21:37:19] Codeception/ScenarioCest.php:\Codeception\Scenario.run.INFO: PASSED [] []
[2012-01-03 21:37:19] Codeception/ScenarioCest.php:\Codeception\Scenario.run.INFO: PASSED [] []
[2012-01-03 21:37:19] Codeception/ScenarioCest.php:\Codeception\Scenario.run.INFO: PASSED [] []
[2012-01-03 21:37:19] Codeception/ScenarioCest.php:\Codeception\Scenario.run.INFO: PASSED [] []
[2012-01-03 21:37:19] Codeception/ScenarioCest.php:\Codeception\Scenario.run.INFO: PASSED [] []
[2012-01-03 21:37:19] Codeception/ScenarioCest.php:\Codeception\Scenario.run.INFO: PASSED [] []
[2012-01-03 21:37:19] Codeception/ScenarioCest.php:\Codeception\Scenario.run.INFO: PASSED [] []
[2012-01-03 21:37:19] Codeception/ScenarioCest.php:\Codeception\Scenario.run.INFO: PASSED [] []
[2012-01-03 21:37:19] Codeception/ScenarioCest.php:\Codeception\Scenario.run.INFO: PASSED [] []
[2012-01-03 21:37:19] Codeception/ScenarioCest.php:\Codeception\Scenario.run.INFO: PASSED [] []
[2012-01-03 21:37:19] Codeception/ScenarioCest.php:\Codeception\Scenario.run.INFO: PASSED [] []
[2012-01-03 21:37:19] Codeception/ScenarioCest.php:\Codeception\Scenario.run.INFO: PASSED [] []
[2012-01-03 21:37:19] Codeception/ScenarioCest.php:\Codeception\Scenario.run.INFO: PASSED [] []
[2012-01-03 21:37:19] Codeception/ScenarioCest.php:\Codeception\Scenario.run.INFO: PASSED [] []
[2012-01-03 21:37:19] Codeception/ScenarioCest.php:\Codeception\Scenario.run.INFO: PASSED [] []
[2012-01-03 21:39:51] Codeception/ScenarioCest.php:\Codeception\Scenario.run.INFO: test method "\Codeception\Scenario.run" [] []
[2012-01-03 21:39:51] Codeception/ScenarioCest.php:\Codeception\Scenario.run.INFO: have stub "((\Codeception\TestCase\Cept))" [] []
[2012-01-03 21:39:51] Codeception/ScenarioCest.php:\Codeception\Scenario.run.INFO: have stub "((\Codeception\Scenario))" [] []
[2012-01-03 21:39:51] Codeception/ScenarioCest.php:\Codeception\Scenario.run.INFO: execute tested method on "((\Codeception\Scenario))" [] []
[2012-01-03 21:39:51] Codeception/ScenarioCest.php:\Codeception\Scenario.run.INFO: see method invoked ["((\\Codeception\\TestCase\\Cept))","runStep"] [] []
[2012-01-03 21:39:51] Codeception/ScenarioCest.php:\Codeception\Scenario.run.INFO: see property equals ["((\\Codeception\\Scenario))","currentStep",1] [] []
[2012-01-03 21:39:51] Codeception/ScenarioCest.php:\Codeception\Scenario.run.INFO: PASSED [] []
[2012-01-03 21:39:51] Codeception/ScenarioCest.php:\Codeception\Scenario.run.INFO: PASSED [] []
[2012-01-03 21:39:51] Codeception/ScenarioCest.php:\Codeception\Scenario.run.INFO: PASSED [] []
[2012-01-03 21:39:51] Codeception/ScenarioCest.php:\Codeception\Scenario.run.INFO: PASSED [] []
[2012-01-03 21:39:51] Codeception/ScenarioCest.php:\Codeception\Scenario.run.INFO: PASSED [] []
[2012-01-03 21:39:51] Codeception/ScenarioCest.php:\Codeception\Scenario.run.ALERT: 
Expectation failed for method name is equal to <string:targetMethod> when invoked at least once.
Expected invocation at least once but it never occured. [] []
[2012-01-03 21:39:51] Codeception/ScenarioCest.php:\Codeception\Scenario.run.INFO: # FAILED # [] []
[2012-01-03 21:39:51] Codeception/ScenarioCest.php:\Codeception\Scenario.run.INFO: PASSED [] []
[2012-01-03 21:39:51] Codeception/ScenarioCest.php:\Codeception\Scenario.run.ALERT: Catch it! [] []
[2012-01-03 21:39:51] Codeception/ScenarioCest.php:\Codeception\Scenario.run.INFO: # ERROR # [] []
[2012-01-03 21:39:51] Codeception/ScenarioCest.php:\Codeception\Scenario.run.INFO: PASSED [] []
[2012-01-03 21:39:51] Codeception/ScenarioCest.php:\Codeception\Scenario.run.INFO: PASSED [] []
[2012-01-03 21:39:51] Codeception/ScenarioCest.php:\Codeception\Scenario.run.INFO: PASSED [] []
[2012-01-03 21:39:51] Codeception/ScenarioCest.php:\Codeception\Scenario.run.INFO: PASSED [] []
[2012-01-03 21:39:51] Codeception/ScenarioCest.php:\Codeception\Scenario.run.INFO: PASSED [] []
[2012-01-03 21:39:51] Codeception/ScenarioCest.php:\Codeception\Scenario.run.INFO: PASSED [] []
[2012-01-03 21:39:51] Codeception/ScenarioCest.php:\Codeception\Scenario.run.INFO: PASSED [] []
[2012-01-03 21:39:51] Codeception/ScenarioCest.php:\Codeception\Scenario.run.INFO: PASSED [] []
[2012-01-03 21:39:51] Codeception/ScenarioCest.php:\Codeception\Scenario.run.INFO: PASSED [] []
[2012-01-03 21:39:51] Codeception/ScenarioCest.php:\Codeception\Scenario.run.INFO: PASSED [] []
[2012-01-03 21:39:51] Codeception/ScenarioCest.php:\Codeception\Scenario.run.INFO: PASSED [] []
[2012-01-03 21:39:51] Codeception/ScenarioCest.php:\Codeception\Scenario.run.INFO: PASSED [] []
[2012-01-03 21:39:51] Codeception/ScenarioCest.php:\Codeception\Scenario.run.INFO: PASSED [] []
[2012-01-03 21:39:51] Codeception/ScenarioCest.php:\Codeception\Scenario.run.INFO: PASSED [] []
[2012-01-03 21:39:51] Codeception/ScenarioCest.php:\Codeception\Scenario.run.INFO: PASSED [] []
[2012-01-03 21:39:51] Codeception/ScenarioCest.php:\Codeception\Scenario.run.INFO: PASSED [] []
[2012-01-03 21:39:51] Codeception/ScenarioCest.php:\Codeception\Scenario.run.INFO: PASSED [] []
[2012-01-03 21:39:51] Codeception/ScenarioCest.php:\Codeception\Scenario.run.INFO: PASSED [] []
[2012-01-03 21:39:51] Codeception/ScenarioCest.php:\Codeception\Scenario.run.INFO: PASSED [] []
[2012-01-03 21:43:56] Codeception/ScenarioCest.php:\Codeception\Scenario.run.INFO: test method "\Codeception\Scenario.run" [] []
[2012-01-03 21:43:56] Codeception/ScenarioCest.php:\Codeception\Scenario.run.INFO: have stub "((\Codeception\TestCase\Cept))" [] []
[2012-01-03 21:43:56] Codeception/ScenarioCest.php:\Codeception\Scenario.run.INFO: have stub "((\Codeception\Scenario))" [] []
[2012-01-03 21:43:56] Codeception/ScenarioCest.php:\Codeception\Scenario.run.INFO: execute tested method on "((\Codeception\Scenario))" [] []
[2012-01-03 21:43:56] Codeception/ScenarioCest.php:\Codeception\Scenario.run.INFO: see method invoked ["((\\Codeception\\TestCase\\Cept))","runStep"] [] []
[2012-01-03 21:43:56] Codeception/ScenarioCest.php:\Codeception\Scenario.run.INFO: see property equals ["((\\Codeception\\Scenario))","currentStep",1] [] []
[2012-01-03 21:43:56] Codeception/ScenarioCest.php:\Codeception\Scenario.run.INFO: PASSED [] []
[2012-01-03 21:43:56] Codeception/ScenarioCest.php:\Codeception\Scenario.run.INFO: PASSED [] []
[2012-01-03 21:43:56] Codeception/ScenarioCest.php:\Codeception\Scenario.run.INFO: PASSED [] []
[2012-01-03 21:43:56] Codeception/ScenarioCest.php:\Codeception\Scenario.run.INFO: PASSED [] []
[2012-01-03 21:43:56] Codeception/ScenarioCest.php:\Codeception\Scenario.run.INFO: PASSED [] []
[2012-01-03 21:43:56] Codeception/ScenarioCest.php:\Codeception\Scenario.run.ALERT: 
Expectation failed for method name is equal to <string:targetMethod> when invoked at least once.
Expected invocation at least once but it never occured. [] []
[2012-01-03 21:43:56] Codeception/ScenarioCest.php:\Codeception\Scenario.run.INFO: # FAILED # [] []
[2012-01-03 21:43:56] Codeception/ScenarioCest.php:\Codeception\Scenario.run.INFO: PASSED [] []
[2012-01-03 21:43:56] Codeception/ScenarioCest.php:\Codeception\Scenario.run.ALERT: Failed asserting that an array contains 'Exception'. [] []
[2012-01-03 21:43:56] Codeception/ScenarioCest.php:\Codeception\Scenario.run.INFO: # FAILED # [] []
[2012-01-03 21:43:56] Codeception/ScenarioCest.php:\Codeception\Scenario.run.INFO: PASSED [] []
[2012-01-03 21:43:56] Codeception/ScenarioCest.php:\Codeception\Scenario.run.INFO: PASSED [] []
[2012-01-03 21:43:56] Codeception/ScenarioCest.php:\Codeception\Scenario.run.INFO: PASSED [] []
[2012-01-03 21:43:56] Codeception/ScenarioCest.php:\Codeception\Scenario.run.INFO: PASSED [] []
[2012-01-03 21:43:56] Codeception/ScenarioCest.php:\Codeception\Scenario.run.INFO: PASSED [] []
[2012-01-03 21:43:56] Codeception/ScenarioCest.php:\Codeception\Scenario.run.INFO: PASSED [] []
[2012-01-03 21:43:56] Codeception/ScenarioCest.php:\Codeception\Scenario.run.INFO: PASSED [] []
[2012-01-03 21:43:56] Codeception/ScenarioCest.php:\Codeception\Scenario.run.INFO: PASSED [] []
[2012-01-03 21:43:56] Codeception/ScenarioCest.php:\Codeception\Scenario.run.INFO: PASSED [] []
[2012-01-03 21:43:56] Codeception/ScenarioCest.php:\Codeception\Scenario.run.INFO: PASSED [] []
[2012-01-03 21:43:56] Codeception/ScenarioCest.php:\Codeception\Scenario.run.INFO: PASSED [] []
[2012-01-03 21:43:56] Codeception/ScenarioCest.php:\Codeception\Scenario.run.INFO: PASSED [] []
[2012-01-03 21:43:56] Codeception/ScenarioCest.php:\Codeception\Scenario.run.INFO: PASSED [] []
[2012-01-03 21:43:56] Codeception/ScenarioCest.php:\Codeception\Scenario.run.INFO: PASSED [] []
[2012-01-03 21:43:56] Codeception/ScenarioCest.php:\Codeception\Scenario.run.INFO: PASSED [] []
[2012-01-03 21:43:56] Codeception/ScenarioCest.php:\Codeception\Scenario.run.INFO: PASSED [] []
[2012-01-03 21:43:56] Codeception/ScenarioCest.php:\Codeception\Scenario.run.INFO: PASSED [] []
[2012-01-03 21:43:56] Codeception/ScenarioCest.php:\Codeception\Scenario.run.INFO: PASSED [] []
[2012-01-03 21:43:56] Codeception/ScenarioCest.php:\Codeception\Scenario.run.INFO: PASSED [] []
[2012-01-03 21:44:28] Codeception/ScenarioCest.php:\Codeception\Scenario.run.INFO: test method "\Codeception\Scenario.run" [] []
[2012-01-03 21:44:28] Codeception/ScenarioCest.php:\Codeception\Scenario.run.INFO: have stub "((\Codeception\TestCase\Cept))" [] []
[2012-01-03 21:44:28] Codeception/ScenarioCest.php:\Codeception\Scenario.run.INFO: have stub "((\Codeception\Scenario))" [] []
[2012-01-03 21:44:28] Codeception/ScenarioCest.php:\Codeception\Scenario.run.INFO: execute tested method on "((\Codeception\Scenario))" [] []
[2012-01-03 21:44:28] Codeception/ScenarioCest.php:\Codeception\Scenario.run.INFO: see method invoked ["((\\Codeception\\TestCase\\Cept))","runStep"] [] []
[2012-01-03 21:44:28] Codeception/ScenarioCest.php:\Codeception\Scenario.run.INFO: see property equals ["((\\Codeception\\Scenario))","currentStep",1] [] []
[2012-01-03 21:44:28] Codeception/ScenarioCest.php:\Codeception\Scenario.run.INFO: PASSED [] []
[2012-01-03 21:44:28] Codeception/ScenarioCest.php:\Codeception\Scenario.run.INFO: PASSED [] []
[2012-01-03 21:44:28] Codeception/ScenarioCest.php:\Codeception\Scenario.run.INFO: PASSED [] []
[2012-01-03 21:44:28] Codeception/ScenarioCest.php:\Codeception\Scenario.run.INFO: PASSED [] []
[2012-01-03 21:44:28] Codeception/ScenarioCest.php:\Codeception\Scenario.run.INFO: PASSED [] []
[2012-01-03 21:44:28] Codeception/ScenarioCest.php:\Codeception\Scenario.run.ALERT: 
Expectation failed for method name is equal to <string:targetMethod> when invoked at least once.
Expected invocation at least once but it never occured. [] []
[2012-01-03 21:44:28] Codeception/ScenarioCest.php:\Codeception\Scenario.run.INFO: # FAILED # [] []
[2012-01-03 21:44:28] Codeception/ScenarioCest.php:\Codeception\Scenario.run.INFO: PASSED [] []
[2012-01-03 21:44:28] Codeception/ScenarioCest.php:\Codeception\Scenario.run.ALERT: Failed asserting that an array contains 'Exception'. [] []
[2012-01-03 21:44:28] Codeception/ScenarioCest.php:\Codeception\Scenario.run.INFO: # FAILED # [] []
[2012-01-03 21:44:28] Codeception/ScenarioCest.php:\Codeception\Scenario.run.INFO: PASSED [] []
[2012-01-03 21:44:28] Codeception/ScenarioCest.php:\Codeception\Scenario.run.INFO: PASSED [] []
[2012-01-03 21:44:28] Codeception/ScenarioCest.php:\Codeception\Scenario.run.INFO: PASSED [] []
[2012-01-03 21:44:28] Codeception/ScenarioCest.php:\Codeception\Scenario.run.INFO: PASSED [] []
[2012-01-03 21:44:28] Codeception/ScenarioCest.php:\Codeception\Scenario.run.INFO: PASSED [] []
[2012-01-03 21:44:28] Codeception/ScenarioCest.php:\Codeception\Scenario.run.INFO: PASSED [] []
[2012-01-03 21:44:28] Codeception/ScenarioCest.php:\Codeception\Scenario.run.INFO: PASSED [] []
[2012-01-03 21:44:28] Codeception/ScenarioCest.php:\Codeception\Scenario.run.INFO: PASSED [] []
[2012-01-03 21:44:28] Codeception/ScenarioCest.php:\Codeception\Scenario.run.INFO: PASSED [] []
[2012-01-03 21:44:28] Codeception/ScenarioCest.php:\Codeception\Scenario.run.INFO: PASSED [] []
[2012-01-03 21:44:28] Codeception/ScenarioCest.php:\Codeception\Scenario.run.INFO: PASSED [] []
[2012-01-03 21:44:28] Codeception/ScenarioCest.php:\Codeception\Scenario.run.INFO: PASSED [] []
[2012-01-03 21:44:28] Codeception/ScenarioCest.php:\Codeception\Scenario.run.INFO: PASSED [] []
[2012-01-03 21:44:28] Codeception/ScenarioCest.php:\Codeception\Scenario.run.INFO: PASSED [] []
[2012-01-03 21:44:28] Codeception/ScenarioCest.php:\Codeception\Scenario.run.INFO: PASSED [] []
[2012-01-03 21:44:28] Codeception/ScenarioCest.php:\Codeception\Scenario.run.INFO: PASSED [] []
[2012-01-03 21:44:28] Codeception/ScenarioCest.php:\Codeception\Scenario.run.INFO: PASSED [] []
[2012-01-03 21:44:28] Codeception/ScenarioCest.php:\Codeception\Scenario.run.INFO: PASSED [] []
[2012-01-03 21:44:28] Codeception/ScenarioCest.php:\Codeception\Scenario.run.INFO: PASSED [] []
[2012-01-03 21:50:34] Codeception/ScenarioCest.php:\Codeception\Scenario.run.INFO: test method "\Codeception\Scenario.run" [] []
[2012-01-03 21:50:34] Codeception/ScenarioCest.php:\Codeception\Scenario.run.INFO: have stub "((\Codeception\TestCase\Cept))" [] []
[2012-01-03 21:50:34] Codeception/ScenarioCest.php:\Codeception\Scenario.run.INFO: have stub "((\Codeception\Scenario))" [] []
[2012-01-03 21:50:34] Codeception/ScenarioCest.php:\Codeception\Scenario.run.INFO: execute tested method on "((\Codeception\Scenario))" [] []
[2012-01-03 21:50:34] Codeception/ScenarioCest.php:\Codeception\Scenario.run.INFO: see method invoked ["((\\Codeception\\TestCase\\Cept))","runStep"] [] []
[2012-01-03 21:50:34] Codeception/ScenarioCest.php:\Codeception\Scenario.run.INFO: see property equals ["((\\Codeception\\Scenario))","currentStep",1] [] []
[2012-01-03 21:50:34] Codeception/ScenarioCest.php:\Codeception\Scenario.run.INFO: PASSED [] []
[2012-01-03 21:50:34] Codeception/ScenarioCest.php:\Codeception\Scenario.run.INFO: PASSED [] []
[2012-01-03 21:50:34] Codeception/ScenarioCest.php:\Codeception\Scenario.run.INFO: PASSED [] []
[2012-01-03 21:50:34] Codeception/ScenarioCest.php:\Codeception\Scenario.run.INFO: PASSED [] []
[2012-01-03 21:50:34] Codeception/ScenarioCest.php:\Codeception\Scenario.run.INFO: PASSED [] []
[2012-01-03 21:50:41] Codeception/ScenarioCest.php:\Codeception\Scenario.run.INFO: test method "\Codeception\Scenario.run" [] []
[2012-01-03 21:50:41] Codeception/ScenarioCest.php:\Codeception\Scenario.run.INFO: have stub "((\Codeception\TestCase\Cept))" [] []
[2012-01-03 21:50:41] Codeception/ScenarioCest.php:\Codeception\Scenario.run.INFO: have stub "((\Codeception\Scenario))" [] []
[2012-01-03 21:50:41] Codeception/ScenarioCest.php:\Codeception\Scenario.run.INFO: execute tested method on "((\Codeception\Scenario))" [] []
[2012-01-03 21:50:41] Codeception/ScenarioCest.php:\Codeception\Scenario.run.INFO: see method invoked ["((\\Codeception\\TestCase\\Cept))","runStep"] [] []
[2012-01-03 21:50:41] Codeception/ScenarioCest.php:\Codeception\Scenario.run.INFO: see property equals ["((\\Codeception\\Scenario))","currentStep",1] [] []
[2012-01-03 21:50:41] Codeception/ScenarioCest.php:\Codeception\Scenario.run.INFO: PASSED [] []
[2012-01-03 21:50:41] Codeception/ScenarioCest.php:\Codeception\Scenario.run.INFO: PASSED [] []
[2012-01-03 21:50:41] Codeception/ScenarioCest.php:\Codeception\Scenario.run.INFO: PASSED [] []
[2012-01-03 21:50:41] Codeception/ScenarioCest.php:\Codeception\Scenario.run.INFO: PASSED [] []
[2012-01-03 21:50:41] Codeception/ScenarioCest.php:\Codeception\Scenario.run.INFO: PASSED [] []
[2012-01-03 21:50:41] Codeception/ScenarioCest.php:\Codeception\Scenario.run.ALERT: Probably Internal Error. There is no matchers for current mock [] []
[2012-01-03 21:50:41] Codeception/ScenarioCest.php:\Codeception\Scenario.run.INFO: # ERROR # [] []
[2012-01-03 21:50:41] Codeception/ScenarioCest.php:\Codeception\Scenario.run.INFO: PASSED [] []
[2012-01-03 21:50:41] Codeception/ScenarioCest.php:\Codeception\Scenario.run.ALERT: Failed asserting that an array contains 'Exception'. [] []
[2012-01-03 21:50:41] Codeception/ScenarioCest.php:\Codeception\Scenario.run.INFO: # FAILED # [] []
[2012-01-03 21:50:41] Codeception/ScenarioCest.php:\Codeception\Scenario.run.INFO: PASSED [] []
[2012-01-03 21:50:41] Codeception/ScenarioCest.php:\Codeception\Scenario.run.INFO: PASSED [] []
[2012-01-03 21:50:41] Codeception/ScenarioCest.php:\Codeception\Scenario.run.INFO: PASSED [] []
[2012-01-03 21:50:41] Codeception/ScenarioCest.php:\Codeception\Scenario.run.INFO: PASSED [] []
[2012-01-03 21:50:41] Codeception/ScenarioCest.php:\Codeception\Scenario.run.INFO: PASSED [] []
[2012-01-03 21:50:41] Codeception/ScenarioCest.php:\Codeception\Scenario.run.INFO: PASSED [] []
[2012-01-03 21:50:41] Codeception/ScenarioCest.php:\Codeception\Scenario.run.INFO: PASSED [] []
[2012-01-03 21:50:41] Codeception/ScenarioCest.php:\Codeception\Scenario.run.INFO: PASSED [] []
[2012-01-03 21:50:41] Codeception/ScenarioCest.php:\Codeception\Scenario.run.INFO: PASSED [] []
[2012-01-03 21:50:41] Codeception/ScenarioCest.php:\Codeception\Scenario.run.INFO: PASSED [] []
[2012-01-03 21:50:41] Codeception/ScenarioCest.php:\Codeception\Scenario.run.INFO: PASSED [] []
[2012-01-03 21:50:41] Codeception/ScenarioCest.php:\Codeception\Scenario.run.INFO: PASSED [] []
[2012-01-03 21:50:41] Codeception/ScenarioCest.php:\Codeception\Scenario.run.INFO: PASSED [] []
[2012-01-03 21:50:41] Codeception/ScenarioCest.php:\Codeception\Scenario.run.INFO: PASSED [] []
[2012-01-03 21:50:41] Codeception/ScenarioCest.php:\Codeception\Scenario.run.INFO: PASSED [] []
[2012-01-03 21:50:41] Codeception/ScenarioCest.php:\Codeception\Scenario.run.INFO: PASSED [] []
[2012-01-03 21:50:41] Codeception/ScenarioCest.php:\Codeception\Scenario.run.INFO: PASSED [] []
[2012-01-03 21:50:41] Codeception/ScenarioCest.php:\Codeception\Scenario.run.INFO: PASSED [] []
[2012-01-03 21:50:41] Codeception/ScenarioCest.php:\Codeception\Scenario.run.INFO: PASSED [] []
[2012-01-03 21:54:00] Codeception/ScenarioCest.php:\Codeception\Scenario.run.INFO: test method "\Codeception\Scenario.run" [] []
[2012-01-03 21:54:00] Codeception/ScenarioCest.php:\Codeception\Scenario.run.INFO: have stub "((\Codeception\TestCase\Cept))" [] []
[2012-01-03 21:54:00] Codeception/ScenarioCest.php:\Codeception\Scenario.run.INFO: have stub "((\Codeception\Scenario))" [] []
[2012-01-03 21:54:00] Codeception/ScenarioCest.php:\Codeception\Scenario.run.INFO: execute tested method on "((\Codeception\Scenario))" [] []
[2012-01-03 21:54:00] Codeception/ScenarioCest.php:\Codeception\Scenario.run.INFO: see method invoked ["((\\Codeception\\TestCase\\Cept))","runStep"] [] []
[2012-01-03 21:54:00] Codeception/ScenarioCest.php:\Codeception\Scenario.run.INFO: see property equals ["((\\Codeception\\Scenario))","currentStep",1] [] []
[2012-01-03 21:54:00] Codeception/ScenarioCest.php:\Codeception\Scenario.run.INFO: PASSED [] []
[2012-01-03 21:54:00] Codeception/ScenarioCest.php:\Codeception\Scenario.run.INFO: PASSED [] []
[2012-01-03 21:54:00] Codeception/ScenarioCest.php:\Codeception\Scenario.run.INFO: PASSED [] []
[2012-01-03 21:54:00] Codeception/ScenarioCest.php:\Codeception\Scenario.run.INFO: PASSED [] []
[2012-01-03 21:54:00] Codeception/ScenarioCest.php:\Codeception\Scenario.run.INFO: PASSED [] []
[2012-01-03 21:55:55] Codeception/ScenarioCest.php:\Codeception\Scenario.run.INFO: test method "\Codeception\Scenario.run" [] []
[2012-01-03 21:55:55] Codeception/ScenarioCest.php:\Codeception\Scenario.run.INFO: have stub "((\Codeception\TestCase\Cept))" [] []
[2012-01-03 21:55:55] Codeception/ScenarioCest.php:\Codeception\Scenario.run.INFO: have stub "((\Codeception\Scenario))" [] []
[2012-01-03 21:55:55] Codeception/ScenarioCest.php:\Codeception\Scenario.run.INFO: execute tested method on "((\Codeception\Scenario))" [] []
[2012-01-03 21:55:55] Codeception/ScenarioCest.php:\Codeception\Scenario.run.INFO: see method invoked ["((\\Codeception\\TestCase\\Cept))","runStep"] [] []
[2012-01-03 21:55:55] Codeception/ScenarioCest.php:\Codeception\Scenario.run.INFO: see property equals ["((\\Codeception\\Scenario))","currentStep",1] [] []
[2012-01-03 21:55:55] Codeception/ScenarioCest.php:\Codeception\Scenario.run.INFO: PASSED [] []
[2012-01-03 21:55:55] Codeception/ScenarioCest.php:\Codeception\Scenario.run.INFO: PASSED [] []
[2012-01-03 21:55:55] Codeception/ScenarioCest.php:\Codeception\Scenario.run.INFO: PASSED [] []
[2012-01-03 21:55:55] Codeception/ScenarioCest.php:\Codeception\Scenario.run.INFO: PASSED [] []
[2012-01-03 21:55:55] Codeception/ScenarioCest.php:\Codeception\Scenario.run.INFO: PASSED [] []
[2012-01-03 21:56:03] Codeception/ScenarioCest.php:\Codeception\Scenario.run.INFO: test method "\Codeception\Scenario.run" [] []
[2012-01-03 21:56:03] Codeception/ScenarioCest.php:\Codeception\Scenario.run.INFO: have stub "((\Codeception\TestCase\Cept))" [] []
[2012-01-03 21:56:03] Codeception/ScenarioCest.php:\Codeception\Scenario.run.INFO: have stub "((\Codeception\Scenario))" [] []
[2012-01-03 21:56:03] Codeception/ScenarioCest.php:\Codeception\Scenario.run.INFO: execute tested method on "((\Codeception\Scenario))" [] []
[2012-01-03 21:56:03] Codeception/ScenarioCest.php:\Codeception\Scenario.run.INFO: see method invoked ["((\\Codeception\\TestCase\\Cept))","runStep"] [] []
[2012-01-03 21:56:03] Codeception/ScenarioCest.php:\Codeception\Scenario.run.INFO: see property equals ["((\\Codeception\\Scenario))","currentStep",1] [] []
[2012-01-03 21:56:03] Codeception/ScenarioCest.php:\Codeception\Scenario.run.INFO: PASSED [] []
[2012-01-03 21:56:03] Codeception/ScenarioCest.php:\Codeception\Scenario.run.INFO: PASSED [] []
[2012-01-03 21:56:03] Codeception/ScenarioCest.php:\Codeception\Scenario.run.INFO: PASSED [] []
[2012-01-03 21:56:03] Codeception/ScenarioCest.php:\Codeception\Scenario.run.INFO: PASSED [] []
[2012-01-03 21:56:03] Codeception/ScenarioCest.php:\Codeception\Scenario.run.INFO: PASSED [] []
[2012-01-03 21:56:03] Codeception/ScenarioCest.php:\Codeception\Scenario.run.ALERT: 
Expectation failed for method name is equal to <string:targetMethod> when invoked at least once.
Expected invocation at least once but it never occured. [] []
[2012-01-03 21:56:03] Codeception/ScenarioCest.php:\Codeception\Scenario.run.INFO: # FAILED # [] []
[2012-01-03 21:56:03] Codeception/ScenarioCest.php:\Codeception\Scenario.run.INFO: PASSED [] []
[2012-01-03 21:56:03] Codeception/ScenarioCest.php:\Codeception\Scenario.run.ALERT: Failed asserting that an array contains 'Exception'. [] []
[2012-01-03 21:56:03] Codeception/ScenarioCest.php:\Codeception\Scenario.run.INFO: # FAILED # [] []
[2012-01-03 21:56:03] Codeception/ScenarioCest.php:\Codeception\Scenario.run.INFO: PASSED [] []
[2012-01-03 21:56:03] Codeception/ScenarioCest.php:\Codeception\Scenario.run.INFO: PASSED [] []
[2012-01-03 21:56:03] Codeception/ScenarioCest.php:\Codeception\Scenario.run.INFO: PASSED [] []
[2012-01-03 21:56:03] Codeception/ScenarioCest.php:\Codeception\Scenario.run.INFO: PASSED [] []
[2012-01-03 21:56:03] Codeception/ScenarioCest.php:\Codeception\Scenario.run.INFO: PASSED [] []
[2012-01-03 21:56:03] Codeception/ScenarioCest.php:\Codeception\Scenario.run.INFO: PASSED [] []
[2012-01-03 21:56:03] Codeception/ScenarioCest.php:\Codeception\Scenario.run.INFO: PASSED [] []
[2012-01-03 21:56:03] Codeception/ScenarioCest.php:\Codeception\Scenario.run.INFO: PASSED [] []
[2012-01-03 21:56:03] Codeception/ScenarioCest.php:\Codeception\Scenario.run.INFO: PASSED [] []
[2012-01-03 21:56:03] Codeception/ScenarioCest.php:\Codeception\Scenario.run.INFO: PASSED [] []
[2012-01-03 21:56:03] Codeception/ScenarioCest.php:\Codeception\Scenario.run.INFO: PASSED [] []
[2012-01-03 21:56:03] Codeception/ScenarioCest.php:\Codeception\Scenario.run.INFO: PASSED [] []
[2012-01-03 21:56:03] Codeception/ScenarioCest.php:\Codeception\Scenario.run.INFO: PASSED [] []
[2012-01-03 21:56:03] Codeception/ScenarioCest.php:\Codeception\Scenario.run.INFO: PASSED [] []
[2012-01-03 21:56:03] Codeception/ScenarioCest.php:\Codeception\Scenario.run.INFO: PASSED [] []
[2012-01-03 21:56:03] Codeception/ScenarioCest.php:\Codeception\Scenario.run.INFO: PASSED [] []
[2012-01-03 21:56:03] Codeception/ScenarioCest.php:\Codeception\Scenario.run.INFO: PASSED [] []
[2012-01-03 21:56:03] Codeception/ScenarioCest.php:\Codeception\Scenario.run.INFO: PASSED [] []
[2012-01-03 21:56:03] Codeception/ScenarioCest.php:\Codeception\Scenario.run.INFO: PASSED [] []
[2012-01-03 23:04:16] Codeception/ScenarioCest.php:\Codeception\Scenario.run.INFO: test method "\Codeception\Scenario.run" [] []
[2012-01-03 23:04:16] Codeception/ScenarioCest.php:\Codeception\Scenario.run.INFO: have stub "((\Codeception\TestCase\Cept))" [] []
[2012-01-03 23:04:16] Codeception/ScenarioCest.php:\Codeception\Scenario.run.INFO: have stub "((\Codeception\Scenario))" [] []
[2012-01-03 23:04:16] Codeception/ScenarioCest.php:\Codeception\Scenario.run.INFO: execute tested method on "((\Codeception\Scenario))" [] []
[2012-01-03 23:04:16] Codeception/ScenarioCest.php:\Codeception\Scenario.run.INFO: see method invoked ["((\\Codeception\\TestCase\\Cept))","runStep"] [] []
[2012-01-03 23:04:16] Codeception/ScenarioCest.php:\Codeception\Scenario.run.INFO: see property equals ["((\\Codeception\\Scenario))","currentStep",1] [] []
[2012-01-03 23:04:16] Codeception/ScenarioCest.php:\Codeception\Scenario.run.INFO: PASSED [] []
[2012-01-03 23:04:16] Codeception/ScenarioCest.php:\Codeception\Scenario.run.INFO: PASSED [] []
[2012-01-03 23:04:16] Codeception/ScenarioCest.php:\Codeception\Scenario.run.INFO: PASSED [] []
[2012-01-03 23:04:16] Codeception/ScenarioCest.php:\Codeception\Scenario.run.INFO: PASSED [] []
[2012-01-03 23:04:16] Codeception/ScenarioCest.php:\Codeception\Scenario.run.INFO: PASSED [] []
[2012-01-03 23:04:16] Codeception/ScenarioCest.php:\Codeception\Scenario.run.INFO: PASSED [] []
[2012-01-03 23:04:16] Codeception/ScenarioCest.php:\Codeception\Scenario.run.INFO: PASSED [] []
[2012-01-03 23:04:16] Codeception/ScenarioCest.php:\Codeception\Scenario.run.INFO: PASSED [] []
[2012-01-03 23:04:16] Codeception/ScenarioCest.php:\Codeception\Scenario.run.INFO: PASSED [] []
[2012-01-03 23:04:16] Codeception/ScenarioCest.php:\Codeception\Scenario.run.INFO: PASSED [] []
[2012-01-03 23:04:16] Codeception/ScenarioCest.php:\Codeception\Scenario.run.INFO: PASSED [] []
[2012-01-03 23:04:16] Codeception/ScenarioCest.php:\Codeception\Scenario.run.INFO: PASSED [] []
[2012-01-03 23:04:16] Codeception/ScenarioCest.php:\Codeception\Scenario.run.INFO: PASSED [] []
[2012-01-03 23:04:16] Codeception/ScenarioCest.php:\Codeception\Scenario.run.INFO: PASSED [] []
[2012-01-03 23:04:16] Codeception/ScenarioCest.php:\Codeception\Scenario.run.INFO: PASSED [] []
[2012-01-03 23:04:16] Codeception/ScenarioCest.php:\Codeception\Scenario.run.INFO: PASSED [] []
[2012-01-03 23:04:16] Codeception/ScenarioCest.php:\Codeception\Scenario.run.INFO: PASSED [] []
[2012-01-03 23:04:16] Codeception/ScenarioCest.php:\Codeception\Scenario.run.INFO: PASSED [] []
[2012-01-03 23:04:16] Codeception/ScenarioCest.php:\Codeception\Scenario.run.INFO: PASSED [] []
[2012-01-03 23:04:16] Codeception/ScenarioCest.php:\Codeception\Scenario.run.INFO: PASSED [] []
[2012-01-03 23:04:16] Codeception/ScenarioCest.php:\Codeception\Scenario.run.INFO: PASSED [] []
[2012-01-03 23:04:16] Codeception/ScenarioCest.php:\Codeception\Scenario.run.INFO: PASSED [] []
[2012-01-03 23:04:16] Codeception/ScenarioCest.php:\Codeception\Scenario.run.INFO: PASSED [] []
