[2013-08-09 01:25:54] Codeception.ALERT: Failed asserting that true is false. [] []
[2013-08-09 01:25:54] Codeception.INFO: # FAILED # [] []
[2013-08-09 01:25:54] Codeception.INFO: PASSED [] []
[2013-08-09 01:26:45] Codeception.ALERT: Failed asserting that true is false. [] []
[2013-08-09 01:26:45] Codeception.INFO: # FAILED # [] []
[2013-08-09 01:26:45] Codeception.INFO: PASSED [] []
[2013-08-09 01:46:52] Codeception.ALERT: Failed asserting that true is false. [] []
[2013-08-09 01:46:52] Codeception.INFO: # FAILED # [] []
[2013-08-09 01:46:52] Codeception.INFO: PASSED [] []
[2013-08-09 01:47:24] Codeception.ALERT: Failed asserting that true is false. [] []
[2013-08-09 01:47:24] Codeception.INFO: # FAILED # [] []
[2013-08-09 01:47:24] Codeception.INFO: PASSED [] []
