<?xml version="1.0" encoding="UTF-8"?>
<testsuites>
  <testsuite name="unit" tests="5" assertions="5" failures="2" errors="0" time="0.016535">
    <testsuite name="DataProvidersTest::testIsTriangle" tests="3" assertions="3" failures="0" errors="0" time="0.009498">
      <testcase name="testIsTriangle with data set &quot;real triangle&quot;" assertions="1" time="0.003799"/>
      <testcase name="testIsTriangle with data set #0" assertions="1" time="0.002602"/>
      <testcase name="testIsTriangle with data set #1" assertions="1" time="0.003097"/>
    </testsuite>
    <testcase name="testOne" class="DependsTest" file="/home/davert/Codeception/tests/data/claypit/tests/unit/DependsTest.php" line="4" assertions="1" time="0.004371">
      <failure type="PHPUnit_Framework_ExpectationFailedException">test one
Failed asserting that false is true.

/home/davert/Codeception/tests/data/claypit/tests/unit/DependsTest.php:6
</failure>
    </testcase>
    <testcase name="testMe" class="PassingTest" file="/home/davert/Codeception/tests/data/claypit/tests/unit/PassingTest.php" line="7" assertions="1" time="0.002665"/>
  </testsuite>
</testsuites>
